-------------------|---------|----------|---------|---------|---------------------------------------
File               | % Stmts | % Branch | % Funcs | % Lines | Uncovered Line #s                     
-------------------|---------|----------|---------|---------|---------------------------------------
All files          |   95.38 |       94 |    93.5 |   95.38 |                                       
 JoinTables.js     |    99.7 |    98.07 |     100 |    99.7 | 291,579                               
 ScriptSettings.js |   93.47 |       75 |     100 |   93.47 | 51-52,81-82,85-87,122-123             
 SimpleParser.js   |   98.38 |    97.51 |     100 |   98.38 | ...14,186-191,440-443,617-622,920-921 
 Sql.js            |   98.09 |    91.78 |     100 |   98.09 | ...2-163,459-460,489-490,678-679,1013 
 SqlTest.js        |   93.13 |    93.92 |   89.55 |   93.13 | ...4063,4790-4794,4805-4808,4811-4822 
 Table.js          |   98.21 |    88.46 |   97.05 |   98.21 | 81-82,162-164,167-168,311-313         
 TableData.js      |   83.55 |    68.08 |   83.33 |   83.55 | ...27,362-363,390-391,401-403,409-412 
 Views.js          |   97.23 |    96.03 |   93.97 |   97.23 | ...2198,2392-2399,2519-2520,2527-2543 
-------------------|---------|----------|---------|---------|---------------------------------------
-------------------|---------|----------|---------|---------|---------------------------------------
File               | % Stmts | % Branch | % Funcs | % Lines | Uncovered Line #s                     
-------------------|---------|----------|---------|---------|---------------------------------------
All files          |   95.38 |       94 |    93.5 |   95.38 |                                       
 JoinTables.js     |    99.7 |    98.07 |     100 |    99.7 | 291,579                               
 ScriptSettings.js |   93.47 |       75 |     100 |   93.47 | 51-52,81-82,85-87,122-123             
 SimpleParser.js   |   98.38 |    97.51 |     100 |   98.38 | ...14,186-191,440-443,617-622,920-921 
 Sql.js            |   98.09 |    91.78 |     100 |   98.09 | ...2-163,459-460,489-490,678-679,1013 
 SqlTest.js        |   93.13 |    93.92 |   89.55 |   93.13 | ...4063,4790-4794,4805-4808,4811-4822 
 Table.js          |   98.21 |    88.46 |   97.05 |   98.21 | 81-82,162-164,167-168,311-313         
 TableData.js      |   83.55 |    68.08 |   83.33 |   83.55 | ...27,362-363,390-391,401-403,409-412 
 Views.js          |   97.23 |    96.03 |   93.97 |   97.23 | ...2198,2392-2399,2519-2520,2527-2543 
-------------------|---------|----------|---------|---------|---------------------------------------
TN:
SF:JoinTables.js
FN:14,JoinTables
FN:30,setTableInfo
FN:41,setTableFields
FN:52,setBindVariables
FN:63,setPrimaryTableInfo
FN:73,load
FN:87,joinNextTable
FN:104,joinCondition
FN:128,resolveCondition
FN:169,andJoinIds
FN:193,orJoinIds
FN:215,isDerivedTable
FN:227,getJoinedTableInfo
FN:238,joinTables
FN:305,JoinTablesRecordIds
FN:335,getRecordIDs
FN:350,setTableFields
FN:360,setTableInfo
FN:370,setBindVariables
FN:380,setRightTableName
FN:390,setLeftTableName
FN:400,setJoinType
FN:410,setPrimaryTableInfo
FN:419,getJoinFieldsInfo
FN:441,getLeftRightFieldInfo
FN:480,getTableInfoFromCalculatedField
FN:496,getReferencedTableInfo
FN:533,searchColumnsForTable
FN:559,getMatchedRecordIds
FN:593,leftRightJoin
FN:635,getJoinColumnData
FN:658,createKeyFieldRecordMap
FNF:32
FNH:32
FNDA:342,JoinTables
FNDA:342,setTableInfo
FNDA:342,setTableFields
FNDA:342,setBindVariables
FNDA:342,setPrimaryTableInfo
FNDA:39,load
FNDA:60,joinNextTable
FNDA:60,joinCondition
FNDA:61,resolveCondition
FNDA:4,andJoinIds
FNDA:110,orJoinIds
FNDA:773,isDerivedTable
FNDA:57,getJoinedTableInfo
FNDA:56,joinTables
FNDA:342,JoinTablesRecordIds
FNDA:63,getRecordIDs
FNDA:403,setTableFields
FNDA:342,setTableInfo
FNDA:342,setBindVariables
FNDA:61,setRightTableName
FNDA:61,setLeftTableName
FNDA:61,setJoinType
FNDA:342,setPrimaryTableInfo
FNDA:56,getJoinFieldsInfo
FNDA:63,getLeftRightFieldInfo
FNDA:123,getTableInfoFromCalculatedField
FNDA:13,getReferencedTableInfo
FNDA:18,searchColumnsForTable
FNDA:59,getMatchedRecordIds
FNDA:64,leftRightJoin
FNDA:586,getJoinColumnData
FNDA:64,createKeyFieldRecordMap
DA:1,1
DA:2,1
DA:3,1
DA:4,1
DA:5,1
DA:6,1
DA:7,1
DA:8,1
DA:9,1
DA:10,1
DA:11,1
DA:12,1
DA:13,1
DA:14,1
DA:15,342
DA:16,342
DA:17,342
DA:18,342
DA:19,342
DA:20,342
DA:21,342
DA:22,342
DA:23,342
DA:24,1
DA:25,1
DA:26,1
DA:27,1
DA:28,1
DA:29,1
DA:30,1
DA:31,342
DA:32,342
DA:33,342
DA:34,342
DA:35,1
DA:36,1
DA:37,1
DA:38,1
DA:39,1
DA:40,1
DA:41,1
DA:42,342
DA:43,342
DA:44,342
DA:45,342
DA:46,1
DA:47,1
DA:48,1
DA:49,1
DA:50,1
DA:51,1
DA:52,1
DA:53,342
DA:54,342
DA:55,342
DA:56,342
DA:57,1
DA:58,1
DA:59,1
DA:60,1
DA:61,1
DA:62,1
DA:63,1
DA:64,342
DA:65,342
DA:66,342
DA:67,342
DA:68,1
DA:69,1
DA:70,1
DA:71,1
DA:72,1
DA:73,1
DA:74,39
DA:75,39
DA:76,39
DA:77,39
DA:78,60
DA:79,60
DA:80,39
DA:81,1
DA:82,1
DA:83,1
DA:84,1
DA:85,1
DA:86,1
DA:87,1
DA:88,60
DA:89,60
DA:90,60
DA:91,60
DA:92,60
DA:93,60
DA:94,60
DA:95,60
DA:96,60
DA:97,1
DA:98,1
DA:99,1
DA:100,1
DA:101,1
DA:102,1
DA:103,1
DA:104,1
DA:105,60
DA:106,60
DA:107,60
DA:108,60
DA:109,60
DA:110,58
DA:111,58
DA:112,2
DA:113,2
DA:114,2
DA:115,56
DA:116,56
DA:117,60
DA:118,1
DA:119,1
DA:120,1
DA:121,1
DA:122,1
DA:123,1
DA:124,1
DA:125,1
DA:126,1
DA:127,1
DA:128,1
DA:129,61
DA:130,61
DA:131,61
DA:132,61
DA:133,61
DA:134,61
DA:135,61
DA:136,61
DA:137,61
DA:138,61
DA:139,61
DA:140,61
DA:141,64
DA:142,63
DA:143,63
DA:144,1
DA:145,1
DA:146,1
DA:147,60
DA:148,60
DA:149,60
DA:150,60
DA:151,57
DA:152,61
DA:153,2
DA:154,2
DA:155,2
DA:156,61
DA:157,55
DA:158,55
DA:159,55
DA:160,57
DA:161,57
DA:162,61
DA:163,1
DA:164,1
DA:165,1
DA:166,1
DA:167,1
DA:168,1
DA:169,1
DA:170,4
DA:171,4
DA:172,4
DA:173,22
DA:174,22
DA:175,22
DA:176,44
DA:177,44
DA:178,22
DA:179,22
DA:180,22
DA:181,12
DA:182,12
DA:183,22
DA:184,22
DA:185,22
DA:186,4
DA:187,1
DA:188,1
DA:189,1
DA:190,1
DA:191,1
DA:192,1
DA:193,1
DA:194,110
DA:195,110
DA:196,110
DA:197,588
DA:198,588
DA:199,588
DA:200,599
DA:201,599
DA:202,588
DA:203,588
DA:204,551
DA:205,551
DA:206,588
DA:207,110
DA:208,110
DA:209,110
DA:210,1
DA:211,1
DA:212,1
DA:213,1
DA:214,1
DA:215,1
DA:216,773
DA:217,639
DA:218,639
DA:219,134
DA:220,134
DA:221,773
DA:222,1
DA:223,1
DA:224,1
DA:225,1
DA:226,1
DA:227,1
DA:228,57
DA:229,57
DA:230,1
DA:231,1
DA:232,1
DA:233,1
DA:234,1
DA:235,1
DA:236,1
DA:237,1
DA:238,1
DA:239,56
DA:240,56
DA:241,56
DA:242,56
DA:243,56
DA:244,25
DA:245,25
DA:246,25
DA:247,25
DA:248,25
DA:249,25
DA:250,25
DA:251,56
DA:252,56
DA:253,22
DA:254,22
DA:255,22
DA:256,22
DA:257,22
DA:258,22
DA:259,22
DA:260,56
DA:261,56
DA:262,4
DA:263,4
DA:264,4
DA:265,4
DA:266,4
DA:267,4
DA:268,4
DA:269,4
DA:270,56
DA:271,56
DA:272,5
DA:273,5
DA:274,5
DA:275,5
DA:276,5
DA:277,5
DA:278,5
DA:279,5
DA:280,5
DA:281,5
DA:282,5
DA:283,5
DA:284,5
DA:285,5
DA:286,5
DA:287,5
DA:288,5
DA:289,56
DA:290,56
DA:291,0
DA:292,56
DA:293,56
DA:294,56
DA:295,1
DA:296,1
DA:297,1
DA:298,1
DA:299,1
DA:300,1
DA:301,1
DA:302,1
DA:303,1
DA:304,1
DA:305,1
DA:306,342
DA:307,342
DA:308,342
DA:309,342
DA:310,342
DA:311,342
DA:312,342
DA:313,342
DA:314,342
DA:315,342
DA:316,342
DA:317,342
DA:318,342
DA:319,342
DA:320,342
DA:321,342
DA:322,342
DA:323,342
DA:324,342
DA:325,342
DA:326,342
DA:327,342
DA:328,342
DA:329,1
DA:330,1
DA:331,1
DA:332,1
DA:333,1
DA:334,1
DA:335,1
DA:336,63
DA:337,63
DA:338,63
DA:339,63
DA:340,63
DA:341,63
DA:342,63
DA:343,63
DA:344,1
DA:345,1
DA:346,1
DA:347,1
DA:348,1
DA:349,1
DA:350,1
DA:351,403
DA:352,403
DA:353,403
DA:354,1
DA:355,1
DA:356,1
DA:357,1
DA:358,1
DA:359,1
DA:360,1
DA:361,342
DA:362,342
DA:363,342
DA:364,1
DA:365,1
DA:366,1
DA:367,1
DA:368,1
DA:369,1
DA:370,1
DA:371,342
DA:372,342
DA:373,342
DA:374,1
DA:375,1
DA:376,1
DA:377,1
DA:378,1
DA:379,1
DA:380,1
DA:381,61
DA:382,61
DA:383,61
DA:384,1
DA:385,1
DA:386,1
DA:387,1
DA:388,1
DA:389,1
DA:390,1
DA:391,61
DA:392,61
DA:393,61
DA:394,1
DA:395,1
DA:396,1
DA:397,1
DA:398,1
DA:399,1
DA:400,1
DA:401,61
DA:402,61
DA:403,61
DA:404,1
DA:405,1
DA:406,1
DA:407,1
DA:408,1
DA:409,1
DA:410,1
DA:411,342
DA:412,342
DA:413,342
DA:414,1
DA:415,1
DA:416,1
DA:417,1
DA:418,1
DA:419,1
DA:420,56
DA:421,56
DA:422,1
DA:423,1
DA:424,1
DA:425,1
DA:426,1
DA:427,1
DA:428,1
DA:429,1
DA:430,1
DA:431,1
DA:432,1
DA:433,1
DA:434,1
DA:435,1
DA:436,1
DA:437,1
DA:438,1
DA:439,1
DA:440,1
DA:441,1
DA:442,63
DA:443,63
DA:444,63
DA:445,63
DA:446,63
DA:447,63
DA:448,63
DA:449,63
DA:450,63
DA:451,63
DA:452,63
DA:453,63
DA:454,63
DA:455,63
DA:456,63
DA:457,63
DA:458,63
DA:459,63
DA:460,63
DA:461,63
DA:462,63
DA:463,63
DA:464,63
DA:465,63
DA:466,9
DA:467,9
DA:468,9
DA:469,9
DA:470,9
DA:471,50
DA:472,50
DA:473,63
DA:474,1
DA:475,1
DA:476,1
DA:477,1
DA:478,1
DA:479,1
DA:480,1
DA:481,123
DA:482,123
DA:483,123
DA:484,13
DA:485,13
DA:486,13
DA:487,119
DA:488,119
DA:489,123
DA:490,1
DA:491,1
DA:492,1
DA:493,1
DA:494,1
DA:495,1
DA:496,1
DA:497,13
DA:498,13
DA:499,13
DA:500,13
DA:501,13
DA:502,13
DA:503,13
DA:504,13
DA:505,13
DA:506,13
DA:507,8
DA:508,8
DA:509,5
DA:510,5
DA:511,5
DA:512,5
DA:513,5
DA:514,5
DA:515,5
DA:516,5
DA:517,5
DA:518,5
DA:519,5
DA:520,13
DA:521,3
DA:522,3
DA:523,2
DA:524,2
DA:525,13
DA:526,1
DA:527,1
DA:528,1
DA:529,1
DA:530,1
DA:531,1
DA:532,1
DA:533,1
DA:534,18
DA:535,18
DA:536,18
DA:537,18
DA:538,13
DA:539,13
DA:540,10
DA:541,10
DA:542,10
DA:543,10
DA:544,13
DA:545,8
DA:546,8
DA:547,18
DA:548,1
DA:549,1
DA:550,1
DA:551,1
DA:552,1
DA:553,1
DA:554,1
DA:555,1
DA:556,1
DA:557,1
DA:558,1
DA:559,1
DA:560,59
DA:561,59
DA:562,59
DA:563,59
DA:564,59
DA:565,59
DA:566,25
DA:567,25
DA:568,59
DA:569,25
DA:570,25
DA:571,59
DA:572,4
DA:573,4
DA:574,59
DA:575,5
DA:576,5
DA:577,5
DA:578,59
DA:579,0
DA:580,59
DA:581,59
DA:582,59
DA:583,59
DA:584,1
DA:585,1
DA:586,1
DA:587,1
DA:588,1
DA:589,1
DA:590,1
DA:591,1
DA:592,1
DA:593,1
DA:594,64
DA:595,64
DA:596,64
DA:597,64
DA:598,64
DA:599,64
DA:600,64
DA:601,64
DA:602,64
DA:603,64
DA:604,64
DA:605,64
DA:606,586
DA:607,586
DA:608,586
DA:609,586
DA:610,586
DA:611,586
DA:612,133
DA:613,133
DA:614,85
DA:615,85
DA:616,85
DA:617,453
DA:618,453
DA:619,453
DA:620,453
DA:621,436
DA:622,436
DA:623,436
DA:624,586
DA:625,64
DA:626,64
DA:627,64
DA:628,1
DA:629,1
DA:630,1
DA:631,1
DA:632,1
DA:633,1
DA:634,1
DA:635,1
DA:636,586
DA:637,586
DA:638,586
DA:639,586
DA:640,546
DA:641,546
DA:642,40
DA:643,40
DA:644,40
DA:645,586
DA:646,586
DA:647,583
DA:648,583
DA:649,586
DA:650,586
DA:651,586
DA:652,1
DA:653,1
DA:654,1
DA:655,1
DA:656,1
DA:657,1
DA:658,1
DA:659,64
DA:660,64
DA:661,64
DA:662,59
DA:663,59
DA:664,5
DA:665,5
DA:666,5
DA:667,5
DA:668,5
DA:669,64
DA:670,64
DA:671,64
DA:672,1
LF:672
LH:670
BRDA:1,0,0,1
BRDA:14,1,0,342
BRDA:30,2,0,342
BRDA:41,3,0,342
BRDA:52,4,0,342
BRDA:63,5,0,342
BRDA:73,6,0,39
BRDA:77,7,0,60
BRDA:80,8,0,35
BRDA:87,9,0,60
BRDA:104,10,0,60
BRDA:109,11,0,58
BRDA:112,12,0,2
BRDA:115,13,0,56
BRDA:128,14,0,61
BRDA:140,15,0,64
BRDA:141,16,0,63
BRDA:144,17,0,1
BRDA:147,18,0,60
BRDA:151,19,0,57
BRDA:152,20,0,2
BRDA:156,21,0,57
BRDA:156,22,0,55
BRDA:160,23,0,57
BRDA:169,24,0,4
BRDA:172,25,0,22
BRDA:175,26,0,44
BRDA:176,27,0,10
BRDA:176,28,0,34
BRDA:180,29,0,12
BRDA:178,30,0,22
BRDA:178,31,0,38
BRDA:193,32,0,110
BRDA:196,33,0,588
BRDA:199,34,0,599
BRDA:203,35,0,551
BRDA:215,36,0,773
BRDA:216,37,0,639
BRDA:219,38,0,134
BRDA:227,39,0,57
BRDA:238,40,0,56
BRDA:243,41,0,25
BRDA:252,42,0,22
BRDA:261,43,0,4
BRDA:271,44,0,5
BRDA:290,45,0,0
BRDA:305,46,0,342
BRDA:335,47,0,63
BRDA:337,48,0,21
BRDA:337,49,0,42
BRDA:350,50,0,403
BRDA:360,51,0,342
BRDA:370,52,0,342
BRDA:380,53,0,61
BRDA:390,54,0,61
BRDA:400,55,0,61
BRDA:410,56,0,342
BRDA:419,57,0,56
BRDA:441,58,0,63
BRDA:447,59,0,5
BRDA:447,60,0,58
BRDA:448,61,0,5
BRDA:448,62,0,58
BRDA:465,63,0,59
BRDA:465,64,0,9
BRDA:471,65,0,50
BRDA:480,66,0,123
BRDA:483,67,0,13
BRDA:483,68,0,13
BRDA:487,69,0,119
BRDA:496,70,0,13
BRDA:506,71,0,8
BRDA:509,72,0,5
BRDA:520,73,0,3
BRDA:523,74,0,2
BRDA:516,75,0,8
BRDA:516,76,0,8
BRDA:533,77,0,18
BRDA:537,78,0,13
BRDA:539,79,0,10
BRDA:545,80,0,8
BRDA:559,81,0,59
BRDA:565,82,0,25
BRDA:568,83,0,25
BRDA:571,84,0,4
BRDA:574,85,0,5
BRDA:578,86,0,0
BRDA:593,87,0,64
BRDA:605,88,0,586
BRDA:608,89,0,133
BRDA:608,90,0,453
BRDA:611,91,0,133
BRDA:613,92,0,48
BRDA:614,93,0,85
BRDA:617,94,0,453
BRDA:620,95,0,17
BRDA:621,96,0,436
BRDA:635,97,0,586
BRDA:639,98,0,546
BRDA:642,99,0,40
BRDA:646,100,0,583
BRDA:658,101,0,64
BRDA:661,102,0,59
BRDA:664,103,0,5
BRF:104
BRH:102
end_of_record
TN:
SF:ScriptSettings.js
FN:13,ScriptSettings
FN:22,get
FN:40,put
FN:60,putAll
FN:69,expire
FN:100,PropertyData
FN:114,getData
FN:133,isExpired
FNF:8
FNH:8
FNDA:3,ScriptSettings
FNDA:6,get
FNDA:3,put
FNDA:1,putAll
FNDA:2,expire
FNDA:3,PropertyData
FNDA:4,getData
FNDA:6,isExpired
DA:1,1
DA:2,1
DA:3,1
DA:4,1
DA:5,1
DA:6,1
DA:7,1
DA:8,1
DA:9,1
DA:10,1
DA:11,1
DA:12,1
DA:13,1
DA:14,3
DA:15,3
DA:16,1
DA:17,1
DA:18,1
DA:19,1
DA:20,1
DA:21,1
DA:22,1
DA:23,6
DA:24,6
DA:25,6
DA:26,6
DA:27,4
DA:28,4
DA:29,4
DA:30,4
DA:31,4
DA:32,6
DA:33,1
DA:34,1
DA:35,1
DA:36,1
DA:37,1
DA:38,1
DA:39,1
DA:40,1
DA:41,3
DA:42,3
DA:43,3
DA:44,3
DA:45,3
DA:46,3
DA:47,3
DA:48,3
DA:49,3
DA:50,3
DA:51,0
DA:52,0
DA:53,3
DA:54,1
DA:55,1
DA:56,1
DA:57,1
DA:58,1
DA:59,1
DA:60,1
DA:61,1
DA:62,1
DA:63,1
DA:64,1
DA:65,1
DA:66,1
DA:67,1
DA:68,1
DA:69,1
DA:70,2
DA:71,2
DA:72,2
DA:73,2
DA:74,2
DA:75,2
DA:76,2
DA:77,2
DA:78,2
DA:79,2
DA:80,2
DA:81,0
DA:82,0
DA:83,2
DA:84,2
DA:85,0
DA:86,0
DA:87,0
DA:88,2
DA:89,2
DA:90,2
DA:91,1
DA:92,1
DA:93,1
DA:94,1
DA:95,1
DA:96,1
DA:97,1
DA:98,1
DA:99,1
DA:100,1
DA:101,3
DA:102,3
DA:103,3
DA:104,3
DA:105,3
DA:106,3
DA:107,3
DA:108,1
DA:109,1
DA:110,1
DA:111,1
DA:112,1
DA:113,1
DA:114,1
DA:115,4
DA:116,4
DA:117,4
DA:118,4
DA:119,4
DA:120,4
DA:121,4
DA:122,0
DA:123,0
DA:124,4
DA:125,4
DA:126,4
DA:127,1
DA:128,1
DA:129,1
DA:130,1
DA:131,1
DA:132,1
DA:133,1
DA:134,6
DA:135,6
DA:136,6
DA:137,6
DA:138,1
LF:138
LH:129
BRDA:1,0,0,1
BRDA:13,1,0,3
BRDA:22,2,0,6
BRDA:26,3,0,2
BRDA:27,4,0,4
BRDA:40,5,0,3
BRDA:50,6,0,0
BRDA:60,7,0,1
BRDA:62,8,0,1
BRDA:69,9,0,2
BRDA:80,10,0,0
BRDA:84,11,0,0
BRDA:100,12,0,3
BRDA:114,13,0,4
BRDA:121,14,0,0
BRDA:133,15,0,6
BRF:16
BRH:12
end_of_record
TN:
SF:SimpleParser.js
FN:17,sqlCondition2JsCondition
FN:40,sql2ast
FN:91,resolveSqlCondition
FN:125,generateUsedKeywordList
FN:153,generateSqlSeparatorWords
FN:166,sqlStatementSplitter
FN:208,makeSqlPartsSplitterRegEx
FN:224,hideInnerSql
FN:264,getPositionsOfSqlParts
FN:274,realNameCallback
FN:304,removeDuplicateEntries
FN:325,protect
FN:339,unprotect
FN:352,analyzeParts
FN:391,reorganizeJoins
FN:411,reorganizeSpecificJoin
FN:432,reorganizeUnions
FN:452,parseUnion
FN:469,CondLexer
FN:480,readNextChar
FN:493,readNextToken
FN:519,readWord
FN:552,isStartOrEndOfString
FN:571,isFinishedWord
FN:600,readString
FN:631,readGroupSymbol
FN:642,readOperator
FN:658,readMathOperator
FN:669,readBindVariable
FN:684,CondParser
FN:696,parse
FN:704,readNextToken
FN:715,parseExpressionsRecursively
FN:723,parseLogicalExpression
FN:748,parseConditionExpression
FN:778,parseSelectExistsSubQuery
FN:799,parseBaseExpression
FN:822,parseWordExpression
FN:843,parseGroupExpression
FN:864,parseSelectIn
FN:893,groupBracketIncrementer
FN:916,analyze
FN:932,SELECT
FN:950,extractSelectField
FN:984,FROM
FN:1013,LEFT_JOIN
FN:1022,INNER_JOIN
FN:1031,RIGHT_JOIN
FN:1040,FULL_JOIN
FN:1049,allJoins
FN:1067,WHERE
FN:1076,ORDER_BY
FN:1085,GROUP_BY
FN:1094,PIVOT
FN:1117,LIMIT
FN:1129,HAVING
FN:1138,UNION
FN:1147,UNION_ALL
FN:1156,INTERSECT
FN:1165,EXCEPT
FN:1174,parseForCorrelatedSubQuery
FN:1194,protect_split
FN:1235,trim
FN:1246,getNameAndAlias
FN:1274,lastIndexOfOutsideLiteral
FNF:65
FNH:65
FNDA:56,sqlCondition2JsCondition
FNDA:322,sql2ast
FNDA:56,resolveSqlCondition
FNDA:322,generateUsedKeywordList
FNDA:322,generateSqlSeparatorWords
FNDA:322,sqlStatementSplitter
FNDA:322,makeSqlPartsSplitterRegEx
FNDA:1614,hideInnerSql
FNDA:322,getPositionsOfSqlParts
FNDA:1031,realNameCallback
FNDA:322,removeDuplicateEntries
FNDA:2349,protect
FNDA:261,unprotect
FNDA:322,analyzeParts
FNDA:321,reorganizeJoins
FNDA:1284,reorganizeSpecificJoin
FNDA:321,reorganizeUnions
FNDA:12,parseUnion
FNDA:251,CondLexer
FNDA:8868,readNextChar
FNDA:2632,readNextToken
FNDA:747,readWord
FNDA:7093,isStartOrEndOfString
FNDA:7093,isFinishedWord
FNDA:95,readString
FNDA:78,readGroupSymbol
FNDA:279,readOperator
FNDA:20,readMathOperator
FNDA:63,readBindVariable
FNDA:251,CondParser
FNDA:251,parse
FNDA:1532,readNextToken
FNDA:283,parseExpressionsRecursively
FNDA:283,parseLogicalExpression
FNDA:332,parseConditionExpression
FNDA:3,parseSelectExistsSubQuery
FNDA:628,parseBaseExpression
FNDA:535,parseWordExpression
FNDA:32,parseGroupExpression
FNDA:34,parseSelectIn
FNDA:229,groupBracketIncrementer
FNDA:968,analyze
FNDA:376,SELECT
FNDA:696,extractSelectField
FNDA:320,FROM
FNDA:31,LEFT_JOIN
FNDA:30,INNER_JOIN
FNDA:4,RIGHT_JOIN
FNDA:5,FULL_JOIN
FNDA:70,allJoins
FNDA:178,WHERE
FNDA:32,ORDER_BY
FNDA:23,GROUP_BY
FNDA:7,PIVOT
FNDA:2,LIMIT
FNDA:3,HAVING
FNDA:6,UNION
FNDA:4,UNION_ALL
FNDA:1,INTERSECT
FNDA:1,EXCEPT
FNDA:481,parseForCorrelatedSubQuery
FNDA:376,protect_split
FNDA:1231,trim
FNDA:1016,getNameAndAlias
FNDA:1016,lastIndexOfOutsideLiteral
DA:1,1
DA:2,1
DA:3,1
DA:4,1
DA:5,1
DA:6,1
DA:7,1
DA:8,1
DA:9,1
DA:10,1
DA:11,1
DA:12,1
DA:13,1
DA:14,1
DA:15,1
DA:16,1
DA:17,1
DA:18,56
DA:19,56
DA:20,56
DA:21,56
DA:22,56
DA:23,56
DA:24,53
DA:25,53
DA:26,3
DA:27,3
DA:28,3
DA:29,56
DA:30,56
DA:31,56
DA:32,56
DA:33,56
DA:34,1
DA:35,1
DA:36,1
DA:37,1
DA:38,1
DA:39,1
DA:40,1
DA:41,322
DA:42,322
DA:43,322
DA:44,322
DA:45,322
DA:46,322
DA:47,322
DA:48,322
DA:49,322
DA:50,322
DA:51,322
DA:52,322
DA:53,322
DA:54,322
DA:55,322
DA:56,322
DA:57,322
DA:58,322
DA:59,322
DA:60,322
DA:61,322
DA:62,322
DA:63,322
DA:64,322
DA:65,322
DA:66,1292
DA:67,1292
DA:68,322
DA:69,322
DA:70,322
DA:71,322
DA:72,322
DA:73,22
DA:74,1
DA:75,1
DA:76,21
DA:77,21
DA:78,21
DA:79,21
DA:80,21
DA:81,320
DA:82,320
DA:83,322
DA:84,1
DA:85,1
DA:86,1
DA:87,1
DA:88,1
DA:89,1
DA:90,1
DA:91,1
DA:92,56
DA:93,56
DA:94,56
DA:95,59
DA:96,59
DA:97,2
DA:98,2
DA:99,57
DA:100,1
DA:101,1
DA:102,59
DA:103,59
DA:104,59
DA:105,46
DA:106,46
DA:107,13
DA:108,13
DA:109,13
DA:110,59
DA:111,59
DA:112,0
DA:113,0
DA:114,0
DA:115,59
DA:116,56
DA:117,56
DA:118,56
DA:119,1
DA:120,1
DA:121,1
DA:122,1
DA:123,1
DA:124,1
DA:125,1
DA:126,322
DA:127,322
DA:128,322
DA:129,322
DA:130,322
DA:131,322
DA:132,322
DA:133,5474
DA:134,5474
DA:135,6767
DA:136,6767
DA:137,6767
DA:138,1293
DA:139,1293
DA:140,1293
DA:141,6767
DA:142,5474
DA:143,322
DA:144,322
DA:145,322
DA:146,322
DA:147,1
DA:148,1
DA:149,1
DA:150,1
DA:151,1
DA:152,1
DA:153,1
DA:154,322
DA:155,322
DA:156,322
DA:157,322
DA:158,322
DA:159,322
DA:160,1
DA:161,1
DA:162,1
DA:163,1
DA:164,1
DA:165,1
DA:166,1
DA:167,322
DA:168,322
DA:169,322
DA:170,322
DA:171,322
DA:172,322
DA:173,322
DA:174,310
DA:175,310
DA:176,12
DA:177,12
DA:178,12
DA:179,12
DA:180,12
DA:181,12
DA:182,12
DA:183,12
DA:184,12
DA:185,322
DA:186,0
DA:187,0
DA:188,0
DA:189,0
DA:190,0
DA:191,0
DA:192,12
DA:193,12
DA:194,12
DA:195,12
DA:196,12
DA:197,12
DA:198,12
DA:199,12
DA:200,12
DA:201,322
DA:202,1
DA:203,1
DA:204,1
DA:205,1
DA:206,1
DA:207,1
DA:208,1
DA:209,322
DA:210,322
DA:211,322
DA:212,322
DA:213,322
DA:214,322
DA:215,322
DA:216,322
DA:217,1
DA:218,1
DA:219,1
DA:220,1
DA:221,1
DA:222,1
DA:223,1
DA:224,1
DA:225,1614
DA:226,1614
DA:227,319
DA:228,319
DA:229,319
DA:230,319
DA:231,319
DA:232,1614
DA:233,34804
DA:234,34804
DA:235,34804
DA:236,648
DA:237,648
DA:238,648
DA:239,494
DA:240,494
DA:241,648
DA:242,34156
DA:243,648
DA:244,648
DA:245,494
DA:246,494
DA:247,494
DA:248,494
DA:249,494
DA:250,494
DA:251,494
DA:252,494
DA:253,648
DA:254,34804
DA:255,319
DA:256,1614
DA:257,1
DA:258,1
DA:259,1
DA:260,1
DA:261,1
DA:262,1
DA:263,1
DA:264,1
DA:265,322
DA:266,322
DA:267,322
DA:268,322
DA:269,322
DA:270,322
DA:271,322
DA:272,322
DA:273,322
DA:274,322
DA:275,1031
DA:276,1031
DA:277,322
DA:278,322
DA:279,2088
DA:280,2088
DA:281,2088
DA:282,2088
DA:283,3119
DA:284,3119
DA:285,1031
DA:286,1031
DA:287,1031
DA:288,1027
DA:289,1027
DA:290,1031
DA:291,1031
DA:292,1031
DA:293,3119
DA:294,2088
DA:295,322
DA:296,322
DA:297,322
DA:298,322
DA:299,1
DA:300,1
DA:301,1
DA:302,1
DA:303,1
DA:304,1
DA:305,322
DA:306,322
DA:307,1027
DA:308,57
DA:309,57
DA:310,970
DA:311,970
DA:312,970
DA:313,970
DA:314,970
DA:315,970
DA:316,970
DA:317,322
DA:318,322
DA:319,1
DA:320,1
DA:321,1
DA:322,1
DA:323,1
DA:324,1
DA:325,1
DA:326,2349
DA:327,2349
DA:328,2349
DA:329,17869
DA:330,17869
DA:331,2349
DA:332,2349
DA:333,1
DA:334,1
DA:335,1
DA:336,1
DA:337,1
DA:338,1
DA:339,1
DA:340,261
DA:341,261
DA:342,261
DA:343,261
DA:344,261
DA:345,1
DA:346,1
DA:347,1
DA:348,1
DA:349,1
DA:350,1
DA:351,1
DA:352,1
DA:353,322
DA:354,322
DA:355,322
DA:356,968
DA:357,968
DA:358,968
DA:359,968
DA:360,968
DA:361,24
DA:362,13
DA:363,13
DA:364,13
DA:365,13
DA:366,24
DA:367,24
DA:368,24
DA:369,943
DA:370,943
DA:371,943
DA:372,968
DA:373,322
DA:374,322
DA:375,322
DA:376,322
DA:377,322
DA:378,322
DA:379,46
DA:380,46
DA:381,321
DA:382,321
DA:383,321
DA:384,321
DA:385,322
DA:386,1
DA:387,1
DA:388,1
DA:389,1
DA:390,1
DA:391,1
DA:392,321
DA:393,321
DA:394,321
DA:395,321
DA:396,321
DA:397,321
DA:398,321
DA:399,321
DA:400,1284
DA:401,1284
DA:402,1284
DA:403,321
DA:404,1
DA:405,1
DA:406,1
DA:407,1
DA:408,1
DA:409,1
DA:410,1
DA:411,1
DA:412,1284
DA:413,46
DA:414,46
DA:415,13
DA:416,37
DA:417,37
DA:418,13
DA:419,13
DA:420,33
DA:421,33
DA:422,33
DA:423,33
DA:424,46
DA:425,46
DA:426,1284
DA:427,1
DA:428,1
DA:429,1
DA:430,1
DA:431,1
DA:432,1
DA:433,321
DA:434,321
DA:435,321
DA:436,1284
DA:437,12
DA:438,12
DA:439,1272
DA:440,0
DA:441,0
DA:442,0
DA:443,0
DA:444,1284
DA:445,321
DA:446,1
DA:447,1
DA:448,1
DA:449,1
DA:450,1
DA:451,1
DA:452,1
DA:453,12
DA:454,12
DA:455,12
DA:456,12
DA:457,12
DA:458,12
DA:459,12
DA:460,1
DA:461,1
DA:462,1
DA:463,1
DA:464,1
DA:465,1
DA:466,1
DA:467,1
DA:468,1
DA:469,1
DA:470,251
DA:471,251
DA:472,251
DA:473,251
DA:474,251
DA:475,251
DA:476,251
DA:477,251
DA:478,1
DA:479,1
DA:480,1
DA:481,8868
DA:482,1
DA:483,1
DA:484,8867
DA:485,8867
DA:486,8867
DA:487,8868
DA:488,1
DA:489,1
DA:490,1
DA:491,1
DA:492,1
DA:493,1
DA:494,2632
DA:495,2632
DA:496,1885
DA:497,2632
DA:498,1790
DA:499,2632
DA:500,1712
DA:501,2632
DA:502,1433
DA:503,2632
DA:504,1413
DA:505,2632
DA:506,1350
DA:507,2632
DA:508,250
DA:509,250
DA:510,1100
DA:511,1100
DA:512,1100
DA:513,2632
DA:514,1
DA:515,1
DA:516,1
DA:517,1
DA:518,1
DA:519,1
DA:520,747
DA:521,747
DA:522,747
DA:523,747
DA:524,747
DA:525,747
DA:526,7093
DA:527,7093
DA:528,7093
DA:529,7093
DA:530,7093
DA:531,6450
DA:532,6450
DA:533,6450
DA:534,6450
DA:535,747
DA:536,747
DA:537,50
DA:538,50
DA:539,697
DA:540,747
DA:541,52
DA:542,52
DA:543,645
DA:544,645
DA:545,747
DA:546,1
DA:547,1
DA:548,1
DA:549,1
DA:550,1
DA:551,1
DA:552,1
DA:553,7093
DA:554,4
DA:555,4
DA:556,4
DA:557,4
DA:558,7089
DA:559,4
DA:560,4
DA:561,4
DA:562,7085
DA:563,7085
DA:564,7093
DA:565,1
DA:566,1
DA:567,1
DA:568,1
DA:569,1
DA:570,1
DA:571,1
DA:572,7093
DA:573,7093
DA:574,7085
DA:575,7085
DA:576,7093
DA:577,22
DA:578,22
DA:579,7063
DA:580,7093
DA:581,32
DA:582,32
DA:583,7031
DA:584,32
DA:585,32
DA:586,7063
DA:587,7063
DA:588,7093
DA:589,3
DA:590,3
DA:591,7060
DA:592,7060
DA:593,7093
DA:594,7093
DA:595,1
DA:596,1
DA:597,1
DA:598,1
DA:599,1
DA:600,1
DA:601,95
DA:602,95
DA:603,95
DA:604,95
DA:605,95
DA:606,95
DA:607,95
DA:608,339
DA:609,339
DA:610,339
DA:611,95
DA:612,95
DA:613,95
DA:614,95
DA:615,95
DA:616,95
DA:617,0
DA:618,0
DA:619,0
DA:620,0
DA:621,0
DA:622,0
DA:623,95
DA:624,95
DA:625,95
DA:626,1
DA:627,1
DA:628,1
DA:629,1
DA:630,1
DA:631,1
DA:632,78
DA:633,78
DA:634,78
DA:635,78
DA:636,78
DA:637,1
DA:638,1
DA:639,1
DA:640,1
DA:641,1
DA:642,1
DA:643,279
DA:644,279
DA:645,279
DA:646,279
DA:647,42
DA:648,42
DA:649,42
DA:650,279
DA:651,279
DA:652,279
DA:653,1
DA:654,1
DA:655,1
DA:656,1
DA:657,1
DA:658,1
DA:659,20
DA:660,20
DA:661,20
DA:662,20
DA:663,20
DA:664,1
DA:665,1
DA:666,1
DA:667,1
DA:668,1
DA:669,1
DA:670,63
DA:671,63
DA:672,63
DA:673,63
DA:674,56
DA:675,56
DA:676,56
DA:677,63
DA:678,63
DA:679,63
DA:680,1
DA:681,1
DA:682,1
DA:683,1
DA:684,1
DA:685,251
DA:686,251
DA:687,251
DA:688,251
DA:689,251
DA:690,1
DA:691,1
DA:692,1
DA:693,1
DA:694,1
DA:695,1
DA:696,1
DA:697,251
DA:698,251
DA:699,1
DA:700,1
DA:701,1
DA:702,1
DA:703,1
DA:704,1
DA:705,1532
DA:706,1532
DA:707,1532
DA:708,1532
DA:709,1532
DA:710,1
DA:711,1
DA:712,1
DA:713,1
DA:714,1
DA:715,1
DA:716,283
DA:717,283
DA:718,1
DA:719,1
DA:720,1
DA:721,1
DA:722,1
DA:723,1
DA:724,283
DA:725,283
DA:726,283
DA:727,49
DA:728,49
DA:729,49
DA:730,49
DA:731,49
DA:732,49
DA:733,49
DA:734,49
DA:735,44
DA:736,44
DA:737,44
DA:738,44
DA:739,49
DA:740,283
DA:741,283
DA:742,283
DA:743,1
DA:744,1
DA:745,1
DA:746,1
DA:747,1
DA:748,1
DA:749,332
DA:750,332
DA:751,332
DA:752,33
DA:753,33
DA:754,299
DA:755,299
DA:756,299
DA:757,299
DA:758,299
DA:759,332
DA:760,8
DA:761,8
DA:762,8
DA:763,299
DA:764,299
DA:765,332
DA:766,3
DA:767,332
DA:768,296
DA:769,296
DA:770,299
DA:771,299
DA:772,332
DA:773,1
DA:774,1
DA:775,1
DA:776,1
DA:777,1
DA:778,1
DA:779,3
DA:780,3
DA:781,3
DA:782,3
DA:783,3
DA:784,3
DA:785,3
DA:786,3
DA:787,3
DA:788,3
DA:789,3
DA:790,3
DA:791,3
DA:792,1
DA:793,1
DA:794,1
DA:795,1
DA:796,1
DA:797,1
DA:798,1
DA:799,1
DA:800,628
DA:801,628
DA:802,628
DA:803,628
DA:804,535
DA:805,535
DA:806,93
DA:807,93
DA:808,32
DA:809,32
DA:810,61
DA:811,57
DA:812,57
DA:813,57
DA:814,628
DA:815,628
DA:816,628
DA:817,1
DA:818,1
DA:819,1
DA:820,1
DA:821,1
DA:822,1
DA:823,535
DA:824,535
DA:825,535
DA:826,535
DA:827,17
DA:828,17
DA:829,17
DA:830,17
DA:831,17
DA:832,17
DA:833,17
DA:834,535
DA:835,535
DA:836,535
DA:837,1
DA:838,1
DA:839,1
DA:840,1
DA:841,1
DA:842,1
DA:843,1
DA:844,32
DA:845,32
DA:846,32
DA:847,32
DA:848,32
DA:849,32
DA:850,31
DA:851,31
DA:852,32
DA:853,32
DA:854,32
DA:855,32
DA:856,32
DA:857,1
DA:858,1
DA:859,1
DA:860,1
DA:861,1
DA:862,1
DA:863,1
DA:864,1
DA:865,34
DA:866,34
DA:867,34
DA:868,34
DA:869,229
DA:870,229
DA:871,225
DA:872,225
DA:873,4
DA:874,4
DA:875,4
DA:876,229
DA:877,229
DA:878,229
DA:879,229
DA:880,34
DA:881,34
DA:882,32
DA:883,32
DA:884,34
DA:885,34
DA:886,34
DA:887,1
DA:888,1
DA:889,1
DA:890,1
DA:891,1
DA:892,1
DA:893,1
DA:894,229
DA:895,229
DA:896,42
DA:897,4
DA:898,4
DA:899,38
DA:900,38
DA:901,38
DA:902,42
DA:903,229
DA:904,229
DA:905,229
DA:906,1
DA:907,1
DA:908,1
DA:909,1
DA:910,1
DA:911,1
DA:912,1
DA:913,1
DA:914,1
DA:915,1
DA:916,1
DA:917,968
DA:918,968
DA:919,968
DA:920,0
DA:921,0
DA:922,968
DA:923,968
DA:924,968
DA:925,1
DA:926,1
DA:927,1
DA:928,1
DA:929,1
DA:930,1
DA:931,1
DA:932,1
DA:933,376
DA:934,376
DA:935,376
DA:936,376
DA:937,376
DA:938,1
DA:939,1
DA:940,375
DA:941,375
DA:942,376
DA:943,1
DA:944,1
DA:945,1
DA:946,1
DA:947,1
DA:948,1
DA:949,1
DA:950,1
DA:951,696
DA:952,696
DA:953,36
DA:954,36
DA:955,36
DA:956,36
DA:957,36
DA:958,36
DA:959,36
DA:960,696
DA:961,696
DA:962,696
DA:963,696
DA:964,696
DA:965,696
DA:966,696
DA:967,696
DA:968,696
DA:969,696
DA:970,696
DA:971,696
DA:972,91
DA:973,91
DA:974,91
DA:975,605
DA:976,605
DA:977,696
DA:978,1
DA:979,1
DA:980,1
DA:981,1
DA:982,1
DA:983,1
DA:984,1
DA:985,320
DA:986,320
DA:987,22
DA:988,22
DA:989,22
DA:990,22
DA:991,21
DA:992,21
DA:993,22
DA:994,22
DA:995,22
DA:996,298
DA:997,298
DA:998,298
DA:999,298
DA:1000,298
DA:1001,298
DA:1002,298
DA:1003,298
DA:1004,298
DA:1005,298
DA:1006,320
DA:1007,1
DA:1008,1
DA:1009,1
DA:1010,1
DA:1011,1
DA:1012,1
DA:1013,1
DA:1014,31
DA:1015,31
DA:1016,1
DA:1017,1
DA:1018,1
DA:1019,1
DA:1020,1
DA:1021,1
DA:1022,1
DA:1023,30
DA:1024,30
DA:1025,1
DA:1026,1
DA:1027,1
DA:1028,1
DA:1029,1
DA:1030,1
DA:1031,1
DA:1032,4
DA:1033,4
DA:1034,1
DA:1035,1
DA:1036,1
DA:1037,1
DA:1038,1
DA:1039,1
DA:1040,1
DA:1041,5
DA:1042,5
DA:1043,1
DA:1044,1
DA:1045,1
DA:1046,1
DA:1047,1
DA:1048,1
DA:1049,1
DA:1050,70
DA:1051,70
DA:1052,70
DA:1053,70
DA:1054,70
DA:1055,70
DA:1056,70
DA:1057,70
DA:1058,70
DA:1059,70
DA:1060,70
DA:1061,1
DA:1062,1
DA:1063,1
DA:1064,1
DA:1065,1
DA:1066,1
DA:1067,1
DA:1068,178
DA:1069,178
DA:1070,1
DA:1071,1
DA:1072,1
DA:1073,1
DA:1074,1
DA:1075,1
DA:1076,1
DA:1077,32
DA:1078,32
DA:1079,1
DA:1080,1
DA:1081,1
DA:1082,1
DA:1083,1
DA:1084,1
DA:1085,1
DA:1086,23
DA:1087,23
DA:1088,1
DA:1089,1
DA:1090,1
DA:1091,1
DA:1092,1
DA:1093,1
DA:1094,1
DA:1095,7
DA:1096,7
DA:1097,7
DA:1098,7
DA:1099,7
DA:1100,7
DA:1101,7
DA:1102,7
DA:1103,7
DA:1104,7
DA:1105,7
DA:1106,7
DA:1107,7
DA:1108,7
DA:1109,7
DA:1110,7
DA:1111,1
DA:1112,1
DA:1113,1
DA:1114,1
DA:1115,1
DA:1116,1
DA:1117,1
DA:1118,2
DA:1119,2
DA:1120,2
DA:1121,2
DA:1122,2
DA:1123,1
DA:1124,1
DA:1125,1
DA:1126,1
DA:1127,1
DA:1128,1
DA:1129,1
DA:1130,3
DA:1131,3
DA:1132,1
DA:1133,1
DA:1134,1
DA:1135,1
DA:1136,1
DA:1137,1
DA:1138,1
DA:1139,6
DA:1140,6
DA:1141,1
DA:1142,1
DA:1143,1
DA:1144,1
DA:1145,1
DA:1146,1
DA:1147,1
DA:1148,4
DA:1149,4
DA:1150,1
DA:1151,1
DA:1152,1
DA:1153,1
DA:1154,1
DA:1155,1
DA:1156,1
DA:1157,1
DA:1158,1
DA:1159,1
DA:1160,1
DA:1161,1
DA:1162,1
DA:1163,1
DA:1164,1
DA:1165,1
DA:1166,1
DA:1167,1
DA:1168,1
DA:1169,1
DA:1170,1
DA:1171,1
DA:1172,1
DA:1173,1
DA:1174,1
DA:1175,481
DA:1176,481
DA:1177,481
DA:1178,481
DA:1179,481
DA:1180,481
DA:1181,29
DA:1182,29
DA:1183,481
DA:1184,481
DA:1185,481
DA:1186,1
DA:1187,1
DA:1188,1
DA:1189,1
DA:1190,1
DA:1191,1
DA:1192,1
DA:1193,1
DA:1194,1
DA:1195,376
DA:1196,376
DA:1197,376
DA:1198,376
DA:1199,376
DA:1200,376
DA:1201,376
DA:1202,9849
DA:1203,66
DA:1204,66
DA:1205,66
DA:1206,9783
DA:1207,66
DA:1208,66
DA:1209,9717
DA:1210,193
DA:1211,193
DA:1212,9524
DA:1213,193
DA:1214,193
DA:1215,9849
DA:1216,9849
DA:1217,91
DA:1218,91
DA:1219,9758
DA:1220,9758
DA:1221,9758
DA:1222,9849
DA:1223,376
DA:1224,376
DA:1225,376
DA:1226,376
DA:1227,376
DA:1228,376
DA:1229,1
DA:1230,1
DA:1231,1
DA:1232,1
DA:1233,1
DA:1234,1
DA:1235,1
DA:1236,1231
DA:1237,1231
DA:1238,61
DA:1239,1231
DA:1240,1
DA:1241,1
DA:1242,1
DA:1243,1
DA:1244,1
DA:1245,1
DA:1246,1
DA:1247,1016
DA:1248,1016
DA:1249,1016
DA:1250,1016
DA:1251,93
DA:1252,93
DA:1253,93
DA:1254,93
DA:1255,93
DA:1256,93
DA:1257,93
DA:1258,93
DA:1259,93
DA:1260,93
DA:1261,93
DA:1262,93
DA:1263,93
DA:1264,1016
DA:1265,1016
DA:1266,1016
DA:1267,1
DA:1268,1
DA:1269,1
DA:1270,1
DA:1271,1
DA:1272,1
DA:1273,1
DA:1274,1
DA:1275,1016
DA:1276,1016
DA:1277,1016
DA:1278,1016
DA:1279,14478
DA:1280,14478
DA:1281,14478
DA:1282,608
DA:1283,608
DA:1284,608
DA:1285,608
DA:1286,13870
DA:1287,86
DA:1288,86
DA:1289,86
DA:1290,13784
DA:1291,139
DA:1292,139
DA:1293,139
DA:1294,14478
DA:1295,1016
DA:1296,1016
DA:1297,1016
DA:1298,1
LF:1298
LH:1277
BRDA:1,0,0,1
BRDA:17,1,0,56
BRDA:23,2,0,53
BRDA:26,3,0,3
BRDA:40,4,0,322
BRDA:65,5,0,1292
BRDA:72,6,0,320
BRDA:72,7,0,22
BRDA:72,8,0,22
BRDA:73,9,0,1
BRDA:76,10,0,21
BRDA:81,11,0,320
BRDA:59,12,0,2088
BRDA:91,13,0,56
BRDA:94,14,0,59
BRDA:96,15,0,3
BRDA:96,16,0,2
BRDA:99,17,0,57
BRDA:99,18,0,1
BRDA:99,19,0,1
BRDA:104,20,0,46
BRDA:107,21,0,13
BRDA:112,22,0,0
BRDA:125,23,0,322
BRDA:132,24,0,5474
BRDA:134,25,0,6767
BRDA:137,26,0,1293
BRDA:153,27,0,322
BRDA:154,28,0,1044
BRDA:155,29,0,1044
BRDA:156,30,0,2088
BRDA:166,31,0,322
BRDA:173,32,0,12
BRDA:173,33,0,310
BRDA:176,34,0,12
BRDA:185,35,0,0
BRDA:192,36,0,12
BRDA:208,37,0,322
BRDA:210,38,0,1288
BRDA:211,39,0,1288
BRDA:212,40,0,2576
BRDA:213,41,0,5152
BRDA:224,42,0,1614
BRDA:225,43,0,1295
BRDA:226,44,0,1295
BRDA:227,45,0,319
BRDA:232,46,0,34804
BRDA:235,47,0,648
BRDA:238,48,0,494
BRDA:242,49,0,34156
BRDA:242,50,0,648
BRDA:244,51,0,494
BRDA:255,52,0,319
BRDA:264,53,0,322
BRDA:274,54,0,1031
BRDA:278,55,0,2088
BRDA:282,56,0,3119
BRDA:284,57,0,1031
BRDA:287,58,0,4
BRDA:287,59,0,1027
BRDA:304,60,0,322
BRDA:306,61,0,1027
BRDA:307,62,0,57
BRDA:310,63,0,970
BRDA:315,64,0,13
BRDA:325,65,0,2349
BRDA:328,66,0,17869
BRDA:339,67,0,261
BRDA:342,68,0,1575
BRDA:352,69,0,322
BRDA:378,70,0,46
BRDA:381,71,0,321
BRDA:355,72,0,968
BRDA:360,73,0,24
BRDA:361,74,0,13
BRDA:369,75,0,943
BRDA:379,76,0,70
BRDA:391,77,0,321
BRDA:399,78,0,1284
BRDA:411,79,0,1284
BRDA:412,80,0,46
BRDA:414,81,0,13
BRDA:420,82,0,33
BRDA:415,83,0,37
BRDA:432,84,0,321
BRDA:435,85,0,1284
BRDA:436,86,0,12
BRDA:439,87,0,1272
BRDA:439,88,0,0
BRDA:452,89,0,12
BRDA:469,90,0,251
BRDA:480,91,0,8868
BRDA:481,92,0,1
BRDA:484,93,0,8867
BRDA:485,94,0,250
BRDA:493,95,0,2632
BRDA:495,96,0,747
BRDA:496,97,0,1885
BRDA:497,98,0,95
BRDA:498,99,0,1790
BRDA:499,100,0,78
BRDA:500,101,0,1712
BRDA:501,102,0,279
BRDA:502,103,0,1433
BRDA:503,104,0,20
BRDA:504,105,0,1413
BRDA:505,106,0,63
BRDA:506,107,0,1350
BRDA:507,108,0,250
BRDA:510,109,0,1100
BRDA:519,110,0,747
BRDA:525,111,0,7093
BRDA:530,112,0,643
BRDA:531,113,0,6450
BRDA:536,114,0,50
BRDA:539,115,0,697
BRDA:540,116,0,52
BRDA:543,117,0,645
BRDA:552,118,0,7093
BRDA:553,119,0,7085
BRDA:553,120,0,4
BRDA:558,121,0,7089
BRDA:558,122,0,8
BRDA:558,123,0,4
BRDA:562,124,0,7085
BRDA:571,125,0,7093
BRDA:573,126,0,8
BRDA:574,127,0,7085
BRDA:576,128,0,54
BRDA:576,129,0,22
BRDA:579,130,0,7063
BRDA:580,131,0,32
BRDA:583,132,0,7031
BRDA:583,133,0,32
BRDA:586,134,0,7063
BRDA:588,135,0,3
BRDA:591,136,0,7060
BRDA:593,137,0,641
BRDA:600,138,0,95
BRDA:607,139,0,340
BRDA:607,140,0,339
BRDA:616,141,0,0
BRDA:631,142,0,78
BRDA:642,143,0,279
BRDA:646,144,0,42
BRDA:658,145,0,20
BRDA:669,146,0,63
BRDA:673,147,0,56
BRDA:684,148,0,251
BRDA:696,149,0,251
BRDA:704,150,0,1532
BRDA:707,151,0,1100
BRDA:715,152,0,283
BRDA:723,153,0,283
BRDA:726,154,0,49
BRDA:733,155,0,14
BRDA:733,156,0,5
BRDA:734,157,0,5
BRDA:735,158,0,44
BRDA:748,159,0,332
BRDA:751,160,0,33
BRDA:754,161,0,299
BRDA:759,162,0,8
BRDA:763,163,0,299
BRDA:765,164,0,33
BRDA:765,165,0,31
BRDA:765,166,0,3
BRDA:767,167,0,296
BRDA:770,168,0,299
BRDA:778,169,0,3
BRDA:799,170,0,628
BRDA:803,171,0,182
BRDA:803,172,0,535
BRDA:806,173,0,93
BRDA:807,174,0,32
BRDA:810,175,0,61
BRDA:810,176,0,57
BRDA:822,177,0,535
BRDA:826,178,0,17
BRDA:829,179,0,34
BRDA:843,180,0,32
BRDA:847,181,0,31
BRDA:849,182,0,12
BRDA:849,183,0,31
BRDA:864,184,0,34
BRDA:868,185,0,229
BRDA:868,186,0,229
BRDA:870,187,0,225
BRDA:873,188,0,4
BRDA:881,189,0,32
BRDA:893,190,0,229
BRDA:895,191,0,42
BRDA:896,192,0,4
BRDA:899,193,0,38
BRDA:916,194,0,968
BRDA:919,195,0,0
BRDA:932,196,0,376
BRDA:937,197,0,1
BRDA:940,198,0,375
BRDA:934,199,0,697
BRDA:935,200,0,696
BRDA:950,201,0,696
BRDA:952,202,0,36
BRDA:956,203,0,27
BRDA:956,204,0,9
BRDA:969,205,0,616
BRDA:969,206,0,80
BRDA:971,207,0,611
BRDA:971,208,0,531
BRDA:971,209,0,91
BRDA:975,210,0,605
BRDA:984,211,0,320
BRDA:986,212,0,22
BRDA:990,213,0,21
BRDA:990,214,0,21
BRDA:996,215,0,298
BRDA:998,216,0,298
BRDA:1000,217,0,298
BRDA:1013,218,0,31
BRDA:1022,219,0,30
BRDA:1031,220,0,4
BRDA:1040,221,0,5
BRDA:1049,222,0,70
BRDA:1055,223,0,2
BRDA:1055,224,0,68
BRDA:1056,225,0,60
BRDA:1067,226,0,178
BRDA:1076,227,0,32
BRDA:1085,228,0,23
BRDA:1094,229,0,7
BRDA:1098,230,0,7
BRDA:1117,231,0,2
BRDA:1129,232,0,3
BRDA:1138,233,0,6
BRDA:1147,234,0,4
BRDA:1156,235,0,1
BRDA:1165,236,0,1
BRDA:1174,237,0,481
BRDA:1180,238,0,29
BRDA:1180,239,0,29
BRDA:1194,240,0,376
BRDA:1201,241,0,9849
BRDA:1202,242,0,9397
BRDA:1202,243,0,66
BRDA:1206,244,0,9783
BRDA:1206,245,0,452
BRDA:1206,246,0,66
BRDA:1209,247,0,9717
BRDA:1209,248,0,9331
BRDA:1209,249,0,193
BRDA:1212,250,0,9524
BRDA:1212,251,0,9138
BRDA:1212,252,0,193
BRDA:1216,253,0,412
BRDA:1216,254,0,322
BRDA:1216,255,0,91
BRDA:1219,256,0,9758
BRDA:1225,257,0,697
BRDA:1235,258,0,1231
BRDA:1237,259,0,1170
BRDA:1238,260,0,61
BRDA:1246,261,0,1016
BRDA:1250,262,0,93
BRDA:1255,263,0,17
BRDA:1255,264,0,76
BRDA:1256,265,0,0
BRDA:1256,266,0,76
BRDA:1257,267,0,3
BRDA:1258,268,0,20
BRDA:1274,269,0,1016
BRDA:1278,270,0,14478
BRDA:1281,271,0,608
BRDA:1283,272,0,570
BRDA:1283,273,0,525
BRDA:1283,274,0,0
BRDA:1283,275,0,525
BRDA:1283,276,0,38
BRDA:1284,277,0,86
BRDA:1286,278,0,13870
BRDA:1286,279,0,86
BRDA:1290,280,0,13784
BRDA:1290,281,0,139
BRF:282
BRH:275
end_of_record
TN:
SF:Sql.js
FN:11,log
FN:26,gsSQL
FN:42,execute
FN:61,executeSqlv1
FN:100,executeSqlv2
FN:152,parseTableSettings
FN:195,Sql
FN:214,addTableData
FN:239,copyTableData
FN:254,enableColumnTitle
FN:264,replaceColumnTableNameWith
FN:273,areColumnTitlesOutput
FN:282,addBindParameter
FN:291,getBindData
FN:300,addBindNamedRangeParameter
FN:312,setBindValues
FN:321,clearBindParameters
FN:357,execute
FN:386,loadSchema
FN:399,setTableAlias
FN:412,setTables
FN:421,getTables
FN:431,getTableAlias
FN:446,selectFromSubQuery
FN:472,selectJoinSubQuery
FN:504,getTableAliasFromJoin
FN:524,getTableAliasUnion
FN:551,getTableAliasWhereIn
FN:571,getTableAliasWhereTerms
FN:588,getReferencedTableNames
FN:602,getReferencedTableNamesFromAst
FN:625,extractAstTables
FN:639,getTableNamesFrom
FN:657,getTableNamesJoin
FN:676,isIterable
FN:689,getTableNamesUnion
FN:706,getTableNamesWhereIn
FN:723,getTableNamesWhereTerms
FN:736,getTableNamesWhereCondition
FN:757,getTableNamesCorrelatedSelect
FN:774,locateAstTableAlias
FN:800,select
FN:864,distinctField
FN:890,pivotField
FN:913,getUniquePivotData
FN:942,addCalculatedPivotFieldsToAst
FN:973,unionSets
FN:1028,appendUniqueRows
FN:1050,intersectRows
FN:1072,exceptRows
FN:1102,BindData
FN:1109,clear
FN:1120,add
FN:1134,addList
FN:1145,get
FN:1153,getBindDataList
FNF:56
FNH:56
FNDA:36,log
FNDA:3,gsSQL
FNDA:3,execute
FNDA:1,executeSqlv1
FNDA:2,executeSqlv2
FNDA:17,parseTableSettings
FNDA:347,Sql
FNDA:324,addTableData
FNDA:17,copyTableData
FNDA:198,enableColumnTitle
FNDA:15,replaceColumnTableNameWith
FNDA:176,areColumnTitlesOutput
FNDA:40,addBindParameter
FNDA:176,getBindData
FNDA:12,addBindNamedRangeParameter
FNDA:151,setBindValues
FNDA:1,clearBindParameters
FNDA:347,execute
FNDA:345,loadSchema
FNDA:345,setTableAlias
FNDA:151,setTables
FNDA:193,getTables
FNDA:717,getTableAlias
FNDA:345,selectFromSubQuery
FNDA:345,selectJoinSubQuery
FNDA:717,getTableAliasFromJoin
FNDA:717,getTableAliasUnion
FNDA:717,getTableAliasWhereIn
FNDA:717,getTableAliasWhereTerms
FNDA:14,getReferencedTableNames
FNDA:34,getReferencedTableNamesFromAst
FNDA:92,extractAstTables
FNDA:92,getTableNamesFrom
FNDA:92,getTableNamesJoin
FNDA:697,isIterable
FNDA:92,getTableNamesUnion
FNDA:92,getTableNamesWhereIn
FNDA:92,getTableNamesWhereTerms
FNDA:21,getTableNamesWhereCondition
FNDA:92,getTableNamesCorrelatedSelect
FNDA:1399,locateAstTableAlias
FNDA:344,select
FNDA:343,distinctField
FNDA:343,pivotField
FNDA:6,getUniquePivotData
FNDA:6,addCalculatedPivotFieldsToAst
FNDA:319,unionSets
FNDA:4,appendUniqueRows
FNDA:1,intersectRows
FNDA:1,exceptRows
FNDA:461,BindData
FNDA:462,clear
FNDA:169,add
FNDA:114,addList
FNDA:166,get
FNDA:290,getBindDataList
DA:1,1
DA:2,1
DA:3,1
DA:4,1
DA:5,1
DA:6,1
DA:7,1
DA:8,1
DA:9,1
DA:10,1
DA:11,1
DA:12,36
DA:13,36
DA:14,1
DA:15,1
DA:16,1
DA:17,1
DA:18,1
DA:19,1
DA:20,1
DA:21,1
DA:22,1
DA:23,1
DA:24,1
DA:25,1
DA:26,3
DA:27,3
DA:28,3
DA:29,1
DA:30,1
DA:31,1
DA:32,1
DA:33,1
DA:34,1
DA:35,1
DA:36,1
DA:37,1
DA:38,1
DA:39,1
DA:40,1
DA:41,1
DA:42,1
DA:43,3
DA:44,1
DA:45,1
DA:46,2
DA:47,2
DA:48,2
DA:49,0
DA:50,0
DA:51,0
DA:52,3
DA:53,1
DA:54,1
DA:55,1
DA:56,1
DA:57,1
DA:58,1
DA:59,1
DA:60,1
DA:61,1
DA:62,1
DA:63,1
DA:64,1
DA:65,1
DA:66,1
DA:67,1
DA:68,1
DA:69,1
DA:70,1
DA:71,1
DA:72,1
DA:73,1
DA:74,1
DA:75,1
DA:76,1
DA:77,1
DA:78,1
DA:79,1
DA:80,1
DA:81,0
DA:82,0
DA:83,1
DA:84,1
DA:85,1
DA:86,1
DA:87,0
DA:88,0
DA:89,1
DA:90,1
DA:91,1
DA:92,1
DA:93,1
DA:94,1
DA:95,1
DA:96,1
DA:97,1
DA:98,1
DA:99,1
DA:100,1
DA:101,2
DA:102,2
DA:103,2
DA:104,2
DA:105,2
DA:106,2
DA:107,2
DA:108,4
DA:109,4
DA:110,4
DA:111,4
DA:112,2
DA:113,1
DA:114,1
DA:115,1
DA:116,2
DA:117,2
DA:118,0
DA:119,0
DA:120,0
DA:121,0
DA:122,2
DA:123,2
DA:124,2
DA:125,2
DA:126,0
DA:127,0
DA:128,2
DA:129,2
DA:130,2
DA:131,1
DA:132,1
DA:133,1
DA:134,1
DA:135,1
DA:136,1
DA:137,1
DA:138,1
DA:139,1
DA:140,1
DA:141,1
DA:142,1
DA:143,1
DA:144,1
DA:145,1
DA:146,1
DA:147,1
DA:148,1
DA:149,1
DA:150,1
DA:151,1
DA:152,1
DA:153,17
DA:154,17
DA:155,17
DA:156,17
DA:157,17
DA:158,14
DA:159,14
DA:160,17
DA:161,17
DA:162,0
DA:163,0
DA:164,17
DA:165,17
DA:166,17
DA:167,36
DA:168,36
DA:169,36
DA:170,36
DA:171,36
DA:172,36
DA:173,36
DA:174,36
DA:175,36
DA:176,36
DA:177,35
DA:178,35
DA:179,35
DA:180,16
DA:181,16
DA:182,16
DA:183,16
DA:184,17
DA:185,16
DA:186,16
DA:187,17
DA:188,1
DA:189,1
DA:190,1
DA:191,1
DA:192,1
DA:193,1
DA:194,1
DA:195,1
DA:196,347
DA:197,347
DA:198,347
DA:199,347
DA:200,347
DA:201,347
DA:202,347
DA:203,347
DA:204,347
DA:205,1
DA:206,1
DA:207,1
DA:208,1
DA:209,1
DA:210,1
DA:211,1
DA:212,1
DA:213,1
DA:214,1
DA:215,324
DA:216,324
DA:217,324
DA:218,317
DA:219,317
DA:220,317
DA:221,317
DA:222,7
DA:223,7
DA:224,7
DA:225,7
DA:226,7
DA:227,322
DA:228,322
DA:229,322
DA:230,322
DA:231,324
DA:232,1
DA:233,1
DA:234,1
DA:235,1
DA:236,1
DA:237,1
DA:238,1
DA:239,1
DA:240,17
DA:241,17
DA:242,39
DA:243,39
DA:244,39
DA:245,17
DA:246,17
DA:247,17
DA:248,1
DA:249,1
DA:250,1
DA:251,1
DA:252,1
DA:253,1
DA:254,1
DA:255,198
DA:256,198
DA:257,198
DA:258,1
DA:259,1
DA:260,1
DA:261,1
DA:262,1
DA:263,1
DA:264,1
DA:265,15
DA:266,15
DA:267,15
DA:268,1
DA:269,1
DA:270,1
DA:271,1
DA:272,1
DA:273,1
DA:274,176
DA:275,176
DA:276,1
DA:277,1
DA:278,1
DA:279,1
DA:280,1
DA:281,1
DA:282,1
DA:283,40
DA:284,40
DA:285,40
DA:286,1
DA:287,1
DA:288,1
DA:289,1
DA:290,1
DA:291,1
DA:292,176
DA:293,176
DA:294,1
DA:295,1
DA:296,1
DA:297,1
DA:298,1
DA:299,1
DA:300,1
DA:301,12
DA:302,12
DA:303,12
DA:304,12
DA:305,12
DA:306,1
DA:307,1
DA:308,1
DA:309,1
DA:310,1
DA:311,1
DA:312,1
DA:313,151
DA:314,151
DA:315,151
DA:316,1
DA:317,1
DA:318,1
DA:319,1
DA:320,1
DA:321,1
DA:322,1
DA:323,1
DA:324,1
DA:325,1
DA:326,1
DA:327,1
DA:328,1
DA:329,1
DA:330,1
DA:331,1
DA:332,1
DA:333,1
DA:334,1
DA:335,1
DA:336,1
DA:337,1
DA:338,1
DA:339,1
DA:340,1
DA:341,1
DA:342,1
DA:343,1
DA:344,1
DA:345,1
DA:346,1
DA:347,1
DA:348,1
DA:349,1
DA:350,1
DA:351,1
DA:352,1
DA:353,1
DA:354,1
DA:355,1
DA:356,1
DA:357,1
DA:358,347
DA:359,347
DA:360,347
DA:361,347
DA:362,347
DA:363,347
DA:364,347
DA:365,347
DA:366,347
DA:367,347
DA:368,347
DA:369,347
DA:370,347
DA:371,347
DA:372,347
DA:373,347
DA:374,347
DA:375,347
DA:376,1
DA:377,1
DA:378,344
DA:379,344
DA:380,347
DA:381,1
DA:382,1
DA:383,1
DA:384,1
DA:385,1
DA:386,1
DA:387,345
DA:388,345
DA:389,527
DA:390,527
DA:391,527
DA:392,345
DA:393,1
DA:394,1
DA:395,1
DA:396,1
DA:397,1
DA:398,1
DA:399,1
DA:400,345
DA:401,345
DA:402,527
DA:403,527
DA:404,527
DA:405,527
DA:406,345
DA:407,1
DA:408,1
DA:409,1
DA:410,1
DA:411,1
DA:412,1
DA:413,151
DA:414,151
DA:415,151
DA:416,1
DA:417,1
DA:418,1
DA:419,1
DA:420,1
DA:421,1
DA:422,193
DA:423,193
DA:424,1
DA:425,1
DA:426,1
DA:427,1
DA:428,1
DA:429,1
DA:430,1
DA:431,1
DA:432,717
DA:433,717
DA:434,717
DA:435,717
DA:436,717
DA:437,717
DA:438,717
DA:439,717
DA:440,717
DA:441,717
DA:442,1
DA:443,1
DA:444,1
DA:445,1
DA:446,1
DA:447,345
DA:448,14
DA:449,14
DA:450,14
DA:451,14
DA:452,14
DA:453,14
DA:454,14
DA:455,14
DA:456,14
DA:457,14
DA:458,14
DA:459,0
DA:460,0
DA:461,14
DA:462,14
DA:463,14
DA:464,345
DA:465,1
DA:466,1
DA:467,1
DA:468,1
DA:469,1
DA:470,1
DA:471,1
DA:472,1
DA:473,345
DA:474,345
DA:475,40
DA:476,345
DA:477,61
DA:478,1
DA:479,1
DA:480,1
DA:481,1
DA:482,1
DA:483,1
DA:484,1
DA:485,1
DA:486,1
DA:487,1
DA:488,1
DA:489,0
DA:490,0
DA:491,1
DA:492,1
DA:493,1
DA:494,61
DA:495,345
DA:496,1
DA:497,1
DA:498,1
DA:499,1
DA:500,1
DA:501,1
DA:502,1
DA:503,1
DA:504,1
DA:505,717
DA:506,717
DA:507,717
DA:508,717
DA:509,717
DA:510,1399
DA:511,1399
DA:512,1399
DA:513,717
DA:514,717
DA:515,717
DA:516,1
DA:517,1
DA:518,1
DA:519,1
DA:520,1
DA:521,1
DA:522,1
DA:523,1
DA:524,1
DA:525,717
DA:526,717
DA:527,717
DA:528,717
DA:529,717
DA:530,2697
DA:531,35
DA:532,35
DA:533,35
DA:534,35
DA:535,35
DA:536,35
DA:537,35
DA:538,2697
DA:539,2697
DA:540,717
DA:541,717
DA:542,717
DA:543,1
DA:544,1
DA:545,1
DA:546,1
DA:547,1
DA:548,1
DA:549,1
DA:550,1
DA:551,1
DA:552,717
DA:553,717
DA:554,29
DA:555,29
DA:556,717
DA:557,717
DA:558,11
DA:559,11
DA:560,717
DA:561,717
DA:562,717
DA:563,1
DA:564,1
DA:565,1
DA:566,1
DA:567,1
DA:568,1
DA:569,1
DA:570,1
DA:571,1
DA:572,717
DA:573,717
DA:574,55
DA:575,118
DA:576,118
DA:577,118
DA:578,55
DA:579,717
DA:580,717
DA:581,717
DA:582,1
DA:583,1
DA:584,1
DA:585,1
DA:586,1
DA:587,1
DA:588,1
DA:589,14
DA:590,14
DA:591,14
DA:592,1
DA:593,1
DA:594,1
DA:595,1
DA:596,1
DA:597,1
DA:598,1
DA:599,1
DA:600,1
DA:601,1
DA:602,1
DA:603,34
DA:604,34
DA:605,34
DA:606,34
DA:607,34
DA:608,34
DA:609,34
DA:610,34
DA:611,34
DA:612,50
DA:613,50
DA:614,50
DA:615,50
DA:616,34
DA:617,34
DA:618,34
DA:619,1
DA:620,1
DA:621,1
DA:622,1
DA:623,1
DA:624,1
DA:625,1
DA:626,92
DA:627,92
DA:628,92
DA:629,92
DA:630,92
DA:631,92
DA:632,92
DA:633,1
DA:634,1
DA:635,1
DA:636,1
DA:637,1
DA:638,1
DA:639,1
DA:640,92
DA:641,92
DA:642,87
DA:643,78
DA:644,78
DA:645,9
DA:646,9
DA:647,9
DA:648,87
DA:649,87
DA:650,92
DA:651,1
DA:652,1
DA:653,1
DA:654,1
DA:655,1
DA:656,1
DA:657,1
DA:658,92
DA:659,92
DA:660,6
DA:661,92
DA:662,9
DA:663,8
DA:664,8
DA:665,1
DA:666,1
DA:667,1
DA:668,9
DA:669,92
DA:670,1
DA:671,1
DA:672,1
DA:673,1
DA:674,1
DA:675,1
DA:676,1
DA:677,697
DA:678,0
DA:679,0
DA:680,697
DA:681,697
DA:682,697
DA:683,1
DA:684,1
DA:685,1
DA:686,1
DA:687,1
DA:688,1
DA:689,1
DA:690,92
DA:691,92
DA:692,92
DA:693,368
DA:694,1
DA:695,1
DA:696,1
DA:697,1
DA:698,368
DA:699,92
DA:700,1
DA:701,1
DA:702,1
DA:703,1
DA:704,1
DA:705,1
DA:706,1
DA:707,92
DA:708,92
DA:709,92
DA:710,4
DA:711,4
DA:712,92
DA:713,92
DA:714,3
DA:715,3
DA:716,92
DA:717,1
DA:718,1
DA:719,1
DA:720,1
DA:721,1
DA:722,1
DA:723,1
DA:724,92
DA:725,4
DA:726,9
DA:727,9
DA:728,4
DA:729,92
DA:730,1
DA:731,1
DA:732,1
DA:733,1
DA:734,1
DA:735,1
DA:736,1
DA:737,21
DA:738,21
DA:739,10
DA:740,10
DA:741,21
DA:742,21
DA:743,5
DA:744,5
DA:745,21
DA:746,1
DA:747,2
DA:748,2
DA:749,1
DA:750,21
DA:751,1
DA:752,1
DA:753,1
DA:754,1
DA:755,1
DA:756,1
DA:757,1
DA:758,92
DA:759,78
DA:760,110
DA:761,1
DA:762,1
DA:763,110
DA:764,78
DA:765,92
DA:766,1
DA:767,1
DA:768,1
DA:769,1
DA:770,1
DA:771,1
DA:772,1
DA:773,1
DA:774,1
DA:775,1399
DA:776,1399
DA:777,697
DA:778,697
DA:779,1399
DA:780,98
DA:781,98
DA:782,697
DA:783,1399
DA:784,781
DA:785,42
DA:786,42
DA:787,781
DA:788,655
DA:789,655
DA:790,1399
DA:791,1
DA:792,1
DA:793,1
DA:794,1
DA:795,1
DA:796,1
DA:797,1
DA:798,1
DA:799,1
DA:800,1
DA:801,344
DA:802,344
DA:803,344
DA:804,344
DA:805,344
DA:806,344
DA:807,343
DA:808,343
DA:809,343
DA:810,343
DA:811,343
DA:812,343
DA:813,343
DA:814,343
DA:815,343
DA:816,343
DA:817,343
DA:818,343
DA:819,343
DA:820,343
DA:821,343
DA:822,343
DA:823,343
DA:824,343
DA:825,343
DA:826,343
DA:827,343
DA:828,343
DA:829,343
DA:830,343
DA:831,343
DA:832,343
DA:833,343
DA:834,343
DA:835,343
DA:836,343
DA:837,343
DA:838,343
DA:839,343
DA:840,343
DA:841,343
DA:842,343
DA:843,344
DA:844,159
DA:845,159
DA:846,318
DA:847,318
DA:848,344
DA:849,7
DA:850,7
DA:851,318
DA:852,344
DA:853,8
DA:854,8
DA:855,318
DA:856,318
DA:857,344
DA:858,1
DA:859,1
DA:860,1
DA:861,1
DA:862,1
DA:863,1
DA:864,1
DA:865,343
DA:866,343
DA:867,343
DA:868,343
DA:869,343
DA:870,343
DA:871,343
DA:872,7
DA:873,7
DA:874,7
DA:875,7
DA:876,7
DA:877,7
DA:878,7
DA:879,7
DA:880,7
DA:881,343
DA:882,343
DA:883,343
DA:884,1
DA:885,1
DA:886,1
DA:887,1
DA:888,1
DA:889,1
DA:890,1
DA:891,343
DA:892,343
DA:893,7
DA:894,7
DA:895,7
DA:896,336
DA:897,336
DA:898,336
DA:899,6
DA:900,6
DA:901,6
DA:902,6
DA:903,6
DA:904,6
DA:905,6
DA:906,343
DA:907,1
DA:908,1
DA:909,1
DA:910,1
DA:911,1
DA:912,1
DA:913,1
DA:914,6
DA:915,6
DA:916,6
DA:917,6
DA:918,6
DA:919,6
DA:920,6
DA:921,6
DA:922,6
DA:923,6
DA:924,6
DA:925,6
DA:926,6
DA:927,6
DA:928,6
DA:929,6
DA:930,6
DA:931,1
DA:932,1
DA:933,1
DA:934,1
DA:935,1
DA:936,1
DA:937,1
DA:938,1
DA:939,1
DA:940,1
DA:941,1
DA:942,1
DA:943,6
DA:944,6
DA:945,6
DA:946,17
DA:947,17
DA:948,17
DA:949,17
DA:950,11
DA:951,11
DA:952,11
DA:953,44
DA:954,44
DA:955,44
DA:956,44
DA:957,11
DA:958,6
DA:959,6
DA:960,6
DA:961,17
DA:962,6
DA:963,6
DA:964,6
DA:965,1
DA:966,1
DA:967,1
DA:968,1
DA:969,1
DA:970,1
DA:971,1
DA:972,1
DA:973,1
DA:974,319
DA:975,319
DA:976,319
DA:977,319
DA:978,1273
DA:979,1262
DA:980,1262
DA:981,11
DA:982,11
DA:983,11
DA:984,11
DA:985,11
DA:986,11
DA:987,11
DA:988,11
DA:989,11
DA:990,10
DA:991,10
DA:992,11
DA:993,4
DA:994,4
DA:995,4
DA:996,11
DA:997,11
DA:998,4
DA:999,4
DA:1000,4
DA:1001,11
DA:1002,11
DA:1003,1
DA:1004,1
DA:1005,1
DA:1006,11
DA:1007,11
DA:1008,1
DA:1009,1
DA:1010,1
DA:1011,11
DA:1012,11
DA:1013,0
DA:1014,11
DA:1015,11
DA:1016,10
DA:1017,10
DA:1018,318
DA:1019,318
DA:1020,319
DA:1021,1
DA:1022,1
DA:1023,1
DA:1024,1
DA:1025,1
DA:1026,1
DA:1027,1
DA:1028,1
DA:1029,4
DA:1030,4
DA:1031,4
DA:1032,4
DA:1033,4
DA:1034,4
DA:1035,23
DA:1036,23
DA:1037,21
DA:1038,21
DA:1039,21
DA:1040,23
DA:1041,4
DA:1042,4
DA:1043,1
DA:1044,1
DA:1045,1
DA:1046,1
DA:1047,1
DA:1048,1
DA:1049,1
DA:1050,1
DA:1051,1
DA:1052,1
DA:1053,1
DA:1054,1
DA:1055,10
DA:1056,10
DA:1057,1
DA:1058,1
DA:1059,5
DA:1060,1
DA:1061,1
DA:1062,5
DA:1063,1
DA:1064,1
DA:1065,1
DA:1066,1
DA:1067,1
DA:1068,1
DA:1069,1
DA:1070,1
DA:1071,1
DA:1072,1
DA:1073,1
DA:1074,1
DA:1075,1
DA:1076,5
DA:1077,5
DA:1078,5
DA:1079,1
DA:1080,1
DA:1081,1
DA:1082,2
DA:1083,2
DA:1084,2
DA:1085,2
DA:1086,2
DA:1087,1
DA:1088,1
DA:1089,1
DA:1090,2
DA:1091,2
DA:1092,1
DA:1093,1
DA:1094,1
DA:1095,1
DA:1096,1
DA:1097,1
DA:1098,1
DA:1099,1
DA:1100,1
DA:1101,1
DA:1102,1
DA:1103,461
DA:1104,461
DA:1105,1
DA:1106,1
DA:1107,1
DA:1108,1
DA:1109,1
DA:1110,462
DA:1111,462
DA:1112,462
DA:1113,462
DA:1114,1
DA:1115,1
DA:1116,1
DA:1117,1
DA:1118,1
DA:1119,1
DA:1120,1
DA:1121,169
DA:1122,169
DA:1123,169
DA:1124,169
DA:1125,169
DA:1126,169
DA:1127,169
DA:1128,169
DA:1129,1
DA:1130,1
DA:1131,1
DA:1132,1
DA:1133,1
DA:1134,1
DA:1135,114
DA:1136,3
DA:1137,3
DA:1138,114
DA:1139,1
DA:1140,1
DA:1141,1
DA:1142,1
DA:1143,1
DA:1144,1
DA:1145,1
DA:1146,166
DA:1147,166
DA:1148,1
DA:1149,1
DA:1150,1
DA:1151,1
DA:1152,1
DA:1153,1
DA:1154,290
DA:1155,290
DA:1156,1
LF:1156
LH:1134
BRDA:1,0,0,1
BRDA:11,1,0,36
BRDA:26,2,0,3
BRDA:42,3,0,3
BRDA:43,4,0,2
BRDA:43,5,0,1
BRDA:46,6,0,2
BRDA:49,7,0,0
BRDA:61,8,0,1
BRDA:70,9,0,0
BRDA:78,10,0,0
BRDA:80,11,0,0
BRDA:86,12,0,0
BRDA:100,13,0,2
BRDA:107,14,0,4
BRDA:107,15,0,4
BRDA:112,16,0,1
BRDA:112,17,0,1
BRDA:117,18,0,0
BRDA:125,19,0,0
BRDA:152,20,0,17
BRDA:157,21,0,14
BRDA:157,22,0,14
BRDA:161,23,0,0
BRDA:166,24,0,36
BRDA:168,25,0,1
BRDA:170,26,0,2
BRDA:172,27,0,5
BRDA:174,28,0,0
BRDA:176,29,0,1
BRDA:177,30,0,35
BRDA:180,31,0,16
BRDA:184,32,0,1
BRDA:185,33,0,16
BRDA:195,34,0,347
BRDA:214,35,0,324
BRDA:217,36,0,317
BRDA:222,37,0,7
BRDA:227,38,0,322
BRDA:239,39,0,17
BRDA:241,40,0,39
BRDA:254,41,0,198
BRDA:264,42,0,15
BRDA:273,43,0,176
BRDA:282,44,0,40
BRDA:291,45,0,176
BRDA:300,46,0,12
BRDA:312,47,0,151
BRDA:321,48,0,1
BRDA:357,49,0,347
BRDA:360,50,0,179
BRDA:360,51,0,168
BRDA:375,52,0,1
BRDA:378,53,0,344
BRDA:386,54,0,345
BRDA:388,55,0,527
BRDA:399,56,0,345
BRDA:401,57,0,527
BRDA:412,58,0,151
BRDA:421,59,0,193
BRDA:431,60,0,717
BRDA:446,61,0,345
BRDA:447,62,0,344
BRDA:447,63,0,14
BRDA:458,64,0,0
BRDA:472,65,0,345
BRDA:474,66,0,305
BRDA:475,67,0,40
BRDA:476,68,0,61
BRDA:477,69,0,1
BRDA:488,70,0,0
BRDA:495,71,0,40
BRDA:504,72,0,717
BRDA:509,73,0,2074
BRDA:509,74,0,1399
BRDA:524,75,0,717
BRDA:529,76,0,3371
BRDA:529,77,0,2697
BRDA:530,78,0,35
BRDA:535,79,0,1
BRDA:551,80,0,717
BRDA:553,81,0,674
BRDA:553,82,0,321
BRDA:553,83,0,29
BRDA:557,84,0,674
BRDA:557,85,0,11
BRDA:571,86,0,717
BRDA:573,87,0,672
BRDA:573,88,0,321
BRDA:573,89,0,55
BRDA:574,90,0,118
BRDA:576,91,0,115
BRDA:588,92,0,14
BRDA:602,93,0,34
BRDA:611,94,0,50
BRDA:625,95,0,92
BRDA:639,96,0,92
BRDA:641,97,0,87
BRDA:642,98,0,78
BRDA:643,99,0,0
BRDA:645,100,0,9
BRDA:657,101,0,92
BRDA:659,102,0,86
BRDA:660,103,0,6
BRDA:661,104,0,9
BRDA:662,105,0,8
BRDA:663,106,0,0
BRDA:665,107,0,1
BRDA:669,108,0,6
BRDA:676,109,0,697
BRDA:677,110,0,0
BRDA:689,111,0,92
BRDA:692,112,0,368
BRDA:693,113,0,1
BRDA:706,114,0,92
BRDA:709,115,0,46
BRDA:709,116,0,4
BRDA:713,117,0,3
BRDA:723,118,0,92
BRDA:724,119,0,46
BRDA:724,120,0,4
BRDA:725,121,0,9
BRDA:736,122,0,21
BRDA:737,123,0,20
BRDA:737,124,0,1
BRDA:738,125,0,10
BRDA:741,126,0,17
BRDA:741,127,0,4
BRDA:742,128,0,5
BRDA:745,129,0,1
BRDA:746,130,0,2
BRDA:757,131,0,92
BRDA:758,132,0,78
BRDA:759,133,0,110
BRDA:760,134,0,3
BRDA:760,135,0,1
BRDA:774,136,0,1399
BRDA:776,137,0,702
BRDA:777,138,0,697
BRDA:779,139,0,98
BRDA:782,140,0,697
BRDA:783,141,0,781
BRDA:784,142,0,429
BRDA:784,143,0,42
BRDA:788,144,0,655
BRDA:800,145,0,344
BRDA:806,146,0,1
BRDA:807,147,0,343
BRDA:843,148,0,159
BRDA:846,149,0,318
BRDA:848,150,0,7
BRDA:851,151,0,318
BRDA:852,152,0,121
BRDA:852,153,0,8
BRDA:855,154,0,318
BRDA:864,155,0,343
BRDA:868,156,0,0
BRDA:871,157,0,7
BRDA:876,158,0,7
BRDA:890,159,0,343
BRDA:892,160,0,7
BRDA:894,161,0,1
BRDA:896,162,0,336
BRDA:899,163,0,6
BRDA:913,164,0,6
BRDA:942,165,0,6
BRDA:945,166,0,17
BRDA:949,167,0,11
BRDA:949,168,0,11
BRDA:952,169,0,44
BRDA:954,170,0,24
BRDA:954,171,0,20
BRDA:958,172,0,6
BRDA:973,173,0,319
BRDA:977,174,0,1273
BRDA:978,175,0,1262
BRDA:981,176,0,11
BRDA:989,177,0,1
BRDA:990,178,0,10
BRDA:992,179,0,4
BRDA:997,180,0,4
BRDA:1002,181,0,1
BRDA:1007,182,0,1
BRDA:1012,183,0,0
BRDA:1016,184,0,10
BRDA:1018,185,0,318
BRDA:1028,186,0,4
BRDA:1034,187,0,23
BRDA:1036,188,0,21
BRDA:1032,189,0,12
BRDA:1050,190,0,1
BRDA:1054,191,0,10
BRDA:1058,192,0,5
BRDA:1059,193,0,1
BRDA:1072,194,0,1
BRDA:1075,195,0,5
BRDA:1081,196,0,2
BRDA:1089,197,0,2
BRDA:1088,198,0,1
BRDA:1102,199,0,461
BRDA:1109,200,0,462
BRDA:1120,201,0,169
BRDA:1134,202,0,114
BRDA:1135,203,0,3
BRDA:1145,204,0,166
BRDA:1146,205,0,0
BRDA:1153,206,0,290
BRF:207
BRH:190
end_of_record
TN:
SF:SqlTest.js
FN:18,CacheService
FN:22,<static_initializer>
FN:24,getScriptCache
FN:31,get
FN:44,put
FN:49,putAll
FN:55,remove
FN:63,cacheItem
FN:69,isExpired
FN:80,PropertiesService
FN:84,<static_initializer>
FN:86,getScriptProperties
FN:93,getProperty
FN:106,deleteProperty
FN:111,setProperty
FN:116,getKeys
FN:122,<static_initializer>
FN:124,getScriptLock
FN:128,waitLock
FN:143,releaseLock
FN:149,getActiveSpreadsheet
FN:153,getRangeByName
FN:158,getSheetByName
FN:165,getUi
FN:171,createMenu
FN:175,addItem
FN:179,addToUi
FN:185,Sheet
FN:189,getLastColumn
FN:197,getLastRow
FN:205,getSheetValues
FN:217,getRange
FN:223,Range
FN:227,getValues
FN:231,getValue
FN:235,clearContent
FN:239,clearFormat
FN:243,clear
FN:247,setValues
FN:251,setFontWeight
FN:255,setFormula
FN:259,setBackground
FN:263,setFormulas
FN:268,getMockData
FN:289,sleep
FN:298,formatDate
FN:305,log
FN:315,SQLselfTest
FN:321,SqlLiveDataTest
FN:333,onOpen
FN:364,customMenuGenerateTests
FN:378,isEqual
FN:398,TestedStatements
FN:418,getTableDefinitionString
FN:449,TestSql
FN:458,execute
FN:472,generateTestCustomFunctions
FN:552,makeCustomFormulaString
FN:584,makeTestResultFormulaString
FN:610,bookTable
FN:654,bookSalesTable
FN:699,bookReturnsTable
FN:730,customerTable
FN:758,authorsTable
FN:783,editorsTable
FN:814,translatorsTable
FN:825,masterTransactionsTable
FN:855,yearlySalesTable
FN:867,selectAll1
FN:871,selectAllCase1
FN:875,selectIsNotNull1
FN:879,selectAllAuthors
FN:895,selectIsNull1
FN:909,innerJoin1a
FN:919,innerJoin1case
FN:929,innerJoin1
FN:949,innerJoin2
FN:975,innerJoinAlias1
FN:1001,innerJoinAlias2
FN:1047,join2a
FN:1056,join2b
FN:1066,join2
FN:1084,join3
FN:1111,joinLimit1
FN:1135,leftJoin1
FN:1166,rightJoin1
FN:1197,rightJoin1a
FN:1227,rightJoin2
FN:1255,fullJoin1
FN:1287,fullJoin2
FN:1317,fullJoin3
FN:1352,whereIn1
FN:1377,whereIn2
FN:1397,whereIn3
FN:1415,whereIn4
FN:1441,whereIn5
FN:1467,whereIn6
FN:1485,whereIn7
FN:1504,whereNotIn1
FN:1522,whereAndOr1
FN:1541,whereAndOr2
FN:1563,whereAndOr3
FN:1590,whereAndNotEqual2
FN:1596,whereAndNotEqual3
FN:1601,whereAndNotEqual2base
FN:1624,selectAgainNewBinds1
FN:1662,groupBy1
FN:1682,groupBy2
FN:1699,groupBy3
FN:1721,groupBy4
FN:1744,avgSelect1
FN:1757,funcsSelect2
FN:1771,innerSelect1
FN:1791,whereLike1
FN:1818,whereLike2
FN:1845,whereNotLike1
FN:1871,union1
FN:1899,unionAlias1
FN:1927,unionBind1
FN:1948,unionAll1
FN:1977,unionAll2
FN:2011,unionJoin1
FN:2049,except1
FN:2066,intersect1
FN:2081,orderByDesc1
FN:2104,orderByDesc2
FN:2127,orderByDesc3
FN:2146,distinct1
FN:2168,selectMath1
FN:2191,selectMathFunc1
FN:2214,selectMathFunc2
FN:2236,selectFuncs2
FN:2256,selectFuncs3
FN:2276,selectFuncs4
FN:2296,selectFuncs5
FN:2326,selectFuncs6
FN:2349,selectFuncs7
FN:2369,selectFuncInFunc1
FN:2389,selectFuncInFunc2
FN:2409,selectIF1
FN:2441,selectIF2
FN:2465,selectIF3
FN:2489,selectIF4
FN:2513,selectWhereCalc1
FN:2529,selectWhereCalc2
FN:2547,selectCase1
FN:2578,selectCase2
FN:2610,selectAlias1
FN:2628,liveTest1
FN:2648,liveTest2
FN:2664,groupPivot1
FN:2681,groupPivot2
FN:2698,groupPivot3
FN:2718,groupFunc1
FN:2735,groupFunc2
FN:2748,selectInGroupByPivot1
FN:2766,selectInGroupByPivot2
FN:2784,selectInGroupByPivot3
FN:2802,selectCount1
FN:2816,selectCount2
FN:2832,selectCount3
FN:2846,selectCount4
FN:2860,selectCount5
FN:2874,selectCount6
FN:2892,selectGroupByNotInSelect
FN:2910,selectGroupByNotInSelect2
FN:2930,selectOrderByNotInSelect
FN:2953,selectCoalesce
FN:2972,selectConcat_Ws
FN:2988,selectConcat_Ws2
FN:3007,selectNoTitle1
FN:3040,selectNested
FN:3057,selectNested2
FN:3074,selectCorrelatedSubQuery1
FN:3097,selectCorrelatedSubQuery2
FN:3114,selectCorrelatedSubQuery3
FN:3130,selectCorrelatedSubQuery4
FN:3147,selectCorrelatedSubQuery5
FN:3165,selectCorrelatedSubQuery6
FN:3181,selectCorrelatedSubQuery7
FN:3197,selectCorrelatedSubQuery8
FN:3215,selectCorrelatedSubQuery9
FN:3236,selectCorrelatedSubQuery10
FN:3253,selectCorrelatedSubQuery11
FN:3270,selectFromSubQuery1
FN:3288,selectFromSubQuery2
FN:3306,selectFromSubQuery3
FN:3321,selectFromSubQuery4
FN:3341,selectFromSubQuery5
FN:3361,selectFromSubQuery6
FN:3378,selectFromSubQuery7
FN:3396,selectConvertFunction
FN:3416,selectJoinMultipleConditions
FN:3450,selectJoinOnExpression1
FN:3474,selectJoinMultipleConditions2
FN:3498,selectJoinOnExpression2
FN:3523,selectJoinOnExpression3
FN:3547,selectJoinLeftRightSwitchedInCondition
FN:3570,selectJoinMultipleConditions3
FN:3584,selectSingleQuoteDataWithCalculation
FN:3598,selectGroupByCalculatedField
FN:3615,selectGroupByCalculatedFieldNotInSelectFieldList
FN:3632,selectGroupByCalculatedField2
FN:3652,selectOrderByCalculated
FN:3675,selectOrderByCalculated2
FN:3699,joinBigTables1
FN:3720,selectWhereLike3
FN:3735,selectWhereLike4
FN:3751,selectFromSubQuery8
FN:3766,selectFromSubQuery9
FN:3780,selectConcat1
FN:3803,selectBadHavingButStillWork
FN:3821,selectDateDiff
FN:3840,selectNotLikeInMiddle1
FN:3861,removeTrailingEmptyRecords
FN:3885,parseTableSettings1
FN:3894,parseTableSettings2
FN:3902,parseTableSettings3
FN:3921,parseTableSettings4
FN:3930,parseTableSettings5
FN:3945,parseTableSettings6
FN:3957,parseTableSettings7
FN:3968,parseTableSettings8
FN:3978,parseTableSettings9
FN:3988,parseTableSettings10
FN:3998,parseTableSettings11
FN:4008,parseTableSettings12
FN:4022,parseTableSettings13
FN:4032,parseTableSettings14
FN:4041,parseTableSettings15
FN:4052,testTableData1
FN:4090,testTableData2
FN:4102,testTableData
FN:4175,selectBadTable1
FN:4194,selectBadMath1
FN:4212,selectBadField1
FN:4230,selectBadField1a
FN:4249,selectBadField2
FN:4267,selectBadField3
FN:4285,selectBadField4
FN:4303,selectBadField5
FN:4321,selectBadField6
FN:4339,selectBadOp1
FN:4357,selectBadAs1
FN:4375,selectBadConstant1
FN:4393,selectBadConstant2
FN:4411,nonSelect1
FN:4429,badJoin1
FN:4452,badJoin2
FN:4475,badJoin3
FN:4499,badJoin4
FN:4518,badJoin5
FN:4538,badOrderBy1
FN:4557,badOrderBy2
FN:4576,badOrderBy3
FN:4595,badGroupBy1
FN:4614,bindVariableMissing
FN:4634,bindVariableMissing1
FN:4654,selectNoFrom
FN:4672,selectNoTitles
FN:4693,selectFromSubQueryNoAlias
FN:4711,badParseTableSettings1
FN:4723,pivotGroupByMissing
FN:4743,badUnion1
FN:4762,badFieldNames1
FN:4784,isFail
FN:4797,isEqual
FN:4837,testerSql
FNF:268
FNH:240
FNDA:1,CacheService
FNDA:1,<static_initializer>
FNDA:21,getScriptCache
FNDA:23,get
FNDA:10,put
FNDA:2,putAll
FNDA:1,remove
FNDA:13,cacheItem
FNDA:21,isExpired
FNDA:1,PropertiesService
FNDA:1,<static_initializer>
FNDA:3,getScriptProperties
FNDA:8,getProperty
FNDA:0,deleteProperty
FNDA:3,setProperty
FNDA:2,getKeys
FNDA:1,<static_initializer>
FNDA:6,getScriptLock
FNDA:6,waitLock
FNDA:6,releaseLock
FNDA:8,getActiveSpreadsheet
FNDA:6,getRangeByName
FNDA:2,getSheetByName
FNDA:0,getUi
FNDA:0,createMenu
FNDA:0,addItem
FNDA:0,addToUi
FNDA:2,Sheet
FNDA:1,getLastColumn
FNDA:1,getLastRow
FNDA:5,getSheetValues
FNDA:0,getRange
FNDA:6,Range
FNDA:3,getValues
FNDA:2,getValue
FNDA:0,clearContent
FNDA:0,clearFormat
FNDA:0,clear
FNDA:0,setValues
FNDA:0,setFontWeight
FNDA:0,setFormula
FNDA:0,setBackground
FNDA:0,setFormulas
FNDA:11,getMockData
FNDA:1,sleep
FNDA:0,formatDate
FNDA:231,log
FNDA:0,SQLselfTest
FNDA:0,SqlLiveDataTest
FNDA:0,onOpen
FNDA:0,customMenuGenerateTests
FNDA:0,isEqual
FNDA:147,TestedStatements
FNDA:0,getTableDefinitionString
FNDA:176,TestSql
FNDA:176,execute
FNDA:0,generateTestCustomFunctions
FNDA:0,makeCustomFormulaString
FNDA:0,makeTestResultFormulaString
FNDA:44,bookTable
FNDA:106,bookSalesTable
FNDA:6,bookReturnsTable
FNDA:33,customerTable
FNDA:40,authorsTable
FNDA:26,editorsTable
FNDA:8,translatorsTable
FNDA:13,masterTransactionsTable
FNDA:1,yearlySalesTable
FNDA:1,selectAll1
FNDA:1,selectAllCase1
FNDA:1,selectIsNotNull1
FNDA:3,selectAllAuthors
FNDA:1,selectIsNull1
FNDA:1,innerJoin1a
FNDA:1,innerJoin1case
FNDA:2,innerJoin1
FNDA:1,innerJoin2
FNDA:1,innerJoinAlias1
FNDA:1,innerJoinAlias2
FNDA:1,join2a
FNDA:1,join2b
FNDA:2,join2
FNDA:1,join3
FNDA:1,joinLimit1
FNDA:1,leftJoin1
FNDA:1,rightJoin1
FNDA:1,rightJoin1a
FNDA:1,rightJoin2
FNDA:1,fullJoin1
FNDA:1,fullJoin2
FNDA:1,fullJoin3
FNDA:1,whereIn1
FNDA:1,whereIn2
FNDA:1,whereIn3
FNDA:1,whereIn4
FNDA:1,whereIn5
FNDA:1,whereIn6
FNDA:1,whereIn7
FNDA:1,whereNotIn1
FNDA:1,whereAndOr1
FNDA:1,whereAndOr2
FNDA:1,whereAndOr3
FNDA:1,whereAndNotEqual2
FNDA:1,whereAndNotEqual3
FNDA:2,whereAndNotEqual2base
FNDA:1,selectAgainNewBinds1
FNDA:1,groupBy1
FNDA:1,groupBy2
FNDA:1,groupBy3
FNDA:1,groupBy4
FNDA:1,avgSelect1
FNDA:1,funcsSelect2
FNDA:1,innerSelect1
FNDA:1,whereLike1
FNDA:1,whereLike2
FNDA:1,whereNotLike1
FNDA:1,union1
FNDA:1,unionAlias1
FNDA:1,unionBind1
FNDA:1,unionAll1
FNDA:1,unionAll2
FNDA:1,unionJoin1
FNDA:1,except1
FNDA:1,intersect1
FNDA:1,orderByDesc1
FNDA:1,orderByDesc2
FNDA:1,orderByDesc3
FNDA:1,distinct1
FNDA:1,selectMath1
FNDA:1,selectMathFunc1
FNDA:1,selectMathFunc2
FNDA:1,selectFuncs2
FNDA:1,selectFuncs3
FNDA:1,selectFuncs4
FNDA:1,selectFuncs5
FNDA:1,selectFuncs6
FNDA:1,selectFuncs7
FNDA:1,selectFuncInFunc1
FNDA:1,selectFuncInFunc2
FNDA:1,selectIF1
FNDA:1,selectIF2
FNDA:1,selectIF3
FNDA:1,selectIF4
FNDA:1,selectWhereCalc1
FNDA:1,selectWhereCalc2
FNDA:1,selectCase1
FNDA:1,selectCase2
FNDA:1,selectAlias1
FNDA:0,liveTest1
FNDA:0,liveTest2
FNDA:1,groupPivot1
FNDA:1,groupPivot2
FNDA:1,groupPivot3
FNDA:1,groupFunc1
FNDA:1,groupFunc2
FNDA:1,selectInGroupByPivot1
FNDA:1,selectInGroupByPivot2
FNDA:1,selectInGroupByPivot3
FNDA:1,selectCount1
FNDA:1,selectCount2
FNDA:1,selectCount3
FNDA:1,selectCount4
FNDA:1,selectCount5
FNDA:1,selectCount6
FNDA:1,selectGroupByNotInSelect
FNDA:1,selectGroupByNotInSelect2
FNDA:1,selectOrderByNotInSelect
FNDA:1,selectCoalesce
FNDA:1,selectConcat_Ws
FNDA:1,selectConcat_Ws2
FNDA:1,selectNoTitle1
FNDA:1,selectNested
FNDA:1,selectNested2
FNDA:1,selectCorrelatedSubQuery1
FNDA:1,selectCorrelatedSubQuery2
FNDA:1,selectCorrelatedSubQuery3
FNDA:1,selectCorrelatedSubQuery4
FNDA:1,selectCorrelatedSubQuery5
FNDA:1,selectCorrelatedSubQuery6
FNDA:1,selectCorrelatedSubQuery7
FNDA:1,selectCorrelatedSubQuery8
FNDA:1,selectCorrelatedSubQuery9
FNDA:1,selectCorrelatedSubQuery10
FNDA:1,selectCorrelatedSubQuery11
FNDA:1,selectFromSubQuery1
FNDA:1,selectFromSubQuery2
FNDA:1,selectFromSubQuery3
FNDA:1,selectFromSubQuery4
FNDA:1,selectFromSubQuery5
FNDA:1,selectFromSubQuery6
FNDA:1,selectFromSubQuery7
FNDA:1,selectConvertFunction
FNDA:1,selectJoinMultipleConditions
FNDA:1,selectJoinOnExpression1
FNDA:1,selectJoinMultipleConditions2
FNDA:1,selectJoinOnExpression2
FNDA:1,selectJoinOnExpression3
FNDA:1,selectJoinLeftRightSwitchedInCondition
FNDA:1,selectJoinMultipleConditions3
FNDA:1,selectSingleQuoteDataWithCalculation
FNDA:1,selectGroupByCalculatedField
FNDA:1,selectGroupByCalculatedFieldNotInSelectFieldList
FNDA:1,selectGroupByCalculatedField2
FNDA:1,selectOrderByCalculated
FNDA:1,selectOrderByCalculated2
FNDA:0,joinBigTables1
FNDA:1,selectWhereLike3
FNDA:1,selectWhereLike4
FNDA:1,selectFromSubQuery8
FNDA:1,selectFromSubQuery9
FNDA:1,selectConcat1
FNDA:1,selectBadHavingButStillWork
FNDA:0,selectDateDiff
FNDA:1,selectNotLikeInMiddle1
FNDA:1,removeTrailingEmptyRecords
FNDA:1,parseTableSettings1
FNDA:1,parseTableSettings2
FNDA:1,parseTableSettings3
FNDA:1,parseTableSettings4
FNDA:1,parseTableSettings5
FNDA:1,parseTableSettings6
FNDA:1,parseTableSettings7
FNDA:1,parseTableSettings8
FNDA:1,parseTableSettings9
FNDA:1,parseTableSettings10
FNDA:1,parseTableSettings11
FNDA:1,parseTableSettings12
FNDA:1,parseTableSettings13
FNDA:1,parseTableSettings14
FNDA:1,parseTableSettings15
FNDA:1,testTableData1
FNDA:1,testTableData2
FNDA:1,testTableData
FNDA:1,selectBadTable1
FNDA:1,selectBadMath1
FNDA:1,selectBadField1
FNDA:1,selectBadField1a
FNDA:1,selectBadField2
FNDA:1,selectBadField3
FNDA:1,selectBadField4
FNDA:1,selectBadField5
FNDA:1,selectBadField6
FNDA:1,selectBadOp1
FNDA:1,selectBadAs1
FNDA:1,selectBadConstant1
FNDA:1,selectBadConstant2
FNDA:1,nonSelect1
FNDA:1,badJoin1
FNDA:1,badJoin2
FNDA:1,badJoin3
FNDA:1,badJoin4
FNDA:1,badJoin5
FNDA:1,badOrderBy1
FNDA:1,badOrderBy2
FNDA:1,badOrderBy3
FNDA:1,badGroupBy1
FNDA:1,bindVariableMissing
FNDA:1,bindVariableMissing1
FNDA:1,selectNoFrom
FNDA:1,selectNoTitles
FNDA:1,selectFromSubQueryNoAlias
FNDA:1,badParseTableSettings1
FNDA:1,pivotGroupByMissing
FNDA:1,badUnion1
FNDA:1,badFieldNames1
FNDA:32,isFail
FNDA:165,isEqual
FNDA:1,testerSql
DA:1,1
DA:2,1
DA:3,1
DA:4,1
DA:5,1
DA:6,1
DA:7,1
DA:8,1
DA:9,1
DA:10,1
DA:11,1
DA:12,1
DA:13,1
DA:14,1
DA:15,1
DA:16,1
DA:17,1
DA:18,1
DA:19,1
DA:20,1
DA:21,1
DA:22,1
DA:23,1
DA:24,1
DA:25,21
DA:26,21
DA:27,21
DA:28,21
DA:29,21
DA:30,1
DA:31,1
DA:32,23
DA:33,23
DA:34,23
DA:35,15
DA:36,23
DA:37,0
DA:38,0
DA:39,0
DA:40,15
DA:41,15
DA:42,23
DA:43,1
DA:44,1
DA:45,10
DA:46,10
DA:47,10
DA:48,1
DA:49,1
DA:50,2
DA:51,2
DA:52,2
DA:53,2
DA:54,1
DA:55,1
DA:56,1
DA:57,1
DA:58,1
DA:59,1
DA:60,1
DA:61,1
DA:62,1
DA:63,1
DA:64,13
DA:65,13
DA:66,13
DA:67,13
DA:68,1
DA:69,1
DA:70,21
DA:71,21
DA:72,21
DA:73,21
DA:74,21
DA:75,21
DA:76,21
DA:77,1
DA:78,1
DA:79,1
DA:80,1
DA:81,1
DA:82,1
DA:83,1
DA:84,1
DA:85,1
DA:86,1
DA:87,3
DA:88,3
DA:89,3
DA:90,3
DA:91,3
DA:92,1
DA:93,1
DA:94,8
DA:95,8
DA:96,8
DA:97,6
DA:98,8
DA:99,0
DA:100,0
DA:101,0
DA:102,6
DA:103,6
DA:104,8
DA:105,1
DA:106,1
DA:107,0
DA:108,0
DA:109,0
DA:110,1
DA:111,1
DA:112,3
DA:113,3
DA:114,3
DA:115,1
DA:116,1
DA:117,2
DA:118,2
DA:119,1
DA:120,1
DA:121,1
DA:122,1
DA:123,1
DA:124,1
DA:125,6
DA:126,6
DA:127,1
DA:128,1
DA:129,6
DA:130,6
DA:131,6
DA:132,0
DA:133,0
DA:134,6
DA:135,6
DA:136,6
DA:137,0
DA:138,0
DA:139,6
DA:140,6
DA:141,6
DA:142,1
DA:143,1
DA:144,6
DA:145,6
DA:146,1
DA:147,1
DA:148,1
DA:149,1
DA:150,8
DA:151,8
DA:152,1
DA:153,1
DA:154,6
DA:155,6
DA:156,6
DA:157,1
DA:158,1
DA:159,2
DA:160,2
DA:161,2
DA:162,2
DA:163,2
DA:164,1
DA:165,1
DA:166,0
DA:167,0
DA:168,1
DA:169,1
DA:170,1
DA:171,1
DA:172,0
DA:173,0
DA:174,1
DA:175,1
DA:176,0
DA:177,0
DA:178,1
DA:179,1
DA:180,0
DA:181,0
DA:182,1
DA:183,1
DA:184,1
DA:185,1
DA:186,2
DA:187,2
DA:188,1
DA:189,1
DA:190,1
DA:191,1
DA:192,1
DA:193,0
DA:194,0
DA:195,1
DA:196,1
DA:197,1
DA:198,1
DA:199,1
DA:200,1
DA:201,0
DA:202,0
DA:203,1
DA:204,1
DA:205,1
DA:206,5
DA:207,5
DA:208,5
DA:209,5
DA:210,5
DA:211,5
DA:212,0
DA:213,5
DA:214,5
DA:215,1
DA:216,1
DA:217,1
DA:218,0
DA:219,0
DA:220,1
DA:221,1
DA:222,1
DA:223,1
DA:224,6
DA:225,6
DA:226,1
DA:227,1
DA:228,3
DA:229,3
DA:230,1
DA:231,1
DA:232,2
DA:233,2
DA:234,1
DA:235,1
DA:236,0
DA:237,0
DA:238,1
DA:239,1
DA:240,0
DA:241,0
DA:242,1
DA:243,1
DA:244,0
DA:245,0
DA:246,1
DA:247,1
DA:248,0
DA:249,0
DA:250,1
DA:251,1
DA:252,0
DA:253,0
DA:254,1
DA:255,1
DA:256,0
DA:257,0
DA:258,1
DA:259,1
DA:260,0
DA:261,0
DA:262,1
DA:263,1
DA:264,0
DA:265,0
DA:266,1
DA:267,1
DA:268,1
DA:269,11
DA:270,11
DA:271,11
DA:272,11
DA:273,2
DA:274,11
DA:275,2
DA:276,11
DA:277,11
DA:278,11
DA:279,6
DA:280,11
DA:281,0
DA:282,11
DA:283,1
DA:284,11
DA:285,11
DA:286,1
DA:287,1
DA:288,1
DA:289,1
DA:290,1
DA:291,1
DA:292,1
DA:293,1
DA:294,1206847
DA:295,1206847
DA:296,1
DA:297,1
DA:298,1
DA:299,0
DA:300,0
DA:301,1
DA:302,1
DA:303,1
DA:304,1
DA:305,1
DA:306,231
DA:307,231
DA:308,1
DA:309,1
DA:310,1
DA:311,1
DA:312,1
DA:313,1
DA:314,1
DA:315,0
DA:316,0
DA:317,0
DA:318,0
DA:319,0
DA:320,1
DA:321,0
DA:322,0
DA:323,0
DA:324,0
DA:325,0
DA:326,0
DA:327,1
DA:328,1
DA:329,1
DA:330,1
DA:331,1
DA:332,1
DA:333,0
DA:334,0
DA:335,0
DA:336,0
DA:337,0
DA:338,0
DA:339,0
DA:340,0
DA:341,0
DA:342,0
DA:343,0
DA:344,0
DA:345,0
DA:346,0
DA:347,0
DA:348,0
DA:349,0
DA:350,1
DA:351,1
DA:352,1
DA:353,1
DA:354,1
DA:355,1
DA:356,1
DA:357,1
DA:358,1
DA:359,1
DA:360,1
DA:361,1
DA:362,1
DA:363,1
DA:364,0
DA:365,0
DA:366,0
DA:367,0
DA:368,0
DA:369,1
DA:370,1
DA:371,1
DA:372,1
DA:373,1
DA:374,1
DA:375,1
DA:376,1
DA:377,1
DA:378,0
DA:379,0
DA:380,0
DA:381,0
DA:382,0
DA:383,0
DA:384,0
DA:385,0
DA:386,0
DA:387,0
DA:388,1
DA:389,1
DA:390,1
DA:391,1
DA:392,1
DA:393,1
DA:394,1
DA:395,1
DA:396,1
DA:397,1
DA:398,1
DA:399,147
DA:400,147
DA:401,147
DA:402,147
DA:403,147
DA:404,147
DA:405,147
DA:406,147
DA:407,147
DA:408,147
DA:409,243
DA:410,243
DA:411,243
DA:412,147
DA:413,1
DA:414,1
DA:415,1
DA:416,1
DA:417,1
DA:418,1
DA:419,0
DA:420,0
DA:421,0
DA:422,0
DA:423,0
DA:424,0
DA:425,0
DA:426,0
DA:427,0
DA:428,0
DA:429,0
DA:430,0
DA:431,0
DA:432,0
DA:433,0
DA:434,0
DA:435,0
DA:436,0
DA:437,0
DA:438,0
DA:439,0
DA:440,0
DA:441,0
DA:442,0
DA:443,0
DA:444,0
DA:445,0
DA:446,1
DA:447,1
DA:448,1
DA:449,1
DA:450,176
DA:451,176
DA:452,1
DA:453,1
DA:454,1
DA:455,1
DA:456,1
DA:457,1
DA:458,1
DA:459,176
DA:460,176
DA:461,176
DA:462,176
DA:463,176
DA:464,176
DA:465,176
DA:466,176
DA:467,176
DA:468,176
DA:469,176
DA:470,176
DA:471,1
DA:472,1
DA:473,0
DA:474,0
DA:475,0
DA:476,0
DA:477,0
DA:478,0
DA:479,0
DA:480,0
DA:481,0
DA:482,0
DA:483,0
DA:484,0
DA:485,0
DA:486,0
DA:487,0
DA:488,0
DA:489,0
DA:490,0
DA:491,0
DA:492,0
DA:493,0
DA:494,0
DA:495,0
DA:496,0
DA:497,0
DA:498,0
DA:499,0
DA:500,0
DA:501,0
DA:502,0
DA:503,0
DA:504,0
DA:505,0
DA:506,0
DA:507,0
DA:508,0
DA:509,0
DA:510,0
DA:511,0
DA:512,0
DA:513,0
DA:514,0
DA:515,0
DA:516,0
DA:517,0
DA:518,0
DA:519,0
DA:520,0
DA:521,0
DA:522,0
DA:523,0
DA:524,0
DA:525,0
DA:526,0
DA:527,0
DA:528,0
DA:529,0
DA:530,0
DA:531,0
DA:532,0
DA:533,0
DA:534,0
DA:535,0
DA:536,0
DA:537,0
DA:538,0
DA:539,0
DA:540,0
DA:541,0
DA:542,0
DA:543,0
DA:544,0
DA:545,0
DA:546,1
DA:547,1
DA:548,1
DA:549,1
DA:550,1
DA:551,1
DA:552,1
DA:553,0
DA:554,0
DA:555,0
DA:556,0
DA:557,0
DA:558,0
DA:559,0
DA:560,0
DA:561,0
DA:562,0
DA:563,0
DA:564,0
DA:565,0
DA:566,0
DA:567,0
DA:568,0
DA:569,0
DA:570,0
DA:571,0
DA:572,0
DA:573,0
DA:574,0
DA:575,0
DA:576,0
DA:577,0
DA:578,0
DA:579,0
DA:580,0
DA:581,0
DA:582,0
DA:583,1
DA:584,1
DA:585,0
DA:586,0
DA:587,0
DA:588,0
DA:589,0
DA:590,0
DA:591,0
DA:592,0
DA:593,1
DA:594,1
DA:595,1
DA:596,1
DA:597,1
DA:598,1
DA:599,1
DA:600,1
DA:601,1
DA:602,1
DA:603,1
DA:604,1
DA:605,1
DA:606,1
DA:607,1
DA:608,1
DA:609,1
DA:610,1
DA:611,44
DA:612,44
DA:613,44
DA:614,44
DA:615,44
DA:616,44
DA:617,44
DA:618,44
DA:619,44
DA:620,44
DA:621,44
DA:622,44
DA:623,44
DA:624,44
DA:625,0
DA:626,0
DA:627,0
DA:628,0
DA:629,0
DA:630,0
DA:631,0
DA:632,0
DA:633,0
DA:634,0
DA:635,0
DA:636,44
DA:637,44
DA:638,44
DA:639,1
DA:640,1
DA:641,1
DA:642,1
DA:643,1
DA:644,1
DA:645,1
DA:646,1
DA:647,1
DA:648,1
DA:649,1
DA:650,1
DA:651,1
DA:652,1
DA:653,1
DA:654,1
DA:655,106
DA:656,106
DA:657,106
DA:658,106
DA:659,106
DA:660,106
DA:661,106
DA:662,106
DA:663,106
DA:664,106
DA:665,106
DA:666,106
DA:667,106
DA:668,106
DA:669,106
DA:670,0
DA:671,0
DA:672,0
DA:673,0
DA:674,0
DA:675,0
DA:676,0
DA:677,0
DA:678,0
DA:679,0
DA:680,0
DA:681,106
DA:682,106
DA:683,106
DA:684,1
DA:685,1
DA:686,1
DA:687,1
DA:688,1
DA:689,1
DA:690,1
DA:691,1
DA:692,1
DA:693,1
DA:694,1
DA:695,1
DA:696,1
DA:697,1
DA:698,1
DA:699,1
DA:700,6
DA:701,6
DA:702,6
DA:703,6
DA:704,6
DA:705,6
DA:706,6
DA:707,6
DA:708,6
DA:709,6
DA:710,6
DA:711,6
DA:712,6
DA:713,6
DA:714,6
DA:715,1
DA:716,1
DA:717,1
DA:718,1
DA:719,1
DA:720,1
DA:721,1
DA:722,1
DA:723,1
DA:724,1
DA:725,1
DA:726,1
DA:727,1
DA:728,1
DA:729,1
DA:730,1
DA:731,33
DA:732,33
DA:733,33
DA:734,33
DA:735,33
DA:736,33
DA:737,33
DA:738,33
DA:739,33
DA:740,33
DA:741,33
DA:742,33
DA:743,1
DA:744,1
DA:745,1
DA:746,1
DA:747,1
DA:748,1
DA:749,1
DA:750,1
DA:751,1
DA:752,1
DA:753,1
DA:754,1
DA:755,1
DA:756,1
DA:757,1
DA:758,1
DA:759,40
DA:760,40
DA:761,40
DA:762,40
DA:763,40
DA:764,40
DA:765,40
DA:766,40
DA:767,40
DA:768,1
DA:769,1
DA:770,1
DA:771,1
DA:772,1
DA:773,1
DA:774,1
DA:775,1
DA:776,1
DA:777,1
DA:778,1
DA:779,1
DA:780,1
DA:781,1
DA:782,1
DA:783,1
DA:784,26
DA:785,26
DA:786,26
DA:787,26
DA:788,26
DA:789,26
DA:790,26
DA:791,26
DA:792,26
DA:793,26
DA:794,26
DA:795,26
DA:796,26
DA:797,26
DA:798,1
DA:799,1
DA:800,1
DA:801,1
DA:802,1
DA:803,1
DA:804,1
DA:805,1
DA:806,1
DA:807,1
DA:808,1
DA:809,1
DA:810,1
DA:811,1
DA:812,1
DA:813,1
DA:814,1
DA:815,8
DA:816,8
DA:817,8
DA:818,8
DA:819,8
DA:820,8
DA:821,8
DA:822,8
DA:823,8
DA:824,1
DA:825,1
DA:826,13
DA:827,13
DA:828,13
DA:829,13
DA:830,13
DA:831,13
DA:832,13
DA:833,13
DA:834,13
DA:835,13
DA:836,13
DA:837,13
DA:838,13
DA:839,13
DA:840,13
DA:841,13
DA:842,13
DA:843,13
DA:844,13
DA:845,13
DA:846,13
DA:847,13
DA:848,13
DA:849,13
DA:850,13
DA:851,13
DA:852,13
DA:853,13
DA:854,1
DA:855,1
DA:856,1
DA:857,1
DA:858,1
DA:859,1
DA:860,1
DA:861,1
DA:862,1
DA:863,1
DA:864,1
DA:865,1
DA:866,1
DA:867,1
DA:868,1
DA:869,1
DA:870,1
DA:871,1
DA:872,1
DA:873,1
DA:874,1
DA:875,1
DA:876,1
DA:877,1
DA:878,1
DA:879,1
DA:880,3
DA:881,3
DA:882,3
DA:883,3
DA:884,3
DA:885,3
DA:886,3
DA:887,3
DA:888,3
DA:889,3
DA:890,3
DA:891,3
DA:892,3
DA:893,3
DA:894,1
DA:895,1
DA:896,1
DA:897,1
DA:898,1
DA:899,1
DA:900,1
DA:901,1
DA:902,1
DA:903,1
DA:904,1
DA:905,1
DA:906,1
DA:907,1
DA:908,1
DA:909,1
DA:910,1
DA:911,1
DA:912,1
DA:913,1
DA:914,1
DA:915,1
DA:916,1
DA:917,1
DA:918,1
DA:919,1
DA:920,1
DA:921,1
DA:922,1
DA:923,1
DA:924,1
DA:925,1
DA:926,1
DA:927,1
DA:928,1
DA:929,1
DA:930,2
DA:931,2
DA:932,2
DA:933,2
DA:934,2
DA:935,2
DA:936,2
DA:937,2
DA:938,2
DA:939,2
DA:940,2
DA:941,2
DA:942,2
DA:943,2
DA:944,2
DA:945,2
DA:946,2
DA:947,2
DA:948,1
DA:949,1
DA:950,1
DA:951,1
DA:952,1
DA:953,1
DA:954,1
DA:955,1
DA:956,1
DA:957,1
DA:958,1
DA:959,1
DA:960,1
DA:961,1
DA:962,1
DA:963,1
DA:964,1
DA:965,1
DA:966,1
DA:967,1
DA:968,1
DA:969,1
DA:970,1
DA:971,1
DA:972,1
DA:973,1
DA:974,1
DA:975,1
DA:976,1
DA:977,1
DA:978,1
DA:979,1
DA:980,1
DA:981,1
DA:982,1
DA:983,1
DA:984,1
DA:985,1
DA:986,1
DA:987,1
DA:988,1
DA:989,1
DA:990,1
DA:991,1
DA:992,1
DA:993,1
DA:994,1
DA:995,1
DA:996,1
DA:997,1
DA:998,1
DA:999,1
DA:1000,1
DA:1001,1
DA:1002,1
DA:1003,1
DA:1004,1
DA:1005,1
DA:1006,1
DA:1007,1
DA:1008,1
DA:1009,1
DA:1010,1
DA:1011,1
DA:1012,1
DA:1013,1
DA:1014,1
DA:1015,1
DA:1016,1
DA:1017,1
DA:1018,1
DA:1019,1
DA:1020,1
DA:1021,1
DA:1022,1
DA:1023,1
DA:1024,1
DA:1025,1
DA:1026,1
DA:1027,1
DA:1028,1
DA:1029,1
DA:1030,1
DA:1031,1
DA:1032,1
DA:1033,1
DA:1034,1
DA:1035,1
DA:1036,1
DA:1037,1
DA:1038,1
DA:1039,1
DA:1040,1
DA:1041,1
DA:1042,1
DA:1043,1
DA:1044,1
DA:1045,1
DA:1046,1
DA:1047,1
DA:1048,1
DA:1049,1
DA:1050,1
DA:1051,1
DA:1052,1
DA:1053,1
DA:1054,1
DA:1055,1
DA:1056,1
DA:1057,1
DA:1058,1
DA:1059,1
DA:1060,1
DA:1061,1
DA:1062,1
DA:1063,1
DA:1064,1
DA:1065,1
DA:1066,1
DA:1067,2
DA:1068,2
DA:1069,2
DA:1070,2
DA:1071,2
DA:1072,2
DA:1073,2
DA:1074,2
DA:1075,2
DA:1076,2
DA:1077,2
DA:1078,2
DA:1079,2
DA:1080,2
DA:1081,2
DA:1082,2
DA:1083,1
DA:1084,1
DA:1085,1
DA:1086,1
DA:1087,1
DA:1088,1
DA:1089,1
DA:1090,1
DA:1091,1
DA:1092,1
DA:1093,1
DA:1094,1
DA:1095,1
DA:1096,1
DA:1097,1
DA:1098,1
DA:1099,1
DA:1100,1
DA:1101,1
DA:1102,1
DA:1103,1
DA:1104,1
DA:1105,1
DA:1106,1
DA:1107,1
DA:1108,1
DA:1109,1
DA:1110,1
DA:1111,1
DA:1112,1
DA:1113,1
DA:1114,1
DA:1115,1
DA:1116,1
DA:1117,1
DA:1118,1
DA:1119,1
DA:1120,1
DA:1121,1
DA:1122,1
DA:1123,1
DA:1124,1
DA:1125,1
DA:1126,1
DA:1127,1
DA:1128,1
DA:1129,1
DA:1130,1
DA:1131,1
DA:1132,1
DA:1133,1
DA:1134,1
DA:1135,1
DA:1136,1
DA:1137,1
DA:1138,1
DA:1139,1
DA:1140,1
DA:1141,1
DA:1142,1
DA:1143,1
DA:1144,1
DA:1145,1
DA:1146,1
DA:1147,1
DA:1148,1
DA:1149,1
DA:1150,1
DA:1151,1
DA:1152,1
DA:1153,1
DA:1154,1
DA:1155,1
DA:1156,1
DA:1157,1
DA:1158,1
DA:1159,1
DA:1160,1
DA:1161,1
DA:1162,1
DA:1163,1
DA:1164,1
DA:1165,1
DA:1166,1
DA:1167,1
DA:1168,1
DA:1169,1
DA:1170,1
DA:1171,1
DA:1172,1
DA:1173,1
DA:1174,1
DA:1175,1
DA:1176,1
DA:1177,1
DA:1178,1
DA:1179,1
DA:1180,1
DA:1181,1
DA:1182,1
DA:1183,1
DA:1184,1
DA:1185,1
DA:1186,1
DA:1187,1
DA:1188,1
DA:1189,1
DA:1190,1
DA:1191,1
DA:1192,1
DA:1193,1
DA:1194,1
DA:1195,1
DA:1196,1
DA:1197,1
DA:1198,1
DA:1199,1
DA:1200,1
DA:1201,1
DA:1202,1
DA:1203,1
DA:1204,1
DA:1205,1
DA:1206,1
DA:1207,1
DA:1208,1
DA:1209,1
DA:1210,1
DA:1211,1
DA:1212,1
DA:1213,1
DA:1214,1
DA:1215,1
DA:1216,1
DA:1217,1
DA:1218,1
DA:1219,1
DA:1220,1
DA:1221,1
DA:1222,1
DA:1223,1
DA:1224,1
DA:1225,1
DA:1226,1
DA:1227,1
DA:1228,1
DA:1229,1
DA:1230,1
DA:1231,1
DA:1232,1
DA:1233,1
DA:1234,1
DA:1235,1
DA:1236,1
DA:1237,1
DA:1238,1
DA:1239,1
DA:1240,1
DA:1241,1
DA:1242,1
DA:1243,1
DA:1244,1
DA:1245,1
DA:1246,1
DA:1247,1
DA:1248,1
DA:1249,1
DA:1250,1
DA:1251,1
DA:1252,1
DA:1253,1
DA:1254,1
DA:1255,1
DA:1256,1
DA:1257,1
DA:1258,1
DA:1259,1
DA:1260,1
DA:1261,1
DA:1262,1
DA:1263,1
DA:1264,1
DA:1265,1
DA:1266,1
DA:1267,1
DA:1268,1
DA:1269,1
DA:1270,1
DA:1271,1
DA:1272,1
DA:1273,1
DA:1274,1
DA:1275,1
DA:1276,1
DA:1277,1
DA:1278,1
DA:1279,1
DA:1280,1
DA:1281,1
DA:1282,1
DA:1283,1
DA:1284,1
DA:1285,1
DA:1286,1
DA:1287,1
DA:1288,1
DA:1289,1
DA:1290,1
DA:1291,1
DA:1292,1
DA:1293,1
DA:1294,1
DA:1295,1
DA:1296,1
DA:1297,1
DA:1298,1
DA:1299,1
DA:1300,1
DA:1301,1
DA:1302,1
DA:1303,1
DA:1304,1
DA:1305,1
DA:1306,1
DA:1307,1
DA:1308,1
DA:1309,1
DA:1310,1
DA:1311,1
DA:1312,1
DA:1313,1
DA:1314,1
DA:1315,1
DA:1316,1
DA:1317,1
DA:1318,1
DA:1319,1
DA:1320,1
DA:1321,1
DA:1322,1
DA:1323,1
DA:1324,1
DA:1325,1
DA:1326,1
DA:1327,1
DA:1328,1
DA:1329,1
DA:1330,1
DA:1331,1
DA:1332,1
DA:1333,1
DA:1334,1
DA:1335,1
DA:1336,1
DA:1337,1
DA:1338,1
DA:1339,1
DA:1340,1
DA:1341,1
DA:1342,1
DA:1343,1
DA:1344,1
DA:1345,1
DA:1346,1
DA:1347,1
DA:1348,1
DA:1349,1
DA:1350,1
DA:1351,1
DA:1352,1
DA:1353,1
DA:1354,1
DA:1355,1
DA:1356,1
DA:1357,1
DA:1358,1
DA:1359,1
DA:1360,1
DA:1361,1
DA:1362,1
DA:1363,1
DA:1364,1
DA:1365,1
DA:1366,1
DA:1367,1
DA:1368,1
DA:1369,1
DA:1370,1
DA:1371,1
DA:1372,1
DA:1373,1
DA:1374,1
DA:1375,1
DA:1376,1
DA:1377,1
DA:1378,1
DA:1379,1
DA:1380,1
DA:1381,1
DA:1382,1
DA:1383,1
DA:1384,1
DA:1385,1
DA:1386,1
DA:1387,1
DA:1388,1
DA:1389,1
DA:1390,1
DA:1391,1
DA:1392,1
DA:1393,1
DA:1394,1
DA:1395,1
DA:1396,1
DA:1397,1
DA:1398,1
DA:1399,1
DA:1400,1
DA:1401,1
DA:1402,1
DA:1403,1
DA:1404,1
DA:1405,1
DA:1406,1
DA:1407,1
DA:1408,1
DA:1409,1
DA:1410,1
DA:1411,1
DA:1412,1
DA:1413,1
DA:1414,1
DA:1415,1
DA:1416,1
DA:1417,1
DA:1418,1
DA:1419,1
DA:1420,1
DA:1421,1
DA:1422,1
DA:1423,1
DA:1424,1
DA:1425,1
DA:1426,1
DA:1427,1
DA:1428,1
DA:1429,1
DA:1430,1
DA:1431,1
DA:1432,1
DA:1433,1
DA:1434,1
DA:1435,1
DA:1436,1
DA:1437,1
DA:1438,1
DA:1439,1
DA:1440,1
DA:1441,1
DA:1442,1
DA:1443,1
DA:1444,1
DA:1445,1
DA:1446,1
DA:1447,1
DA:1448,1
DA:1449,1
DA:1450,1
DA:1451,1
DA:1452,1
DA:1453,1
DA:1454,1
DA:1455,1
DA:1456,1
DA:1457,1
DA:1458,1
DA:1459,1
DA:1460,1
DA:1461,1
DA:1462,1
DA:1463,1
DA:1464,1
DA:1465,1
DA:1466,1
DA:1467,1
DA:1468,1
DA:1469,1
DA:1470,1
DA:1471,1
DA:1472,1
DA:1473,1
DA:1474,1
DA:1475,1
DA:1476,1
DA:1477,1
DA:1478,1
DA:1479,1
DA:1480,1
DA:1481,1
DA:1482,1
DA:1483,1
DA:1484,1
DA:1485,1
DA:1486,1
DA:1487,1
DA:1488,1
DA:1489,1
DA:1490,1
DA:1491,1
DA:1492,1
DA:1493,1
DA:1494,1
DA:1495,1
DA:1496,1
DA:1497,1
DA:1498,1
DA:1499,1
DA:1500,1
DA:1501,1
DA:1502,1
DA:1503,1
DA:1504,1
DA:1505,1
DA:1506,1
DA:1507,1
DA:1508,1
DA:1509,1
DA:1510,1
DA:1511,1
DA:1512,1
DA:1513,1
DA:1514,1
DA:1515,1
DA:1516,1
DA:1517,1
DA:1518,1
DA:1519,1
DA:1520,1
DA:1521,1
DA:1522,1
DA:1523,1
DA:1524,1
DA:1525,1
DA:1526,1
DA:1527,1
DA:1528,1
DA:1529,1
DA:1530,1
DA:1531,1
DA:1532,1
DA:1533,1
DA:1534,1
DA:1535,1
DA:1536,1
DA:1537,1
DA:1538,1
DA:1539,1
DA:1540,1
DA:1541,1
DA:1542,1
DA:1543,1
DA:1544,1
DA:1545,1
DA:1546,1
DA:1547,1
DA:1548,1
DA:1549,1
DA:1550,1
DA:1551,1
DA:1552,1
DA:1553,1
DA:1554,1
DA:1555,1
DA:1556,1
DA:1557,1
[...]
DA:1997,15
DA:1998,15
DA:1999,15
DA:2000,1
DA:2001,1
DA:2002,1
DA:2003,1
DA:2004,1
DA:2005,1
DA:2006,1
DA:2007,1
DA:2008,1
DA:2009,0
DA:2010,0
DA:2011,0
DA:2012,0
DA:2013,0
DA:2014,0
DA:2015,0
DA:2016,0
DA:2017,0
DA:2018,0
DA:2019,1
DA:2020,1
DA:2021,1
DA:2022,1
DA:2023,1
DA:2024,1
DA:2025,1
DA:2026,0
DA:2027,0
DA:2028,0
DA:2029,0
DA:2030,0
DA:2031,0
DA:2032,0
DA:2033,0
DA:2034,0
DA:2035,0
DA:2036,0
DA:2037,0
DA:2038,1
DA:2039,1
DA:2040,1
DA:2041,1
DA:2042,1
DA:2043,1
DA:2044,1
DA:2045,1
DA:2046,1
DA:2047,6080
DA:2048,6080
DA:2049,6080
DA:2050,6080
DA:2051,160
DA:2052,160
DA:2053,160
DA:2054,42
DA:2055,42
DA:2056,42
DA:2057,42
DA:2058,42
DA:2059,42
DA:2060,42
DA:2061,160
DA:2062,6080
DA:2063,6080
DA:2064,6080
DA:2065,1
DA:2066,1
DA:2067,1
DA:2068,1
DA:2069,1
DA:2070,1
DA:2071,1
DA:2072,1
DA:2073,1
DA:2074,1
DA:2075,90
DA:2076,90
DA:2077,90
DA:2078,90
DA:2079,42
DA:2080,42
DA:2081,48
DA:2082,48
DA:2083,42
DA:2084,42
DA:2085,42
DA:2086,6
DA:2087,6
DA:2088,48
DA:2089,48
DA:2090,90
DA:2091,90
DA:2092,90
DA:2093,90
DA:2094,1
DA:2095,1
DA:2096,1
DA:2097,1
DA:2098,1
DA:2099,1
DA:2100,1
DA:2101,1
DA:2102,6080
DA:2103,6080
DA:2104,6080
DA:2105,42
DA:2106,42
DA:2107,42
DA:2108,6080
DA:2109,6080
DA:2110,6080
DA:2111,1
DA:2112,1
DA:2113,1
DA:2114,1
DA:2115,1
DA:2116,1
DA:2117,1
DA:2118,1
DA:2119,1
DA:2120,1
DA:2121,1
DA:2122,139
DA:2123,139
DA:2124,139
DA:2125,1
DA:2126,1
DA:2127,1
DA:2128,1
DA:2129,1
DA:2130,1
DA:2131,1
DA:2132,1
DA:2133,1
DA:2134,245
DA:2135,245
DA:2136,245
DA:2137,237
DA:2138,237
DA:2139,245
DA:2140,584
DA:2141,584
DA:2142,412
DA:2143,412
DA:2144,412
DA:2145,584
DA:2146,584
DA:2147,237
DA:2148,245
DA:2149,1
DA:2150,1
DA:2151,1
DA:2152,1
DA:2153,1
DA:2154,1
DA:2155,1
DA:2156,1
DA:2157,1
DA:2158,412
DA:2159,412
DA:2160,412
DA:2161,412
DA:2162,412
DA:2163,412
DA:2164,1162
DA:2165,1162
DA:2166,859
DA:2167,859
DA:2168,1162
DA:2169,48
DA:2170,48
DA:2171,811
DA:2172,811
DA:2173,811
DA:2174,811
DA:2175,859
DA:2176,859
DA:2177,1162
DA:2178,245
DA:2179,245
DA:2180,1162
DA:2181,181
DA:2182,181
DA:2183,38
DA:2184,38
DA:2185,38
DA:2186,181
DA:2187,1162
DA:2188,99
DA:2189,99
DA:2190,1162
DA:2191,216
DA:2192,216
DA:2193,1162
DA:2194,118
DA:2195,118
DA:2196,118
DA:2197,1162
DA:2198,0
DA:2199,1162
DA:2200,859
DA:2201,859
DA:2202,412
DA:2203,412
DA:2204,412
DA:2205,412
DA:2206,412
DA:2207,412
DA:2208,1
DA:2209,1
DA:2210,1
DA:2211,1
DA:2212,1
DA:2213,1
DA:2214,1
DA:2215,1
DA:2216,1
DA:2217,99
DA:2218,99
DA:2219,99
DA:2220,1
DA:2221,1
DA:2222,1
DA:2223,1
DA:2224,1
DA:2225,1
DA:2226,1
DA:2227,1
DA:2228,1
DA:2229,216
DA:2230,216
DA:2231,216
DA:2232,1
DA:2233,1
DA:2234,1
DA:2235,1
DA:2236,1
DA:2237,1
DA:2238,1
DA:2239,1
DA:2240,342
DA:2241,342
DA:2242,342
DA:2243,342
DA:2244,342
DA:2245,342
DA:2246,342
DA:2247,1
DA:2248,1
DA:2249,1
DA:2250,1
DA:2251,1
DA:2252,1
DA:2253,1
DA:2254,338
DA:2255,338
DA:2256,338
DA:2257,338
DA:2258,338
DA:2259,338
DA:2260,518
DA:2261,518
DA:2262,518
DA:2263,5691
DA:2264,5691
DA:2265,5691
DA:2266,5691
DA:2267,2940
DA:2268,2940
DA:2269,2751
DA:2270,2751
DA:2271,2751
DA:2272,2751
DA:2273,2751
DA:2274,2751
DA:2275,2751
DA:2276,2751
DA:2277,2751
DA:2278,2751
DA:2279,5691
DA:2280,5691
DA:2281,5691
DA:2282,5691
DA:2283,518
DA:2284,338
DA:2285,338
DA:2286,338
DA:2287,1
DA:2288,1
DA:2289,1
DA:2290,1
DA:2291,1
DA:2292,1
DA:2293,1
DA:2294,3685
DA:2295,3685
DA:2296,3685
DA:2297,3685
DA:2298,3685
DA:2299,3685
DA:2300,3685
DA:2301,3685
DA:2302,2660
DA:2303,2660
DA:2304,206
DA:2305,3685
DA:2306,1
DA:2307,1
DA:2308,1
DA:2309,1
DA:2310,1
DA:2311,1
DA:2312,1
DA:2313,6793
DA:2314,10773
DA:2315,10773
DA:2316,10773
DA:2317,7776
DA:2318,7776
DA:2319,10773
DA:2320,6793
DA:2321,6793
DA:2322,6793
DA:2323,8
DA:2324,8
DA:2325,6793
DA:2326,6793
DA:2327,6618
DA:2328,6618
DA:2329,6618
DA:2330,6618
DA:2331,6793
DA:2332,1
DA:2333,1
DA:2334,1
DA:2335,1
DA:2336,1
DA:2337,1
DA:2338,1
DA:2339,1
DA:2340,5691
DA:2341,5691
DA:2342,5691
DA:2343,1
DA:2344,1
DA:2345,1
DA:2346,1
DA:2347,1
DA:2348,1
DA:2349,1
DA:2350,3129
DA:2351,3129
DA:2352,1
DA:2353,1
DA:2354,1
DA:2355,1
DA:2356,1
DA:2357,1
DA:2358,1
DA:2359,2720
DA:2360,2720
DA:2361,1
DA:2362,1
DA:2363,1
DA:2364,1
DA:2365,1
DA:2366,1
DA:2367,1
DA:2368,244
DA:2369,244
DA:2370,244
DA:2371,1
DA:2372,1
DA:2373,1
DA:2374,1
DA:2375,1
DA:2376,1
DA:2377,1
DA:2378,244
DA:2379,244
DA:2380,244
DA:2381,1
DA:2382,1
DA:2383,1
DA:2384,1
DA:2385,1
DA:2386,1
DA:2387,1
DA:2388,378
DA:2389,378
DA:2390,378
DA:2391,378
DA:2392,0
DA:2393,0
DA:2394,0
DA:2395,0
DA:2396,0
DA:2397,0
DA:2398,0
DA:2399,0
DA:2400,378
DA:2401,1
DA:2402,1
DA:2403,1
DA:2404,1
DA:2405,1
DA:2406,1
DA:2407,1
DA:2408,1
DA:2409,1
DA:2410,1
DA:2411,1
DA:2412,1
DA:2413,1
DA:2414,1
DA:2415,1
DA:2416,1
DA:2417,1
DA:2418,390
DA:2419,1152
DA:2420,1152
DA:2421,1152
DA:2422,1152
DA:2423,1152
DA:2424,1152
DA:2425,1152
DA:2426,1152
DA:2427,1152
DA:2428,977
DA:2429,977
DA:2430,977
DA:2431,175
DA:2432,86
DA:2433,86
DA:2434,86
DA:2435,89
DA:2436,89
DA:2437,89
DA:2438,89
DA:2439,1152
DA:2440,390
DA:2441,1
DA:2442,1
DA:2443,1
DA:2444,1
DA:2445,1
DA:2446,1
DA:2447,1
DA:2448,977
DA:2449,977
DA:2450,977
DA:2451,977
DA:2452,977
DA:2453,927
DA:2454,977
DA:2455,120
DA:2456,120
DA:2457,120
DA:2458,120
DA:2459,120
DA:2460,120
DA:2461,120
DA:2462,927
DA:2463,927
DA:2464,927
DA:2465,927
DA:2466,927
DA:2467,927
DA:2468,927
DA:2469,927
DA:2470,927
DA:2471,927
DA:2472,927
DA:2473,927
DA:2474,977
DA:2475,1
DA:2476,1
DA:2477,1
DA:2478,1
DA:2479,1
DA:2480,1
DA:2481,86
DA:2482,86
DA:2483,86
DA:2484,86
DA:2485,86
DA:2486,86
DA:2487,86
DA:2488,86
DA:2489,86
DA:2490,86
DA:2491,86
DA:2492,86
DA:2493,86
DA:2494,1
DA:2495,1
DA:2496,1
DA:2497,1
DA:2498,1
DA:2499,1
DA:2500,89
DA:2501,89
DA:2502,89
DA:2503,89
DA:2504,89
DA:2505,89
DA:2506,89
DA:2507,89
DA:2508,89
DA:2509,89
DA:2510,89
DA:2511,89
DA:2512,89
DA:2513,1
DA:2514,1
DA:2515,1
DA:2516,1
DA:2517,1
DA:2518,1
DA:2519,0
DA:2520,0
DA:2521,1
DA:2522,1
DA:2523,1
DA:2524,1
DA:2525,1
DA:2526,1
DA:2527,0
DA:2528,0
DA:2529,0
DA:2530,0
DA:2531,0
DA:2532,0
DA:2533,0
DA:2534,0
DA:2535,0
DA:2536,0
DA:2537,0
DA:2538,0
DA:2539,0
DA:2540,0
DA:2541,0
DA:2542,0
DA:2543,0
DA:2544,1
DA:2545,1
DA:2546,1
DA:2547,1
DA:2548,1
DA:2549,1
DA:2550,56
DA:2551,56
DA:2552,219
DA:2553,219
DA:2554,56
DA:2555,56
DA:2556,56
DA:2557,1
DA:2558,1
DA:2559,1
DA:2560,1
DA:2561,1
DA:2562,1
DA:2563,319
DA:2564,319
DA:2565,319
DA:2566,1056
DA:2567,11
DA:2568,11
DA:2569,1056
DA:2570,319
DA:2571,319
DA:2572,319
DA:2573,319
DA:2574,1
DA:2575,1
DA:2576,1
DA:2577,1
DA:2578,1
DA:2579,1
DA:2580,2675
DA:2581,2675
DA:2582,2675
DA:2583,2675
DA:2584,2675
DA:2585,1
DA:2586,1
DA:2587,1
DA:2588,1
DA:2589,1
DA:2590,1
DA:2591,2
DA:2592,2
DA:2593,2
DA:2594,2
DA:2595,2
DA:2596,1
DA:2597,1
DA:2598,1
DA:2599,1
DA:2600,1
DA:2601,1
DA:2602,1
DA:2603,159
DA:2604,159
DA:2605,159
DA:2606,748
DA:2607,737
DA:2608,737
DA:2609,737
DA:2610,737
DA:2611,737
DA:2612,48
DA:2613,48
DA:2614,48
DA:2615,737
DA:2616,737
DA:2617,748
DA:2618,159
DA:2619,159
DA:2620,159
DA:2621,1
DA:2622,1
DA:2623,1
DA:2624,1
DA:2625,1
DA:2626,1
DA:2627,56
DA:2628,56
DA:2629,56
DA:2630,56
DA:2631,741
DA:2632,741
DA:2633,741
DA:2634,741
DA:2635,741
DA:2636,741
DA:2637,741
DA:2638,741
DA:2639,56
DA:2640,1
DA:2641,1
DA:2642,1
DA:2643,1
DA:2644,1
DA:2645,1
DA:2646,1
DA:2647,1
DA:2648,1
DA:2649,1
DA:2650,1
DA:2651,1
DA:2652,1
DA:2653,1
DA:2654,1
DA:2655,1152
DA:2656,1152
DA:2657,1152
DA:2658,1152
DA:2659,1152
DA:2660,1152
DA:2661,205
DA:2662,205
DA:2663,205
DA:2664,205
DA:2665,205
DA:2666,205
DA:2667,205
DA:2668,196
DA:2669,196
DA:2670,196
DA:2671,196
DA:2672,196
DA:2673,205
DA:2674,1152
DA:2675,1152
DA:2676,1152
DA:2677,1
DA:2678,1
DA:2679,1
DA:2680,1
DA:2681,1
DA:2682,1
DA:2683,1
DA:2684,196
DA:2685,196
DA:2686,196
DA:2687,196
DA:2688,196
DA:2689,196
DA:2690,59
DA:2691,59
DA:2692,6
DA:2693,6
DA:2694,6
DA:2695,59
DA:2696,196
DA:2697,196
DA:2698,196
DA:2699,1
DA:2700,1
DA:2701,1
DA:2702,1
DA:2703,1
DA:2704,1
DA:2705,291
DA:2706,291
DA:2707,1
DA:2708,1
DA:2709,1
DA:2710,1
DA:2711,1
DA:2712,1
DA:2713,1
DA:2714,1
DA:2715,3046
DA:2716,3046
DA:2717,3046
DA:2718,3046
DA:2719,3046
DA:2720,3046
DA:2721,3046
DA:2722,3046
DA:2723,3046
DA:2724,3046
DA:2725,3046
DA:2726,3046
DA:2727,3046
DA:2728,3046
DA:2729,3046
DA:2730,3046
DA:2731,3046
DA:2732,3046
DA:2733,3046
DA:2734,3046
DA:2735,3046
DA:2736,3046
DA:2737,3046
DA:2738,3046
DA:2739,3046
DA:2740,3046
DA:2741,3046
DA:2742,3046
DA:2743,3046
DA:2744,3046
DA:2745,3046
DA:2746,1
DA:2747,1
DA:2748,1
DA:2749,1
DA:2750,1
DA:2751,1
DA:2752,849
DA:2753,849
DA:2754,1
DA:2755,1
DA:2756,1
DA:2757,1
DA:2758,1
DA:2759,1
DA:2760,1
DA:2761,2751
DA:2762,2751
DA:2763,2751
DA:2764,1
DA:2765,1
DA:2766,1
DA:2767,1
DA:2768,1
DA:2769,1
DA:2770,1
DA:2771,2751
DA:2772,2751
DA:2773,2751
DA:2774,1
DA:2775,1
DA:2776,1
DA:2777,1
DA:2778,1
DA:2779,1
DA:2780,1
DA:2781,5691
DA:2782,5691
DA:2783,5691
DA:2784,5691
DA:2785,5691
DA:2786,5691
DA:2787,5691
DA:2788,5691
DA:2789,5691
DA:2790,5691
DA:2791,5691
DA:2792,1
DA:2793,1
DA:2794,1
DA:2795,1
DA:2796,1
DA:2797,1
DA:2798,1
DA:2799,1102
DA:2800,1102
DA:2801,1102
DA:2802,1102
DA:2803,1
DA:2804,1
DA:2805,1
DA:2806,1
DA:2807,1
DA:2808,1
DA:2809,1
DA:2810,1102
DA:2811,1102
DA:2812,1102
DA:2813,1
DA:2814,1
DA:2815,1
DA:2816,1
DA:2817,1
DA:2818,1
DA:2819,1
DA:2820,1016
DA:2821,1016
DA:2822,1016
DA:2823,1
DA:2824,1
DA:2825,1
DA:2826,1
DA:2827,1
DA:2828,1
DA:2829,1
DA:2830,175
DA:2831,175
DA:2832,175
DA:2833,1
DA:2834,1
DA:2835,1
DA:2836,1
DA:2837,1
DA:2838,1
DA:2839,1
DA:2840,86
DA:2841,86
DA:2842,86
DA:2843,1
DA:2844,1
DA:2845,1
DA:2846,1
DA:2847,1
DA:2848,1
DA:2849,1
DA:2850,1102
DA:2851,1102
DA:2852,1102
DA:2853,1
DA:2854,1
DA:2855,1
DA:2856,1
DA:2857,1
DA:2858,1
DA:2859,1
DA:2860,1102
DA:2861,1102
DA:2862,1102
DA:2863,1
DA:2864,1
DA:2865,1
DA:2866,1
DA:2867,1
DA:2868,1
DA:2869,1
DA:2870,927
DA:2871,927
DA:2872,927
DA:2873,1
DA:2874,1
DA:2875,1
DA:2876,1
DA:2877,1
DA:2878,1
DA:2879,1
DA:2880,2751
DA:2881,2751
DA:2882,2751
DA:2883,1
DA:2884,1
DA:2885,1
DA:2886,1
DA:2887,1
DA:2888,1
DA:2889,7370
DA:2890,7370
DA:2891,1
DA:2892,1
DA:2893,1
DA:2894,1
DA:2895,1
DA:2896,1
DA:2897,1
DA:2898,2751
DA:2899,2751
DA:2900,2751
DA:2901,1
DA:2902,1
DA:2903,1
DA:2904,1
DA:2905,1
DA:2906,1
DA:2907,1
DA:2908,14625
DA:2909,14625
DA:2910,14625
DA:2911,14625
DA:2912,14625
DA:2913,14625
DA:2914,1
DA:2915,1
DA:2916,1
DA:2917,1
DA:2918,1
DA:2919,1
DA:2920,1
DA:2921,4
DA:2922,4
DA:2923,36
DA:2924,72
DA:2925,36
DA:2926,36
DA:2927,72
DA:2928,36
DA:2929,4
DA:2930,4
DA:2931,4
DA:2932,1
LF:2932
LH:2851
BRDA:1,0,0,1
BRDA:23,1,0,342
BRDA:50,2,0,4
BRDA:51,3,0,338
BRDA:61,4,0,334
BRDA:64,5,0,299
BRDA:64,6,0,35
BRDA:75,7,0,29
BRDA:79,8,0,27
BRDA:89,9,0,338
BRDA:91,10,0,39
BRDA:99,11,0,334
BRDA:103,12,0,209
BRDA:106,13,0,125
BRDA:106,14,0,108
BRDA:106,15,0,1
BRDA:110,16,0,124
BRDA:116,17,0,299
BRDA:117,18,0,35
BRDA:119,19,0,328
BRDA:129,20,0,340
BRDA:132,21,0,384
BRDA:133,22,0,378
BRDA:136,23,0,6
BRDA:140,24,0,334
BRDA:142,25,0,32
BRDA:145,26,0,334
BRDA:145,27,0,302
BRDA:148,28,0,311
BRDA:153,29,0,334
BRDA:143,30,0,34
BRDA:143,31,0,328
BRDA:162,32,0,378
BRDA:170,33,0,36
BRDA:170,34,0,340
BRDA:173,35,0,3596
BRDA:177,36,0,3257
BRDA:177,37,0,346
BRDA:181,38,0,3593
BRDA:183,39,0,2211
BRDA:185,40,0,372
BRDA:200,41,0,7191
BRDA:202,42,0,2489
BRDA:205,43,0,4702
BRDA:205,44,0,77
BRDA:206,45,0,10
BRDA:209,46,0,67
BRDA:213,47,0,4625
BRDA:213,48,0,93
BRDA:218,49,0,7188
BRDA:229,50,0,3593
BRDA:233,51,0,2352
BRDA:237,52,0,169
BRDA:241,53,0,99
BRDA:245,54,0,228
BRDA:249,55,0,258
BRDA:253,56,0,130
BRDA:257,57,0,30
BRDA:261,58,0,88
BRDA:265,59,0,19
BRDA:269,60,0,186
BRDA:273,61,0,9
BRDA:277,62,0,5
BRDA:281,63,0,5
BRDA:285,64,0,7
BRDA:289,65,0,7
BRDA:293,66,0,1
BRDA:296,67,0,3592
BRDA:305,68,0,328
BRDA:310,69,0,1709
BRDA:313,70,0,7316
BRDA:315,71,0,6097
BRDA:316,72,0,1219
BRDA:316,73,0,21
BRDA:320,74,0,1198
BRDA:325,75,0,1700
BRDA:328,76,0,319
BRDA:337,77,0,160
BRDA:341,78,0,5820
BRDA:344,79,0,5202
BRDA:346,80,0,129
BRDA:349,81,0,618
BRDA:349,82,0,128
BRDA:368,83,0,6396
BRDA:374,84,0,307
BRDA:379,85,0,6186
BRDA:381,86,0,32
BRDA:382,87,0,339
BRDA:384,88,0,307
BRDA:391,89,0,6089
BRDA:402,90,0,148
BRDA:408,91,0,2721
BRDA:411,92,0,122
BRDA:411,93,0,113
BRDA:411,94,0,112
BRDA:415,95,0,2609
BRDA:424,96,0,147
BRDA:436,97,0,2609
BRDA:439,98,0,28
BRDA:440,99,0,2581
BRDA:441,100,0,28
BRDA:454,101,0,2721
BRDA:455,102,0,2475
BRDA:457,103,0,65
BRDA:459,104,0,246
BRDA:459,105,0,65
BRDA:462,106,0,2591
BRDA:473,107,0,319
BRDA:476,108,0,28
BRDA:479,109,0,2
BRDA:483,110,0,291
BRDA:486,111,0,112
BRDA:503,112,0,28
BRDA:505,113,0,1
BRDA:506,114,0,27
BRDA:510,115,0,30
BRDA:516,116,0,27
BRDA:522,117,0,260
BRDA:524,118,0,106
BRDA:532,119,0,27
BRDA:545,120,0,287
BRDA:548,121,0,320
BRDA:563,122,0,2
BRDA:591,123,0,319
BRDA:593,124,0,294
BRDA:594,125,0,25
BRDA:600,126,0,28
BRDA:603,127,0,0
BRDA:607,128,0,5
BRDA:610,129,0,23
BRDA:614,130,0,25
BRDA:622,131,0,319
BRDA:626,132,0,310
BRDA:627,133,0,9
BRDA:628,134,0,61
BRDA:629,135,0,78
BRDA:633,136,0,9
BRDA:642,137,0,319
BRDA:643,138,0,2
BRDA:658,139,0,53
BRDA:667,140,0,712
BRDA:668,141,0,187
BRDA:671,142,0,525
BRDA:671,143,0,250
BRDA:671,144,0,275
BRDA:683,145,0,5
BRDA:692,146,0,104
BRDA:693,147,0,26
BRDA:696,148,0,78
BRDA:696,149,0,61
BRDA:696,150,0,17
BRDA:716,151,0,756
BRDA:728,152,0,30
BRDA:732,153,0,726
BRDA:734,154,0,291
BRDA:735,155,0,435
BRDA:735,156,0,166
BRDA:739,157,0,269
BRDA:739,158,0,13
BRDA:743,159,0,256
BRDA:743,160,0,244
BRDA:748,161,0,12
BRDA:752,162,0,754
BRDA:761,163,0,30
BRDA:767,164,0,10
BRDA:770,165,0,20
BRDA:788,166,0,166
BRDA:791,167,0,2
BRDA:792,168,0,1
BRDA:799,169,0,164
BRDA:808,170,0,30
BRDA:813,171,0,19
BRDA:818,172,0,13
BRDA:822,173,0,10
BRDA:822,174,0,3
BRDA:827,175,0,10
BRDA:831,176,0,20
BRDA:841,177,0,20
BRDA:845,178,0,21
BRDA:849,179,0,0
BRDA:862,180,0,726
BRDA:863,181,0,250
BRDA:863,182,0,476
BRDA:863,183,0,42
BRDA:871,184,0,291
BRDA:872,185,0,250
BRDA:873,186,0,250
BRDA:874,187,0,41
BRDA:876,188,0,41
BRDA:877,189,0,0
BRDA:886,190,0,692
BRDA:891,191,0,346
BRDA:915,192,0,88
BRDA:916,193,0,86
BRDA:916,194,0,2
BRDA:916,195,0,2
BRDA:919,196,0,86
BRDA:929,197,0,19
BRDA:930,198,0,18
BRDA:930,199,0,1
BRDA:930,200,0,1
BRDA:933,201,0,18
BRDA:943,202,0,104
BRDA:958,203,0,195
BRDA:960,204,0,176
BRDA:963,205,0,19
BRDA:972,206,0,104
BRDA:972,207,0,30
BRDA:969,208,0,752
BRDA:985,209,0,10
BRDA:986,210,0,0
BRDA:994,211,0,14
BRDA:1003,212,0,159
BRDA:1020,213,0,772
BRDA:1028,214,0,7404
BRDA:1032,215,0,5321
BRDA:1041,216,0,114
BRDA:1044,217,0,0
BRDA:1055,218,0,1351
BRDA:1059,219,0,74
BRDA:1062,220,0,1277
BRDA:1067,221,0,12
BRDA:1071,222,0,0
BRDA:1074,223,0,1265
BRDA:1087,224,0,1277
BRDA:1093,225,0,8414
BRDA:1097,226,0,0
BRDA:1100,227,0,6178
BRDA:1129,228,0,8414
BRDA:1132,229,0,17068
BRDA:1133,230,0,2376
BRDA:1134,231,0,1188
BRDA:1135,232,0,15880
BRDA:1136,233,0,7226
BRDA:1137,234,0,7146
BRDA:1142,235,0,8654
BRDA:1144,236,0,1485
BRDA:1160,237,0,1277
BRDA:1164,238,0,1130
BRDA:1165,239,0,147
BRDA:1187,240,0,338
BRDA:1205,241,0,114
BRDA:1208,242,0,0
BRDA:1232,243,0,114
BRDA:1236,244,0,0
BRDA:1239,245,0,104
BRDA:1240,246,0,10
BRDA:1251,247,0,114
BRDA:1252,248,0,124
BRDA:1255,249,0,90
BRDA:1259,250,0,24
BRDA:1263,251,0,0
BRDA:1254,252,0,420
BRDA:1258,253,0,644
BRDA:1275,254,0,1301
BRDA:1286,255,0,5233
BRDA:1287,256,0,1
BRDA:1290,257,0,5232
BRDA:1298,258,0,56
BRDA:1308,259,0,334
BRDA:1309,260,0,625
BRDA:1310,261,0,88
BRDA:1315,262,0,546
BRDA:1339,263,0,5233
BRDA:1348,264,0,11948
BRDA:1366,265,0,100
BRDA:1384,266,0,61
BRDA:1394,267,0,61
BRDA:1404,268,0,61
BRDA:1414,269,0,61
BRDA:1423,270,0,61
BRDA:1429,271,0,556
BRDA:1430,272,0,491
BRDA:1432,273,0,85
BRDA:1433,274,0,406
BRDA:1435,275,0,446
BRDA:1451,276,0,134
BRDA:1459,277,0,57
BRDA:1469,278,0,61
BRDA:1487,279,0,160
BRDA:1505,280,0,6080
BRDA:1510,281,0,190
BRDA:1510,282,0,190
BRDA:1512,283,0,42
BRDA:1512,284,0,148
BRDA:1518,285,0,0
BRDA:1537,286,0,13
BRDA:1544,287,0,1
BRDA:1562,288,0,90
BRDA:1570,289,0,1
BRDA:1579,290,0,6
BRDA:1587,291,0,1
BRDA:1597,292,0,2
BRDA:1607,293,0,4
BRDA:1615,294,0,15
BRDA:1638,295,0,5
BRDA:1647,296,0,1
BRDA:1656,297,0,8
BRDA:1665,298,0,1
BRDA:1674,299,0,1
BRDA:1683,300,0,1
BRDA:1692,301,0,1
BRDA:1701,302,0,1
BRDA:1710,303,0,3
BRDA:1719,304,0,1
BRDA:1728,305,0,1
BRDA:1736,306,0,1
BRDA:1744,307,0,1
BRDA:1760,308,0,1
BRDA:1769,309,0,1
BRDA:1778,310,0,1
BRDA:1787,311,0,2
BRDA:1796,312,0,1
BRDA:1805,313,0,1
BRDA:1813,314,0,2
BRDA:1821,315,0,17
BRDA:1830,316,0,5
BRDA:1839,317,0,1
BRDA:1848,318,0,3
BRDA:1857,319,0,4
BRDA:1866,320,0,5
BRDA:1878,321,0,190
BRDA:1882,322,0,90
BRDA:1883,323,0,100
BRDA:1897,324,0,6
BRDA:1901,325,0,3
BRDA:1913,326,0,1
BRDA:1915,327,0,12
BRDA:1930,328,0,2
BRDA:1943,329,0,6
BRDA:1944,330,0,0
BRDA:1952,331,0,9
BRDA:1953,332,0,4
BRDA:1957,333,0,5
BRDA:1962,334,0,41
BRDA:1963,335,0,35
BRDA:1980,336,0,15
BRDA:1985,337,0,3
BRDA:1988,338,0,1
BRDA:1991,339,0,11
BRDA:1994,340,0,0
BRDA:2046,341,0,6080
BRDA:2050,342,0,160
BRDA:2053,343,0,42
BRDA:2053,344,0,42
BRDA:2074,345,0,90
BRDA:2078,346,0,42
BRDA:2078,347,0,42
BRDA:2081,348,0,48
BRDA:2082,349,0,42
BRDA:2086,350,0,6
BRDA:2101,351,0,6080
BRDA:2104,352,0,160
BRDA:2104,353,0,42
BRDA:2121,354,0,139
BRDA:2133,355,0,245
BRDA:2136,356,0,8
BRDA:2137,357,0,237
BRDA:2139,358,0,584
BRDA:2141,359,0,172
BRDA:2142,360,0,412
BRDA:2147,361,0,237
BRDA:2157,362,0,412
BRDA:2163,363,0,1162
BRDA:2165,364,0,303
BRDA:2166,365,0,859
BRDA:2168,366,0,48
BRDA:2171,367,0,811
BRDA:2173,368,0,167
BRDA:2173,369,0,644
BRDA:2175,370,0,859
BRDA:2177,371,0,245
BRDA:2180,372,0,181
BRDA:2182,373,0,38
BRDA:2187,374,0,99
BRDA:2190,375,0,216
BRDA:2193,376,0,118
BRDA:2197,377,0,0
BRDA:2200,378,0,859
BRDA:2204,379,0,40
BRDA:2216,380,0,99
BRDA:2217,381,0,28
BRDA:2217,382,0,71
BRDA:2218,383,0,35
BRDA:2218,384,0,64
BRDA:2228,385,0,216
BRDA:2229,386,0,84
BRDA:2229,387,0,132
BRDA:2230,388,0,26
BRDA:2230,389,0,190
BRDA:2239,390,0,342
BRDA:2253,391,0,338
BRDA:2259,392,0,518
BRDA:2262,393,0,5691
BRDA:2266,394,0,2940
BRDA:2269,395,0,2751
BRDA:2293,396,0,3685
BRDA:2294,397,0,2417
BRDA:2294,398,0,1268
BRDA:2295,399,0,1744
BRDA:2295,400,0,1941
BRDA:2301,401,0,1025
BRDA:2302,402,0,2660
BRDA:2303,403,0,2454
BRDA:2304,404,0,206
BRDA:2312,405,0,6793
BRDA:2313,406,0,10773
BRDA:2316,407,0,5288
BRDA:2316,408,0,7776
BRDA:2322,409,0,13
BRDA:2322,410,0,8
BRDA:2326,411,0,6618
BRDA:2329,412,0,2751
BRDA:2339,413,0,5691
BRDA:2341,414,0,2751
BRDA:2341,415,0,2940
BRDA:2349,416,0,3129
BRDA:2358,417,0,2720
BRDA:2367,418,0,244
BRDA:2369,419,0,0
BRDA:2377,420,0,244
BRDA:2379,421,0,0
BRDA:2387,422,0,378
BRDA:2392,423,0,0
BRDA:2417,424,0,390
BRDA:2418,425,0,1152
BRDA:2420,426,0,606
BRDA:2420,427,0,83
BRDA:2420,428,0,1069
BRDA:2427,429,0,1066
BRDA:2427,430,0,977
BRDA:2431,431,0,175
BRDA:2431,432,0,86
BRDA:2435,433,0,89
BRDA:2447,434,0,977
BRDA:2451,435,0,55
BRDA:2452,436,0,50
BRDA:2453,437,0,927
BRDA:2454,438,0,811
BRDA:2454,439,0,120
BRDA:2462,440,0,927
BRDA:2480,441,0,86
BRDA:2499,442,0,89
BRDA:2549,443,0,56
BRDA:2551,444,0,219
BRDA:2552,445,0,0
BRDA:2555,446,0,0
BRDA:2562,447,0,319
BRDA:2565,448,0,1056
BRDA:2566,449,0,11
BRDA:2570,450,0,2
BRDA:2579,451,0,2675
BRDA:2580,452,0,24474
BRDA:2581,453,0,9645
BRDA:2590,454,0,2
BRDA:2592,455,0,4
BRDA:2602,456,0,159
BRDA:2605,457,0,748
BRDA:2606,458,0,737
BRDA:2611,459,0,48
BRDA:2613,460,0,24
BRDA:2613,461,0,24
BRDA:2626,462,0,56
BRDA:2630,463,0,741
BRDA:2654,464,0,1152
BRDA:2658,465,0,1066
BRDA:2658,466,0,86
BRDA:2660,467,0,1066
BRDA:2660,468,0,205
BRDA:2663,469,0,196
BRDA:2664,470,0,196
BRDA:2667,471,0,196
BRDA:2667,472,0,196
BRDA:2683,473,0,196
BRDA:2689,474,0,59
BRDA:2691,475,0,6
BRDA:2704,476,0,291
BRDA:2705,477,0,955
BRDA:2714,478,0,3046
BRDA:2751,479,0,849
BRDA:2752,480,0,662
BRDA:2752,481,0,187
BRDA:2760,482,0,2751
BRDA:2770,483,0,2751
BRDA:2780,484,0,5691
BRDA:2782,485,0,2940
BRDA:2798,486,0,1102
BRDA:2809,487,0,1102
BRDA:2819,488,0,1016
BRDA:2829,489,0,175
BRDA:2839,490,0,86
BRDA:2849,491,0,1102
BRDA:2859,492,0,1102
BRDA:2869,493,0,927
BRDA:2879,494,0,2751
BRDA:2888,495,0,7370
BRDA:2897,496,0,2751
BRDA:2907,497,0,14625
BRDA:2908,498,0,11581
BRDA:2908,499,0,3044
BRDA:2910,500,0,0
BRDA:2920,501,0,4
BRDA:2922,502,0,36
BRDA:2923,503,0,72
BRDA:2924,504,0,36
BRF:505
BRH:485
end_of_record
