-------------------|---------|----------|---------|---------|---------------------------------------
File               | % Stmts | % Branch | % Funcs | % Lines | Uncovered Line #s                     
-------------------|---------|----------|---------|---------|---------------------------------------
All files          |    95.7 |    94.27 |   96.66 |    95.7 |                                       
 ScriptSettings.js |   93.52 |    73.33 |     100 |   93.52 | 50-51,83-84,87-89,123-124             
 SimpleParser.js   |   98.43 |    97.52 |     100 |   98.43 | 104-106,599-604,807-813,873-874       
 Sql.js            |   98.97 |    94.81 |     100 |   98.97 | ...,90-91,384-385,406-407,597-598,929 
 SqlTest.js        |   93.55 |     94.2 |   94.42 |   93.55 | ...3704,4305-4309,4320-4323,4326-4337 
 Table.js          |   98.34 |     88.4 |     100 |   98.34 | 77-78,140-142,145-146,226-227         
 TableData.js      |   83.66 |    68.75 |   83.33 |   83.66 | ...30,365-366,393-394,404-406,412-415 
 Views.js          |    98.3 |    95.99 |   98.47 |    98.3 | ...2348,2361-2368,2465-2466,2473-2489 
-------------------|---------|----------|---------|---------|---------------------------------------
-------------------|---------|----------|---------|---------|---------------------------------------
File               | % Stmts | % Branch | % Funcs | % Lines | Uncovered Line #s                     
-------------------|---------|----------|---------|---------|---------------------------------------
All files          |    95.7 |    94.27 |   96.66 |    95.7 |                                       
 ScriptSettings.js |   93.52 |    73.33 |     100 |   93.52 | 50-51,83-84,87-89,123-124             
 SimpleParser.js   |   98.43 |    97.52 |     100 |   98.43 | 104-106,599-604,807-813,873-874       
 Sql.js            |   98.97 |    94.81 |     100 |   98.97 | ...,90-91,384-385,406-407,597-598,929 
 SqlTest.js        |   93.55 |     94.2 |   94.42 |   93.55 | ...3704,4305-4309,4320-4323,4326-4337 
 Table.js          |   98.34 |     88.4 |     100 |   98.34 | 77-78,140-142,145-146,226-227         
 TableData.js      |   83.66 |    68.75 |   83.33 |   83.66 | ...30,365-366,393-394,404-406,412-415 
 Views.js          |    98.3 |    95.99 |   98.47 |    98.3 | ...2348,2361-2368,2465-2466,2473-2489 
-------------------|---------|----------|---------|---------|---------------------------------------
TN:
SF:ScriptSettings.js
FN:12,ScriptSettings
FN:21,get
FN:39,put
FN:59,putAll
FN:71,expire
FN:102,PropertyData
FN:116,getData
FN:134,isExpired
FNF:8
FNH:8
FNDA:3,ScriptSettings
FNDA:6,get
FNDA:3,put
FNDA:1,putAll
FNDA:2,expire
FNDA:3,PropertyData
FNDA:4,getData
FNDA:6,isExpired
DA:1,1
DA:2,1
DA:3,1
DA:4,1
DA:5,1
DA:6,1
DA:7,1
DA:8,1
DA:9,1
DA:10,1
DA:11,1
DA:12,1
DA:13,3
DA:14,3
DA:15,1
DA:16,1
DA:17,1
DA:18,1
DA:19,1
DA:20,1
DA:21,1
DA:22,6
DA:23,6
DA:24,6
DA:25,6
DA:26,4
DA:27,4
DA:28,4
DA:29,4
DA:30,4
DA:31,6
DA:32,1
DA:33,1
DA:34,1
DA:35,1
DA:36,1
DA:37,1
DA:38,1
DA:39,1
DA:40,3
DA:41,3
DA:42,3
DA:43,3
DA:44,3
DA:45,3
DA:46,3
DA:47,3
DA:48,3
DA:49,3
DA:50,0
DA:51,0
DA:52,3
DA:53,1
DA:54,1
DA:55,1
DA:56,1
DA:57,1
DA:58,1
DA:59,1
DA:60,1
DA:61,1
DA:62,1
DA:63,1
DA:64,1
DA:65,1
DA:66,1
DA:67,1
DA:68,1
DA:69,1
DA:70,1
DA:71,1
DA:72,2
DA:73,2
DA:74,2
DA:75,2
DA:76,2
DA:77,2
DA:78,2
DA:79,2
DA:80,2
DA:81,2
DA:82,2
DA:83,0
DA:84,0
DA:85,2
DA:86,2
DA:87,0
DA:88,0
DA:89,0
DA:90,2
DA:91,2
DA:92,2
DA:93,1
DA:94,1
DA:95,1
DA:96,1
DA:97,1
DA:98,1
DA:99,1
DA:100,1
DA:101,1
DA:102,1
DA:103,3
DA:104,3
DA:105,3
DA:106,3
DA:107,3
DA:108,3
DA:109,3
DA:110,1
DA:111,1
DA:112,1
DA:113,1
DA:114,1
DA:115,1
DA:116,1
DA:117,4
DA:118,4
DA:119,4
DA:120,4
DA:121,4
DA:122,4
DA:123,0
DA:124,0
DA:125,4
DA:126,4
DA:127,4
DA:128,1
DA:129,1
DA:130,1
DA:131,1
DA:132,1
DA:133,1
DA:134,1
DA:135,6
DA:136,6
DA:137,6
DA:138,6
DA:139,1
LF:139
LH:130
BRDA:1,0,0,1
BRDA:12,1,0,3
BRDA:21,2,0,6
BRDA:25,3,0,2
BRDA:26,4,0,4
BRDA:39,5,0,3
BRDA:49,6,0,0
BRDA:59,7,0,1
BRDA:71,8,0,2
BRDA:82,9,0,0
BRDA:86,10,0,0
BRDA:102,11,0,3
BRDA:116,12,0,4
BRDA:122,13,0,0
BRDA:134,14,0,6
BRF:15
BRH:11
end_of_record
TN:
SF:SimpleParser.js
FN:15,sqlCondition2JsCondition
FN:36,sql2ast
FN:85,resolveSqlCondition
FN:117,generateUsedKeywordList
FN:145,generateSqlSeparatorWords
FN:164,sqlStatementSplitter
FN:205,makeSqlPartsSplitterRegEx
FN:229,hideInnerSql
FN:269,getPositionsOfSqlParts
FN:272,realNameCallback
FN:301,removeDuplicateEntries
FN:321,protect
FN:335,unprotect
FN:348,analyzeParts
FN:389,reorganizeJoins
FN:409,reorganizeSpecificJoin
FN:430,reorganizeUnions
FN:445,parseUnion
FN:462,CondLexer
FN:473,readNextChar
FN:483,readNextToken
FN:505,readWord
FN:538,isStartOrEndOfString
FN:557,isFinishedWord
FN:582,readString
FN:609,readGroupSymbol
FN:616,readOperator
FN:628,readMathOperator
FN:635,readBindVariable
FN:650,CondParser
FN:658,parse
FN:663,readNextToken
FN:671,parseExpressionsRecursively
FN:676,parseLogicalExpression
FN:698,parseConditionExpression
FN:728,parseSelectExistsSubQuery
FN:749,parseBaseExpression
FN:772,parseWordExpression
FN:793,parseGroupExpression
FN:828,parseSelectIn
FN:852,groupBracketIncrementer
FN:869,analyze
FN:879,SELECT
FN:915,FROM
FN:939,LEFT_JOIN
FN:943,INNER_JOIN
FN:947,RIGHT_JOIN
FN:951,FULL_JOIN
FN:955,allJoins
FN:968,WHERE
FN:972,ORDER_BY
FN:976,GROUP_BY
FN:980,PIVOT
FN:996,LIMIT
FN:1003,HAVING
FN:1007,UNION
FN:1011,UNION_ALL
FN:1015,INTERSECT
FN:1019,EXCEPT
FN:1028,parseForCorrelatedSubQuery
FN:1048,protect_split
FN:1086,trim
FN:1097,getNameAndAlias
FN:1125,lastIndexOfOutsideLiteral
FNF:64
FNH:64
FNDA:56,sqlCondition2JsCondition
FNDA:299,sql2ast
FNDA:56,resolveSqlCondition
FNDA:299,generateUsedKeywordList
FNDA:299,generateSqlSeparatorWords
FNDA:299,sqlStatementSplitter
FNDA:299,makeSqlPartsSplitterRegEx
FNDA:1503,hideInnerSql
FNDA:299,getPositionsOfSqlParts
FNDA:959,realNameCallback
FNDA:299,removeDuplicateEntries
FNDA:2186,protect
FNDA:248,unprotect
FNDA:299,analyzeParts
FNDA:299,reorganizeJoins
FNDA:1196,reorganizeSpecificJoin
FNDA:299,reorganizeUnions
FNDA:12,parseUnion
FNDA:234,CondLexer
FNDA:8174,readNextChar
FNDA:2496,readNextToken
FNDA:713,readWord
FNDA:6544,isStartOrEndOfString
FNDA:6544,isFinishedWord
FNDA:82,readString
FNDA:78,readGroupSymbol
FNDA:266,readOperator
FNDA:12,readMathOperator
FNDA:63,readBindVariable
FNDA:234,CondParser
FNDA:234,parse
FNDA:1447,readNextToken
FNDA:266,parseExpressionsRecursively
FNDA:266,parseLogicalExpression
FNDA:315,parseConditionExpression
FNDA:3,parseSelectExistsSubQuery
FNDA:594,parseBaseExpression
FNDA:501,parseWordExpression
FNDA:32,parseGroupExpression
FNDA:34,parseSelectIn
FNDA:229,groupBracketIncrementer
FNDA:905,analyze
FNDA:352,SELECT
FNDA:298,FROM
FNDA:31,LEFT_JOIN
FNDA:20,INNER_JOIN
FNDA:3,RIGHT_JOIN
FNDA:5,FULL_JOIN
FNDA:59,allJoins
FNDA:173,WHERE
FNDA:31,ORDER_BY
FNDA:23,GROUP_BY
FNDA:7,PIVOT
FNDA:2,LIMIT
FNDA:2,HAVING
FNDA:6,UNION
FNDA:4,UNION_ALL
FNDA:1,INTERSECT
FNDA:1,EXCEPT
FNDA:446,parseForCorrelatedSubQuery
FNDA:352,protect_split
FNDA:1133,trim
FNDA:950,getNameAndAlias
FNDA:950,lastIndexOfOutsideLiteral
DA:1,1
DA:2,1
DA:3,1
DA:4,1
DA:5,1
DA:6,1
DA:7,1
DA:8,1
DA:9,1
DA:10,1
DA:11,1
DA:12,1
DA:13,1
DA:14,1
DA:15,1
DA:16,56
DA:17,56
DA:18,56
DA:19,56
DA:20,56
DA:21,56
DA:22,56
DA:23,3
DA:24,3
DA:25,56
DA:26,56
DA:27,56
DA:28,56
DA:29,56
DA:30,1
DA:31,1
DA:32,1
DA:33,1
DA:34,1
DA:35,1
DA:36,1
DA:37,299
DA:38,299
DA:39,299
DA:40,299
DA:41,299
DA:42,299
DA:43,299
DA:44,299
DA:45,299
DA:46,299
DA:47,299
DA:48,299
DA:49,299
DA:50,299
DA:51,299
DA:52,299
DA:53,299
DA:54,299
DA:55,299
DA:56,1938
DA:57,299
DA:58,299
DA:59,299
DA:60,299
DA:61,299
DA:62,299
DA:63,299
DA:64,1204
DA:65,1204
DA:66,299
DA:67,299
DA:68,299
DA:69,299
DA:70,299
DA:71,19
DA:72,19
DA:73,19
DA:74,19
DA:75,299
DA:76,299
DA:77,299
DA:78,1
DA:79,1
DA:80,1
DA:81,1
DA:82,1
DA:83,1
DA:84,1
DA:85,1
DA:86,56
DA:87,56
DA:88,56
DA:89,59
DA:90,59
DA:91,2
DA:92,2
DA:93,57
DA:94,1
DA:95,1
DA:96,59
DA:97,59
DA:98,59
DA:99,59
DA:100,13
DA:101,13
DA:102,59
DA:103,59
DA:104,0
DA:105,0
DA:106,0
DA:107,59
DA:108,56
DA:109,56
DA:110,56
DA:111,1
DA:112,1
DA:113,1
DA:114,1
DA:115,1
DA:116,1
DA:117,1
DA:118,299
DA:119,299
DA:120,299
DA:121,299
DA:122,299
DA:123,299
DA:124,299
DA:125,5083
DA:126,5083
DA:127,6290
DA:128,6290
DA:129,6290
DA:130,1207
DA:131,1207
DA:132,1207
DA:133,6290
DA:134,5083
DA:135,299
DA:136,299
DA:137,299
DA:138,299
DA:139,1
DA:140,1
DA:141,1
DA:142,1
DA:143,1
DA:144,1
DA:145,1
DA:146,299
DA:147,969
DA:148,299
DA:149,299
DA:150,969
DA:151,299
DA:152,299
DA:153,1938
DA:154,299
DA:155,299
DA:156,299
DA:157,299
DA:158,1
DA:159,1
DA:160,1
DA:161,1
DA:162,1
DA:163,1
DA:164,1
DA:165,299
DA:166,299
DA:167,299
DA:168,299
DA:169,299
DA:170,299
DA:171,299
DA:172,299
DA:173,10
DA:174,10
DA:175,10
DA:176,10
DA:177,10
DA:178,10
DA:179,10
DA:180,10
DA:181,10
DA:182,299
DA:183,2
DA:184,2
DA:185,2
DA:186,2
DA:187,2
DA:188,2
DA:189,10
DA:190,10
DA:191,10
DA:192,10
DA:193,299
DA:194,12
DA:195,12
DA:196,10
DA:197,10
DA:198,299
DA:199,1
DA:200,1
DA:201,1
DA:202,1
DA:203,1
DA:204,1
DA:205,1
DA:206,299
DA:207,299
DA:208,1196
DA:209,299
DA:210,299
DA:211,1196
DA:212,299
DA:213,299
DA:214,2392
DA:215,299
DA:216,299
DA:217,4784
DA:218,299
DA:219,299
DA:220,299
DA:221,299
DA:222,1
DA:223,1
DA:224,1
DA:225,1
DA:226,1
DA:227,1
DA:228,1
DA:229,1
DA:230,1503
DA:231,1503
DA:232,301
DA:233,301
DA:234,301
DA:235,301
DA:236,301
DA:237,1503
DA:238,32876
DA:239,32876
DA:240,32876
DA:241,622
DA:242,622
DA:243,622
DA:244,468
DA:245,468
DA:246,622
DA:247,32254
DA:248,622
DA:249,622
DA:250,468
DA:251,468
DA:252,468
DA:253,468
DA:254,468
DA:255,468
DA:256,468
DA:257,468
DA:258,622
DA:259,32876
DA:260,301
DA:261,1503
DA:262,1
DA:263,1
DA:264,1
DA:265,1
DA:266,1
DA:267,1
DA:268,1
DA:269,1
DA:270,299
DA:271,299
DA:272,299
DA:273,959
DA:274,959
DA:275,299
DA:276,1938
DA:277,1938
DA:278,1938
DA:279,1938
DA:280,2897
DA:281,2897
DA:282,959
DA:283,959
DA:284,959
DA:285,955
DA:286,955
DA:287,959
DA:288,959
DA:289,959
DA:290,2897
DA:291,1938
DA:292,299
DA:293,299
DA:294,299
DA:295,299
DA:296,1
DA:297,1
DA:298,1
DA:299,1
DA:300,1
DA:301,1
DA:302,299
DA:303,299
DA:304,955
DA:305,955
DA:306,905
DA:307,905
DA:308,905
DA:309,905
DA:310,905
DA:311,905
DA:312,905
DA:313,299
DA:314,299
DA:315,1
DA:316,1
DA:317,1
DA:318,1
DA:319,1
DA:320,1
DA:321,1
DA:322,2186
DA:323,2186
DA:324,2186
DA:325,16580
DA:326,16580
DA:327,2186
DA:328,2186
DA:329,1
DA:330,1
DA:331,1
DA:332,1
DA:333,1
DA:334,1
DA:335,1
DA:336,248
DA:337,248
DA:338,248
DA:339,248
DA:340,248
DA:341,1
DA:342,1
DA:343,1
DA:344,1
DA:345,1
DA:346,1
DA:347,1
DA:348,1
DA:349,299
DA:350,299
DA:351,299
DA:352,905
DA:353,905
DA:354,905
DA:355,905
DA:356,905
DA:357,22
DA:358,11
DA:359,11
DA:360,11
DA:361,11
DA:362,22
DA:363,22
DA:364,22
DA:365,883
DA:366,883
DA:367,883
DA:368,905
DA:369,299
DA:370,299
DA:371,299
DA:372,299
DA:373,299
DA:374,299
DA:375,39
DA:376,59
DA:377,39
DA:378,39
DA:379,299
DA:380,299
DA:381,299
DA:382,299
DA:383,299
DA:384,1
DA:385,1
DA:386,1
DA:387,1
DA:388,1
DA:389,1
DA:390,299
DA:391,299
DA:392,299
DA:393,299
DA:394,299
DA:395,299
DA:396,299
DA:397,299
DA:398,1196
DA:399,1196
DA:400,1196
DA:401,299
DA:402,1
DA:403,1
DA:404,1
DA:405,1
DA:406,1
DA:407,1
DA:408,1
DA:409,1
DA:410,1196
DA:411,39
DA:412,39
DA:413,9
DA:414,29
DA:415,29
DA:416,9
DA:417,9
DA:418,30
DA:419,30
DA:420,30
DA:421,30
DA:422,39
DA:423,39
DA:424,1196
DA:425,1
DA:426,1
DA:427,1
DA:428,1
DA:429,1
DA:430,1
DA:431,299
DA:432,299
DA:433,299
DA:434,1196
DA:435,8
DA:436,8
DA:437,1188
DA:438,2
DA:439,4
DA:440,4
DA:441,2
DA:442,1196
DA:443,299
DA:444,1
DA:445,1
DA:446,12
DA:447,12
DA:448,12
DA:449,12
DA:450,12
DA:451,12
DA:452,12
DA:453,1
DA:454,1
DA:455,1
DA:456,1
DA:457,1
DA:458,1
DA:459,1
DA:460,1
DA:461,1
DA:462,1
DA:463,234
DA:464,234
DA:465,234
DA:466,234
DA:467,234
DA:468,234
DA:469,234
DA:470,234
DA:471,1
DA:472,1
DA:473,1
DA:474,8174
DA:475,1
DA:476,1
DA:477,8173
DA:478,8173
DA:479,8173
DA:480,8174
DA:481,1
DA:482,1
DA:483,1
DA:484,2496
DA:485,2496
DA:486,1783
DA:487,2496
DA:488,1701
DA:489,2496
DA:490,1623
DA:491,2496
DA:492,1357
DA:493,2496
DA:494,1345
DA:495,2496
DA:496,1282
DA:497,2496
DA:498,233
DA:499,233
DA:500,1049
DA:501,1049
DA:502,1049
DA:503,2496
DA:504,1
DA:505,1
DA:506,713
DA:507,713
DA:508,713
DA:509,713
DA:510,713
DA:511,713
DA:512,6544
DA:513,6544
DA:514,6544
DA:515,6544
DA:516,6544
DA:517,5923
DA:518,5923
DA:519,5923
DA:520,5923
DA:521,713
DA:522,713
DA:523,50
DA:524,50
DA:525,663
DA:526,713
DA:527,47
DA:528,47
DA:529,616
DA:530,616
DA:531,713
DA:532,1
DA:533,1
DA:534,1
DA:535,1
DA:536,1
DA:537,1
DA:538,1
DA:539,6544
DA:540,4
DA:541,4
DA:542,4
DA:543,4
DA:544,6540
DA:545,4
DA:546,4
DA:547,4
DA:548,6536
DA:549,6536
DA:550,6544
DA:551,1
DA:552,1
DA:553,1
DA:554,1
DA:555,1
DA:556,1
DA:557,1
DA:558,6544
DA:559,6544
DA:560,6536
DA:561,6536
DA:562,6544
DA:563,22
DA:564,22
DA:565,6514
DA:566,6544
DA:567,22
DA:568,22
DA:569,6492
DA:570,22
DA:571,22
DA:572,6514
DA:573,6514
DA:574,6544
DA:575,3
DA:576,3
DA:577,6511
DA:578,6511
DA:579,6544
DA:580,6544
DA:581,1
DA:582,1
DA:583,82
DA:584,82
DA:585,82
DA:586,82
DA:587,82
DA:588,82
DA:589,82
DA:590,287
DA:591,287
DA:592,287
DA:593,82
DA:594,82
DA:595,82
DA:596,82
DA:597,82
DA:598,82
DA:599,0
DA:600,0
DA:601,0
DA:602,0
DA:603,0
DA:604,0
DA:605,82
DA:606,82
DA:607,82
DA:608,1
DA:609,1
DA:610,78
DA:611,78
DA:612,78
DA:613,78
DA:614,78
DA:615,1
DA:616,1
DA:617,266
DA:618,266
DA:619,266
DA:620,266
DA:621,42
DA:622,42
DA:623,42
DA:624,266
DA:625,266
DA:626,266
DA:627,1
DA:628,1
DA:629,12
DA:630,12
DA:631,12
DA:632,12
DA:633,12
DA:634,1
DA:635,1
DA:636,63
DA:637,63
DA:638,63
DA:639,63
DA:640,56
DA:641,56
DA:642,56
DA:643,63
DA:644,63
DA:645,63
DA:646,1
DA:647,1
DA:648,1
DA:649,1
DA:650,1
DA:651,234
DA:652,234
DA:653,234
DA:654,234
DA:655,234
DA:656,1
DA:657,1
DA:658,1
DA:659,234
DA:660,234
DA:661,1
DA:662,1
DA:663,1
DA:664,1447
DA:665,1447
DA:666,1447
DA:667,1447
DA:668,1447
DA:669,1
DA:670,1
DA:671,1
DA:672,266
DA:673,266
DA:674,1
DA:675,1
DA:676,1
DA:677,266
DA:678,266
DA:679,266
DA:680,49
DA:681,49
DA:682,49
DA:683,49
DA:684,49
DA:685,49
DA:686,49
DA:687,49
DA:688,44
DA:689,44
DA:690,44
DA:691,44
DA:692,49
DA:693,266
DA:694,266
DA:695,266
DA:696,1
DA:697,1
DA:698,1
DA:699,315
DA:700,315
DA:701,315
DA:702,33
DA:703,33
DA:704,282
DA:705,282
DA:706,282
DA:707,282
DA:708,282
DA:709,315
DA:710,7
DA:711,7
DA:712,7
DA:713,282
DA:714,282
DA:715,315
DA:716,3
DA:717,315
DA:718,279
DA:719,279
DA:720,282
DA:721,282
DA:722,315
DA:723,1
DA:724,1
DA:725,1
DA:726,1
DA:727,1
DA:728,1
DA:729,3
DA:730,3
DA:731,3
DA:732,3
DA:733,3
DA:734,3
DA:735,3
DA:736,3
DA:737,3
DA:738,3
DA:739,3
DA:740,3
DA:741,3
DA:742,1
DA:743,1
DA:744,1
DA:745,1
DA:746,1
DA:747,1
DA:748,1
DA:749,1
DA:750,594
DA:751,594
DA:752,594
DA:753,594
DA:754,501
DA:755,501
DA:756,93
DA:757,93
DA:758,32
DA:759,32
DA:760,61
DA:761,57
DA:762,57
DA:763,57
DA:764,594
DA:765,594
DA:766,594
DA:767,1
DA:768,1
DA:769,1
DA:770,1
DA:771,1
DA:772,1
DA:773,501
DA:774,501
DA:775,501
DA:776,501
DA:777,9
DA:778,9
DA:779,9
DA:780,9
DA:781,9
DA:782,9
DA:783,9
DA:784,501
DA:785,501
DA:786,501
DA:787,1
DA:788,1
DA:789,1
DA:790,1
DA:791,1
DA:792,1
DA:793,1
DA:794,32
DA:795,32
DA:796,32
DA:797,32
DA:798,32
DA:799,32
DA:800,31
DA:801,31
DA:802,1
DA:803,1
DA:804,1
DA:805,1
DA:806,1
DA:807,0
DA:808,0
DA:809,0
DA:810,0
DA:811,0
DA:812,0
DA:813,0
DA:814,1
DA:815,1
DA:816,32
DA:817,32
DA:818,32
DA:819,32
DA:820,32
DA:821,1
DA:822,1
DA:823,1
DA:824,1
DA:825,1
DA:826,1
DA:827,1
DA:828,1
DA:829,34
DA:830,34
DA:831,34
DA:832,34
DA:833,229
DA:834,229
DA:835,225
DA:836,225
DA:837,4
DA:838,4
DA:839,4
DA:840,229
DA:841,229
DA:842,229
DA:843,229
DA:844,34
DA:845,34
DA:846,32
DA:847,32
DA:848,34
DA:849,34
DA:850,34
DA:851,1
DA:852,1
DA:853,229
DA:854,229
DA:855,42
DA:856,4
DA:857,4
DA:858,38
DA:859,38
DA:860,38
DA:861,42
DA:862,229
DA:863,229
DA:864,229
DA:865,1
DA:866,1
DA:867,1
DA:868,1
DA:869,1
DA:870,905
DA:871,905
DA:872,905
DA:873,0
DA:874,0
DA:875,905
DA:876,905
DA:877,905
DA:878,1
DA:879,1
DA:880,352
DA:881,352
DA:882,652
DA:883,352
DA:884,652
DA:885,652
DA:886,35
DA:887,35
DA:888,35
DA:889,35
DA:890,35
DA:891,35
DA:892,35
DA:893,652
DA:894,652
DA:895,652
DA:896,652
DA:897,652
DA:898,652
DA:899,652
DA:900,652
DA:901,652
DA:902,652
DA:903,652
DA:904,652
DA:905,89
DA:906,89
DA:907,89
DA:908,563
DA:909,563
DA:910,352
DA:911,352
DA:912,352
DA:913,352
DA:914,1
DA:915,1
DA:916,298
DA:917,298
DA:918,20
DA:919,20
DA:920,20
DA:921,20
DA:922,19
DA:923,19
DA:924,20
DA:925,20
DA:926,20
DA:927,278
DA:928,278
DA:929,278
DA:930,278
DA:931,278
DA:932,278
DA:933,278
DA:934,278
DA:935,278
DA:936,278
DA:937,298
DA:938,1
DA:939,1
DA:940,31
DA:941,31
DA:942,1
DA:943,1
DA:944,20
DA:945,20
DA:946,1
DA:947,1
DA:948,3
DA:949,3
DA:950,1
DA:951,1
DA:952,5
DA:953,5
DA:954,1
DA:955,1
DA:956,59
DA:957,59
DA:958,59
DA:959,59
DA:960,59
DA:961,59
DA:962,59
DA:963,59
DA:964,59
DA:965,59
DA:966,59
DA:967,1
DA:968,1
DA:969,173
DA:970,173
DA:971,1
DA:972,1
DA:973,31
DA:974,31
DA:975,1
DA:976,1
DA:977,23
DA:978,23
DA:979,1
DA:980,1
DA:981,7
DA:982,7
DA:983,7
DA:984,7
DA:985,7
DA:986,7
DA:987,7
DA:988,7
DA:989,7
DA:990,7
DA:991,7
DA:992,7
DA:993,7
DA:994,7
DA:995,1
DA:996,1
DA:997,2
DA:998,2
DA:999,2
DA:1000,2
DA:1001,2
DA:1002,1
DA:1003,1
DA:1004,2
DA:1005,2
DA:1006,1
DA:1007,1
DA:1008,6
DA:1009,6
DA:1010,1
DA:1011,1
DA:1012,4
DA:1013,4
DA:1014,1
DA:1015,1
DA:1016,1
DA:1017,1
DA:1018,1
DA:1019,1
DA:1020,1
DA:1021,1
DA:1022,1
DA:1023,1
DA:1024,1
DA:1025,1
DA:1026,1
DA:1027,1
DA:1028,1
DA:1029,446
DA:1030,446
DA:1031,446
DA:1032,446
DA:1033,446
DA:1034,446
DA:1035,27
DA:1036,27
DA:1037,446
DA:1038,446
DA:1039,446
DA:1040,1
DA:1041,1
DA:1042,1
DA:1043,1
DA:1044,1
DA:1045,1
DA:1046,1
DA:1047,1
DA:1048,1
DA:1049,352
DA:1050,352
DA:1051,352
DA:1052,352
DA:1053,352
DA:1054,352
DA:1055,352
DA:1056,9517
DA:1057,65
DA:1058,65
DA:1059,65
DA:1060,9452
DA:1061,65
DA:1062,65
DA:1063,9387
DA:1064,192
DA:1065,192
DA:1066,9195
DA:1067,192
DA:1068,192
DA:1069,9517
DA:1070,9517
DA:1071,88
DA:1072,88
DA:1073,9429
DA:1074,9429
DA:1075,9429
DA:1076,9517
DA:1077,352
DA:1078,352
DA:1079,352
DA:1080,652
DA:1081,352
DA:1082,352
DA:1083,352
DA:1084,352
DA:1085,1
DA:1086,1
DA:1087,1133
DA:1088,1133
DA:1089,50
DA:1090,1133
DA:1091,1
DA:1092,1
DA:1093,1
DA:1094,1
DA:1095,1
DA:1096,1
DA:1097,1
DA:1098,950
DA:1099,950
DA:1100,950
DA:1101,950
DA:1102,91
DA:1103,91
DA:1104,91
DA:1105,91
DA:1106,91
DA:1107,91
DA:1108,91
DA:1109,91
DA:1110,91
DA:1111,91
DA:1112,91
DA:1113,91
DA:1114,91
DA:1115,950
DA:1116,950
DA:1117,950
DA:1118,1
DA:1119,1
DA:1120,1
DA:1121,1
DA:1122,1
DA:1123,1
DA:1124,1
DA:1125,1
DA:1126,950
DA:1127,950
DA:1128,950
DA:1129,950
DA:1130,13919
DA:1131,13919
DA:1132,13919
DA:1133,583
DA:1134,583
DA:1135,583
DA:1136,583
DA:1137,13336
DA:1138,83
DA:1139,83
DA:1140,83
DA:1141,13253
DA:1142,137
DA:1143,137
DA:1144,137
DA:1145,13919
DA:1146,950
DA:1147,950
DA:1148,950
DA:1149,1
LF:1149
LH:1131
BRDA:1,0,0,1
BRDA:15,1,0,56
BRDA:22,2,0,53
BRDA:23,3,0,3
BRDA:36,4,0,299
BRDA:63,5,0,1204
BRDA:70,6,0,298
BRDA:70,7,0,20
BRDA:70,8,0,20
BRDA:70,9,0,19
BRDA:55,10,0,1938
BRDA:85,11,0,56
BRDA:88,12,0,59
BRDA:90,13,0,3
BRDA:90,14,0,2
BRDA:93,15,0,57
BRDA:93,16,0,1
BRDA:93,17,0,1
BRDA:99,18,0,46
BRDA:100,19,0,13
BRDA:104,20,0,0
BRDA:117,21,0,299
BRDA:124,22,0,5083
BRDA:126,23,0,6290
BRDA:129,24,0,1207
BRDA:145,25,0,299
BRDA:146,26,0,969
BRDA:149,27,0,969
BRDA:152,28,0,1938
BRDA:164,29,0,299
BRDA:171,30,0,10
BRDA:172,31,0,289
BRDA:173,32,0,10
BRDA:182,33,0,2
BRDA:189,34,0,10
BRDA:193,35,0,12
BRDA:196,36,0,10
BRDA:205,37,0,299
BRDA:207,38,0,1196
BRDA:210,39,0,1196
BRDA:213,40,0,2392
BRDA:216,41,0,4784
BRDA:229,42,0,1503
BRDA:230,43,0,1202
BRDA:231,44,0,1202
BRDA:232,45,0,301
BRDA:237,46,0,32876
BRDA:240,47,0,622
BRDA:243,48,0,468
BRDA:247,49,0,32254
BRDA:247,50,0,622
BRDA:249,51,0,468
BRDA:260,52,0,301
BRDA:269,53,0,299
BRDA:272,54,0,959
BRDA:275,55,0,1938
BRDA:279,56,0,2897
BRDA:281,57,0,959
BRDA:284,58,0,4
BRDA:284,59,0,955
BRDA:301,60,0,299
BRDA:303,61,0,955
BRDA:305,62,0,50
BRDA:306,63,0,905
BRDA:311,64,0,9
BRDA:321,65,0,2186
BRDA:324,66,0,16580
BRDA:335,67,0,248
BRDA:338,68,0,1493
BRDA:348,69,0,299
BRDA:374,70,0,39
BRDA:351,71,0,905
BRDA:356,72,0,22
BRDA:357,73,0,20
BRDA:357,74,0,11
BRDA:365,75,0,883
BRDA:375,76,0,59
BRDA:389,77,0,299
BRDA:397,78,0,1196
BRDA:409,79,0,1196
BRDA:410,80,0,39
BRDA:412,81,0,9
BRDA:418,82,0,30
BRDA:413,83,0,29
BRDA:430,84,0,299
BRDA:433,85,0,1196
BRDA:434,86,0,8
BRDA:437,87,0,1188
BRDA:437,88,0,2
BRDA:438,89,0,4
BRDA:445,90,0,12
BRDA:462,91,0,234
BRDA:473,92,0,8174
BRDA:474,93,0,1
BRDA:477,94,0,8173
BRDA:478,95,0,233
BRDA:483,96,0,2496
BRDA:485,97,0,713
BRDA:486,98,0,1783
BRDA:487,99,0,82
BRDA:488,100,0,1701
BRDA:489,101,0,78
BRDA:490,102,0,1623
BRDA:491,103,0,266
BRDA:492,104,0,1357
BRDA:493,105,0,12
BRDA:494,106,0,1345
BRDA:495,107,0,63
BRDA:496,108,0,1282
BRDA:497,109,0,233
BRDA:500,110,0,1049
BRDA:505,111,0,713
BRDA:511,112,0,6544
BRDA:516,113,0,621
BRDA:517,114,0,5923
BRDA:522,115,0,50
BRDA:525,116,0,663
BRDA:526,117,0,47
BRDA:529,118,0,616
BRDA:538,119,0,6544
BRDA:539,120,0,6536
BRDA:539,121,0,4
BRDA:544,122,0,6540
BRDA:544,123,0,8
BRDA:544,124,0,4
BRDA:548,125,0,6536
BRDA:557,126,0,6544
BRDA:559,127,0,8
BRDA:560,128,0,6536
BRDA:562,129,0,44
BRDA:562,130,0,22
BRDA:565,131,0,6514
BRDA:566,132,0,22
BRDA:569,133,0,6492
BRDA:569,134,0,22
BRDA:572,135,0,6514
BRDA:574,136,0,3
BRDA:577,137,0,6511
BRDA:579,138,0,599
BRDA:582,139,0,82
BRDA:589,140,0,288
BRDA:589,141,0,287
BRDA:598,142,0,0
BRDA:609,143,0,78
BRDA:616,144,0,266
BRDA:620,145,0,42
BRDA:628,146,0,12
BRDA:635,147,0,63
BRDA:639,148,0,56
BRDA:650,149,0,234
BRDA:658,150,0,234
BRDA:663,151,0,1447
BRDA:666,152,0,1049
BRDA:671,153,0,266
BRDA:676,154,0,266
BRDA:679,155,0,49
BRDA:686,156,0,14
BRDA:686,157,0,5
BRDA:687,158,0,5
BRDA:688,159,0,44
BRDA:698,160,0,315
BRDA:701,161,0,33
BRDA:704,162,0,282
BRDA:709,163,0,7
BRDA:713,164,0,282
BRDA:715,165,0,33
BRDA:715,166,0,31
BRDA:715,167,0,3
BRDA:717,168,0,279
BRDA:720,169,0,282
BRDA:728,170,0,3
BRDA:749,171,0,594
BRDA:753,172,0,169
BRDA:753,173,0,501
BRDA:756,174,0,93
BRDA:757,175,0,32
BRDA:760,176,0,61
BRDA:760,177,0,57
BRDA:772,178,0,501
BRDA:776,179,0,9
BRDA:779,180,0,18
BRDA:793,181,0,32
BRDA:797,182,0,31
BRDA:799,183,0,12
BRDA:799,184,0,31
BRDA:802,185,0,1
BRDA:806,186,0,0
BRDA:806,187,0,0
BRDA:828,188,0,34
BRDA:832,189,0,229
BRDA:832,190,0,229
BRDA:834,191,0,225
BRDA:837,192,0,4
BRDA:845,193,0,32
BRDA:852,194,0,229
BRDA:854,195,0,42
BRDA:855,196,0,4
BRDA:858,197,0,38
BRDA:869,198,0,905
BRDA:872,199,0,0
BRDA:879,200,0,352
BRDA:881,201,0,652
BRDA:883,202,0,652
BRDA:885,203,0,35
BRDA:889,204,0,26
BRDA:889,205,0,9
BRDA:902,206,0,572
BRDA:902,207,0,80
BRDA:904,208,0,574
BRDA:904,209,0,494
BRDA:904,210,0,89
BRDA:908,211,0,563
BRDA:915,212,0,298
BRDA:917,213,0,20
BRDA:921,214,0,19
BRDA:921,215,0,19
BRDA:927,216,0,278
BRDA:929,217,0,278
BRDA:932,218,0,278
BRDA:939,219,0,31
BRDA:943,220,0,20
BRDA:947,221,0,3
BRDA:951,222,0,5
BRDA:955,223,0,59
BRDA:961,224,0,2
BRDA:961,225,0,57
BRDA:962,226,0,49
BRDA:968,227,0,173
BRDA:972,228,0,31
BRDA:976,229,0,23
BRDA:980,230,0,7
BRDA:983,231,0,7
BRDA:996,232,0,2
BRDA:1003,233,0,2
BRDA:1007,234,0,6
BRDA:1011,235,0,4
BRDA:1015,236,0,1
BRDA:1019,237,0,1
BRDA:1028,238,0,446
BRDA:1034,239,0,27
BRDA:1034,240,0,27
BRDA:1048,241,0,352
BRDA:1055,242,0,9517
BRDA:1056,243,0,9068
BRDA:1056,244,0,65
BRDA:1060,245,0,9452
BRDA:1060,246,0,449
BRDA:1060,247,0,65
BRDA:1063,248,0,9387
BRDA:1063,249,0,9003
BRDA:1063,250,0,192
BRDA:1066,251,0,9195
BRDA:1066,252,0,8811
BRDA:1066,253,0,192
BRDA:1070,254,0,388
BRDA:1070,255,0,301
BRDA:1070,256,0,88
BRDA:1073,257,0,9429
BRDA:1079,258,0,652
BRDA:1086,259,0,1133
BRDA:1088,260,0,1083
BRDA:1089,261,0,50
BRDA:1097,262,0,950
BRDA:1101,263,0,91
BRDA:1106,264,0,17
BRDA:1106,265,0,74
BRDA:1107,266,0,0
BRDA:1107,267,0,74
BRDA:1108,268,0,3
BRDA:1109,269,0,20
BRDA:1125,270,0,950
BRDA:1129,271,0,13919
BRDA:1132,272,0,583
BRDA:1134,273,0,545
BRDA:1134,274,0,503
BRDA:1134,275,0,0
BRDA:1134,276,0,503
BRDA:1134,277,0,38
BRDA:1135,278,0,83
BRDA:1137,279,0,13336
BRDA:1137,280,0,83
BRDA:1141,281,0,13253
BRDA:1141,282,0,137
BRF:283
BRH:276
end_of_record
TN:
SF:Sql.js
FN:10,log
FN:45,gsSQL
FN:80,parseTableSettings
FN:119,Sql
FN:138,addTableData
FN:163,copyTableData
FN:178,enableColumnTitle
FN:188,replaceColumnTableNameWith
FN:197,areColumnTitlesOutput
FN:206,addBindParameter
FN:215,getBindData
FN:224,addBindNamedRangeParameter
FN:236,setBindValues
FN:245,clearBindParameters
FN:281,execute
FN:311,loadSchema
FN:324,setTableAlias
FN:337,setTables
FN:346,getTables
FN:356,getTableAlias
FN:371,selectFromSubQuery
FN:391,selectJoinSubQuery
FN:422,getTableAliasFromJoin
FN:442,getTableAliasUnion
FN:469,getTableAliasWhereIn
FN:489,getTableAliasWhereTerms
FN:506,getReferencedTableNames
FN:520,getReferencedTableNamesFromAst
FN:543,extractAstTables
FN:557,getTableNamesFrom
FN:575,getTableNamesJoin
FN:595,isIterable
FN:608,getTableNamesUnion
FN:625,getTableNamesWhereIn
FN:642,getTableNamesWhereTerms
FN:655,getTableNamesWhereCondition
FN:676,getTableNamesCorrelatedSelect
FN:693,locateAstTableAlias
FN:719,select
FN:784,distinctField
FN:812,pivotField
FN:834,getUniquePivotData
FN:863,addCalculatedPivotFieldsToAst
FN:893,unionSets
FN:944,appendUniqueRows
FN:967,intersectRows
FN:989,exceptRows
FN:1018,BindData
FN:1025,clear
FN:1036,add
FN:1050,addList
FN:1061,get
FN:1069,getBindDataList
FNF:53
FNH:53
FNDA:30,log
FNDA:1,gsSQL
FNDA:17,parseTableSettings
FNDA:323,Sql
FNDA:282,addTableData
FNDA:15,copyTableData
FNDA:176,enableColumnTitle
FNDA:14,replaceColumnTableNameWith
FNDA:157,areColumnTitlesOutput
FNDA:40,addBindParameter
FNDA:157,getBindData
FNDA:12,addBindNamedRangeParameter
FNDA:149,setBindValues
FNDA:1,clearBindParameters
FNDA:325,execute
FNDA:325,loadSchema
FNDA:325,setTableAlias
FNDA:150,setTables
FNDA:172,getTables
FNDA:676,getTableAlias
FNDA:325,selectFromSubQuery
FNDA:325,selectJoinSubQuery
FNDA:676,getTableAliasFromJoin
FNDA:676,getTableAliasUnion
FNDA:676,getTableAliasWhereIn
FNDA:676,getTableAliasWhereTerms
FNDA:14,getReferencedTableNames
FNDA:34,getReferencedTableNamesFromAst
FNDA:92,extractAstTables
FNDA:92,getTableNamesFrom
FNDA:92,getTableNamesJoin
FNDA:638,isIterable
FNDA:92,getTableNamesUnion
FNDA:92,getTableNamesWhereIn
FNDA:92,getTableNamesWhereTerms
FNDA:21,getTableNamesWhereCondition
FNDA:92,getTableNamesCorrelatedSelect
FNDA:1319,locateAstTableAlias
FNDA:324,select
FNDA:323,distinctField
FNDA:323,pivotField
FNDA:6,getUniquePivotData
FNDA:6,addCalculatedPivotFieldsToAst
FNDA:303,unionSets
FNDA:4,appendUniqueRows
FNDA:1,intersectRows
FNDA:1,exceptRows
FNDA:437,BindData
FNDA:438,clear
FNDA:169,add
FNDA:114,addList
FNDA:166,get
FNDA:271,getBindDataList
DA:1,1
DA:2,1
DA:3,1
DA:4,1
DA:5,1
DA:6,1
DA:7,1
DA:8,1
DA:9,1
DA:10,1
DA:11,30
DA:12,30
DA:13,1
DA:14,1
DA:15,1
DA:16,1
DA:17,1
DA:18,1
DA:19,1
DA:20,1
DA:21,1
DA:22,1
DA:23,1
DA:24,1
DA:25,1
DA:26,1
DA:27,1
DA:28,1
DA:29,1
DA:30,1
DA:31,1
DA:32,1
DA:33,1
DA:34,1
DA:35,1
DA:36,1
DA:37,1
DA:38,1
DA:39,1
DA:40,1
DA:41,1
DA:42,1
DA:43,1
DA:44,1
DA:45,1
DA:46,1
DA:47,1
DA:48,1
DA:49,1
DA:50,1
DA:51,1
DA:52,0
DA:53,0
DA:54,1
DA:55,1
DA:56,1
DA:57,1
DA:58,1
DA:59,1
DA:60,1
DA:61,1
DA:62,1
DA:63,1
DA:64,1
DA:65,1
DA:66,1
DA:67,1
DA:68,1
DA:69,1
DA:70,1
DA:71,1
DA:72,1
DA:73,1
DA:74,1
DA:75,1
DA:76,1
DA:77,1
DA:78,1
DA:79,1
DA:80,17
DA:81,17
DA:82,17
DA:83,17
DA:84,17
DA:85,17
DA:86,14
DA:87,14
DA:88,17
DA:89,17
DA:90,0
DA:91,0
DA:92,17
DA:93,17
DA:94,17
DA:95,36
DA:96,36
DA:97,36
DA:98,36
DA:99,36
DA:100,36
DA:101,36
DA:102,36
DA:103,36
DA:104,36
DA:105,35
DA:106,35
DA:107,35
DA:108,16
DA:109,16
DA:110,16
DA:111,16
DA:112,17
DA:113,16
DA:114,16
DA:115,17
DA:116,1
DA:117,1
DA:118,1
DA:119,1
DA:120,323
DA:121,323
DA:122,323
DA:123,323
DA:124,323
DA:125,323
DA:126,323
DA:127,323
DA:128,323
DA:129,1
DA:130,1
DA:131,1
DA:132,1
DA:133,1
DA:134,1
DA:135,1
DA:136,1
DA:137,1
DA:138,1
DA:139,282
DA:140,282
DA:141,282
DA:142,275
DA:143,275
DA:144,275
DA:145,275
DA:146,7
DA:147,7
DA:148,7
DA:149,7
DA:150,7
DA:151,280
DA:152,280
DA:153,280
DA:154,280
DA:155,282
DA:156,1
DA:157,1
DA:158,1
DA:159,1
DA:160,1
DA:161,1
DA:162,1
DA:163,1
DA:164,15
DA:165,15
DA:166,33
DA:167,33
DA:168,33
DA:169,15
DA:170,15
DA:171,15
DA:172,1
DA:173,1
DA:174,1
DA:175,1
DA:176,1
DA:177,1
DA:178,1
DA:179,176
DA:180,176
DA:181,176
DA:182,1
DA:183,1
DA:184,1
DA:185,1
DA:186,1
DA:187,1
DA:188,1
DA:189,14
DA:190,14
DA:191,14
DA:192,1
DA:193,1
DA:194,1
DA:195,1
DA:196,1
DA:197,1
DA:198,157
DA:199,157
DA:200,1
DA:201,1
DA:202,1
DA:203,1
DA:204,1
DA:205,1
DA:206,1
DA:207,40
DA:208,40
DA:209,40
DA:210,1
DA:211,1
DA:212,1
DA:213,1
DA:214,1
DA:215,1
DA:216,157
DA:217,157
DA:218,1
DA:219,1
DA:220,1
DA:221,1
DA:222,1
DA:223,1
DA:224,1
DA:225,12
DA:226,12
DA:227,12
DA:228,12
DA:229,12
DA:230,1
DA:231,1
DA:232,1
DA:233,1
DA:234,1
DA:235,1
DA:236,1
DA:237,149
DA:238,149
DA:239,149
DA:240,1
DA:241,1
DA:242,1
DA:243,1
DA:244,1
DA:245,1
DA:246,1
DA:247,1
DA:248,1
DA:249,1
DA:250,1
DA:251,1
DA:252,1
DA:253,1
DA:254,1
DA:255,1
DA:256,1
DA:257,1
DA:258,1
DA:259,1
DA:260,1
DA:261,1
DA:262,1
DA:263,1
DA:264,1
DA:265,1
DA:266,1
DA:267,1
DA:268,1
DA:269,1
DA:270,1
DA:271,1
DA:272,1
DA:273,1
DA:274,1
DA:275,1
DA:276,1
DA:277,1
DA:278,1
DA:279,1
DA:280,1
DA:281,1
DA:282,325
DA:283,325
DA:284,325
DA:285,158
DA:286,158
DA:287,167
DA:288,167
DA:289,167
DA:290,325
DA:291,325
DA:292,325
DA:293,325
DA:294,325
DA:295,325
DA:296,325
DA:297,325
DA:298,325
DA:299,325
DA:300,325
DA:301,1
DA:302,1
DA:303,302
DA:304,302
DA:305,325
DA:306,1
DA:307,1
DA:308,1
DA:309,1
DA:310,1
DA:311,1
DA:312,325
DA:313,325
DA:314,492
DA:315,492
DA:316,492
DA:317,325
DA:318,1
DA:319,1
DA:320,1
DA:321,1
DA:322,1
DA:323,1
DA:324,1
DA:325,325
DA:326,325
DA:327,492
DA:328,492
DA:329,492
DA:330,492
DA:331,325
DA:332,1
DA:333,1
DA:334,1
DA:335,1
DA:336,1
DA:337,1
DA:338,150
DA:339,150
DA:340,150
DA:341,1
DA:342,1
DA:343,1
DA:344,1
DA:345,1
DA:346,1
DA:347,172
DA:348,172
DA:349,1
DA:350,1
DA:351,1
DA:352,1
DA:353,1
DA:354,1
DA:355,1
DA:356,1
DA:357,676
DA:358,676
DA:359,676
DA:360,676
DA:361,676
DA:362,676
DA:363,676
DA:364,676
DA:365,676
DA:366,676
DA:367,1
DA:368,1
DA:369,1
DA:370,1
DA:371,1
DA:372,325
DA:373,13
DA:374,13
DA:375,13
DA:376,13
DA:377,13
DA:378,13
DA:379,13
DA:380,12
DA:381,12
DA:382,13
DA:383,13
DA:384,0
DA:385,0
DA:386,13
DA:387,13
DA:388,13
DA:389,325
DA:390,1
DA:391,1
DA:392,325
DA:393,33
DA:394,50
DA:395,1
DA:396,1
DA:397,1
DA:398,1
DA:399,1
DA:400,1
DA:401,1
DA:402,1
DA:403,1
DA:404,1
DA:405,1
DA:406,0
DA:407,0
DA:408,1
DA:409,1
DA:410,1
DA:411,50
DA:412,33
DA:413,325
DA:414,1
DA:415,1
DA:416,1
DA:417,1
DA:418,1
DA:419,1
DA:420,1
DA:421,1
DA:422,1
DA:423,676
DA:424,676
DA:425,676
DA:426,676
DA:427,676
DA:428,1319
DA:429,1319
DA:430,1319
DA:431,676
DA:432,676
DA:433,676
DA:434,1
DA:435,1
DA:436,1
DA:437,1
DA:438,1
DA:439,1
DA:440,1
DA:441,1
DA:442,1
DA:443,676
DA:444,676
DA:445,676
DA:446,676
DA:447,676
DA:448,2541
DA:449,23
DA:450,29
DA:451,29
DA:452,29
DA:453,29
DA:454,29
DA:455,23
DA:456,2541
DA:457,2541
DA:458,676
DA:459,676
DA:460,676
DA:461,1
DA:462,1
DA:463,1
DA:464,1
DA:465,1
DA:466,1
DA:467,1
DA:468,1
DA:469,1
DA:470,676
DA:471,676
DA:472,29
DA:473,29
DA:474,676
DA:475,676
DA:476,11
DA:477,11
DA:478,676
DA:479,676
DA:480,676
DA:481,1
DA:482,1
DA:483,1
DA:484,1
DA:485,1
DA:486,1
DA:487,1
DA:488,1
DA:489,1
DA:490,676
DA:491,676
DA:492,55
DA:493,118
DA:494,118
DA:495,118
DA:496,55
DA:497,676
DA:498,676
DA:499,676
DA:500,1
DA:501,1
DA:502,1
DA:503,1
DA:504,1
DA:505,1
DA:506,1
DA:507,14
DA:508,14
DA:509,14
DA:510,1
DA:511,1
DA:512,1
DA:513,1
DA:514,1
DA:515,1
DA:516,1
DA:517,1
DA:518,1
DA:519,1
DA:520,1
DA:521,34
DA:522,34
DA:523,34
DA:524,34
DA:525,34
DA:526,34
DA:527,34
DA:528,34
DA:529,34
DA:530,50
DA:531,50
DA:532,50
DA:533,50
DA:534,34
DA:535,34
DA:536,34
DA:537,1
DA:538,1
DA:539,1
DA:540,1
DA:541,1
DA:542,1
DA:543,1
DA:544,92
DA:545,92
DA:546,92
DA:547,92
DA:548,92
DA:549,92
DA:550,92
DA:551,1
DA:552,1
DA:553,1
DA:554,1
DA:555,1
DA:556,1
DA:557,1
DA:558,92
DA:559,92
DA:560,87
DA:561,78
DA:562,78
DA:563,9
DA:564,9
DA:565,9
DA:566,87
DA:567,87
DA:568,92
DA:569,1
DA:570,1
DA:571,1
DA:572,1
DA:573,1
DA:574,1
DA:575,1
DA:576,92
DA:577,92
DA:578,92
DA:579,6
DA:580,92
DA:581,9
DA:582,8
DA:583,8
DA:584,1
DA:585,1
DA:586,1
DA:587,9
DA:588,92
DA:589,1
DA:590,1
DA:591,1
DA:592,1
DA:593,1
DA:594,1
DA:595,1
DA:596,638
DA:597,0
DA:598,0
DA:599,638
DA:600,638
DA:601,638
DA:602,1
DA:603,1
DA:604,1
DA:605,1
DA:606,1
DA:607,1
DA:608,1
DA:609,92
DA:610,92
DA:611,92
DA:612,368
DA:613,1
DA:614,1
DA:615,1
DA:616,1
DA:617,368
DA:618,92
DA:619,1
DA:620,1
DA:621,1
DA:622,1
DA:623,1
DA:624,1
DA:625,1
DA:626,92
DA:627,92
DA:628,92
DA:629,4
DA:630,4
DA:631,92
DA:632,92
DA:633,3
DA:634,3
DA:635,92
DA:636,1
DA:637,1
DA:638,1
DA:639,1
DA:640,1
DA:641,1
DA:642,1
DA:643,92
DA:644,4
DA:645,9
DA:646,9
DA:647,4
DA:648,92
DA:649,1
DA:650,1
DA:651,1
DA:652,1
DA:653,1
DA:654,1
DA:655,1
DA:656,21
DA:657,21
DA:658,10
DA:659,10
DA:660,21
DA:661,21
DA:662,5
DA:663,5
DA:664,21
DA:665,1
DA:666,2
DA:667,2
DA:668,1
DA:669,21
DA:670,1
DA:671,1
DA:672,1
DA:673,1
DA:674,1
DA:675,1
DA:676,1
DA:677,92
DA:678,78
DA:679,110
DA:680,1
DA:681,1
DA:682,110
DA:683,78
DA:684,92
DA:685,1
DA:686,1
DA:687,1
DA:688,1
DA:689,1
DA:690,1
DA:691,1
DA:692,1
DA:693,1
DA:694,1319
DA:695,1319
DA:696,638
DA:697,638
DA:698,1319
DA:699,80
DA:700,80
DA:701,638
DA:702,1319
DA:703,710
DA:704,40
DA:705,40
DA:706,710
DA:707,598
DA:708,598
DA:709,1319
DA:710,1
DA:711,1
DA:712,1
DA:713,1
DA:714,1
DA:715,1
DA:716,1
DA:717,1
DA:718,1
DA:719,1
DA:720,324
DA:721,324
DA:722,324
DA:723,324
DA:724,324
DA:725,324
DA:726,323
DA:727,323
DA:728,323
DA:729,323
DA:730,323
DA:731,323
DA:732,323
DA:733,323
DA:734,323
DA:735,323
DA:736,323
DA:737,323
DA:738,323
DA:739,323
DA:740,323
DA:741,323
DA:742,323
DA:743,323
DA:744,323
DA:745,323
DA:746,323
DA:747,323
DA:748,323
DA:749,323
DA:750,323
DA:751,323
DA:752,323
DA:753,323
DA:754,323
DA:755,324
DA:756,2
DA:757,2
DA:758,2
DA:759,2
DA:760,303
DA:761,303
DA:762,303
DA:763,303
DA:764,324
DA:765,143
DA:766,143
DA:767,302
DA:768,324
DA:769,7
DA:770,7
DA:771,302
DA:772,324
DA:773,8
DA:774,8
DA:775,302
DA:776,302
DA:777,324
DA:778,1
DA:779,1
DA:780,1
DA:781,1
DA:782,1
DA:783,1
DA:784,1
DA:785,323
DA:786,323
DA:787,323
DA:788,323
DA:789,323
DA:790,7
DA:791,7
DA:792,7
DA:793,7
DA:794,7
DA:795,7
DA:796,7
DA:797,7
DA:798,7
DA:799,7
DA:800,7
DA:801,7
DA:802,323
DA:803,323
DA:804,323
DA:805,323
DA:806,1
DA:807,1
DA:808,1
DA:809,1
DA:810,1
DA:811,1
DA:812,1
DA:813,323
DA:814,323
DA:815,7
DA:816,7
DA:817,7
DA:818,316
DA:819,316
DA:820,6
DA:821,6
DA:822,6
DA:823,6
DA:824,6
DA:825,6
DA:826,6
DA:827,323
DA:828,1
DA:829,1
DA:830,1
DA:831,1
DA:832,1
DA:833,1
DA:834,1
DA:835,6
DA:836,6
DA:837,6
DA:838,6
DA:839,6
DA:840,6
DA:841,6
DA:842,6
DA:843,6
DA:844,6
DA:845,6
DA:846,6
DA:847,6
DA:848,6
DA:849,6
DA:850,6
DA:851,6
DA:852,1
DA:853,1
DA:854,1
DA:855,1
DA:856,1
DA:857,1
DA:858,1
DA:859,1
DA:860,1
DA:861,1
DA:862,1
DA:863,1
DA:864,6
DA:865,6
DA:866,6
DA:867,17
DA:868,17
DA:869,17
DA:870,17
DA:871,11
DA:872,11
DA:873,11
DA:874,44
DA:875,44
DA:876,44
DA:877,44
DA:878,11
DA:879,6
DA:880,6
DA:881,17
DA:882,6
DA:883,6
DA:884,6
DA:885,1
DA:886,1
DA:887,1
DA:888,1
DA:889,1
DA:890,1
DA:891,1
DA:892,1
DA:893,1
DA:894,303
DA:895,303
DA:896,303
DA:897,303
DA:898,1209
DA:899,9
DA:900,9
DA:901,9
DA:902,9
DA:903,11
DA:904,11
DA:905,11
DA:906,10
DA:907,10
DA:908,11
DA:909,4
DA:910,4
DA:911,4
DA:912,11
DA:913,11
DA:914,4
DA:915,4
DA:916,4
DA:917,11
DA:918,11
DA:919,1
DA:920,1
DA:921,1
DA:922,11
DA:923,11
DA:924,1
DA:925,1
DA:926,1
DA:927,11
DA:928,11
DA:929,0
DA:930,11
DA:931,11
DA:932,8
DA:933,1209
DA:934,302
DA:935,302
DA:936,303
DA:937,1
DA:938,1
DA:939,1
DA:940,1
DA:941,1
DA:942,1
DA:943,1
DA:944,1
DA:945,4
DA:946,4
DA:947,4
DA:948,13
DA:949,13
DA:950,4
DA:951,4
DA:952,22
DA:953,22
DA:954,20
DA:955,20
DA:956,20
DA:957,22
DA:958,4
DA:959,4
DA:960,1
DA:961,1
DA:962,1
DA:963,1
DA:964,1
DA:965,1
DA:966,1
DA:967,1
DA:968,1
DA:969,1
DA:970,1
DA:971,1
DA:972,10
DA:973,10
DA:974,1
DA:975,1
DA:976,5
DA:977,1
DA:978,1
DA:979,5
DA:980,1
DA:981,1
DA:982,1
DA:983,1
DA:984,1
DA:985,1
DA:986,1
DA:987,1
DA:988,1
DA:989,1
DA:990,1
DA:991,1
DA:992,1
DA:993,5
DA:994,5
DA:995,5
DA:996,1
DA:997,1
DA:998,1
DA:999,2
DA:1000,2
DA:1001,2
DA:1002,2
DA:1003,2
DA:1004,1
DA:1005,1
DA:1006,1
DA:1007,2
DA:1008,2
DA:1009,1
DA:1010,1
DA:1011,1
DA:1012,1
DA:1013,1
DA:1014,1
DA:1015,1
DA:1016,1
DA:1017,1
DA:1018,1
DA:1019,437
DA:1020,437
DA:1021,1
DA:1022,1
DA:1023,1
DA:1024,1
DA:1025,1
DA:1026,438
DA:1027,438
DA:1028,438
DA:1029,438
DA:1030,1
DA:1031,1
DA:1032,1
DA:1033,1
DA:1034,1
DA:1035,1
DA:1036,1
DA:1037,169
DA:1038,169
DA:1039,169
DA:1040,169
DA:1041,169
DA:1042,169
DA:1043,169
DA:1044,169
DA:1045,1
DA:1046,1
DA:1047,1
DA:1048,1
DA:1049,1
DA:1050,1
DA:1051,114
DA:1052,3
DA:1053,3
DA:1054,114
DA:1055,1
DA:1056,1
DA:1057,1
DA:1058,1
DA:1059,1
DA:1060,1
DA:1061,1
DA:1062,166
DA:1063,166
DA:1064,1
DA:1065,1
DA:1066,1
DA:1067,1
DA:1068,1
DA:1069,1
DA:1070,271
DA:1071,271
DA:1072,1
LF:1072
LH:1061
BRDA:1,0,0,1
BRDA:10,1,0,30
BRDA:45,2,0,1
BRDA:51,3,0,0
BRDA:80,4,0,17
BRDA:85,5,0,14
BRDA:85,6,0,14
BRDA:89,7,0,0
BRDA:94,8,0,36
BRDA:96,9,0,1
BRDA:98,10,0,2
BRDA:100,11,0,5
BRDA:102,12,0,0
BRDA:104,13,0,1
BRDA:105,14,0,35
BRDA:108,15,0,16
BRDA:112,16,0,1
BRDA:113,17,0,16
BRDA:119,18,0,323
BRDA:138,19,0,282
BRDA:141,20,0,275
BRDA:146,21,0,7
BRDA:151,22,0,280
BRDA:163,23,0,15
BRDA:165,24,0,33
BRDA:178,25,0,176
BRDA:188,26,0,14
BRDA:197,27,0,157
BRDA:206,28,0,40
BRDA:215,29,0,157
BRDA:224,30,0,12
BRDA:236,31,0,149
BRDA:245,32,0,1
BRDA:281,33,0,325
BRDA:284,34,0,158
BRDA:287,35,0,167
BRDA:300,36,0,324
BRDA:301,37,0,1
BRDA:303,38,0,302
BRDA:311,39,0,325
BRDA:313,40,0,492
BRDA:324,41,0,325
BRDA:326,42,0,492
BRDA:337,43,0,150
BRDA:346,44,0,172
BRDA:356,45,0,676
BRDA:371,46,0,325
BRDA:372,47,0,324
BRDA:372,48,0,13
BRDA:379,49,0,12
BRDA:383,50,0,0
BRDA:391,51,0,325
BRDA:392,52,0,33
BRDA:393,53,0,50
BRDA:394,54,0,1
BRDA:405,55,0,0
BRDA:422,56,0,676
BRDA:427,57,0,1955
BRDA:427,58,0,1319
BRDA:442,59,0,676
BRDA:447,60,0,3176
BRDA:447,61,0,2541
BRDA:448,62,0,23
BRDA:449,63,0,29
BRDA:453,64,0,1
BRDA:469,65,0,676
BRDA:471,66,0,635
BRDA:471,67,0,316
BRDA:471,68,0,29
BRDA:475,69,0,635
BRDA:475,70,0,11
BRDA:489,71,0,676
BRDA:491,72,0,633
BRDA:491,73,0,316
BRDA:491,74,0,55
BRDA:492,75,0,118
BRDA:494,76,0,115
BRDA:506,77,0,14
BRDA:520,78,0,34
BRDA:529,79,0,50
BRDA:543,80,0,92
BRDA:557,81,0,92
BRDA:559,82,0,87
BRDA:560,83,0,78
BRDA:561,84,0,0
BRDA:563,85,0,9
BRDA:575,86,0,92
BRDA:578,87,0,86
BRDA:579,88,0,6
BRDA:580,89,0,9
BRDA:581,90,0,8
BRDA:582,91,0,0
BRDA:584,92,0,1
BRDA:588,93,0,6
BRDA:595,94,0,638
BRDA:596,95,0,0
BRDA:608,96,0,92
BRDA:611,97,0,368
BRDA:612,98,0,1
BRDA:625,99,0,92
BRDA:628,100,0,46
BRDA:628,101,0,4
BRDA:632,102,0,3
BRDA:642,103,0,92
BRDA:643,104,0,46
BRDA:643,105,0,4
BRDA:644,106,0,9
BRDA:655,107,0,21
BRDA:656,108,0,20
BRDA:656,109,0,1
BRDA:657,110,0,10
BRDA:660,111,0,17
BRDA:660,112,0,4
BRDA:661,113,0,5
BRDA:664,114,0,1
BRDA:665,115,0,2
BRDA:676,116,0,92
BRDA:677,117,0,78
BRDA:678,118,0,110
BRDA:679,119,0,3
BRDA:679,120,0,1
BRDA:693,121,0,1319
BRDA:695,122,0,681
BRDA:696,123,0,638
BRDA:698,124,0,80
BRDA:701,125,0,638
BRDA:702,126,0,710
BRDA:703,127,0,709
BRDA:703,128,0,399
BRDA:703,129,0,40
BRDA:707,130,0,598
BRDA:719,131,0,324
BRDA:725,132,0,1
BRDA:726,133,0,323
BRDA:755,134,0,2
BRDA:760,135,0,303
BRDA:764,136,0,143
BRDA:767,137,0,302
BRDA:768,138,0,7
BRDA:771,139,0,302
BRDA:772,140,0,122
BRDA:772,141,0,8
BRDA:775,142,0,302
BRDA:784,143,0,323
BRDA:789,144,0,7
BRDA:812,145,0,323
BRDA:814,146,0,7
BRDA:816,147,0,1
BRDA:818,148,0,316
BRDA:820,149,0,6
BRDA:834,150,0,6
BRDA:863,151,0,6
BRDA:866,152,0,17
BRDA:870,153,0,11
BRDA:870,154,0,11
BRDA:873,155,0,44
BRDA:875,156,0,24
BRDA:875,157,0,20
BRDA:879,158,0,6
BRDA:893,159,0,303
BRDA:897,160,0,1209
BRDA:898,161,0,9
BRDA:902,162,0,11
BRDA:905,163,0,1
BRDA:906,164,0,10
BRDA:908,165,0,4
BRDA:913,166,0,4
BRDA:918,167,0,1
BRDA:923,168,0,1
BRDA:928,169,0,0
BRDA:932,170,0,8
BRDA:934,171,0,302
BRDA:944,172,0,4
BRDA:947,173,0,13
BRDA:951,174,0,22
BRDA:953,175,0,20
BRDA:967,176,0,1
BRDA:971,177,0,10
BRDA:975,178,0,5
BRDA:976,179,0,1
BRDA:989,180,0,1
BRDA:992,181,0,5
BRDA:998,182,0,2
BRDA:1006,183,0,2
BRDA:1005,184,0,1
BRDA:1018,185,0,437
BRDA:1025,186,0,438
BRDA:1036,187,0,169
BRDA:1050,188,0,114
BRDA:1051,189,0,3
BRDA:1061,190,0,166
BRDA:1062,191,0,0
BRDA:1069,192,0,271
BRF:193
BRH:183
end_of_record
TN:
SF:SqlTest.js
FN:16,CacheService
FN:20,<static_initializer>
FN:22,getScriptCache
FN:29,get
FN:42,put
FN:47,putAll
FN:53,remove
FN:61,cacheItem
FN:67,isExpired
FN:78,PropertiesService
FN:82,<static_initializer>
FN:84,getScriptProperties
FN:91,getProperty
FN:104,deleteProperty
FN:109,setProperty
FN:114,getKeys
FN:120,<static_initializer>
FN:122,getScriptLock
FN:126,waitLock
FN:141,releaseLock
FN:147,getActiveSpreadsheet
FN:151,getRangeByName
FN:158,getSheetByName
FN:167,Sheet
FN:171,getLastColumn
FN:179,getLastRow
FN:187,getSheetValues
FN:200,Range
FN:204,getValues
FN:208,getValue
FN:213,getMockData
FN:234,sleep
FN:246,log
FN:256,SQLselfTest
FN:262,SqlLiveDataTest
FN:274,onOpen
FN:305,customMenuGenerateTests
FN:319,isEqual
FN:339,TestedStatements
FN:359,getTableDefinitionString
FN:390,TestSql
FN:399,execute
FN:419,generateTestCustomFunctions
FN:499,makeCustomFormulaString
FN:531,makeTestResultFormulaString
FN:557,bookTable
FN:586,bookSalesTable
FN:617,bookReturnsTable
FN:648,customerTable
FN:676,authorsTable
FN:701,editorsTable
FN:732,translatorsTable
FN:743,masterTransactionsTable
FN:773,yearlySalesTable
FN:785,selectAll1
FN:789,selectAllCase1
FN:793,selectIsNotNull1
FN:797,selectAllAuthors
FN:813,selectIsNull1
FN:827,innerJoin1a
FN:837,innerJoin1case
FN:847,innerJoin1
FN:867,innerJoin2
FN:893,innerJoinAlias1
FN:919,innerJoinAlias2
FN:965,join2a
FN:974,join2b
FN:984,join2
FN:1002,join3
FN:1029,joinLimit1
FN:1053,leftJoin1
FN:1084,rightJoin1
FN:1115,rightJoin2
FN:1143,fullJoin1
FN:1175,fullJoin2
FN:1205,fullJoin3
FN:1240,whereIn1
FN:1265,whereIn2
FN:1285,whereIn3
FN:1303,whereIn4
FN:1329,whereIn5
FN:1355,whereIn6
FN:1373,whereIn7
FN:1392,whereNotIn1
FN:1410,whereAndOr1
FN:1429,whereAndOr2
FN:1451,whereAndOr3
FN:1478,whereAndNotEqual2
FN:1484,whereAndNotEqual3
FN:1489,whereAndNotEqual2base
FN:1512,selectAgainNewBinds1
FN:1550,groupBy1
FN:1570,groupBy2
FN:1587,groupBy3
FN:1609,groupBy4
FN:1632,avgSelect1
FN:1645,funcsSelect2
FN:1659,innerSelect1
FN:1679,whereLike1
FN:1706,whereLike2
FN:1733,whereNotLike1
FN:1759,union1
FN:1787,unionAlias1
FN:1815,unionBind1
FN:1836,unionAll1
FN:1865,unionAll2
FN:1899,unionJoin1
FN:1937,except1
FN:1954,intersect1
FN:1969,orderByDesc1
FN:1992,orderByDesc2
FN:2015,orderByDesc3
FN:2034,distinct1
FN:2056,selectMath1
FN:2079,selectMathFunc1
FN:2102,selectMathFunc2
FN:2124,selectFuncs2
FN:2144,selectFuncs3
FN:2164,selectFuncs4
FN:2184,selectFuncs5
FN:2214,selectFuncs6
FN:2237,selectFuncs7
FN:2257,selectFuncInFunc1
FN:2277,selectFuncInFunc2
FN:2297,selectIF1
FN:2329,selectIF2
FN:2353,selectIF3
FN:2377,selectIF4
FN:2401,selectWhereCalc1
FN:2417,selectWhereCalc2
FN:2435,selectCase1
FN:2466,selectCase2
FN:2498,selectAlias1
FN:2516,liveTest1
FN:2536,liveTest2
FN:2552,groupPivot1
FN:2569,groupPivot2
FN:2586,groupPivot3
FN:2606,groupFunc1
FN:2623,groupFunc2
FN:2636,selectInGroupByPivot1
FN:2654,selectInGroupByPivot2
FN:2672,selectInGroupByPivot3
FN:2690,selectCount1
FN:2704,selectCount2
FN:2720,selectCount3
FN:2734,selectCount4
FN:2748,selectCount5
FN:2762,selectCount6
FN:2780,selectGroupByNotInSelect
FN:2798,selectGroupByNotInSelect2
FN:2818,selectOrderByNotInSelect
FN:2841,selectCoalesce
FN:2860,selectConcat_Ws
FN:2876,selectConcat_Ws2
FN:2895,selectNoTitle1
FN:2928,selectNested
FN:2945,selectNested2
FN:2962,selectCorrelatedSubQuery1
FN:2985,selectCorrelatedSubQuery2
FN:3002,selectCorrelatedSubQuery3
FN:3018,selectCorrelatedSubQuery4
FN:3035,selectCorrelatedSubQuery5
FN:3053,selectCorrelatedSubQuery6
FN:3069,selectCorrelatedSubQuery7
FN:3085,selectCorrelatedSubQuery8
FN:3103,selectCorrelatedSubQuery9
FN:3124,selectCorrelatedSubQuery10
FN:3141,selectCorrelatedSubQuery11
FN:3158,selectFromSubQuery1
FN:3176,selectFromSubQuery2
FN:3194,selectFromSubQuery3
FN:3209,selectFromSubQuery4
FN:3229,selectFromSubQuery5
FN:3249,selectFromSubQuery6
FN:3266,selectFromSubQuery7
FN:3284,selectConvertFunction
FN:3304,selectJoinMultipleConditions
FN:3338,selectJoinMultipleConditions2
FN:3372,selectJoinLeftRightSwitchedInCondition
FN:3395,selectJoinMultipleConditions3
FN:3409,selectSingleQuoteDataWithCalculation
FN:3423,selectGroupByCalculatedField
FN:3440,selectGroupByCalculatedFieldNotInSelectFieldList
FN:3457,selectGroupByCalculatedField2
FN:3477,selectOrderByCalculated
FN:3500,selectOrderByCalculated2
FN:3526,parseTableSettings1
FN:3535,parseTableSettings2
FN:3543,parseTableSettings3
FN:3562,parseTableSettings4
FN:3571,parseTableSettings5
FN:3586,parseTableSettings6
FN:3598,parseTableSettings7
FN:3609,parseTableSettings8
FN:3619,parseTableSettings9
FN:3629,parseTableSettings10
FN:3639,parseTableSettings11
FN:3649,parseTableSettings12
FN:3663,parseTableSettings13
FN:3673,parseTableSettings14
FN:3682,parseTableSettings15
FN:3693,testTableData1
FN:3731,testTableData
FN:3804,selectBadTable1
FN:3823,selectBadMath1
FN:3841,selectBadField1
FN:3859,selectBadField1a
FN:3878,selectBadField2
FN:3896,selectBadField3
FN:3914,selectBadField4
FN:3932,selectBadOp1
FN:3950,selectBadAs1
FN:3968,selectBadConstant1
FN:3986,selectBadConstant2
FN:4004,nonSelect1
FN:4022,badJoin1
FN:4045,badJoin2
FN:4068,badJoin3
FN:4091,badOrderBy1
FN:4110,badOrderBy2
FN:4129,bindVariableMissing
FN:4149,bindVariableMissing1
FN:4169,selectNoFrom
FN:4187,selectNoTitles
FN:4208,selectFromSubQueryNoAlias
FN:4226,badParseTableSettings1
FN:4238,pivotGroupByMissing
FN:4258,badUnion1
FN:4277,badFieldNames1
FN:4299,isFail
FN:4312,isEqual
FN:4352,testerSql
FNF:233
FNH:220
FNDA:1,CacheService
FNDA:1,<static_initializer>
FNDA:21,getScriptCache
FNDA:23,get
FNDA:10,put
FNDA:2,putAll
FNDA:1,remove
FNDA:13,cacheItem
FNDA:21,isExpired
FNDA:1,PropertiesService
FNDA:1,<static_initializer>
FNDA:3,getScriptProperties
FNDA:8,getProperty
FNDA:0,deleteProperty
FNDA:3,setProperty
FNDA:2,getKeys
FNDA:1,<static_initializer>
FNDA:6,getScriptLock
FNDA:6,waitLock
FNDA:6,releaseLock
FNDA:8,getActiveSpreadsheet
FNDA:6,getRangeByName
FNDA:2,getSheetByName
FNDA:2,Sheet
FNDA:1,getLastColumn
FNDA:1,getLastRow
FNDA:5,getSheetValues
FNDA:6,Range
FNDA:3,getValues
FNDA:2,getValue
FNDA:11,getMockData
FNDA:1,sleep
FNDA:203,log
FNDA:0,SQLselfTest
FNDA:0,SqlLiveDataTest
FNDA:0,onOpen
FNDA:0,customMenuGenerateTests
FNDA:0,isEqual
FNDA:134,TestedStatements
FNDA:0,getTableDefinitionString
FNDA:157,TestSql
FNDA:157,execute
FNDA:0,generateTestCustomFunctions
FNDA:0,makeCustomFormulaString
FNDA:0,makeTestResultFormulaString
FNDA:32,bookTable
FNDA:96,bookSalesTable
FNDA:6,bookReturnsTable
FNDA:28,customerTable
FNDA:34,authorsTable
FNDA:23,editorsTable
FNDA:8,translatorsTable
FNDA:13,masterTransactionsTable
FNDA:1,yearlySalesTable
FNDA:1,selectAll1
FNDA:1,selectAllCase1
FNDA:1,selectIsNotNull1
FNDA:3,selectAllAuthors
FNDA:1,selectIsNull1
FNDA:1,innerJoin1a
FNDA:1,innerJoin1case
FNDA:2,innerJoin1
FNDA:1,innerJoin2
FNDA:1,innerJoinAlias1
FNDA:1,innerJoinAlias2
FNDA:1,join2a
FNDA:1,join2b
FNDA:2,join2
FNDA:1,join3
FNDA:1,joinLimit1
FNDA:1,leftJoin1
FNDA:1,rightJoin1
FNDA:1,rightJoin2
FNDA:1,fullJoin1
FNDA:1,fullJoin2
FNDA:1,fullJoin3
FNDA:1,whereIn1
FNDA:1,whereIn2
FNDA:1,whereIn3
FNDA:1,whereIn4
FNDA:1,whereIn5
FNDA:1,whereIn6
FNDA:1,whereIn7
FNDA:1,whereNotIn1
FNDA:1,whereAndOr1
FNDA:1,whereAndOr2
FNDA:1,whereAndOr3
FNDA:1,whereAndNotEqual2
FNDA:1,whereAndNotEqual3
FNDA:2,whereAndNotEqual2base
FNDA:1,selectAgainNewBinds1
FNDA:1,groupBy1
FNDA:1,groupBy2
FNDA:1,groupBy3
FNDA:1,groupBy4
FNDA:1,avgSelect1
FNDA:1,funcsSelect2
FNDA:1,innerSelect1
FNDA:1,whereLike1
FNDA:1,whereLike2
FNDA:1,whereNotLike1
FNDA:1,union1
FNDA:1,unionAlias1
FNDA:1,unionBind1
FNDA:1,unionAll1
FNDA:1,unionAll2
FNDA:1,unionJoin1
FNDA:1,except1
FNDA:1,intersect1
FNDA:1,orderByDesc1
FNDA:1,orderByDesc2
FNDA:1,orderByDesc3
FNDA:1,distinct1
FNDA:1,selectMath1
FNDA:1,selectMathFunc1
FNDA:1,selectMathFunc2
FNDA:1,selectFuncs2
FNDA:1,selectFuncs3
FNDA:1,selectFuncs4
FNDA:1,selectFuncs5
FNDA:1,selectFuncs6
FNDA:1,selectFuncs7
FNDA:1,selectFuncInFunc1
FNDA:1,selectFuncInFunc2
FNDA:1,selectIF1
FNDA:1,selectIF2
FNDA:1,selectIF3
FNDA:1,selectIF4
FNDA:1,selectWhereCalc1
FNDA:1,selectWhereCalc2
FNDA:1,selectCase1
FNDA:1,selectCase2
FNDA:1,selectAlias1
FNDA:0,liveTest1
FNDA:0,liveTest2
FNDA:1,groupPivot1
FNDA:1,groupPivot2
FNDA:1,groupPivot3
FNDA:1,groupFunc1
FNDA:1,groupFunc2
FNDA:1,selectInGroupByPivot1
FNDA:1,selectInGroupByPivot2
FNDA:1,selectInGroupByPivot3
FNDA:1,selectCount1
FNDA:1,selectCount2
FNDA:1,selectCount3
FNDA:1,selectCount4
FNDA:1,selectCount5
FNDA:1,selectCount6
FNDA:1,selectGroupByNotInSelect
FNDA:1,selectGroupByNotInSelect2
FNDA:1,selectOrderByNotInSelect
FNDA:1,selectCoalesce
FNDA:1,selectConcat_Ws
FNDA:1,selectConcat_Ws2
FNDA:1,selectNoTitle1
FNDA:1,selectNested
FNDA:1,selectNested2
FNDA:1,selectCorrelatedSubQuery1
FNDA:1,selectCorrelatedSubQuery2
FNDA:1,selectCorrelatedSubQuery3
FNDA:1,selectCorrelatedSubQuery4
FNDA:1,selectCorrelatedSubQuery5
FNDA:1,selectCorrelatedSubQuery6
FNDA:1,selectCorrelatedSubQuery7
FNDA:1,selectCorrelatedSubQuery8
FNDA:1,selectCorrelatedSubQuery9
FNDA:1,selectCorrelatedSubQuery10
FNDA:1,selectCorrelatedSubQuery11
FNDA:1,selectFromSubQuery1
FNDA:1,selectFromSubQuery2
FNDA:1,selectFromSubQuery3
FNDA:1,selectFromSubQuery4
FNDA:1,selectFromSubQuery5
FNDA:1,selectFromSubQuery6
FNDA:1,selectFromSubQuery7
FNDA:1,selectConvertFunction
FNDA:1,selectJoinMultipleConditions
FNDA:0,selectJoinMultipleConditions2
FNDA:1,selectJoinLeftRightSwitchedInCondition
FNDA:1,selectJoinMultipleConditions3
FNDA:1,selectSingleQuoteDataWithCalculation
FNDA:1,selectGroupByCalculatedField
FNDA:1,selectGroupByCalculatedFieldNotInSelectFieldList
FNDA:1,selectGroupByCalculatedField2
FNDA:1,selectOrderByCalculated
FNDA:1,selectOrderByCalculated2
FNDA:1,parseTableSettings1
FNDA:1,parseTableSettings2
FNDA:1,parseTableSettings3
FNDA:1,parseTableSettings4
FNDA:1,parseTableSettings5
FNDA:1,parseTableSettings6
FNDA:1,parseTableSettings7
FNDA:1,parseTableSettings8
FNDA:1,parseTableSettings9
FNDA:1,parseTableSettings10
FNDA:1,parseTableSettings11
FNDA:1,parseTableSettings12
FNDA:1,parseTableSettings13
FNDA:1,parseTableSettings14
FNDA:1,parseTableSettings15
FNDA:1,testTableData1
FNDA:1,testTableData
FNDA:1,selectBadTable1
FNDA:1,selectBadMath1
FNDA:1,selectBadField1
FNDA:1,selectBadField1a
FNDA:1,selectBadField2
FNDA:1,selectBadField3
FNDA:1,selectBadField4
FNDA:1,selectBadOp1
FNDA:1,selectBadAs1
FNDA:1,selectBadConstant1
FNDA:1,selectBadConstant2
FNDA:1,nonSelect1
FNDA:1,badJoin1
FNDA:1,badJoin2
FNDA:1,badJoin3
FNDA:1,badOrderBy1
FNDA:1,badOrderBy2
FNDA:1,bindVariableMissing
FNDA:1,bindVariableMissing1
FNDA:1,selectNoFrom
FNDA:1,selectNoTitles
FNDA:1,selectFromSubQueryNoAlias
FNDA:1,badParseTableSettings1
FNDA:1,pivotGroupByMissing
FNDA:1,badUnion1
FNDA:1,badFieldNames1
FNDA:26,isFail
FNDA:150,isEqual
FNDA:1,testerSql
DA:1,1
DA:2,1
DA:3,1
DA:4,1
DA:5,1
DA:6,1
DA:7,1
DA:8,1
DA:9,1
DA:10,1
DA:11,1
DA:12,1
DA:13,1
DA:14,1
DA:15,1
DA:16,1
DA:17,1
DA:18,1
DA:19,1
DA:20,1
DA:21,1
DA:22,1
DA:23,21
DA:24,21
DA:25,21
DA:26,21
DA:27,21
DA:28,1
DA:29,1
DA:30,23
DA:31,23
DA:32,23
DA:33,15
DA:34,23
DA:35,0
DA:36,0
DA:37,0
DA:38,15
DA:39,15
DA:40,23
DA:41,1
DA:42,1
DA:43,10
DA:44,10
DA:45,10
DA:46,1
DA:47,1
DA:48,2
DA:49,2
DA:50,2
DA:51,2
DA:52,1
DA:53,1
DA:54,1
DA:55,1
DA:56,1
DA:57,1
DA:58,1
DA:59,1
DA:60,1
DA:61,1
DA:62,13
DA:63,13
DA:64,13
DA:65,13
DA:66,1
DA:67,1
DA:68,21
DA:69,21
DA:70,21
DA:71,21
DA:72,21
DA:73,21
DA:74,21
DA:75,1
DA:76,1
DA:77,1
DA:78,1
DA:79,1
DA:80,1
DA:81,1
DA:82,1
DA:83,1
DA:84,1
DA:85,3
DA:86,3
DA:87,3
DA:88,3
DA:89,3
DA:90,1
DA:91,1
DA:92,8
DA:93,8
DA:94,8
DA:95,6
DA:96,8
DA:97,0
DA:98,0
DA:99,0
DA:100,6
DA:101,6
DA:102,8
DA:103,1
DA:104,1
DA:105,0
DA:106,0
DA:107,0
DA:108,1
DA:109,1
DA:110,3
DA:111,3
DA:112,3
DA:113,1
DA:114,1
DA:115,2
DA:116,2
DA:117,1
DA:118,1
DA:119,1
DA:120,1
DA:121,1
DA:122,1
DA:123,6
DA:124,6
DA:125,1
DA:126,1
DA:127,6
DA:128,6
DA:129,6
DA:130,0
DA:131,0
DA:132,6
DA:133,6
DA:134,6
DA:135,0
DA:136,0
DA:137,6
DA:138,6
DA:139,6
DA:140,1
DA:141,1
DA:142,6
DA:143,6
DA:144,1
DA:145,1
DA:146,1
DA:147,1
DA:148,8
DA:149,8
DA:150,1
DA:151,1
DA:152,6
DA:153,6
DA:154,6
DA:155,1
DA:156,1
DA:157,1
DA:158,1
DA:159,2
DA:160,2
DA:161,2
DA:162,2
DA:163,2
DA:164,1
DA:165,1
DA:166,1
DA:167,1
DA:168,2
DA:169,2
DA:170,1
DA:171,1
DA:172,1
DA:173,1
DA:174,1
DA:175,0
DA:176,0
DA:177,1
DA:178,1
DA:179,1
DA:180,1
DA:181,1
DA:182,1
DA:183,0
DA:184,0
DA:185,1
DA:186,1
DA:187,1
DA:188,5
DA:189,5
DA:190,5
DA:191,5
DA:192,5
DA:193,5
DA:194,0
DA:195,5
DA:196,5
DA:197,1
DA:198,1
DA:199,1
DA:200,1
DA:201,6
DA:202,6
DA:203,1
DA:204,1
DA:205,3
DA:206,3
DA:207,1
DA:208,1
DA:209,2
DA:210,2
DA:211,1
DA:212,1
DA:213,1
DA:214,11
DA:215,11
DA:216,11
DA:217,11
DA:218,2
DA:219,11
DA:220,2
DA:221,11
DA:222,11
DA:223,11
DA:224,6
DA:225,11
DA:226,0
DA:227,11
DA:228,1
DA:229,11
DA:230,11
DA:231,1
DA:232,1
DA:233,1
DA:234,1
DA:235,1
DA:236,1
DA:237,1
DA:238,1
DA:239,1118583
DA:240,1118583
DA:241,1
DA:242,1
DA:243,1
DA:244,1
DA:245,1
DA:246,1
DA:247,203
DA:248,203
DA:249,1
DA:250,1
DA:251,1
DA:252,1
DA:253,1
DA:254,1
DA:255,1
DA:256,0
DA:257,0
DA:258,0
DA:259,0
DA:260,0
DA:261,1
DA:262,0
DA:263,0
DA:264,0
DA:265,0
DA:266,0
DA:267,0
DA:268,1
DA:269,1
DA:270,1
DA:271,1
DA:272,1
DA:273,1
DA:274,0
DA:275,0
DA:276,0
DA:277,0
DA:278,0
DA:279,0
DA:280,0
DA:281,0
DA:282,0
DA:283,0
DA:284,0
DA:285,0
DA:286,0
DA:287,0
DA:288,0
DA:289,0
DA:290,0
DA:291,1
DA:292,1
DA:293,1
DA:294,1
DA:295,1
DA:296,1
DA:297,1
DA:298,1
DA:299,1
DA:300,1
DA:301,1
DA:302,1
DA:303,1
DA:304,1
DA:305,0
DA:306,0
DA:307,0
DA:308,0
DA:309,0
DA:310,1
DA:311,1
DA:312,1
DA:313,1
DA:314,1
DA:315,1
DA:316,1
DA:317,1
DA:318,1
DA:319,0
DA:320,0
DA:321,0
DA:322,0
DA:323,0
DA:324,0
DA:325,0
DA:326,0
DA:327,0
DA:328,0
DA:329,1
DA:330,1
DA:331,1
DA:332,1
DA:333,1
DA:334,1
DA:335,1
DA:336,1
DA:337,1
DA:338,1
DA:339,1
DA:340,134
DA:341,134
DA:342,134
DA:343,134
DA:344,134
DA:345,134
DA:346,134
DA:347,134
DA:348,134
DA:349,134
DA:350,220
DA:351,220
DA:352,220
DA:353,134
DA:354,1
DA:355,1
DA:356,1
DA:357,1
DA:358,1
DA:359,1
DA:360,0
DA:361,0
DA:362,0
DA:363,0
DA:364,0
DA:365,0
DA:366,0
DA:367,0
DA:368,0
DA:369,0
DA:370,0
DA:371,0
DA:372,0
DA:373,0
DA:374,0
DA:375,0
DA:376,0
DA:377,0
DA:378,0
DA:379,0
DA:380,0
DA:381,0
DA:382,0
DA:383,0
DA:384,0
DA:385,0
DA:386,0
DA:387,1
DA:388,1
DA:389,1
DA:390,1
DA:391,157
DA:392,157
DA:393,1
DA:394,1
DA:395,1
DA:396,1
DA:397,1
DA:398,1
DA:399,1
DA:400,157
DA:401,157
DA:402,157
DA:403,157
DA:404,157
DA:405,157
DA:406,157
DA:407,157
DA:408,157
DA:409,23
DA:410,23
DA:411,134
DA:412,134
DA:413,134
DA:414,134
DA:415,134
DA:416,134
DA:417,157
DA:418,1
DA:419,1
DA:420,0
DA:421,0
DA:422,0
DA:423,0
DA:424,0
DA:425,0
DA:426,0
DA:427,0
DA:428,0
DA:429,0
DA:430,0
DA:431,0
DA:432,0
DA:433,0
DA:434,0
DA:435,0
DA:436,0
DA:437,0
DA:438,0
DA:439,0
DA:440,0
DA:441,0
DA:442,0
DA:443,0
DA:444,0
DA:445,0
DA:446,0
DA:447,0
DA:448,0
DA:449,0
DA:450,0
DA:451,0
DA:452,0
DA:453,0
DA:454,0
DA:455,0
DA:456,0
DA:457,0
DA:458,0
DA:459,0
DA:460,0
DA:461,0
DA:462,0
DA:463,0
DA:464,0
DA:465,0
DA:466,0
DA:467,0
DA:468,0
DA:469,0
DA:470,0
DA:471,0
DA:472,0
DA:473,0
DA:474,0
DA:475,0
DA:476,0
DA:477,0
DA:478,0
DA:479,0
DA:480,0
DA:481,0
DA:482,0
DA:483,0
DA:484,0
DA:485,0
DA:486,0
DA:487,0
DA:488,0
DA:489,0
DA:490,0
DA:491,0
DA:492,0
DA:493,1
DA:494,1
DA:495,1
DA:496,1
DA:497,1
DA:498,1
DA:499,1
DA:500,0
DA:501,0
DA:502,0
DA:503,0
DA:504,0
DA:505,0
DA:506,0
DA:507,0
DA:508,0
DA:509,0
DA:510,0
DA:511,0
DA:512,0
DA:513,0
DA:514,0
DA:515,0
DA:516,0
DA:517,0
DA:518,0
DA:519,0
DA:520,0
DA:521,0
DA:522,0
DA:523,0
DA:524,0
DA:525,0
DA:526,0
DA:527,0
DA:528,0
DA:529,0
DA:530,1
DA:531,1
DA:532,0
DA:533,0
DA:534,0
DA:535,0
DA:536,0
DA:537,0
DA:538,0
DA:539,0
DA:540,1
DA:541,1
DA:542,1
DA:543,1
DA:544,1
DA:545,1
DA:546,1
DA:547,1
DA:548,1
DA:549,1
DA:550,1
DA:551,1
DA:552,1
DA:553,1
DA:554,1
DA:555,1
DA:556,1
DA:557,1
DA:558,32
DA:559,32
DA:560,32
DA:561,32
DA:562,32
DA:563,32
DA:564,32
DA:565,32
DA:566,32
DA:567,32
DA:568,32
DA:569,32
DA:570,32
DA:571,1
DA:572,1
DA:573,1
DA:574,1
DA:575,1
DA:576,1
DA:577,1
DA:578,1
DA:579,1
DA:580,1
DA:581,1
DA:582,1
DA:583,1
DA:584,1
DA:585,1
DA:586,1
DA:587,96
DA:588,96
DA:589,96
DA:590,96
DA:591,96
DA:592,96
DA:593,96
DA:594,96
DA:595,96
DA:596,96
DA:597,96
DA:598,96
DA:599,96
DA:600,96
DA:601,96
DA:602,1
DA:603,1
DA:604,1
DA:605,1
DA:606,1
DA:607,1
DA:608,1
DA:609,1
DA:610,1
DA:611,1
DA:612,1
DA:613,1
DA:614,1
DA:615,1
DA:616,1
DA:617,1
DA:618,6
DA:619,6
DA:620,6
DA:621,6
DA:622,6
DA:623,6
DA:624,6
DA:625,6
DA:626,6
DA:627,6
DA:628,6
DA:629,6
DA:630,6
DA:631,6
DA:632,6
DA:633,1
DA:634,1
DA:635,1
DA:636,1
DA:637,1
DA:638,1
DA:639,1
DA:640,1
DA:641,1
DA:642,1
DA:643,1
DA:644,1
DA:645,1
DA:646,1
DA:647,1
DA:648,1
DA:649,28
DA:650,28
DA:651,28
DA:652,28
DA:653,28
DA:654,28
DA:655,28
DA:656,28
DA:657,28
DA:658,28
DA:659,28
DA:660,28
DA:661,1
DA:662,1
DA:663,1
DA:664,1
DA:665,1
DA:666,1
DA:667,1
DA:668,1
DA:669,1
DA:670,1
DA:671,1
DA:672,1
DA:673,1
DA:674,1
DA:675,1
DA:676,1
DA:677,34
DA:678,34
DA:679,34
DA:680,34
DA:681,34
DA:682,34
DA:683,34
DA:684,34
DA:685,34
DA:686,1
DA:687,1
DA:688,1
DA:689,1
DA:690,1
DA:691,1
DA:692,1
DA:693,1
DA:694,1
DA:695,1
DA:696,1
DA:697,1
DA:698,1
DA:699,1
DA:700,1
DA:701,1
DA:702,23
DA:703,23
DA:704,23
DA:705,23
DA:706,23
DA:707,23
DA:708,23
DA:709,23
DA:710,23
DA:711,23
DA:712,23
DA:713,23
DA:714,23
DA:715,23
DA:716,1
DA:717,1
DA:718,1
DA:719,1
DA:720,1
DA:721,1
DA:722,1
DA:723,1
DA:724,1
DA:725,1
DA:726,1
DA:727,1
DA:728,1
DA:729,1
DA:730,1
DA:731,1
DA:732,1
DA:733,8
DA:734,8
DA:735,8
DA:736,8
DA:737,8
DA:738,8
DA:739,8
DA:740,8
DA:741,8
DA:742,1
DA:743,1
DA:744,13
DA:745,13
DA:746,13
DA:747,13
DA:748,13
DA:749,13
DA:750,13
DA:751,13
DA:752,13
DA:753,13
DA:754,13
DA:755,13
DA:756,13
DA:757,13
DA:758,13
DA:759,13
DA:760,13
DA:761,13
DA:762,13
DA:763,13
DA:764,13
DA:765,13
DA:766,13
DA:767,13
DA:768,13
DA:769,13
DA:770,13
DA:771,13
DA:772,1
DA:773,1
DA:774,1
DA:775,1
DA:776,1
DA:777,1
DA:778,1
DA:779,1
DA:780,1
DA:781,1
DA:782,1
DA:783,1
DA:784,1
DA:785,1
DA:786,1
DA:787,1
DA:788,1
DA:789,1
DA:790,1
DA:791,1
DA:792,1
DA:793,1
DA:794,1
DA:795,1
DA:796,1
DA:797,1
DA:798,3
DA:799,3
DA:800,3
DA:801,3
DA:802,3
DA:803,3
DA:804,3
DA:805,3
DA:806,3
DA:807,3
DA:808,3
DA:809,3
DA:810,3
DA:811,3
DA:812,1
DA:813,1
DA:814,1
DA:815,1
DA:816,1
DA:817,1
DA:818,1
DA:819,1
DA:820,1
DA:821,1
DA:822,1
DA:823,1
DA:824,1
DA:825,1
DA:826,1
DA:827,1
DA:828,1
DA:829,1
DA:830,1
DA:831,1
DA:832,1
DA:833,1
DA:834,1
DA:835,1
DA:836,1
DA:837,1
DA:838,1
DA:839,1
DA:840,1
DA:841,1
DA:842,1
DA:843,1
DA:844,1
DA:845,1
DA:846,1
DA:847,1
DA:848,2
DA:849,2
DA:850,2
DA:851,2
DA:852,2
DA:853,2
DA:854,2
DA:855,2
DA:856,2
DA:857,2
DA:858,2
DA:859,2
DA:860,2
DA:861,2
DA:862,2
DA:863,2
DA:864,2
DA:865,2
DA:866,1
DA:867,1
DA:868,1
DA:869,1
DA:870,1
DA:871,1
DA:872,1
DA:873,1
DA:874,1
DA:875,1
DA:876,1
DA:877,1
DA:878,1
DA:879,1
DA:880,1
DA:881,1
DA:882,1
DA:883,1
DA:884,1
DA:885,1
DA:886,1
DA:887,1
DA:888,1
DA:889,1
DA:890,1
DA:891,1
DA:892,1
DA:893,1
DA:894,1
DA:895,1
DA:896,1
DA:897,1
DA:898,1
DA:899,1
DA:900,1
DA:901,1
DA:902,1
DA:903,1
DA:904,1
DA:905,1
DA:906,1
DA:907,1
DA:908,1
DA:909,1
DA:910,1
DA:911,1
DA:912,1
DA:913,1
DA:914,1
DA:915,1
DA:916,1
DA:917,1
DA:918,1
DA:919,1
DA:920,1
DA:921,1
DA:922,1
DA:923,1
DA:924,1
DA:925,1
DA:926,1
DA:927,1
DA:928,1
DA:929,1
DA:930,1
DA:931,1
DA:932,1
DA:933,1
DA:934,1
DA:935,1
DA:936,1
DA:937,1
DA:938,1
DA:939,1
DA:940,1
DA:941,1
DA:942,1
DA:943,1
DA:944,1
DA:945,1
DA:946,1
DA:947,1
DA:948,1
DA:949,1
DA:950,1
DA:951,1
DA:952,1
DA:953,1
DA:954,1
DA:955,1
DA:956,1
DA:957,1
DA:958,1
DA:959,1
DA:960,1
DA:961,1
DA:962,1
DA:963,1
DA:964,1
DA:965,1
DA:966,1
DA:967,1
DA:968,1
DA:969,1
DA:970,1
DA:971,1
DA:972,1
DA:973,1
DA:974,1
DA:975,1
DA:976,1
DA:977,1
DA:978,1
DA:979,1
DA:980,1
DA:981,1
DA:982,1
DA:983,1
DA:984,1
DA:985,2
DA:986,2
DA:987,2
DA:988,2
DA:989,2
DA:990,2
DA:991,2
DA:992,2
DA:993,2
DA:994,2
DA:995,2
DA:996,2
DA:997,2
DA:998,2
DA:999,2
DA:1000,2
DA:1001,1
DA:1002,1
DA:1003,1
DA:1004,1
DA:1005,1
DA:1006,1
DA:1007,1
DA:1008,1
DA:1009,1
DA:1010,1
DA:1011,1
DA:1012,1
DA:1013,1
DA:1014,1
DA:1015,1
DA:1016,1
DA:1017,1
DA:1018,1
DA:1019,1
DA:1020,1
DA:1021,1
DA:1022,1
DA:1023,1
DA:1024,1
DA:1025,1
DA:1026,1
DA:1027,1
DA:1028,1
DA:1029,1
DA:1030,1
DA:1031,1
DA:1032,1
DA:1033,1
DA:1034,1
DA:1035,1
DA:1036,1
DA:1037,1
DA:1038,1
DA:1039,1
DA:1040,1
DA:1041,1
DA:1042,1
DA:1043,1
DA:1044,1
DA:1045,1
DA:1046,1
DA:1047,1
DA:1048,1
DA:1049,1
DA:1050,1
DA:1051,1
DA:1052,1
DA:1053,1
DA:1054,1
DA:1055,1
DA:1056,1
DA:1057,1
DA:1058,1
DA:1059,1
DA:1060,1
DA:1061,1
DA:1062,1
DA:1063,1
DA:1064,1
DA:1065,1
DA:1066,1
DA:1067,1
DA:1068,1
DA:1069,1
DA:1070,1
DA:1071,1
DA:1072,1
DA:1073,1
DA:1074,1
DA:1075,1
DA:1076,1
DA:1077,1
DA:1078,1
DA:1079,1
DA:1080,1
DA:1081,1
DA:1082,1
DA:1083,1
DA:1084,1
DA:1085,1
DA:1086,1
DA:1087,1
DA:1088,1
DA:1089,1
DA:1090,1
DA:1091,1
DA:1092,1
DA:1093,1
DA:1094,1
DA:1095,1
DA:1096,1
DA:1097,1
DA:1098,1
DA:1099,1
DA:1100,1
DA:1101,1
DA:1102,1
DA:1103,1
DA:1104,1
DA:1105,1
DA:1106,1
DA:1107,1
DA:1108,1
DA:1109,1
DA:1110,1
DA:1111,1
DA:1112,1
DA:1113,1
DA:1114,1
DA:1115,1
DA:1116,1
DA:1117,1
DA:1118,1
DA:1119,1
DA:1120,1
DA:1121,1
DA:1122,1
DA:1123,1
DA:1124,1
DA:1125,1
DA:1126,1
DA:1127,1
DA:1128,1
DA:1129,1
DA:1130,1
DA:1131,1
DA:1132,1
DA:1133,1
DA:1134,1
DA:1135,1
DA:1136,1
DA:1137,1
DA:1138,1
DA:1139,1
DA:1140,1
DA:1141,1
DA:1142,1
DA:1143,1
DA:1144,1
DA:1145,1
DA:1146,1
DA:1147,1
DA:1148,1
DA:1149,1
DA:1150,1
DA:1151,1
DA:1152,1
DA:1153,1
DA:1154,1
DA:1155,1
DA:1156,1
DA:1157,1
DA:1158,1
DA:1159,1
DA:1160,1
DA:1161,1
DA:1162,1
DA:1163,1
DA:1164,1
DA:1165,1
DA:1166,1
DA:1167,1
DA:1168,1
DA:1169,1
DA:1170,1
DA:1171,1
DA:1172,1
DA:1173,1
DA:1174,1
DA:1175,1
DA:1176,1
DA:1177,1
DA:1178,1
DA:1179,1
DA:1180,1
DA:1181,1
DA:1182,1
DA:1183,1
DA:1184,1
DA:1185,1
DA:1186,1
DA:1187,1
DA:1188,1
DA:1189,1
DA:1190,1
DA:1191,1
DA:1192,1
DA:1193,1
DA:1194,1
DA:1195,1
DA:1196,1
DA:1197,1
DA:1198,1
DA:1199,1
DA:1200,1
DA:1201,1
DA:1202,1
DA:1203,1
DA:1204,1
DA:1205,1
DA:1206,1
DA:1207,1
DA:1208,1
DA:1209,1
DA:1210,1
DA:1211,1
DA:1212,1
DA:1213,1
DA:1214,1
DA:1215,1
DA:1216,1
DA:1217,1
DA:1218,1
DA:1219,1
DA:1220,1
DA:1221,1
DA:1222,1
DA:1223,1
DA:1224,1
DA:1225,1
DA:1226,1
DA:1227,1
DA:1228,1
DA:1229,1
DA:1230,1
DA:1231,1
DA:1232,1
DA:1233,1
DA:1234,1
DA:1235,1
DA:1236,1
DA:1237,1
DA:1238,1
DA:1239,1
DA:1240,1
DA:1241,1
DA:1242,1
DA:1243,1
DA:1244,1
DA:1245,1
DA:1246,1
DA:1247,1
DA:1248,1
DA:1249,1
DA:1250,1
DA:1251,1
DA:1252,1
DA:1253,1
DA:1254,1
DA:1255,1
DA:1256,1
DA:1257,1
DA:1258,1
DA:1259,1
DA:1260,1
DA:1261,1
DA:1262,1
DA:1263,1
DA:1264,1
DA:1265,1
DA:1266,1
DA:1267,1
DA:1268,1
DA:1269,1
DA:1270,1
DA:1271,1
DA:1272,1
DA:1273,1
DA:1274,1
DA:1275,1
DA:1276,1
DA:1277,1
DA:1278,1
DA:1279,1
DA:1280,1
DA:1281,1
DA:1282,1
DA:1283,1
DA:1284,1
DA:1285,1
DA:1286,1
DA:1287,1
DA:1288,1
DA:1289,1
DA:1290,1
DA:1291,1
DA:1292,1
DA:1293,1
DA:1294,1
DA:1295,1
DA:1296,1
DA:1297,1
DA:1298,1
DA:1299,1
DA:1300,1
DA:1301,1
DA:1302,1
DA:1303,1
DA:1304,1
DA:1305,1
DA:1306,1
DA:1307,1
DA:1308,1
DA:1309,1
DA:1310,1
DA:1311,1
DA:1312,1
DA:1313,1
DA:1314,1
DA:1315,1
DA:1316,1
DA:1317,1
DA:1318,1
DA:1319,1
DA:1320,1
DA:1321,1
DA:1322,1
DA:1323,1
DA:1324,1
DA:1325,1
DA:1326,1
DA:1327,1
DA:1328,1
DA:1329,1
DA:1330,1
DA:1331,1
DA:1332,1
DA:1333,1
DA:1334,1
DA:1335,1
DA:1336,1
DA:1337,1
DA:1338,1
DA:1339,1
DA:1340,1
DA:1341,1
DA:1342,1
DA:1343,1
DA:1344,1
DA:1345,1
DA:1346,1
DA:1347,1
DA:1348,1
DA:1349,1
DA:1350,1
DA:1351,1
DA:1352,1
DA:1353,1
DA:1354,1
DA:1355,1
DA:1356,1
DA:1357,1
DA:1358,1
DA:1359,1
DA:1360,1
DA:1361,1
DA:1362,1
DA:1363,1
DA:1364,1
DA:1365,1
DA:1366,1
DA:1367,1
DA:1368,1
DA:1369,1
DA:1370,1
DA:1371,1
DA:1372,1
DA:1373,1
DA:1374,1
DA:1375,1
DA:1376,1
DA:1377,1
DA:1378,1
DA:1379,1
DA:1380,1
DA:1381,1
DA:1382,1
DA:1383,1
DA:1384,1
DA:1385,1
DA:1386,1
DA:1387,1
DA:1388,1
DA:1389,1
DA:1390,1
DA:1391,1
DA:1392,1
DA:1393,1
DA:1394,1
DA:1395,1
DA:1396,1
DA:1397,1
DA:1398,1
DA:1399,1
DA:1400,1
DA:1401,1
DA:1402,1
DA:1403,1
DA:1404,1
DA:1405,1
DA:1406,1
DA:1407,1
DA:1408,1
DA:1409,1
DA:1410,1
DA:1411,1
DA:1412,1
DA:1413,1
DA:1414,1
DA:1415,1
DA:1416,1
DA:1417,1
DA:1418,1
DA:1419,1
DA:1420,1
DA:1421,1
DA:1422,1
DA:1423,1
DA:1424,1
DA:1425,1
DA:1426,1
DA:1427,1
DA:1428,1
DA:1429,1
DA:1430,1
DA:1431,1
DA:1432,1
DA:1433,1
DA:1434,1
DA:1435,1
DA:1436,1
DA:1437,1
DA:1438,1
DA:1439,1
DA:1440,1
DA:1441,1
DA:1442,1
DA:1443,1
DA:1444,1
DA:1445,1
DA:1446,1
DA:1447,1
DA:1448,1
DA:1449,1
DA:1450,1
DA:1451,1
DA:1452,1
DA:1453,1
DA:1454,1
DA:1455,1
DA:1456,1
DA:1457,1
DA:1458,1
DA:1459,1
DA:1460,1
DA:1461,1
DA:1462,1
DA:1463,1
DA:1464,1
DA:1465,1
DA:1466,1
DA:1467,1
DA:1468,1
DA:1469,1
DA:1470,1
DA:1471,1
DA:1472,1
DA:1473,1
DA:1474,1
DA:1475,1
DA:1476,1
DA:1477,1
DA:1478,1
DA:1479,1
DA:1480,1
DA:1481,1
DA:1482,1
DA:1483,1
DA:1484,1
DA:1485,1
DA:1486,1
DA:1487,1
DA:1488,1
DA:1489,1
DA:1490,2
DA:1491,2
DA:1492,2
DA:1493,2
DA:1494,2
DA:1495,2
DA:1496,2
DA:1497,2
DA:1498,2
DA:1499,2
DA:1500,2
DA:1501,2
DA:1502,2
DA:1503,2
DA:1504,2
DA:1505,2
DA:1506,2
DA:1507,2
DA:1508,2
DA:1509,2
DA:1510,2
DA:1511,1
DA:1512,1
DA:1513,1
DA:1514,1
DA:1515,1
DA:1516,1
DA:1517,1
DA:1518,1
DA:1519,1
DA:1520,1
DA:1521,1
DA:1522,1
DA:1523,1
DA:1524,1
DA:1525,1
DA:1526,1
DA:1527,1
DA:1528,1
DA:1529,1
DA:1530,1
DA:1531,1
DA:1532,1
DA:1533,1
DA:1534,1
DA:1535,1
DA:1536,1
DA:1537,1
DA:1538,1
DA:1539,1
DA:1540,1
DA:1541,1
DA:1542,1
DA:1543,1
DA:1544,1
DA:1545,1
DA:1546,1
DA:1547,1
DA:1548,1
DA:1549,1
DA:1550,1
DA:1551,1
DA:1552,1
DA:1553,1
DA:1554,1
DA:1555,1
DA:1556,1
DA:1557,1
DA:1558,1
DA:1559,1
DA:1560,1
DA:1561,1
DA:1562,1
DA:1563,1
DA:1564,1
DA:1565,1
DA:1566,1
DA:1567,1
DA:1568,1
DA:1569,1
DA:1570,1
DA:1571,1
DA:1572,1
DA:1573,1
DA:1574,1
DA:1575,1
DA:1576,1
DA:1577,1
DA:1578,1
DA:1579,1
DA:1580,1
DA:1581,1
DA:1582,1
DA:1583,1
DA:1584,1
DA:1585,1
DA:1586,1
DA:1587,1
DA:1588,1
DA:1589,1
DA:1590,1
DA:1591,1
DA:1592,1
DA:1593,1
DA:1594,1
DA:1595,1
DA:1596,1
DA:1597,1
DA:1598,1
DA:1599,1
DA:1600,1
DA:1601,1
DA:1602,1
DA:1603,1
DA:1604,1
DA:1605,1
DA:1606,1
DA:1607,1
DA:1608,1
DA:1609,1
DA:1610,1
DA:1611,1
DA:1612,1
DA:1613,1
DA:1614,1
DA:1615,1
DA:1616,1
DA:1617,1
DA:1618,1
DA:1619,1
DA:1620,1
DA:1621,1
DA:1622,1
DA:1623,1
DA:1624,1
DA:1625,1
DA:1626,1
DA:1627,1
DA:1628,1
DA:1629,1
DA:1630,1
DA:1631,1
DA:1632,1
DA:1633,1
DA:1634,1
DA:1635,1
DA:1636,1
DA:1637,1
DA:1638,1
DA:1639,1
DA:1640,1
DA:1641,1
DA:1642,1
DA:1643,1
DA:1644,1
DA:1645,1
DA:1646,1
DA:1647,1
DA:1648,1
DA:1649,1
DA:1650,1
DA:1651,1
DA:1652,1
DA:1653,1
DA:1654,1
DA:1655,1
DA:1656,1
DA:1657,1
DA:1658,1
DA:1659,1
DA:1660,1
DA:1661,1
DA:1662,1
DA:1663,1
DA:1664,1
DA:1665,1
DA:1666,1
DA:1667,1
DA:1668,1
DA:1669,1
DA:1670,1
DA:1671,1
DA:1672,1
DA:1673,1
DA:1674,1
DA:1675,1
DA:1676,1
DA:1677,1
DA:1678,1
DA:1679,1
DA:1680,1
DA:1681,1
DA:1682,1
DA:1683,1
DA:1684,1
DA:1685,1
DA:1686,1
DA:1687,1
DA:1688,1
DA:1689,1
DA:1690,1
DA:1691,1
DA:1692,1
DA:1693,1
DA:1694,1
DA:1695,1
DA:1696,1
DA:1697,1
DA:1698,1
DA:1699,1
DA:1700,1
DA:1701,1
DA:1702,1
DA:1703,1
DA:1704,1
DA:1705,1
DA:1706,1
DA:1707,1
DA:1708,1
DA:1709,1
DA:1710,1
DA:1711,1
DA:1712,1
DA:1713,1
DA:1714,1
DA:1715,1
DA:1716,1
DA:1717,1
DA:1718,1
DA:1719,1
DA:1720,1
DA:1721,1
DA:1722,1
DA:1723,1
DA:1724,1
DA:1725,1
DA:1726,1
DA:1727,1
DA:1728,1
DA:1729,1
DA:1730,1
DA:1731,1
DA:1732,1
DA:1733,1
DA:1734,1
DA:1735,1
DA:1736,1
DA:1737,1
DA:1738,1
DA:1739,1
DA:1740,1
DA:1741,1
DA:1742,1
DA:1743,1
DA:1744,1
DA:1745,1
DA:1746,1
DA:1747,1
DA:1748,1
DA:1749,1
DA:1750,1
DA:1751,1
DA:1752,1
DA:1753,1
DA:1754,1
DA:1755,1
DA:1756,1
DA:1757,1
DA:1758,1
DA:1759,1
DA:1760,1
DA:1761,1
DA:1762,1
DA:1763,1
DA:1764,1
DA:1765,1
DA:1766,1
DA:1767,1
DA:1768,1
DA:1769,1
DA:1770,1
DA:1771,1
DA:1772,1
DA:1773,1
DA:1774,1
DA:1775,1
DA:1776,1
DA:1777,1
DA:1778,1
DA:1779,1
DA:1780,1
DA:1781,1
DA:1782,1
DA:1783,1
DA:1784,1
DA:1785,1
DA:1786,1
DA:1787,1
DA:1788,1
DA:1789,1
DA:1790,1
DA:1791,1
DA:1792,1
DA:1793,1
DA:1794,1
DA:1795,1
DA:1796,1
DA:1797,1
DA:1798,1
DA:1799,1
DA:1800,1
DA:1801,1
DA:1802,1
DA:1803,1
DA:1804,1
DA:1805,1
DA:1806,1
DA:1807,1
DA:1808,1
DA:1809,1
DA:1810,1
DA:1811,1
DA:1812,1
DA:1813,1
DA:1814,1
DA:1815,1
DA:1816,1
DA:1817,1
DA:1818,1
DA:1819,1
DA:1820,1
DA:1821,1
DA:1822,1
DA:1823,1
DA:1824,1
DA:1825,1
DA:1826,1
DA:1827,1
DA:1828,1
DA:1829,1
DA:1830,1
DA:1831,1
DA:1832,1
DA:1833,1
DA:1834,1
DA:1835,1
DA:1836,1
DA:1837,1
DA:1838,1
DA:1839,1
DA:1840,1
DA:1841,1
DA:1842,1
DA:1843,1
DA:1844,1
DA:1845,1
DA:1846,1
DA:1847,1
DA:1848,1
DA:1849,1
DA:1850,1
DA:1851,1
DA:1852,1
DA:1853,1
DA:1854,1
DA:1855,1
DA:1856,1
DA:1857,1
DA:1858,1
DA:1859,1
DA:1860,1
DA:1861,1
DA:1862,1
DA:1863,1
DA:1864,1
DA:1865,1
DA:1866,1
DA:1867,1
DA:1868,1
DA:1869,1
DA:1870,1
DA:1871,1
DA:1872,1
DA:1873,1
DA:1874,1
DA:1875,1
DA:1876,1
DA:1877,1
DA:1878,1
DA:1879,1
DA:1880,1
DA:1881,1
DA:1882,1
DA:1883,1
DA:1884,1
DA:1885,1
DA:1886,1
DA:1887,1
DA:1888,1
DA:1889,1
DA:1890,1
DA:1891,1
DA:1892,1
DA:1893,1
DA:1894,1
DA:1895,1
DA:1896,1
DA:1897,1
DA:1898,1
DA:1899,1
DA:1900,1
DA:1901,1
DA:1902,1
DA:1903,1
DA:1904,1
DA:1905,1
DA:1906,1
DA:1907,1
DA:1908,1
DA:1909,1
DA:1910,1
DA:1911,1
DA:1912,1
DA:1913,1
DA:1914,1
DA:1915,1
DA:1916,1
DA:1917,1
DA:1918,1
DA:1919,1
DA:1920,1
DA:1921,1
DA:1922,1
DA:1923,1
DA:1924,1
DA:1925,1
DA:1926,1
DA:1927,1
DA:1928,1
DA:1929,1
DA:1930,1
DA:1931,1
DA:1932,1
DA:1933,1
DA:1934,1
DA:1935,1
DA:1936,1
DA:1937,1
DA:1938,1
DA:1939,1
DA:1940,1
DA:1941,1
DA:1942,1
DA:1943,1
DA:1944,1
DA:1945,1
DA:1946,1
DA:1947,1
DA:1948,1
DA:1949,1
DA:1950,1
DA:1951,1
DA:1952,1
DA:1953,1
DA:1954,1
DA:1955,1
DA:1956,1
DA:1957,1
DA:1958,1
DA:1959,1
DA:1960,1
DA:1961,1
DA:1962,1
DA:1963,1
DA:1964,1
DA:1965,1
DA:1966,1
DA:1967,1
DA:1968,1
DA:1969,1
DA:1970,1
DA:1971,1
DA:1972,1
DA:1973,1
DA:1974,1
DA:1975,1
DA:1976,1
DA:1977,1
DA:1978,1
DA:1979,1
DA:1980,1
DA:1981,1
DA:1982,1
DA:1983,1
DA:1984,1
DA:1985,1
DA:1986,1
DA:1987,1
DA:1988,1
DA:1989,1
DA:1990,1
DA:1991,1
DA:1992,1
DA:1993,1
DA:1994,1
DA:1995,1
DA:1996,1
DA:1997,1
DA:1998,1
DA:1999,1
DA:2000,1
DA:2001,1
DA:2002,1
DA:2003,1
DA:2004,1
DA:2005,1
DA:2006,1
DA:2007,1
DA:2008,1
DA:2009,1
DA:2010,1
DA:2011,1
DA:2012,1
DA:2013,1
DA:2014,1
DA:2015,1
DA:2016,1
DA:2017,1
DA:2018,1
DA:2019,1
DA:2020,1
DA:2021,1
DA:2022,1
DA:2023,1
DA:2024,1
DA:2025,1
DA:2026,1
DA:2027,1
DA:2028,1
DA:2029,1
DA:2030,1
DA:2031,1
DA:2032,1
DA:2033,1
DA:2034,1
DA:2035,1
DA:2036,1
DA:2037,1
DA:2038,1
DA:2039,1
DA:2040,1
DA:2041,1
DA:2042,1
DA:2043,1
DA:2044,1
DA:2045,1
DA:2046,1
DA:2047,1
DA:2048,1
DA:2049,1
DA:2050,1
DA:2051,1
DA:2052,1
DA:2053,1
DA:2054,1
DA:2055,1
DA:2056,1
DA:2057,1
DA:2058,1
DA:2059,1
DA:2060,1
DA:2061,1
DA:2062,1
DA:2063,1
DA:2064,1
DA:2065,1
DA:2066,1
DA:2067,1
DA:2068,1
DA:2069,1
DA:2070,1
DA:2071,1
DA:2072,1
DA:2073,1
DA:2074,1
DA:2075,1
DA:2076,1
DA:2077,1
DA:2078,1
DA:2079,1
DA:2080,1
DA:2081,1
DA:2082,1
DA:2083,1
DA:2084,1
DA:2085,1
DA:2086,1
DA:2087,1
DA:2088,1
DA:2089,1
DA:2090,1
DA:2091,1
DA:2092,1
DA:2093,1
DA:2094,1
DA:2095,1
DA:2096,1
DA:2097,1
DA:2098,1
DA:2099,1
DA:2100,1
DA:2101,1
DA:2102,1
DA:2103,1
DA:2104,1
DA:2105,1
DA:2106,1
DA:2107,1
DA:2108,1
DA:2109,1
DA:2110,1
DA:2111,1
DA:2112,1
DA:2113,1
DA:2114,1
DA:2115,1
DA:2116,1
DA:2117,1
DA:2118,1
DA:2119,1
DA:2120,1
DA:2121,1
DA:2122,1
DA:2123,1
DA:2124,1
DA:2125,1
DA:2126,1
DA:2127,1
DA:2128,1
DA:2129,1
DA:2130,1
DA:2131,1
DA:2132,1
DA:2133,1
DA:2134,1
DA:2135,1
DA:2136,1
DA:2137,1
DA:2138,1
DA:2139,1
DA:2140,1
DA:2141,1
DA:2142,1
DA:2143,1
DA:2144,1
DA:2145,1
DA:2146,1
DA:2147,1
DA:2148,1
DA:2149,1
DA:2150,1
DA:2151,1
DA:2152,1
DA:2153,1
DA:2154,1
DA:2155,1
DA:2156,1
DA:2157,1
DA:2158,1
DA:2159,1
DA:2160,1
DA:2161,1
DA:2162,1
DA:2163,1
DA:2164,1
DA:2165,1
DA:2166,1
DA:2167,1
DA:2168,1
DA:2169,1
DA:2170,1
DA:2171,1
DA:2172,1
DA:2173,1
DA:2174,1
DA:2175,1
DA:2176,1
DA:2177,1
DA:2178,1
DA:2179,1
DA:2180,1
DA:2181,1
DA:2182,1
DA:2183,1
DA:2184,1
DA:2185,1
DA:2186,1
DA:2187,1
DA:2188,1
DA:2189,1
DA:2190,1
DA:2191,1
DA:2192,1
DA:2193,1
DA:2194,1
DA:2195,1
DA:2196,1
DA:2197,1
DA:2198,1
DA:2199,1
DA:2200,1
DA:2201,1
DA:2202,2
DA:2203,2
DA:2204,2
DA:2205,2
DA:2206,1
DA:2207,1
DA:2208,1
DA:2209,1
DA:2210,1
DA:2211,1
DA:2212,1
DA:2213,1
DA:2214,1
DA:2215,1
DA:2216,1
DA:2217,1
DA:2218,1
DA:2219,1
DA:2220,1
DA:2221,1
DA:2222,1
DA:2223,1
DA:2224,1
DA:2225,1
DA:2226,1
DA:2227,1
DA:2228,1
DA:2229,1
DA:2230,1
DA:2231,1
DA:2232,1
DA:2233,1
DA:2234,1
DA:2235,1
DA:2236,1
DA:2237,1
DA:2238,1
DA:2239,1
DA:2240,1
DA:2241,1
DA:2242,1
DA:2243,1
DA:2244,1
DA:2245,1
DA:2246,1
DA:2247,1
DA:2248,1
DA:2249,1
DA:2250,1
DA:2251,1
DA:2252,1
DA:2253,1
DA:2254,1
DA:2255,1
DA:2256,1
DA:2257,1
DA:2258,1
DA:2259,1
DA:2260,1
DA:2261,1
DA:2262,1
DA:2263,1
DA:2264,1
DA:2265,1
DA:2266,1
DA:2267,1
DA:2268,1
DA:2269,1
DA:2270,1
DA:2271,1
DA:2272,1
DA:2273,1
DA:2274,1
DA:2275,1
DA:2276,1
DA:2277,1
DA:2278,1
DA:2279,1
DA:2280,1
DA:2281,1
DA:2282,1
DA:2283,1
DA:2284,1
DA:2285,1
DA:2286,1
DA:2287,1
DA:2288,1
DA:2289,1
DA:2290,1
DA:2291,1
DA:2292,1
DA:2293,1
DA:2294,1
DA:2295,1
DA:2296,1
DA:2297,1
DA:2298,1
DA:2299,1
DA:2300,1
DA:2301,1
DA:2302,1
DA:2303,1
DA:2304,1
DA:2305,1
DA:2306,1
DA:2307,1
DA:2308,1
DA:2309,1
DA:2310,1
DA:2311,1
DA:2312,1
DA:2313,1
DA:2314,1
DA:2315,1
DA:2316,1
DA:2317,1
DA:2318,1
DA:2319,1
DA:2320,1
DA:2321,1
DA:2322,1
DA:2323,1
DA:2324,1
DA:2325,1
DA:2326,1
DA:2327,1
DA:2328,1
DA:2329,1
DA:2330,1
DA:2331,1
DA:2332,1
DA:2333,1
DA:2334,1
DA:2335,1
DA:2336,1
DA:2337,1
DA:2338,1
DA:2339,1
DA:2340,1
DA:2341,1
DA:2342,1
DA:2343,1
DA:2344,1
DA:2345,1
DA:2346,1
DA:2347,1
DA:2348,1
DA:2349,1
DA:2350,1
DA:2351,1
DA:2352,1
DA:2353,1
DA:2354,1
DA:2355,1
DA:2356,1
DA:2357,1
DA:2358,1
DA:2359,1
DA:2360,1
DA:2361,1
DA:2362,1
DA:2363,1
DA:2364,1
DA:2365,1
DA:2366,1
DA:2367,1
DA:2368,1
DA:2369,1
DA:2370,1
DA:2371,1
DA:2372,1
DA:2373,1
DA:2374,1
DA:2375,1
DA:2376,1
DA:2377,1
DA:2378,1
DA:2379,1
DA:2380,1
DA:2381,1
DA:2382,1
DA:2383,1
DA:2384,1
DA:2385,1
DA:2386,1
DA:2387,1
DA:2388,1
DA:2389,1
DA:2390,1
DA:2391,1
DA:2392,1
DA:2393,1
DA:2394,1
DA:2395,1
DA:2396,1
DA:2397,1
DA:2398,1
DA:2399,1
DA:2400,1
DA:2401,1
DA:2402,1
DA:2403,1
DA:2404,1
DA:2405,1
DA:2406,1
DA:2407,1
DA:2408,1
DA:2409,1
DA:2410,1
DA:2411,1
DA:2412,1
DA:2413,1
DA:2414,1
DA:2415,1
DA:2416,1
DA:2417,1
DA:2418,1
DA:2419,1
DA:2420,1
DA:2421,1
DA:2422,1
DA:2423,1
DA:2424,1
DA:2425,1
DA:2426,1
DA:2427,1
DA:2428,1
DA:2429,1
DA:2430,1
DA:2431,1
DA:2432,1
DA:2433,1
DA:2434,1
DA:2435,1
DA:2436,1
DA:2437,1
DA:2438,1
DA:2439,1
DA:2440,1
DA:2441,1
DA:2442,1
DA:2443,1
DA:2444,1
DA:2445,1
DA:2446,1
DA:2447,1
DA:2448,1
DA:2449,1
DA:2450,1
DA:2451,1
DA:2452,1
DA:2453,1
DA:2454,1
DA:2455,1
DA:2456,1
DA:2457,1
DA:2458,1
DA:2459,1
DA:2460,1
DA:2461,1
DA:2462,1
DA:2463,1
DA:2464,1
DA:2465,1
DA:2466,1
DA:2467,1
DA:2468,1
DA:2469,1
DA:2470,1
DA:2471,1
DA:2472,1
DA:2473,1
DA:2474,1
DA:2475,1
DA:2476,1
DA:2477,1
DA:2478,1
DA:2479,1
DA:2480,1
DA:2481,1
DA:2482,1
DA:2483,1
DA:2484,1
DA:2485,1
DA:2486,1
DA:2487,1
DA:2488,1
DA:2489,1
DA:2490,1
DA:2491,1
DA:2492,1
DA:2493,1
DA:2494,1
DA:2495,1
DA:2496,1
DA:2497,1
DA:2498,1
DA:2499,1
DA:2500,1
DA:2501,1
DA:2502,1
DA:2503,1
DA:2504,1
DA:2505,1
DA:2506,1
DA:2507,1
DA:2508,1
DA:2509,1
DA:2510,1
DA:2511,1
DA:2512,1
DA:2513,1
DA:2514,1
DA:2515,1
DA:2516,1
DA:2517,0
DA:2518,0
DA:2519,0
DA:2520,0
DA:2521,0
DA:2522,0
DA:2523,0
DA:2524,0
DA:2525,0
DA:2526,0
DA:2527,0
DA:2528,0
DA:2529,0
DA:2530,0
DA:2531,0
DA:2532,0
DA:2533,0
DA:2534,0
DA:2535,1
DA:2536,1
DA:2537,0
DA:2538,0
DA:2539,0
DA:2540,0
DA:2541,0
DA:2542,0
DA:2543,0
DA:2544,0
DA:2545,0
DA:2546,0
DA:2547,0
DA:2548,0
DA:2549,0
DA:2550,0
DA:2551,1
DA:2552,1
DA:2553,1
DA:2554,1
DA:2555,1
DA:2556,1
DA:2557,1
DA:2558,1
DA:2559,1
DA:2560,1
DA:2561,1
DA:2562,1
DA:2563,1
DA:2564,1
DA:2565,1
DA:2566,1
DA:2567,1
DA:2568,1
DA:2569,1
DA:2570,1
DA:2571,1
DA:2572,1
DA:2573,1
DA:2574,1
DA:2575,1
DA:2576,1
DA:2577,1
DA:2578,1
DA:2579,1
DA:2580,1
DA:2581,1
DA:2582,1
DA:2583,1
DA:2584,1
DA:2585,1
DA:2586,1
DA:2587,1
DA:2588,1
DA:2589,1
DA:2590,1
DA:2591,1
DA:2592,1
DA:2593,1
DA:2594,1
DA:2595,1
DA:2596,1
DA:2597,1
DA:2598,1
DA:2599,1
DA:2600,1
DA:2601,1
DA:2602,1
DA:2603,1
DA:2604,1
DA:2605,1
DA:2606,1
DA:2607,1
DA:2608,1
DA:2609,1
DA:2610,1
DA:2611,1
DA:2612,1
DA:2613,1
DA:2614,1
DA:2615,1
DA:2616,1
DA:2617,1
DA:2618,1
DA:2619,1
DA:2620,1
DA:2621,1
DA:2622,1
DA:2623,1
DA:2624,1
DA:2625,1
DA:2626,1
DA:2627,1
DA:2628,1
DA:2629,1
DA:2630,1
DA:2631,1
DA:2632,1
DA:2633,1
DA:2634,1
DA:2635,1
DA:2636,1
DA:2637,1
DA:2638,1
DA:2639,1
DA:2640,1
DA:2641,1
DA:2642,1
DA:2643,1
DA:2644,1
DA:2645,1
DA:2646,1
DA:2647,1
DA:2648,1
DA:2649,1
DA:2650,1
DA:2651,1
DA:2652,1
DA:2653,1
DA:2654,1
DA:2655,1
DA:2656,1
DA:2657,1
DA:2658,1
DA:2659,1
DA:2660,1
DA:2661,1
DA:2662,1
DA:2663,1
DA:2664,1
DA:2665,1
DA:2666,1
DA:2667,1
DA:2668,1
DA:2669,1
DA:2670,1
DA:2671,1
DA:2672,1
DA:2673,1
DA:2674,1
DA:2675,1
DA:2676,1
DA:2677,1
DA:2678,1
DA:2679,1
DA:2680,1
DA:2681,1
DA:2682,1
DA:2683,1
DA:2684,1
DA:2685,1
DA:2686,1
DA:2687,1
DA:2688,1
DA:2689,1
DA:2690,1
DA:2691,1
DA:2692,1
DA:2693,1
DA:2694,1
DA:2695,1
DA:2696,1
DA:2697,1
DA:2698,1
DA:2699,1
DA:2700,1
DA:2701,1
DA:2702,1
DA:2703,1
DA:2704,1
DA:2705,1
DA:2706,1
DA:2707,1
DA:2708,1
DA:2709,1
DA:2710,1
DA:2711,1
DA:2712,1
DA:2713,1
DA:2714,1
DA:2715,1
DA:2716,1
DA:2717,1
DA:2718,1
DA:2719,1
DA:2720,1
DA:2721,1
DA:2722,1
DA:2723,1
DA:2724,1
DA:2725,1
DA:2726,1
DA:2727,1
DA:2728,1
DA:2729,1
DA:2730,1
DA:2731,1
DA:2732,1
DA:2733,1
DA:2734,1
DA:2735,1
DA:2736,1
DA:2737,1
DA:2738,1
DA:2739,1
DA:2740,1
DA:2741,1
DA:2742,1
DA:2743,1
DA:2744,1
DA:2745,1
DA:2746,1
DA:2747,1
DA:2748,1
DA:2749,1
DA:2750,1
DA:2751,1
DA:2752,1
DA:2753,1
DA:2754,1
DA:2755,1
DA:2756,1
DA:2757,1
DA:2758,1
DA:2759,1
DA:2760,1
DA:2761,1
DA:2762,1
DA:2763,1
DA:2764,1
DA:2765,1
DA:2766,1
DA:2767,1
DA:2768,1
DA:2769,1
DA:2770,1
DA:2771,1
DA:2772,1
DA:2773,1
DA:2774,1
DA:2775,1
DA:2776,1
DA:2777,1
DA:2778,1
DA:2779,1
DA:2780,1
DA:2781,1
DA:2782,1
DA:2783,1
DA:2784,1
DA:2785,1
DA:2786,1
DA:2787,1
DA:2788,1
DA:2789,1
DA:2790,1
DA:2791,1
DA:2792,1
DA:2793,1
DA:2794,1
DA:2795,1
DA:2796,1
DA:2797,1
DA:2798,1
DA:2799,1
DA:2800,1
DA:2801,1
DA:2802,1
DA:2803,1
DA:2804,1
DA:2805,1
DA:2806,1
DA:2807,1
DA:2808,1
DA:2809,1
DA:2810,1
DA:2811,1
DA:2812,1
DA:2813,1
DA:2814,1
DA:2815,1
DA:2816,1
DA:2817,1
DA:2818,1
DA:2819,1
DA:2820,1
DA:2821,1
DA:2822,1
DA:2823,1
DA:2824,1
DA:2825,1
DA:2826,1
DA:2827,1
DA:2828,1
DA:2829,1
DA:2830,1
DA:2831,1
DA:2832,1
DA:2833,1
DA:2834,1
DA:2835,1
DA:2836,1
DA:2837,1
DA:2838,1
DA:2839,1
DA:2840,1
DA:2841,1
DA:2842,1
DA:2843,1
DA:2844,1
DA:2845,1
DA:2846,1
DA:2847,1
DA:2848,1
DA:2849,1
DA:2850,1
DA:2851,1
DA:2852,1
DA:2853,1
DA:2854,1
DA:2855,1
DA:2856,1
DA:2857,1
DA:2858,1
DA:2859,1
DA:2860,1
DA:2861,1
DA:2862,1
DA:2863,1
DA:2864,1
DA:2865,1
DA:2866,1
DA:2867,1
DA:2868,1
DA:2869,1
DA:2870,1
DA:2871,1
DA:2872,1
DA:2873,1
DA:2874,1
DA:2875,1
DA:2876,1
DA:2877,1
DA:2878,1
DA:2879,1
DA:2880,1
DA:2881,1
DA:2882,1
DA:2883,1
DA:2884,1
DA:2885,1
DA:2886,1
DA:2887,1
DA:2888,1
DA:2889,1
DA:2890,1
DA:2891,1
DA:2892,1
DA:2893,1
DA:2894,1
DA:2895,1
DA:2896,1
DA:2897,1
DA:2898,1
DA:2899,1
DA:2900,1
DA:2901,1
DA:2902,1
DA:2903,1
DA:2904,1
DA:2905,1
DA:2906,1
DA:2907,1
DA:2908,1
DA:2909,1
DA:2910,1
DA:2911,1
DA:2912,1
DA:2913,1
DA:2914,1
DA:2915,1
DA:2916,1
DA:2917,1
DA:2918,1
DA:2919,1
DA:2920,1
DA:2921,1
DA:2922,1
DA:2923,1
DA:2924,1
DA:2925,1
DA:2926,1
DA:2927,1
DA:2928,1
DA:2929,1
DA:2930,1
DA:2931,1
DA:2932,1
DA:2933,1
DA:2934,1
DA:2935,1
DA:2936,1
DA:2937,1
DA:2938,1
DA:2939,1
DA:2940,1
DA:2941,1
DA:2942,1
DA:2943,1
DA:2944,1
DA:2945,1
DA:2946,1
DA:2947,1
DA:2948,1
DA:2949,1
DA:2950,1
DA:2951,1
DA:2952,1
DA:2953,1
DA:2954,1
DA:2955,1
DA:2956,1
DA:2957,1
DA:2958,1
DA:2959,1
DA:2960,1
DA:2961,1
DA:2962,1
DA:2963,1
DA:2964,1
DA:2965,1
DA:2966,1
DA:2967,1
DA:2968,1
DA:2969,1
DA:2970,1
DA:2971,1
DA:2972,1
DA:2973,1
DA:2974,1
DA:2975,1
DA:2976,1
DA:2977,1
DA:2978,1
DA:2979,1
DA:2980,1
DA:2981,1
DA:2982,1
DA:2983,1
DA:2984,1
DA:2985,1
DA:2986,1
DA:2987,1
DA:2988,1
DA:2989,1
DA:2990,1
DA:2991,1
DA:2992,1
DA:2993,1
[...]
DA:2028,1
DA:2029,90
DA:2030,90
DA:2031,90
DA:2032,90
DA:2033,42
DA:2034,42
DA:2035,48
DA:2036,48
DA:2037,42
DA:2038,42
DA:2039,42
DA:2040,6
DA:2041,6
DA:2042,48
DA:2043,48
DA:2044,90
DA:2045,90
DA:2046,90
DA:2047,90
DA:2048,1
DA:2049,1
DA:2050,1
DA:2051,1
DA:2052,1
DA:2053,1
DA:2054,1
DA:2055,1
DA:2056,4725
DA:2057,4725
DA:2058,4725
DA:2059,42
DA:2060,42
DA:2061,42
DA:2062,4725
DA:2063,4725
DA:2064,4725
DA:2065,1
DA:2066,1
DA:2067,1
DA:2068,1
DA:2069,1
DA:2070,1
DA:2071,1
DA:2072,1
DA:2073,1
DA:2074,139
DA:2075,139
DA:2076,139
DA:2077,1
DA:2078,1
DA:2079,1
DA:2080,1
DA:2081,1
DA:2082,1
DA:2083,1
DA:2084,1
DA:2085,1
DA:2086,245
DA:2087,245
DA:2088,245
DA:2089,237
DA:2090,237
DA:2091,245
DA:2092,584
DA:2093,584
DA:2094,412
DA:2095,412
DA:2096,412
DA:2097,584
DA:2098,584
DA:2099,237
DA:2100,245
DA:2101,1
DA:2102,1
DA:2103,1
DA:2104,1
DA:2105,1
DA:2106,1
DA:2107,1
DA:2108,1
DA:2109,1
DA:2110,412
DA:2111,412
DA:2112,412
DA:2113,412
DA:2114,412
DA:2115,412
DA:2116,1162
DA:2117,1162
DA:2118,859
DA:2119,859
DA:2120,1162
DA:2121,48
DA:2122,48
DA:2123,811
DA:2124,811
DA:2125,811
DA:2126,811
DA:2127,859
DA:2128,859
DA:2129,1162
DA:2130,245
DA:2131,245
DA:2132,1162
DA:2133,181
DA:2134,181
DA:2135,38
DA:2136,38
DA:2137,38
DA:2138,181
DA:2139,1162
DA:2140,99
DA:2141,99
DA:2142,1162
DA:2143,216
DA:2144,216
DA:2145,1162
DA:2146,118
DA:2147,118
DA:2148,118
DA:2149,1162
DA:2150,0
DA:2151,1162
DA:2152,859
DA:2153,859
DA:2154,412
DA:2155,412
DA:2156,412
DA:2157,412
DA:2158,412
DA:2159,412
DA:2160,1
DA:2161,1
DA:2162,1
DA:2163,1
DA:2164,1
DA:2165,1
DA:2166,1
DA:2167,1
DA:2168,1
DA:2169,99
DA:2170,99
DA:2171,99
DA:2172,99
DA:2173,99
DA:2174,99
DA:2175,99
DA:2176,99
DA:2177,1
DA:2178,1
DA:2179,1
DA:2180,1
DA:2181,1
DA:2182,1
DA:2183,1
DA:2184,1
DA:2185,1
DA:2186,216
DA:2187,216
DA:2188,216
DA:2189,216
DA:2190,216
DA:2191,216
DA:2192,216
DA:2193,216
DA:2194,1
DA:2195,1
DA:2196,1
DA:2197,1
DA:2198,1
DA:2199,322
DA:2200,322
DA:2201,322
DA:2202,322
DA:2203,322
DA:2204,322
DA:2205,322
DA:2206,1
DA:2207,1
DA:2208,1
DA:2209,1
DA:2210,1
DA:2211,1
DA:2212,1
DA:2213,320
DA:2214,320
DA:2215,320
DA:2216,320
DA:2217,320
DA:2218,320
DA:2219,486
DA:2220,486
DA:2221,486
DA:2222,5343
DA:2223,5343
DA:2224,5343
DA:2225,5343
DA:2226,2766
DA:2227,2766
DA:2228,2577
DA:2229,2577
DA:2230,2577
DA:2231,2577
DA:2232,2577
DA:2233,2577
DA:2234,2577
DA:2235,2577
DA:2236,2577
DA:2237,2577
DA:2238,5343
DA:2239,5343
DA:2240,5343
DA:2241,5343
DA:2242,486
DA:2243,320
DA:2244,320
DA:2245,320
DA:2246,1
DA:2247,1
DA:2248,1
DA:2249,1
DA:2250,1
DA:2251,1
DA:2252,1
DA:2253,3374
DA:2254,3374
DA:2255,3374
DA:2256,3374
DA:2257,3374
DA:2258,3374
DA:2259,3374
DA:2260,3374
DA:2261,2463
DA:2262,2463
DA:2263,182
DA:2264,3374
DA:2265,1
DA:2266,1
DA:2267,1
DA:2268,1
DA:2269,1
DA:2270,1
DA:2271,1
DA:2272,6383
DA:2273,10119
DA:2274,10119
DA:2275,10119
DA:2276,7327
DA:2277,7327
DA:2278,10119
DA:2279,6383
DA:2280,6383
DA:2281,6383
DA:2282,8
DA:2283,8
DA:2284,6383
DA:2285,6383
DA:2286,6210
DA:2287,6210
DA:2288,6210
DA:2289,6210
DA:2290,6383
DA:2291,1
DA:2292,1
DA:2293,1
DA:2294,1
DA:2295,1
DA:2296,1
DA:2297,1
DA:2298,1
DA:2299,5343
DA:2300,5343
DA:2301,5343
DA:2302,2577
DA:2303,2577
DA:2304,2766
DA:2305,2766
DA:2306,5343
DA:2307,1
DA:2308,1
DA:2309,1
DA:2310,1
DA:2311,1
DA:2312,1
DA:2313,1
DA:2314,2879
DA:2315,2879
DA:2316,1
DA:2317,1
DA:2318,1
DA:2319,1
DA:2320,1
DA:2321,1
DA:2322,1
DA:2323,2496
DA:2324,2496
DA:2325,1
DA:2326,1
DA:2327,1
DA:2328,1
DA:2329,1
DA:2330,1
DA:2331,1
DA:2332,239
DA:2333,239
DA:2334,239
DA:2335,239
DA:2336,1
DA:2337,1
DA:2338,1
DA:2339,1
DA:2340,1
DA:2341,1
DA:2342,1
DA:2343,239
DA:2344,239
DA:2345,239
DA:2346,239
DA:2347,0
DA:2348,0
DA:2349,239
DA:2350,1
DA:2351,1
DA:2352,1
DA:2353,1
DA:2354,1
DA:2355,1
DA:2356,1
DA:2357,377
DA:2358,377
DA:2359,377
DA:2360,377
DA:2361,0
DA:2362,0
DA:2363,0
DA:2364,0
DA:2365,0
DA:2366,0
DA:2367,0
DA:2368,0
DA:2369,377
DA:2370,1
DA:2371,1
DA:2372,1
DA:2373,1
DA:2374,1
DA:2375,1
DA:2376,1
DA:2377,1
DA:2378,372
DA:2379,1089
DA:2380,1089
DA:2381,1089
DA:2382,1089
DA:2383,1089
DA:2384,1089
DA:2385,1089
DA:2386,1089
DA:2387,916
DA:2388,916
DA:2389,916
DA:2390,173
DA:2391,84
DA:2392,84
DA:2393,84
DA:2394,89
DA:2395,89
DA:2396,89
DA:2397,1089
DA:2398,1089
DA:2399,372
DA:2400,1
DA:2401,1
DA:2402,916
DA:2403,916
DA:2404,916
DA:2405,916
DA:2406,916
DA:2407,867
DA:2408,916
DA:2409,120
DA:2410,120
DA:2411,120
DA:2412,120
DA:2413,120
DA:2414,120
DA:2415,120
DA:2416,867
DA:2417,867
DA:2418,867
DA:2419,867
DA:2420,867
DA:2421,867
DA:2422,867
DA:2423,867
DA:2424,867
DA:2425,867
DA:2426,867
DA:2427,867
DA:2428,916
DA:2429,1
DA:2430,1
DA:2431,84
DA:2432,84
DA:2433,84
DA:2434,84
DA:2435,84
DA:2436,84
DA:2437,84
DA:2438,84
DA:2439,84
DA:2440,84
DA:2441,84
DA:2442,84
DA:2443,84
DA:2444,1
DA:2445,1
DA:2446,89
DA:2447,89
DA:2448,89
DA:2449,89
DA:2450,89
DA:2451,89
DA:2452,89
DA:2453,89
DA:2454,89
DA:2455,89
DA:2456,89
DA:2457,89
DA:2458,89
DA:2459,1
DA:2460,1
DA:2461,1
DA:2462,1
DA:2463,1
DA:2464,1
DA:2465,0
DA:2466,0
DA:2467,1
DA:2468,1
DA:2469,1
DA:2470,1
DA:2471,1
DA:2472,1
DA:2473,0
DA:2474,0
DA:2475,0
DA:2476,0
DA:2477,0
DA:2478,0
DA:2479,0
DA:2480,0
DA:2481,0
DA:2482,0
DA:2483,0
DA:2484,0
DA:2485,0
DA:2486,0
DA:2487,0
DA:2488,0
DA:2489,0
DA:2490,1
DA:2491,1
DA:2492,1
DA:2493,1
DA:2494,1
DA:2495,1
DA:2496,55
DA:2497,55
DA:2498,215
DA:2499,215
DA:2500,55
DA:2501,55
DA:2502,55
DA:2503,1
DA:2504,1
DA:2505,1
DA:2506,1
DA:2507,1
DA:2508,1
DA:2509,303
DA:2510,303
DA:2511,303
DA:2512,995
DA:2513,11
DA:2514,11
DA:2515,995
DA:2516,303
DA:2517,303
DA:2518,303
DA:2519,303
DA:2520,1
DA:2521,1
DA:2522,1
DA:2523,1
DA:2524,1
DA:2525,1
DA:2526,2531
DA:2527,2531
DA:2528,2531
DA:2529,2531
DA:2530,2531
DA:2531,1
DA:2532,1
DA:2533,1
DA:2534,1
DA:2535,1
DA:2536,1
DA:2537,2
DA:2538,2
DA:2539,2
DA:2540,4
DA:2541,4
DA:2542,2
DA:2543,2
DA:2544,2
DA:2545,1
DA:2546,1
DA:2547,1
DA:2548,1
DA:2549,1
DA:2550,1
DA:2551,1
DA:2552,143
DA:2553,143
DA:2554,143
DA:2555,687
DA:2556,676
DA:2557,676
DA:2558,676
DA:2559,676
DA:2560,676
DA:2561,12
DA:2562,12
DA:2563,676
DA:2564,676
DA:2565,687
DA:2566,143
DA:2567,143
DA:2568,143
DA:2569,1
DA:2570,1
DA:2571,1
DA:2572,1
DA:2573,1
DA:2574,1
DA:2575,47
DA:2576,47
DA:2577,47
DA:2578,47
DA:2579,618
DA:2580,618
DA:2581,618
DA:2582,618
DA:2583,618
DA:2584,618
DA:2585,618
DA:2586,618
DA:2587,47
DA:2588,1
DA:2589,1
DA:2590,1
DA:2591,1
DA:2592,1
DA:2593,1
DA:2594,1
DA:2595,1
DA:2596,1
DA:2597,1
DA:2598,1
DA:2599,1
DA:2600,1
DA:2601,1
DA:2602,1
DA:2603,1089
DA:2604,1089
DA:2605,1089
DA:2606,1089
DA:2607,1089
DA:2608,1089
DA:2609,205
DA:2610,205
DA:2611,205
DA:2612,205
DA:2613,205
DA:2614,205
DA:2615,205
DA:2616,196
DA:2617,196
DA:2618,196
DA:2619,196
DA:2620,196
DA:2621,205
DA:2622,1089
DA:2623,1089
DA:2624,1089
DA:2625,1
DA:2626,1
DA:2627,1
DA:2628,1
DA:2629,1
DA:2630,1
DA:2631,1
DA:2632,196
DA:2633,196
DA:2634,196
DA:2635,196
DA:2636,196
DA:2637,196
DA:2638,59
DA:2639,59
DA:2640,6
DA:2641,6
DA:2642,6
DA:2643,59
DA:2644,196
DA:2645,196
DA:2646,196
DA:2647,1
DA:2648,1
DA:2649,1
DA:2650,1
DA:2651,1
DA:2652,1
DA:2653,275
DA:2654,275
DA:2655,894
DA:2656,894
DA:2657,894
DA:2658,275
DA:2659,275
DA:2660,275
DA:2661,1
DA:2662,1
DA:2663,1
DA:2664,1
DA:2665,1
DA:2666,2870
DA:2667,2870
DA:2668,2870
DA:2669,2870
DA:2670,2870
DA:2671,2870
DA:2672,2870
DA:2673,2870
DA:2674,2870
DA:2675,2870
DA:2676,2870
DA:2677,2870
DA:2678,2870
DA:2679,2870
DA:2680,2870
DA:2681,2870
DA:2682,2870
DA:2683,2870
DA:2684,2870
DA:2685,2870
DA:2686,2870
DA:2687,2870
DA:2688,2870
DA:2689,2870
DA:2690,2870
DA:2691,2870
DA:2692,2870
DA:2693,2870
DA:2694,2870
DA:2695,2870
DA:2696,2870
DA:2697,1
DA:2698,1
DA:2699,1
DA:2700,1
DA:2701,1
DA:2702,1
DA:2703,295
DA:2704,295
DA:2705,1
DA:2706,1
DA:2707,1
DA:2708,1
DA:2709,1
DA:2710,1
DA:2711,1
DA:2712,2577
DA:2713,2577
DA:2714,2577
DA:2715,1
DA:2716,1
DA:2717,1
DA:2718,1
DA:2719,1
DA:2720,1
DA:2721,1
DA:2722,2577
DA:2723,2577
DA:2724,2577
DA:2725,1
DA:2726,1
DA:2727,1
DA:2728,1
DA:2729,1
DA:2730,1
DA:2731,1
DA:2732,5343
DA:2733,5343
DA:2734,5343
DA:2735,5343
DA:2736,5343
DA:2737,5343
DA:2738,5343
DA:2739,5343
DA:2740,5343
DA:2741,5343
DA:2742,5343
DA:2743,1
DA:2744,1
DA:2745,1
DA:2746,1
DA:2747,1
DA:2748,1
DA:2749,1
DA:2750,1040
DA:2751,1040
DA:2752,1040
DA:2753,1040
DA:2754,1
DA:2755,1
DA:2756,1
DA:2757,1
DA:2758,1
DA:2759,1
DA:2760,1
DA:2761,1040
DA:2762,1040
DA:2763,1040
DA:2764,1
DA:2765,1
DA:2766,1
DA:2767,1
DA:2768,1
DA:2769,1
DA:2770,1
DA:2771,956
DA:2772,956
DA:2773,956
DA:2774,1
DA:2775,1
DA:2776,1
DA:2777,1
DA:2778,1
DA:2779,1
DA:2780,1
DA:2781,173
DA:2782,173
DA:2783,173
DA:2784,1
DA:2785,1
DA:2786,1
DA:2787,1
DA:2788,1
DA:2789,1
DA:2790,1
DA:2791,84
DA:2792,84
DA:2793,84
DA:2794,1
DA:2795,1
DA:2796,1
DA:2797,1
DA:2798,1
DA:2799,1
DA:2800,1
DA:2801,1040
DA:2802,1040
DA:2803,1040
DA:2804,1
DA:2805,1
DA:2806,1
DA:2807,1
DA:2808,1
DA:2809,1
DA:2810,1
DA:2811,1040
DA:2812,1040
DA:2813,1040
DA:2814,1
DA:2815,1
DA:2816,1
DA:2817,1
DA:2818,1
DA:2819,1
DA:2820,1
DA:2821,867
DA:2822,867
DA:2823,867
DA:2824,1
DA:2825,1
DA:2826,1
DA:2827,1
DA:2828,1
DA:2829,1
DA:2830,1
DA:2831,2577
DA:2832,2577
DA:2833,2577
DA:2834,1
DA:2835,1
DA:2836,1
DA:2837,1
DA:2838,1
DA:2839,1
DA:2840,6748
DA:2841,6748
DA:2842,1
DA:2843,1
DA:2844,1
DA:2845,1
DA:2846,1
DA:2847,1
DA:2848,1
DA:2849,2577
DA:2850,2577
DA:2851,2577
DA:2852,1
DA:2853,1
DA:2854,1
DA:2855,1
DA:2856,1
DA:2857,1
DA:2858,1
DA:2859,13698
DA:2860,13698
DA:2861,13698
DA:2862,13698
DA:2863,13698
DA:2864,13698
DA:2865,1
DA:2866,1
DA:2867,1
DA:2868,1
DA:2869,1
DA:2870,1
DA:2871,1
DA:2872,4
DA:2873,4
DA:2874,36
DA:2875,72
DA:2876,36
DA:2877,36
DA:2878,72
DA:2879,36
DA:2880,4
DA:2881,4
DA:2882,4
DA:2883,1
LF:2883
LH:2834
BRDA:1,0,0,1
BRDA:18,1,0,322
BRDA:38,2,0,1
BRDA:39,3,0,320
BRDA:47,4,0,317
BRDA:50,5,0,287
BRDA:50,6,0,30
BRDA:61,7,0,29
BRDA:65,8,0,26
BRDA:75,9,0,320
BRDA:77,10,0,33
BRDA:85,11,0,317
BRDA:89,12,0,205
BRDA:92,13,0,112
BRDA:98,14,0,282
BRDA:99,15,0,35
BRDA:101,16,0,311
BRDA:111,17,0,323
BRDA:114,18,0,367
BRDA:115,19,0,361
BRDA:118,20,0,6
BRDA:122,21,0,317
BRDA:124,22,0,32
BRDA:127,23,0,317
BRDA:127,24,0,285
BRDA:130,25,0,294
BRDA:135,26,0,317
BRDA:125,27,0,34
BRDA:125,28,0,328
BRDA:144,29,0,361
BRDA:152,30,0,31
BRDA:152,31,0,328
BRDA:155,32,0,3465
BRDA:159,33,0,3126
BRDA:159,34,0,346
BRDA:163,35,0,3462
BRDA:165,36,0,2107
BRDA:167,37,0,355
BRDA:182,38,0,6929
BRDA:184,39,0,2445
BRDA:187,40,0,4484
BRDA:187,41,0,77
BRDA:188,42,0,10
BRDA:191,43,0,67
BRDA:195,44,0,4407
BRDA:195,45,0,93
BRDA:200,46,0,6926
BRDA:211,47,0,3462
BRDA:215,48,0,2266
BRDA:219,49,0,169
BRDA:223,50,0,90
BRDA:227,51,0,228
BRDA:231,52,0,258
BRDA:235,53,0,130
BRDA:239,54,0,30
BRDA:243,55,0,61
BRDA:247,56,0,10
BRDA:251,57,0,186
BRDA:255,58,0,9
BRDA:259,59,0,5
BRDA:263,60,0,5
BRDA:267,61,0,7
BRDA:271,62,0,7
BRDA:275,63,0,1
BRDA:278,64,0,3461
BRDA:287,65,0,311
BRDA:292,66,0,1614
BRDA:295,67,0,7014
BRDA:297,68,0,5806
BRDA:298,69,0,1208
BRDA:298,70,0,21
BRDA:302,71,0,1187
BRDA:307,72,0,1606
BRDA:310,73,0,303
BRDA:319,74,0,135
BRDA:323,75,0,5107
BRDA:326,76,0,4531
BRDA:328,77,0,115
BRDA:331,78,0,576
BRDA:333,79,0,114
BRDA:351,80,0,5024
BRDA:357,81,0,290
BRDA:362,82,0,5789
BRDA:364,83,0,32
BRDA:365,84,0,322
BRDA:367,85,0,290
BRDA:374,86,0,4734
BRDA:384,87,0,131
BRDA:389,88,0,2341
BRDA:392,89,0,87
BRDA:392,90,0,78
BRDA:396,91,0,2263
BRDA:397,92,0,28
BRDA:398,93,0,2235
BRDA:399,94,0,28
BRDA:404,95,0,130
BRDA:416,96,0,303
BRDA:419,97,0,28
BRDA:422,98,0,2
BRDA:426,99,0,275
BRDA:429,100,0,112
BRDA:446,101,0,28
BRDA:448,102,0,1
BRDA:449,103,0,27
BRDA:453,104,0,30
BRDA:459,105,0,27
BRDA:465,106,0,260
BRDA:467,107,0,106
BRDA:475,108,0,27
BRDA:488,109,0,287
BRDA:491,110,0,320
BRDA:506,111,0,2
BRDA:534,112,0,303
BRDA:536,113,0,279
BRDA:537,114,0,24
BRDA:543,115,0,27
BRDA:546,116,0,0
BRDA:550,117,0,5
BRDA:553,118,0,22
BRDA:557,119,0,24
BRDA:565,120,0,303
BRDA:569,121,0,294
BRDA:570,122,0,9
BRDA:571,123,0,61
BRDA:572,124,0,78
BRDA:576,125,0,9
BRDA:586,126,0,52
BRDA:595,127,0,682
BRDA:596,128,0,183
BRDA:599,129,0,499
BRDA:599,130,0,233
BRDA:599,131,0,266
BRDA:611,132,0,5
BRDA:621,133,0,104
BRDA:622,134,0,26
BRDA:625,135,0,78
BRDA:625,136,0,61
BRDA:625,137,0,17
BRDA:645,138,0,722
BRDA:657,139,0,30
BRDA:661,140,0,692
BRDA:663,141,0,263
BRDA:664,142,0,429
BRDA:664,143,0,166
BRDA:668,144,0,263
BRDA:668,145,0,12
BRDA:672,146,0,251
BRDA:672,147,0,239
BRDA:677,148,0,12
BRDA:681,149,0,720
BRDA:690,150,0,30
BRDA:696,151,0,10
BRDA:699,152,0,20
BRDA:717,153,0,166
BRDA:720,154,0,2
BRDA:721,155,0,1
BRDA:728,156,0,164
BRDA:732,157,0,30
BRDA:737,158,0,19
BRDA:742,159,0,13
BRDA:746,160,0,10
BRDA:746,161,0,3
BRDA:751,162,0,10
BRDA:755,163,0,20
BRDA:765,164,0,20
BRDA:769,165,0,21
BRDA:773,166,0,0
BRDA:786,167,0,692
BRDA:787,168,0,226
BRDA:787,169,0,466
BRDA:787,170,0,38
BRDA:795,171,0,263
BRDA:796,172,0,226
BRDA:797,173,0,226
BRDA:798,174,0,37
BRDA:800,175,0,37
BRDA:801,176,0,0
BRDA:810,177,0,692
BRDA:815,178,0,346
BRDA:839,179,0,61
BRDA:840,180,0,59
BRDA:840,181,0,2
BRDA:840,182,0,2
BRDA:843,183,0,59
BRDA:851,184,0,10
BRDA:852,185,0,9
BRDA:852,186,0,1
BRDA:852,187,0,1
BRDA:855,188,0,9
BRDA:869,189,0,195
BRDA:871,190,0,176
BRDA:874,191,0,19
BRDA:881,192,0,752
BRDA:884,193,0,104
BRDA:884,194,0,30
BRDA:897,195,0,10
BRDA:898,196,0,0
BRDA:906,197,0,14
BRDA:915,198,0,143
BRDA:930,199,0,670
BRDA:941,200,0,4475
BRDA:938,201,0,6023
BRDA:952,202,0,114
BRDA:955,203,0,0
BRDA:966,204,0,1254
BRDA:970,205,0,74
BRDA:973,206,0,1180
BRDA:978,207,0,11
BRDA:981,208,0,1169
BRDA:994,209,0,1180
BRDA:1000,210,0,7778
BRDA:1004,211,0,0
BRDA:1007,212,0,5662
BRDA:1036,213,0,7778
BRDA:1039,214,0,15796
BRDA:1040,215,0,2160
BRDA:1041,216,0,1080
BRDA:1042,217,0,14716
BRDA:1043,218,0,6698
BRDA:1044,219,0,6618
BRDA:1049,220,0,8018
BRDA:1051,221,0,1379
BRDA:1067,222,0,1180
BRDA:1071,223,0,1045
BRDA:1072,224,0,135
BRDA:1092,225,0,321
BRDA:1110,226,0,114
BRDA:1113,227,0,0
BRDA:1137,228,0,114
BRDA:1141,229,0,0
BRDA:1144,230,0,104
BRDA:1145,231,0,10
BRDA:1156,232,0,114
BRDA:1158,233,0,124
BRDA:1161,234,0,90
BRDA:1165,235,0,24
BRDA:1169,236,0,0
BRDA:1160,237,0,420
BRDA:1164,238,0,644
BRDA:1178,239,0,1164
BRDA:1189,240,0,4708
BRDA:1190,241,0,1
BRDA:1193,242,0,4707
BRDA:1201,243,0,47
BRDA:1211,244,0,317
BRDA:1212,245,0,590
BRDA:1213,246,0,82
BRDA:1218,247,0,513
BRDA:1240,248,0,4708
BRDA:1257,249,0,33
BRDA:1262,250,0,50
BRDA:1265,251,0,30
BRDA:1271,252,0,50
BRDA:1287,253,0,50
BRDA:1293,254,0,48
BRDA:1294,255,0,2
BRDA:1296,256,0,47
BRDA:1308,257,0,51
BRDA:1314,258,0,54
BRDA:1315,259,0,53
BRDA:1320,260,0,1
BRDA:1326,261,0,48
BRDA:1327,262,0,2
BRDA:1331,263,0,48
BRDA:1331,264,0,46
BRDA:1335,265,0,48
BRDA:1344,266,0,4
BRDA:1347,267,0,22
BRDA:1350,268,0,44
BRDA:1351,269,0,10
BRDA:1351,270,0,34
BRDA:1355,271,0,12
BRDA:1353,272,0,22
BRDA:1353,273,0,38
BRDA:1368,274,0,92
BRDA:1371,275,0,516
BRDA:1374,276,0,527
BRDA:1378,277,0,480
BRDA:1393,278,0,53
BRDA:1406,279,0,53
BRDA:1412,280,0,5
BRDA:1412,281,0,48
BRDA:1413,282,0,5
BRDA:1413,283,0,48
BRDA:1418,284,0,1
BRDA:1422,285,0,51
BRDA:1432,286,0,51
BRDA:1444,287,0,25
BRDA:1447,288,0,18
BRDA:1450,289,0,3
BRDA:1453,290,0,5
BRDA:1457,291,0,0
BRDA:1460,292,0,50
BRDA:1468,293,0,676
BRDA:1469,294,0,615
BRDA:1472,295,0,61
BRDA:1480,296,0,31
BRDA:1491,297,0,47
BRDA:1499,298,0,25
BRDA:1508,299,0,14
BRDA:1517,300,0,3
BRDA:1527,301,0,5
BRDA:1546,302,0,0
BRDA:1560,303,0,56
BRDA:1572,304,0,511
BRDA:1574,305,0,508
BRDA:1580,306,0,115
BRDA:1582,307,0,35
BRDA:1583,308,0,80
BRDA:1586,309,0,396
BRDA:1589,310,0,17
BRDA:1590,311,0,379
BRDA:1594,312,0,55
BRDA:1601,313,0,85
BRDA:1619,314,0,52
BRDA:1629,315,0,52
BRDA:1639,316,0,52
BRDA:1649,317,0,52
BRDA:1658,318,0,52
BRDA:1664,319,0,481
BRDA:1665,320,0,429
BRDA:1667,321,0,80
BRDA:1668,322,0,349
BRDA:1670,323,0,366
BRDA:1686,324,0,61
BRDA:1694,325,0,31
BRDA:1704,326,0,52
BRDA:1719,327,0,135
BRDA:1734,328,0,4725
BRDA:1739,329,0,173
BRDA:1739,330,0,173
BRDA:1741,331,0,42
BRDA:1741,332,0,131
BRDA:1745,333,0,1
BRDA:1748,334,0,90
BRDA:1751,335,0,1
BRDA:1754,336,0,6
BRDA:1757,337,0,1
BRDA:1760,338,0,1
BRDA:1763,339,0,4
BRDA:1766,340,0,15
BRDA:1769,341,0,5
BRDA:1772,342,0,1
BRDA:1775,343,0,8
BRDA:1781,344,0,1
BRDA:1784,345,0,1
BRDA:1785,346,0,2
BRDA:1788,347,0,1
BRDA:1791,348,0,1
BRDA:1794,349,0,3
BRDA:1797,350,0,1
BRDA:1800,351,0,1
BRDA:1803,352,0,1
BRDA:1806,353,0,1
BRDA:1809,354,0,0
BRDA:1812,355,0,1
BRDA:1815,356,0,1
BRDA:1818,357,0,1
BRDA:1821,358,0,2
BRDA:1824,359,0,1
BRDA:1827,360,0,1
BRDA:1830,361,0,2
BRDA:1833,362,0,1
BRDA:1834,363,0,6
BRDA:1837,364,0,1
BRDA:1840,365,0,3
BRDA:1843,366,0,4
BRDA:1846,367,0,5
BRDA:1849,368,0,0
BRDA:1870,369,0,173
BRDA:1874,370,0,90
BRDA:1875,371,0,83
BRDA:1889,372,0,6
BRDA:1893,373,0,3
BRDA:1905,374,0,1
BRDA:1907,375,0,12
BRDA:1922,376,0,1
BRDA:1935,377,0,5
BRDA:1936,378,0,0
BRDA:1944,379,0,6
BRDA:1945,380,0,4
BRDA:1949,381,0,2
BRDA:1954,382,0,38
BRDA:1955,383,0,33
BRDA:1972,384,0,15
BRDA:1977,385,0,3
BRDA:1980,386,0,1
BRDA:1983,387,0,11
BRDA:1986,388,0,0
BRDA:2000,389,0,4725
BRDA:2004,390,0,135
BRDA:2007,391,0,42
BRDA:2007,392,0,42
BRDA:2028,393,0,90
BRDA:2032,394,0,42
BRDA:2032,395,0,42
BRDA:2035,396,0,48
BRDA:2036,397,0,42
BRDA:2040,398,0,6
BRDA:2055,399,0,4725
BRDA:2058,400,0,135
BRDA:2058,401,0,42
BRDA:2073,402,0,139
BRDA:2085,403,0,245
BRDA:2088,404,0,8
BRDA:2089,405,0,237
BRDA:2091,406,0,584
BRDA:2093,407,0,172
BRDA:2094,408,0,412
BRDA:2099,409,0,237
BRDA:2109,410,0,412
BRDA:2115,411,0,1162
BRDA:2117,412,0,303
BRDA:2118,413,0,859
BRDA:2120,414,0,48
BRDA:2123,415,0,811
BRDA:2125,416,0,176
BRDA:2125,417,0,635
BRDA:2127,418,0,859
BRDA:2129,419,0,245
BRDA:2132,420,0,181
BRDA:2134,421,0,38
BRDA:2139,422,0,99
BRDA:2142,423,0,216
BRDA:2145,424,0,118
BRDA:2149,425,0,0
BRDA:2152,426,0,859
BRDA:2156,427,0,40
BRDA:2168,428,0,99
BRDA:2171,429,0,28
BRDA:2173,430,0,35
BRDA:2185,431,0,216
BRDA:2188,432,0,84
BRDA:2190,433,0,26
BRDA:2198,434,0,322
BRDA:2212,435,0,320
BRDA:2218,436,0,486
BRDA:2221,437,0,5343
BRDA:2225,438,0,2766
BRDA:2228,439,0,2577
BRDA:2252,440,0,3374
BRDA:2253,441,0,2242
BRDA:2253,442,0,1132
BRDA:2254,443,0,1647
BRDA:2254,444,0,1727
BRDA:2260,445,0,911
BRDA:2261,446,0,2463
BRDA:2262,447,0,2281
BRDA:2263,448,0,182
BRDA:2271,449,0,6383
BRDA:2272,450,0,10119
BRDA:2275,451,0,4971
BRDA:2275,452,0,7327
BRDA:2281,453,0,13
BRDA:2281,454,0,8
BRDA:2285,455,0,6210
BRDA:2288,456,0,2577
BRDA:2298,457,0,5343
BRDA:2301,458,0,2577
BRDA:2304,459,0,2766
BRDA:2313,460,0,2879
BRDA:2322,461,0,2496
BRDA:2331,462,0,239
BRDA:2334,463,0,0
BRDA:2342,464,0,239
BRDA:2347,465,0,0
BRDA:2356,466,0,377
BRDA:2361,467,0,0
BRDA:2377,468,0,372
BRDA:2378,469,0,1089
BRDA:2380,470,0,576
BRDA:2380,471,0,83
BRDA:2380,472,0,1006
BRDA:2386,473,0,1005
BRDA:2386,474,0,916
BRDA:2390,475,0,173
BRDA:2390,476,0,84
BRDA:2394,477,0,89
BRDA:2401,478,0,916
BRDA:2405,479,0,54
BRDA:2406,480,0,49
BRDA:2407,481,0,867
BRDA:2408,482,0,751
BRDA:2408,483,0,120
BRDA:2416,484,0,867
BRDA:2430,485,0,84
BRDA:2445,486,0,89
BRDA:2495,487,0,55
BRDA:2497,488,0,215
BRDA:2498,489,0,0
BRDA:2501,490,0,0
BRDA:2508,491,0,303
BRDA:2511,492,0,995
BRDA:2512,493,0,11
BRDA:2516,494,0,2
BRDA:2525,495,0,2531
BRDA:2526,496,0,23011
BRDA:2527,497,0,9230
BRDA:2536,498,0,2
BRDA:2539,499,0,4
BRDA:2551,500,0,143
BRDA:2554,501,0,687
BRDA:2555,502,0,676
BRDA:2560,503,0,37
BRDA:2560,504,0,12
BRDA:2574,505,0,47
BRDA:2578,506,0,618
BRDA:2602,507,0,1089
BRDA:2606,508,0,1005
BRDA:2606,509,0,84
BRDA:2608,510,0,1005
BRDA:2608,511,0,205
BRDA:2611,512,0,196
BRDA:2612,513,0,196
BRDA:2615,514,0,196
BRDA:2615,515,0,196
BRDA:2631,516,0,196
BRDA:2637,517,0,59
BRDA:2639,518,0,6
BRDA:2652,519,0,275
BRDA:2654,520,0,894
BRDA:2656,521,0,125
BRDA:2665,522,0,2870
BRDA:2702,523,0,295
BRDA:2703,524,0,272
BRDA:2703,525,0,23
BRDA:2711,526,0,2577
BRDA:2721,527,0,2577
BRDA:2731,528,0,5343
BRDA:2733,529,0,2766
BRDA:2749,530,0,1040
BRDA:2760,531,0,1040
BRDA:2770,532,0,956
BRDA:2780,533,0,173
BRDA:2790,534,0,84
BRDA:2800,535,0,1040
BRDA:2810,536,0,1040
BRDA:2820,537,0,867
BRDA:2830,538,0,2577
BRDA:2839,539,0,6748
BRDA:2848,540,0,2577
BRDA:2858,541,0,13698
BRDA:2859,542,0,10913
BRDA:2859,543,0,2785
BRDA:2861,544,0,0
BRDA:2871,545,0,4
BRDA:2873,546,0,36
BRDA:2874,547,0,72
BRDA:2875,548,0,36
BRF:549
BRH:527
end_of_record
