-------------------|---------|----------|---------|---------|---------------------------------------
File               | % Stmts | % Branch | % Funcs | % Lines | Uncovered Line #s                     
-------------------|---------|----------|---------|---------|---------------------------------------
All files          |    95.6 |    94.59 |   94.24 |    95.6 |                                       
 JoinTables.js     |    99.7 |    98.18 |     100 |    99.7 | 294,579                               
 ScriptSettings.js |   68.61 |    63.15 |   66.66 |   68.61 | ...07-140,162,166-180,189-192,223-224 
 Select2Object.js  |    77.1 |    89.47 |      50 |    77.1 | ...66,174-178,187-197,238-239,243-245 
 SimpleParser.js   |   98.45 |    97.64 |     100 |   98.45 | ...31,423-428,467-470,641-646,975-976 
 Sql.js            |    98.4 |    92.59 |     100 |    98.4 | ...310,570-571,707-708,1066-1067,1104 
 SqlTest.js        |    94.1 |    95.43 |   90.49 |    94.1 | ...4726,5488-5492,5503-5506,5509-5520 
 Table.js          |   99.63 |    92.68 |     100 |   99.63 | 77-78                                 
 TableData.js      |    87.2 |    69.56 |   93.75 |    87.2 | ...93,328-329,356-357,367-369,375-378 
 Views.js          |   98.95 |    96.07 |   98.95 |   98.95 | ...2139-2140,2183-2184,2387,2696-2697 
-------------------|---------|----------|---------|---------|---------------------------------------
-------------------|---------|----------|---------|---------|---------------------------------------
File               | % Stmts | % Branch | % Funcs | % Lines | Uncovered Line #s                     
-------------------|---------|----------|---------|---------|---------------------------------------
All files          |    95.6 |    94.59 |   94.24 |    95.6 |                                       
 JoinTables.js     |    99.7 |    98.18 |     100 |    99.7 | 294,579                               
 ScriptSettings.js |   68.61 |    63.15 |   66.66 |   68.61 | ...07-140,162,166-180,189-192,223-224 
 Select2Object.js  |    77.1 |    89.47 |      50 |    77.1 | ...66,174-178,187-197,238-239,243-245 
 SimpleParser.js   |   98.45 |    97.64 |     100 |   98.45 | ...31,423-428,467-470,641-646,975-976 
 Sql.js            |    98.4 |    92.59 |     100 |    98.4 | ...310,570-571,707-708,1066-1067,1104 
 SqlTest.js        |    94.1 |    95.43 |   90.49 |    94.1 | ...4726,5488-5492,5503-5506,5509-5520 
 Table.js          |   99.63 |    92.68 |     100 |   99.63 | 77-78                                 
 TableData.js      |    87.2 |    69.56 |   93.75 |    87.2 | ...93,328-329,356-357,367-369,375-378 
 Views.js          |   98.95 |    96.07 |   98.95 |   98.95 | ...2139-2140,2183-2184,2387,2696-2697 
-------------------|---------|----------|---------|---------|---------------------------------------
TN:
SF:JoinTables.js
FN:14,JoinTables
FN:30,setTableInfo
FN:41,setTableFields
FN:52,setBindVariables
FN:63,setPrimaryTableInfo
FN:73,load
FN:88,joinNextTable
FN:105,joinCondition
FN:129,resolveCondition
FN:170,andJoinIds
FN:190,orJoinIds
FN:212,isDerivedTable
FN:224,getJoinedTableInfo
FN:236,joinTables
FN:308,JoinTablesRecordIds
FN:337,getRecordIDs
FN:350,setTableFields
FN:360,setTableInfo
FN:370,setBindVariables
FN:380,setRightTableName
FN:390,setLeftTableName
FN:400,setJoinType
FN:410,setPrimaryTableInfo
FN:419,getJoinFieldsInfo
FN:442,getLeftRightFieldInfo
FN:484,getTableInfoFromCalculatedField
FN:500,getReferencedTableInfo
FN:536,searchColumnsForTable
FN:559,getMatchedRecordIds
FN:593,leftRightJoin
FN:636,getJoinColumnData
FN:655,createKeyFieldRecordMap
FN:677,getJoinRecordIdsForNonEqualCondition
FNF:33
FNH:33
FNDA:388,JoinTables
FNDA:388,setTableInfo
FNDA:388,setTableFields
FNDA:388,setBindVariables
FNDA:388,setPrimaryTableInfo
FNDA:48,load
FNDA:70,joinNextTable
FNDA:70,joinCondition
FNDA:71,resolveCondition
FNDA:4,andJoinIds
FNDA:130,orJoinIds
FNDA:879,isDerivedTable
FNDA:67,getJoinedTableInfo
FNDA:66,joinTables
FNDA:388,JoinTablesRecordIds
FNDA:73,getRecordIDs
FNDA:459,setTableFields
FNDA:388,setTableInfo
FNDA:388,setBindVariables
FNDA:71,setRightTableName
FNDA:71,setLeftTableName
FNDA:71,setJoinType
FNDA:388,setPrimaryTableInfo
FNDA:66,getJoinFieldsInfo
FNDA:73,getLeftRightFieldInfo
FNDA:143,getTableInfoFromCalculatedField
FNDA:15,getReferencedTableInfo
FNDA:20,searchColumnsForTable
FNDA:69,getMatchedRecordIds
FNDA:74,leftRightJoin
FNDA:677,getJoinColumnData
FNDA:74,createKeyFieldRecordMap
FNDA:27,getJoinRecordIdsForNonEqualCondition
DA:1,1
DA:2,1
DA:3,1
DA:4,1
DA:5,1
DA:6,1
DA:7,1
DA:8,1
DA:9,1
DA:10,1
DA:11,1
DA:12,1
DA:13,1
DA:14,1
DA:15,388
DA:16,388
DA:17,388
DA:18,388
DA:19,388
DA:20,388
DA:21,388
DA:22,388
DA:23,388
DA:24,1
DA:25,1
DA:26,1
DA:27,1
DA:28,1
DA:29,1
DA:30,1
DA:31,388
DA:32,388
DA:33,388
DA:34,388
DA:35,1
DA:36,1
DA:37,1
DA:38,1
DA:39,1
DA:40,1
DA:41,1
DA:42,388
DA:43,388
DA:44,388
DA:45,388
DA:46,1
DA:47,1
DA:48,1
DA:49,1
DA:50,1
DA:51,1
DA:52,1
DA:53,388
DA:54,388
DA:55,388
DA:56,388
DA:57,1
DA:58,1
DA:59,1
DA:60,1
DA:61,1
DA:62,1
DA:63,1
DA:64,388
DA:65,388
DA:66,388
DA:67,388
DA:68,1
DA:69,1
DA:70,1
DA:71,1
DA:72,1
DA:73,1
DA:74,48
DA:75,48
DA:76,48
DA:77,48
DA:78,70
DA:79,70
DA:80,48
DA:81,1
DA:82,1
DA:83,1
DA:84,1
DA:85,1
DA:86,1
DA:87,1
DA:88,1
DA:89,70
DA:90,70
DA:91,70
DA:92,70
DA:93,70
DA:94,70
DA:95,70
DA:96,70
DA:97,70
DA:98,1
DA:99,1
DA:100,1
DA:101,1
DA:102,1
DA:103,1
DA:104,1
DA:105,1
DA:106,70
DA:107,70
DA:108,70
DA:109,70
DA:110,70
DA:111,68
DA:112,68
DA:113,2
DA:114,2
DA:115,2
DA:116,66
DA:117,66
DA:118,70
DA:119,1
DA:120,1
DA:121,1
DA:122,1
DA:123,1
DA:124,1
DA:125,1
DA:126,1
DA:127,1
DA:128,1
DA:129,1
DA:130,71
DA:131,71
DA:132,71
DA:133,71
DA:134,71
DA:135,71
DA:136,71
DA:137,71
DA:138,71
DA:139,71
DA:140,71
DA:141,71
DA:142,74
DA:143,73
DA:144,73
DA:145,1
DA:146,1
DA:147,1
DA:148,70
DA:149,70
DA:150,70
DA:151,70
DA:152,67
DA:153,71
DA:154,2
DA:155,2
DA:156,2
DA:157,71
DA:158,65
DA:159,65
DA:160,65
DA:161,67
DA:162,67
DA:163,71
DA:164,1
DA:165,1
DA:166,1
DA:167,1
DA:168,1
DA:169,1
DA:170,1
DA:171,4
DA:172,4
DA:173,4
DA:174,22
DA:175,22
DA:176,22
DA:177,22
DA:178,12
DA:179,12
DA:180,22
DA:181,22
DA:182,22
DA:183,4
DA:184,1
DA:185,1
DA:186,1
DA:187,1
DA:188,1
DA:189,1
DA:190,1
DA:191,130
DA:192,130
DA:193,130
DA:194,688
DA:195,688
DA:196,688
DA:197,699
DA:198,688
DA:199,688
DA:200,688
DA:201,647
DA:202,647
DA:203,688
DA:204,130
DA:205,130
DA:206,130
DA:207,1
DA:208,1
DA:209,1
DA:210,1
DA:211,1
DA:212,1
DA:213,879
DA:214,717
DA:215,717
DA:216,162
DA:217,162
DA:218,879
DA:219,1
DA:220,1
DA:221,1
DA:222,1
DA:223,1
DA:224,1
DA:225,67
DA:226,67
DA:227,1
DA:228,1
DA:229,1
DA:230,1
DA:231,1
DA:232,1
DA:233,1
DA:234,1
DA:235,1
DA:236,1
DA:237,66
DA:238,66
DA:239,66
DA:240,66
DA:241,66
DA:242,29
DA:243,29
DA:244,29
DA:245,29
DA:246,29
DA:247,29
DA:248,29
DA:249,29
DA:250,66
DA:251,66
DA:252,28
DA:253,28
DA:254,28
DA:255,28
DA:256,28
DA:257,28
DA:258,28
DA:259,28
DA:260,66
DA:261,66
DA:262,4
DA:263,4
DA:264,4
DA:265,4
DA:266,4
DA:267,4
DA:268,4
DA:269,4
DA:270,4
DA:271,66
DA:272,66
DA:273,5
DA:274,5
DA:275,5
DA:276,5
DA:277,5
DA:278,5
DA:279,5
DA:280,5
DA:281,5
DA:282,5
DA:283,5
DA:284,5
DA:285,5
DA:286,5
DA:287,5
DA:288,5
DA:289,5
DA:290,5
DA:291,5
DA:292,66
DA:293,66
DA:294,0
DA:295,66
DA:296,66
DA:297,66
DA:298,1
DA:299,1
DA:300,1
DA:301,1
DA:302,1
DA:303,1
DA:304,1
DA:305,1
DA:306,1
DA:307,1
DA:308,1
DA:309,388
DA:310,388
DA:311,388
DA:312,388
DA:313,388
DA:314,388
DA:315,388
DA:316,388
DA:317,388
DA:318,388
DA:319,388
DA:320,388
DA:321,388
DA:322,388
DA:323,388
DA:324,388
DA:325,388
DA:326,388
DA:327,388
DA:328,388
DA:329,388
DA:330,388
DA:331,388
DA:332,1
DA:333,1
DA:334,1
DA:335,1
DA:336,1
DA:337,1
DA:338,73
DA:339,73
DA:340,73
DA:341,73
DA:342,73
DA:343,73
DA:344,73
DA:345,1
DA:346,1
DA:347,1
DA:348,1
DA:349,1
DA:350,1
DA:351,459
DA:352,459
DA:353,459
DA:354,459
DA:355,1
DA:356,1
DA:357,1
DA:358,1
DA:359,1
DA:360,1
DA:361,388
DA:362,388
DA:363,388
DA:364,388
DA:365,1
DA:366,1
DA:367,1
DA:368,1
DA:369,1
DA:370,1
DA:371,388
DA:372,388
DA:373,388
DA:374,388
DA:375,1
DA:376,1
DA:377,1
DA:378,1
DA:379,1
DA:380,1
DA:381,71
DA:382,71
DA:383,71
DA:384,71
DA:385,1
DA:386,1
DA:387,1
DA:388,1
DA:389,1
DA:390,1
DA:391,71
DA:392,71
DA:393,71
DA:394,71
DA:395,1
DA:396,1
DA:397,1
DA:398,1
DA:399,1
DA:400,1
DA:401,71
DA:402,71
DA:403,71
DA:404,71
DA:405,1
DA:406,1
DA:407,1
DA:408,1
DA:409,1
DA:410,1
DA:411,388
DA:412,388
DA:413,388
DA:414,388
DA:415,1
DA:416,1
DA:417,1
DA:418,1
DA:419,1
DA:420,66
DA:421,66
DA:422,1
DA:423,1
DA:424,1
DA:425,1
DA:426,1
DA:427,1
DA:428,1
DA:429,1
DA:430,1
DA:431,1
DA:432,1
DA:433,1
DA:434,1
DA:435,1
DA:436,1
DA:437,1
DA:438,1
DA:439,1
DA:440,1
DA:441,1
DA:442,1
DA:443,73
DA:444,73
DA:445,73
DA:446,73
DA:447,73
DA:448,73
DA:449,73
DA:450,73
DA:451,73
DA:452,73
DA:453,73
DA:454,73
DA:455,73
DA:456,73
DA:457,73
DA:458,73
DA:459,73
DA:460,73
DA:461,73
DA:462,73
DA:463,73
DA:464,73
DA:465,73
DA:466,73
DA:467,73
DA:468,73
DA:469,9
DA:470,9
DA:471,9
DA:472,9
DA:473,9
DA:474,9
DA:475,60
DA:476,60
DA:477,73
DA:478,1
DA:479,1
DA:480,1
DA:481,1
DA:482,1
DA:483,1
DA:484,1
DA:485,143
DA:486,143
DA:487,143
DA:488,15
DA:489,15
DA:490,15
DA:491,139
DA:492,139
DA:493,143
DA:494,1
DA:495,1
DA:496,1
DA:497,1
DA:498,1
DA:499,1
DA:500,1
DA:501,15
DA:502,15
DA:503,15
DA:504,15
DA:505,15
DA:506,15
DA:507,15
DA:508,15
DA:509,15
DA:510,15
DA:511,10
DA:512,10
DA:513,5
DA:514,5
DA:515,5
DA:516,5
DA:517,5
DA:518,5
DA:519,5
DA:520,5
DA:521,5
DA:522,5
DA:523,5
DA:524,15
DA:525,3
DA:526,3
DA:527,2
DA:528,2
DA:529,15
DA:530,1
DA:531,1
DA:532,1
DA:533,1
DA:534,1
DA:535,1
DA:536,1
DA:537,20
DA:538,20
DA:539,20
DA:540,20
DA:541,12
DA:542,12
DA:543,12
DA:544,12
DA:545,8
DA:546,8
DA:547,20
DA:548,1
DA:549,1
DA:550,1
DA:551,1
DA:552,1
DA:553,1
DA:554,1
DA:555,1
DA:556,1
DA:557,1
DA:558,1
DA:559,1
DA:560,69
DA:561,69
DA:562,69
DA:563,69
DA:564,69
DA:565,69
DA:566,29
DA:567,29
DA:568,69
DA:569,31
DA:570,31
DA:571,69
DA:572,4
DA:573,4
DA:574,69
DA:575,5
DA:576,5
DA:577,5
DA:578,69
DA:579,0
DA:580,69
DA:581,69
DA:582,69
DA:583,69
DA:584,1
DA:585,1
DA:586,1
DA:587,1
DA:588,1
DA:589,1
DA:590,1
DA:591,1
DA:592,1
DA:593,1
DA:594,74
DA:595,74
DA:596,74
DA:597,74
DA:598,74
DA:599,74
DA:600,74
DA:601,74
DA:602,74
DA:603,74
DA:604,677
DA:605,677
DA:606,677
DA:607,677
DA:608,650
DA:609,650
DA:610,650
DA:611,27
DA:612,27
DA:613,27
DA:614,677
DA:615,677
DA:616,677
DA:617,151
DA:618,98
DA:619,98
DA:620,151
DA:621,526
DA:622,509
DA:623,509
DA:624,509
DA:625,677
DA:626,74
DA:627,74
DA:628,74
DA:629,1
DA:630,1
DA:631,1
DA:632,1
DA:633,1
DA:634,1
DA:635,1
DA:636,1
DA:637,677
DA:638,677
DA:639,677
DA:640,627
DA:641,627
DA:642,627
DA:643,50
DA:644,50
DA:645,50
DA:646,677
DA:647,677
DA:648,677
DA:649,1
DA:650,1
DA:651,1
DA:652,1
DA:653,1
DA:654,1
DA:655,1
DA:656,74
DA:657,74
DA:658,74
DA:659,68
DA:660,68
DA:661,6
DA:662,6
DA:663,6
DA:664,6
DA:665,6
DA:666,74
DA:667,74
DA:668,74
DA:669,1
DA:670,1
DA:671,1
DA:672,1
DA:673,1
DA:674,1
DA:675,1
DA:676,1
DA:677,1
DA:678,27
DA:679,27
DA:680,27
DA:681,27
DA:682,159
DA:683,134
DA:684,134
DA:685,159
DA:686,27
DA:687,27
DA:688,27
DA:689,1
LF:689
LH:687
BRDA:1,0,0,1
BRDA:14,1,0,388
BRDA:30,2,0,388
BRDA:41,3,0,388
BRDA:52,4,0,388
BRDA:63,5,0,388
BRDA:73,6,0,48
BRDA:77,7,0,70
BRDA:80,8,0,44
BRDA:88,9,0,70
BRDA:105,10,0,70
BRDA:110,11,0,68
BRDA:113,12,0,2
BRDA:116,13,0,66
BRDA:129,14,0,71
BRDA:141,15,0,74
BRDA:142,16,0,73
BRDA:145,17,0,1
BRDA:148,18,0,70
BRDA:152,19,0,67
BRDA:153,20,0,2
BRDA:157,21,0,67
BRDA:157,22,0,65
BRDA:161,23,0,67
BRDA:170,24,0,4
BRDA:173,25,0,22
BRDA:177,26,0,12
BRDA:174,27,0,44
BRDA:174,28,0,10
BRDA:174,29,0,34
BRDA:175,30,0,44
BRDA:175,31,0,76
BRDA:190,32,0,130
BRDA:193,33,0,688
BRDA:196,34,0,699
BRDA:200,35,0,647
BRDA:212,36,0,879
BRDA:213,37,0,717
BRDA:216,38,0,162
BRDA:224,39,0,67
BRDA:236,40,0,66
BRDA:241,41,0,29
BRDA:251,42,0,28
BRDA:261,43,0,4
BRDA:272,44,0,5
BRDA:293,45,0,0
BRDA:308,46,0,388
BRDA:337,47,0,73
BRDA:339,48,0,22
BRDA:339,49,0,51
BRDA:350,50,0,459
BRDA:360,51,0,388
BRDA:370,52,0,388
BRDA:380,53,0,71
BRDA:390,54,0,71
BRDA:400,55,0,71
BRDA:410,56,0,388
BRDA:419,57,0,66
BRDA:442,58,0,73
BRDA:448,59,0,5
BRDA:448,60,0,68
BRDA:449,61,0,5
BRDA:449,62,0,68
BRDA:450,63,0,5
BRDA:450,64,0,68
BRDA:468,65,0,10
BRDA:468,66,0,9
BRDA:475,67,0,60
BRDA:484,68,0,143
BRDA:487,69,0,15
BRDA:487,70,0,15
BRDA:491,71,0,139
BRDA:500,72,0,15
BRDA:510,73,0,10
BRDA:513,74,0,5
BRDA:524,75,0,3
BRDA:527,76,0,2
BRDA:520,77,0,8
BRDA:520,78,0,8
BRDA:536,79,0,20
BRDA:540,80,0,12
BRDA:545,81,0,8
BRDA:537,82,0,15
BRDA:538,83,0,15
BRDA:559,84,0,69
BRDA:565,85,0,29
BRDA:568,86,0,31
BRDA:571,87,0,4
BRDA:574,88,0,5
BRDA:578,89,0,0
BRDA:593,90,0,74
BRDA:603,91,0,677
BRDA:607,92,0,650
BRDA:609,93,0,499
BRDA:609,94,0,151
BRDA:611,95,0,27
BRDA:616,96,0,151
BRDA:617,97,0,98
BRDA:621,98,0,526
BRDA:621,99,0,509
BRDA:636,100,0,677
BRDA:639,101,0,627
BRDA:643,102,0,50
BRDA:647,103,0,674
BRDA:655,104,0,74
BRDA:658,105,0,68
BRDA:661,106,0,6
BRDA:677,107,0,27
BRDA:681,108,0,159
BRDA:682,109,0,134
BRF:110
BRH:108
end_of_record
TN:
SF:ScriptSettings.js
FN:8,log
FN:21,ScriptSettings
FN:30,get
FN:54,put
FN:73,putAll
FN:86,putAllKeysWithData
FN:106,getAll
FN:148,expire
FN:188,delete
FN:204,PropertyData
FN:217,getData
FN:234,isExpired
FNF:12
FNH:8
FNDA:0,log
FNDA:3,ScriptSettings
FNDA:6,get
FNDA:3,put
FNDA:1,putAll
FNDA:0,putAllKeysWithData
FNDA:0,getAll
FNDA:2,expire
FNDA:0,delete
FNDA:3,PropertyData
FNDA:4,getData
FNDA:4,isExpired
DA:1,1
DA:2,1
DA:3,1
DA:4,1
DA:5,1
DA:6,1
DA:7,1
DA:8,1
DA:9,0
DA:10,0
DA:11,1
DA:12,1
DA:13,1
DA:14,1
DA:15,1
DA:16,1
DA:17,1
DA:18,1
DA:19,1
DA:20,1
DA:21,1
DA:22,3
DA:23,3
DA:24,1
DA:25,1
DA:26,1
DA:27,1
DA:28,1
DA:29,1
DA:30,1
DA:31,6
DA:32,6
DA:33,6
DA:34,6
DA:35,4
DA:36,4
DA:37,4
DA:38,4
DA:39,4
DA:40,6
DA:41,0
DA:42,0
DA:43,0
DA:44,4
DA:45,4
DA:46,6
DA:47,1
DA:48,1
DA:49,1
DA:50,1
DA:51,1
DA:52,1
DA:53,1
DA:54,1
DA:55,3
DA:56,3
DA:57,3
DA:58,3
DA:59,3
DA:60,3
DA:61,3
DA:62,3
DA:63,3
DA:64,3
DA:65,0
DA:66,0
DA:67,3
DA:68,1
DA:69,1
DA:70,1
DA:71,1
DA:72,1
DA:73,1
DA:74,1
DA:75,1
DA:76,1
DA:77,1
DA:78,1
DA:79,1
DA:80,1
DA:81,1
DA:82,1
DA:83,1
DA:84,1
DA:85,1
DA:86,1
DA:87,0
DA:88,0
DA:89,0
DA:90,0
DA:91,0
DA:92,0
DA:93,0
DA:94,0
DA:95,0
DA:96,0
DA:97,0
DA:98,0
DA:99,1
DA:100,1
DA:101,1
DA:102,1
DA:103,1
DA:104,1
DA:105,1
DA:106,1
DA:107,0
DA:108,0
DA:109,0
DA:110,0
DA:111,0
DA:112,0
DA:113,0
DA:114,0
DA:115,0
DA:116,0
DA:117,0
DA:118,0
DA:119,0
DA:120,0
DA:121,0
DA:122,0
DA:123,0
DA:124,0
DA:125,0
DA:126,0
DA:127,0
DA:128,0
DA:129,0
DA:130,0
DA:131,0
DA:132,0
DA:133,0
DA:134,0
DA:135,0
DA:136,0
DA:137,0
DA:138,0
DA:139,0
DA:140,0
DA:141,1
DA:142,1
DA:143,1
DA:144,1
DA:145,1
DA:146,1
DA:147,1
DA:148,1
DA:149,2
DA:150,2
DA:151,2
DA:152,2
DA:153,2
DA:154,2
DA:155,2
DA:156,2
DA:157,2
DA:158,2
DA:159,2
DA:160,2
DA:161,2
DA:162,0
DA:163,2
DA:164,2
DA:165,2
DA:166,0
DA:167,0
DA:168,0
DA:169,0
DA:170,0
DA:171,0
DA:172,0
DA:173,0
DA:174,0
DA:175,0
DA:176,0
DA:177,0
DA:178,0
DA:179,0
DA:180,0
DA:181,2
DA:182,2
DA:183,1
DA:184,1
DA:185,1
DA:186,1
DA:187,1
DA:188,1
DA:189,0
DA:190,0
DA:191,0
DA:192,0
DA:193,1
DA:194,1
DA:195,1
DA:196,1
DA:197,1
DA:198,1
DA:199,1
DA:200,1
DA:201,1
DA:202,1
DA:203,1
DA:204,1
DA:205,3
DA:206,3
DA:207,3
DA:208,3
DA:209,3
DA:210,3
DA:211,3
DA:212,1
DA:213,1
DA:214,1
DA:215,1
DA:216,1
DA:217,1
DA:218,4
DA:219,4
DA:220,4
DA:221,4
DA:222,4
DA:223,0
DA:224,0
DA:225,4
DA:226,4
DA:227,4
DA:228,1
DA:229,1
DA:230,1
DA:231,1
DA:232,1
DA:233,1
DA:234,1
DA:235,4
DA:236,4
DA:237,4
DA:238,4
DA:239,1
LF:239
LH:164
BRDA:1,0,0,1
BRDA:21,1,0,3
BRDA:30,2,0,6
BRDA:34,3,0,2
BRDA:35,4,0,4
BRDA:40,5,0,0
BRDA:44,6,0,4
BRDA:54,7,0,3
BRDA:64,8,0,0
BRDA:73,9,0,1
BRDA:148,10,0,2
BRDA:149,11,0,0
BRDA:162,12,0,0
BRDA:165,13,0,0
BRDA:165,14,0,0
BRDA:204,15,0,3
BRDA:217,16,0,4
BRDA:222,17,0,0
BRDA:234,18,0,4
BRF:19
BRH:12
end_of_record
TN:
SF:Select2Object.js
FN:17,Select2Object
FN:28,addTableData
FN:41,addBindVariable
FN:55,execute
FN:88,cleanupColumnNames
FN:118,convertTableArrayToObjectArray
FN:132,convertObjectArrayToTableArray
FN:158,convertObjectToArray
FN:173,convertColumnTitleToPropertyName
FN:186,getColumnNumber
FN:205,createTableObjectArray
FN:230,createEmptyRecordObject
FN:237,dataObject.get
FN:242,dataObject.set
FNF:14
FNH:7
FNDA:3,Select2Object
FNDA:5,addTableData
FNDA:1,addBindVariable
FNDA:3,execute
FNDA:3,cleanupColumnNames
FNDA:0,convertTableArrayToObjectArray
FNDA:0,convertObjectArrayToTableArray
FNDA:0,convertObjectToArray
FNDA:0,convertColumnTitleToPropertyName
FNDA:0,getColumnNumber
FNDA:3,createTableObjectArray
FNDA:3,createEmptyRecordObject
FNDA:0,dataObject.get
FNDA:0,dataObject.set
DA:1,1
DA:2,1
DA:3,1
DA:4,1
DA:5,1
DA:6,1
DA:7,1
DA:8,1
DA:9,1
DA:10,1
DA:11,1
DA:12,1
DA:13,1
DA:14,1
DA:15,1
DA:16,1
DA:17,1
DA:18,3
DA:19,3
DA:20,3
DA:21,1
DA:22,1
DA:23,1
DA:24,1
DA:25,1
DA:26,1
DA:27,1
DA:28,1
DA:29,5
DA:30,5
DA:31,5
DA:32,5
DA:33,5
DA:34,1
DA:35,1
DA:36,1
DA:37,1
DA:38,1
DA:39,1
DA:40,1
DA:41,1
DA:42,1
DA:43,1
DA:44,1
DA:45,1
DA:46,1
DA:47,1
DA:48,1
DA:49,1
DA:50,1
DA:51,1
DA:52,1
DA:53,1
DA:54,1
DA:55,1
DA:56,3
DA:57,3
DA:58,3
DA:59,3
DA:60,5
DA:61,5
DA:62,3
DA:63,3
DA:64,3
DA:65,3
DA:66,3
DA:67,3
DA:68,1
DA:69,1
DA:70,3
DA:71,3
DA:72,3
DA:73,3
DA:74,0
DA:75,0
DA:76,3
DA:77,3
DA:78,3
DA:79,3
DA:80,3
DA:81,3
DA:82,1
DA:83,1
DA:84,1
DA:85,1
DA:86,1
DA:87,1
DA:88,1
DA:89,3
DA:90,3
DA:91,3
DA:92,3
DA:93,3
DA:94,11
DA:95,11
DA:96,11
DA:97,11
DA:98,11
DA:99,11
DA:100,0
DA:101,0
DA:102,0
DA:103,11
DA:104,3
DA:105,3
DA:106,3
DA:107,1
DA:108,1
DA:109,2
DA:110,2
DA:111,3
DA:112,1
DA:113,1
DA:114,1
DA:115,1
DA:116,1
DA:117,1
DA:118,1
DA:119,0
DA:120,0
DA:121,0
DA:122,0
DA:123,0
DA:124,1
DA:125,1
DA:126,1
DA:127,1
DA:128,1
DA:129,1
DA:130,1
DA:131,1
DA:132,1
DA:133,0
DA:134,0
DA:135,0
DA:136,0
DA:137,0
DA:138,0
DA:139,0
DA:140,0
DA:141,0
DA:142,0
DA:143,0
DA:144,0
DA:145,0
DA:146,0
DA:147,0
DA:148,0
DA:149,0
DA:150,0
DA:151,1
DA:152,1
DA:153,1
DA:154,1
DA:155,1
DA:156,1
DA:157,1
DA:158,1
DA:159,0
DA:160,0
DA:161,0
DA:162,0
DA:163,0
DA:164,0
DA:165,0
DA:166,0
DA:167,1
DA:168,1
DA:169,1
DA:170,1
DA:171,1
DA:172,1
DA:173,1
DA:174,0
DA:175,0
DA:176,0
DA:177,0
DA:178,0
DA:179,1
DA:180,1
DA:181,1
DA:182,1
DA:183,1
DA:184,1
DA:185,1
DA:186,1
DA:187,0
DA:188,0
DA:189,0
DA:190,0
DA:191,0
DA:192,0
DA:193,0
DA:194,0
DA:195,0
DA:196,0
DA:197,0
DA:198,1
DA:199,1
DA:200,1
DA:201,1
DA:202,1
DA:203,1
DA:204,1
DA:205,1
DA:206,3
DA:207,3
DA:208,3
DA:209,3
DA:210,3
DA:211,3
DA:212,10
DA:213,10
DA:214,10
DA:215,10
DA:216,38
DA:217,38
DA:218,10
DA:219,10
DA:220,10
DA:221,3
DA:222,3
DA:223,3
DA:224,1
DA:225,1
DA:226,1
DA:227,1
DA:228,1
DA:229,1
DA:230,1
DA:231,3
DA:232,3
DA:233,3
DA:234,11
DA:235,11
DA:236,3
DA:237,3
DA:238,0
DA:239,0
DA:240,3
DA:241,3
DA:242,3
DA:243,0
DA:244,0
DA:245,0
DA:246,3
DA:247,3
DA:248,3
DA:249,1
LF:249
LH:192
BRDA:1,0,0,1
BRDA:17,1,0,3
BRDA:28,2,0,5
BRDA:41,3,0,1
BRDA:55,4,0,3
BRDA:59,5,0,5
BRDA:67,6,0,1
BRDA:73,7,0,0
BRDA:88,8,0,3
BRDA:93,9,0,11
BRDA:100,10,0,0
BRDA:106,11,0,1
BRDA:109,12,0,2
BRDA:89,13,0,11
BRDA:205,14,0,3
BRDA:211,15,0,10
BRDA:215,16,0,38
BRDA:230,17,0,3
BRDA:233,18,0,11
BRF:19
BRH:17
end_of_record
TN:
SF:SimpleParser.js
FN:17,sqlCondition2JsCondition
FN:40,sql2ast
FN:93,filterCommentsFromStatement
FN:108,resolveSqlCondition
FN:142,generateUsedKeywordList
FN:166,generateSqlSeparatorWords
FN:180,hideInnerSql
FN:221,getPositionsOfSqlParts
FN:253,realNameCallback
FN:261,removeDuplicateEntries
FN:284,protect
FN:298,unprotect
FN:311,analyzeParts
FN:352,reorganizeJoins
FN:372,reorganizeSpecificJoin
FN:403,sqlSetStatementSplitter
FN:445,makeSqlPartsSplitterRegEx
FN:459,reorganizeUnions
FN:479,parseUnion
FN:493,CondLexer
FN:504,readNextChar
FN:517,readNextToken
FN:543,readWord
FN:576,isStartOrEndOfString
FN:595,isFinishedWord
FN:624,readString
FN:655,readGroupSymbol
FN:666,readOperator
FN:682,readMathOperator
FN:693,readBindVariable
FN:710,CondParser
FN:722,parse
FN:730,readNextToken
FN:741,parseExpressionsRecursively
FN:749,parseLogicalExpression
FN:778,parseConditionExpression
FN:811,createWhereBetweenAstLogic
FN:827,parseSelectExistsSubQuery
FN:848,parseBaseExpression
FN:871,parseWordExpression
FN:892,parseGroupExpression
FN:913,parseSelectIn
FN:946,groupBracketIncrementer
FN:971,analyze
FN:987,SELECT
FN:1005,extractSelectField
FN:1039,FROM
FN:1068,LEFT_JOIN
FN:1077,INNER_JOIN
FN:1086,RIGHT_JOIN
FN:1095,FULL_JOIN
FN:1104,allJoins
FN:1122,WHERE
FN:1131,ORDER_BY
FN:1140,GROUP_BY
FN:1149,PIVOT
FN:1172,LIMIT
FN:1184,HAVING
FN:1193,UNION
FN:1202,UNION_ALL
FN:1211,INTERSECT
FN:1220,EXCEPT
FN:1229,parseForCorrelatedSubQuery
FN:1248,protect_split
FN:1289,trim
FN:1298,getNameAndAlias
FN:1328,lastIndexOfOutsideLiteral
FNF:67
FNH:67
FNDA:56,sqlCondition2JsCondition
FNDA:370,sql2ast
FNDA:370,filterCommentsFromStatement
FNDA:56,resolveSqlCondition
FNDA:370,generateUsedKeywordList
FNDA:370,generateSqlSeparatorWords
FNDA:1880,hideInnerSql
FNDA:370,getPositionsOfSqlParts
FNDA:1192,realNameCallback
FNDA:370,removeDuplicateEntries
FNDA:2758,protect
FNDA:318,unprotect
FNDA:370,analyzeParts
FNDA:369,reorganizeJoins
FNDA:1476,reorganizeSpecificJoin
FNDA:370,sqlSetStatementSplitter
FNDA:370,makeSqlPartsSplitterRegEx
FNDA:369,reorganizeUnions
FNDA:21,parseUnion
FNDA:279,CondLexer
FNDA:9797,readNextChar
FNDA:2865,readNextToken
FNDA:820,readWord
FNDA:7848,isStartOrEndOfString
FNDA:7848,isFinishedWord
FNDA:107,readString
FNDA:88,readGroupSymbol
FNDA:298,readOperator
FNDA:20,readMathOperator
FNDA:66,readBindVariable
FNDA:279,CondParser
FNDA:279,parse
FNDA:1677,readNextToken
FNDA:316,parseExpressionsRecursively
FNDA:316,parseLogicalExpression
FNDA:370,parseConditionExpression
FNDA:4,createWhereBetweenAstLogic
FNDA:3,parseSelectExistsSubQuery
FNDA:695,parseBaseExpression
FNDA:594,parseWordExpression
FNDA:37,parseGroupExpression
FNDA:39,parseSelectIn
FNDA:274,groupBracketIncrementer
FNDA:1117,analyze
FNDA:440,SELECT
FNDA:809,extractSelectField
FNDA:368,FROM
FNDA:35,LEFT_JOIN
FNDA:36,INNER_JOIN
FNDA:4,RIGHT_JOIN
FNDA:5,FULL_JOIN
FNDA:80,allJoins
FNDA:194,WHERE
FNDA:37,ORDER_BY
FNDA:34,GROUP_BY
FNDA:7,PIVOT
FNDA:2,LIMIT
FNDA:5,HAVING
FNDA:8,UNION
FNDA:10,UNION_ALL
FNDA:1,INTERSECT
FNDA:2,EXCEPT
FNDA:556,parseForCorrelatedSubQuery
FNDA:440,protect_split
FNDA:1429,trim
FNDA:1177,getNameAndAlias
FNDA:1177,lastIndexOfOutsideLiteral
DA:1,1
DA:2,1
DA:3,1
DA:4,1
DA:5,1
DA:6,1
DA:7,1
DA:8,1
DA:9,1
DA:10,1
DA:11,1
DA:12,1
DA:13,1
DA:14,1
DA:15,1
DA:16,1
DA:17,1
DA:18,56
DA:19,56
DA:20,56
DA:21,56
DA:22,56
DA:23,56
DA:24,53
DA:25,53
DA:26,3
DA:27,3
DA:28,3
DA:29,56
DA:30,56
DA:31,56
DA:32,56
DA:33,56
DA:34,1
DA:35,1
DA:36,1
DA:37,1
DA:38,1
DA:39,1
DA:40,1
DA:41,370
DA:42,370
DA:43,370
DA:44,370
DA:45,370
DA:46,370
DA:47,370
DA:48,370
DA:49,370
DA:50,370
DA:51,370
DA:52,370
DA:53,370
DA:54,370
DA:55,21
DA:56,21
DA:57,370
DA:58,370
DA:59,370
DA:60,370
DA:61,370
DA:62,370
DA:63,370
DA:64,370
DA:65,370
DA:66,370
DA:67,370
DA:68,370
DA:69,370
DA:70,370
DA:71,370
DA:72,370
DA:73,370
DA:74,370
DA:75,370
DA:76,24
DA:77,1
DA:78,1
DA:79,23
DA:80,23
DA:81,23
DA:82,23
DA:83,23
DA:84,368
DA:85,368
DA:86,370
DA:87,1
DA:88,1
DA:89,1
DA:90,1
DA:91,1
DA:92,1
DA:93,1
DA:94,370
DA:95,370
DA:96,370
DA:97,370
DA:98,370
DA:99,370
DA:100,370
DA:101,1
DA:102,1
DA:103,1
DA:104,1
DA:105,1
DA:106,1
DA:107,1
DA:108,1
DA:109,56
DA:110,56
DA:111,56
DA:112,59
DA:113,59
DA:114,2
DA:115,2
DA:116,57
DA:117,1
DA:118,1
DA:119,59
DA:120,59
DA:121,59
DA:122,46
DA:123,46
DA:124,13
DA:125,13
DA:126,13
DA:127,59
DA:128,59
DA:129,0
DA:130,0
DA:131,0
DA:132,59
DA:133,56
DA:134,56
DA:135,56
DA:136,1
DA:137,1
DA:138,1
DA:139,1
DA:140,1
DA:141,1
DA:142,1
DA:143,370
DA:144,370
DA:145,370
DA:146,370
DA:147,370
DA:148,370
DA:149,6290
DA:150,6290
DA:151,1517
DA:152,1517
DA:153,1517
DA:154,1517
DA:155,6290
DA:156,370
DA:157,370
DA:158,370
DA:159,370
DA:160,1
DA:161,1
DA:162,1
DA:163,1
DA:164,1
DA:165,1
DA:166,1
DA:167,370
DA:168,370
DA:169,370
DA:170,370
DA:171,370
DA:172,370
DA:173,1
DA:174,1
DA:175,1
DA:176,1
DA:177,1
DA:178,1
DA:179,1
DA:180,1
DA:181,1880
DA:182,1485
DA:183,1485
DA:184,395
DA:185,395
DA:186,395
DA:187,395
DA:188,395
DA:189,1880
DA:190,42884
DA:191,42884
DA:192,42884
DA:193,777
DA:194,777
DA:195,777
DA:196,599
DA:197,599
DA:198,777
DA:199,42107
DA:200,777
DA:201,777
DA:202,599
DA:203,599
DA:204,599
DA:205,599
DA:206,599
DA:207,599
DA:208,599
DA:209,599
DA:210,777
DA:211,42884
DA:212,395
DA:213,1880
DA:214,1
DA:215,1
DA:216,1
DA:217,1
DA:218,1
DA:219,1
DA:220,1
DA:221,1
DA:222,370
DA:223,370
DA:224,370
DA:225,370
DA:226,2440
DA:227,2440
DA:228,2440
DA:229,2440
DA:230,3632
DA:231,3632
DA:232,1192
DA:233,1192
DA:234,1192
DA:235,1182
DA:236,1182
DA:237,1192
DA:238,1192
DA:239,1192
DA:240,3632
DA:241,2440
DA:242,370
DA:243,370
DA:244,370
DA:245,370
DA:246,1
DA:247,1
DA:248,1
DA:249,1
DA:250,1
DA:251,1
DA:252,1
DA:253,1
DA:254,1192
DA:255,1192
DA:256,1
DA:257,1
DA:258,1
DA:259,1
DA:260,1
DA:261,1
DA:262,370
DA:263,370
DA:264,370
DA:265,1182
DA:266,63
DA:267,63
DA:268,1119
DA:269,1119
DA:270,1119
DA:271,1119
DA:272,1119
DA:273,17
DA:274,17
DA:275,1119
DA:276,370
DA:277,370
DA:278,1
DA:279,1
DA:280,1
DA:281,1
DA:282,1
DA:283,1
DA:284,1
DA:285,2758
DA:286,2758
DA:287,2758
DA:288,21071
DA:289,21071
DA:290,2758
DA:291,2758
DA:292,1
DA:293,1
DA:294,1
DA:295,1
DA:296,1
DA:297,1
DA:298,1
DA:299,318
DA:300,318
DA:301,318
DA:302,318
DA:303,318
DA:304,1
DA:305,1
DA:306,1
DA:307,1
DA:308,1
DA:309,1
DA:310,1
DA:311,1
DA:312,370
DA:313,370
DA:314,370
DA:315,1117
DA:316,1117
DA:317,1117
DA:318,1117
DA:319,1117
DA:320,1091
DA:321,1091
DA:322,25
DA:323,25
DA:324,14
DA:325,14
DA:326,14
DA:327,14
DA:328,25
DA:329,25
DA:330,25
DA:331,1117
DA:332,370
DA:333,370
DA:334,370
DA:335,370
DA:336,370
DA:337,370
DA:338,55
DA:339,80
DA:340,80
DA:341,55
DA:342,369
DA:343,369
DA:344,369
DA:345,369
DA:346,370
DA:347,1
DA:348,1
DA:349,1
DA:350,1
DA:351,1
DA:352,1
DA:353,369
DA:354,369
DA:355,369
DA:356,369
DA:357,369
DA:358,369
DA:359,369
DA:360,369
DA:361,1476
DA:362,1476
DA:363,1476
DA:364,369
DA:365,1
DA:366,1
DA:367,1
DA:368,1
DA:369,1
DA:370,1
DA:371,1
DA:372,1
DA:373,1476
DA:374,55
DA:375,55
DA:376,55
DA:377,55
DA:378,55
DA:379,41
DA:380,41
DA:381,41
DA:382,14
DA:383,14
DA:384,39
DA:385,39
DA:386,39
DA:387,14
DA:388,55
DA:389,55
DA:390,55
DA:391,1476
DA:392,1
DA:393,1
DA:394,1
DA:395,1
DA:396,1
DA:397,1
DA:398,1
DA:399,1
DA:400,1
DA:401,1
DA:402,1
DA:403,1
DA:404,370
DA:405,370
DA:406,370
DA:407,370
DA:408,370
DA:409,370
DA:410,370
DA:411,349
DA:412,349
DA:413,21
DA:414,21
DA:415,21
DA:416,21
DA:417,21
DA:418,21
DA:419,21
DA:420,21
DA:421,21
DA:422,370
DA:423,0
DA:424,0
DA:425,0
DA:426,0
DA:427,0
DA:428,0
DA:429,21
DA:430,21
DA:431,21
DA:432,21
DA:433,21
DA:434,21
DA:435,21
DA:436,21
DA:437,21
DA:438,370
DA:439,1
DA:440,1
DA:441,1
DA:442,1
DA:443,1
DA:444,1
DA:445,1
DA:446,370
DA:447,370
DA:448,370
DA:449,370
DA:450,370
DA:451,370
DA:452,370
DA:453,370
DA:454,1
DA:455,1
DA:456,1
DA:457,1
DA:458,1
DA:459,1
DA:460,369
DA:461,369
DA:462,369
DA:463,1476
DA:464,21
DA:465,21
DA:466,1455
DA:467,0
DA:468,0
DA:469,0
DA:470,0
DA:471,1476
DA:472,369
DA:473,1
DA:474,1
DA:475,1
DA:476,1
DA:477,1
DA:478,1
DA:479,1
DA:480,21
DA:481,21
DA:482,21
DA:483,21
DA:484,21
DA:485,21
DA:486,21
DA:487,1
DA:488,1
DA:489,1
DA:490,1
DA:491,1
DA:492,1
DA:493,1
DA:494,279
DA:495,279
DA:496,279
DA:497,279
DA:498,279
DA:499,279
DA:500,279
DA:501,279
DA:502,1
DA:503,1
DA:504,1
DA:505,9797
DA:506,9796
DA:507,9796
DA:508,1
DA:509,1
DA:510,1
DA:511,9797
DA:512,1
DA:513,1
DA:514,1
DA:515,1
DA:516,1
DA:517,1
DA:518,2865
DA:519,2865
DA:520,2045
DA:521,2865
DA:522,1938
DA:523,2865
DA:524,1850
DA:525,2865
DA:526,1552
DA:527,2865
DA:528,1532
DA:529,2865
DA:530,1466
DA:531,2865
DA:532,278
DA:533,278
DA:534,1188
DA:535,1188
DA:536,1188
DA:537,2865
DA:538,1
DA:539,1
DA:540,1
DA:541,1
DA:542,1
DA:543,1
DA:544,820
DA:545,820
DA:546,820
DA:547,820
DA:548,820
DA:549,820
DA:550,7848
DA:551,7848
DA:552,7848
DA:553,7848
DA:554,7848
DA:555,7145
DA:556,7145
DA:557,7145
DA:558,7145
DA:559,820
DA:560,820
DA:561,55
DA:562,55
DA:563,765
DA:564,820
DA:565,67
DA:566,67
DA:567,698
DA:568,698
DA:569,820
DA:570,1
DA:571,1
DA:572,1
DA:573,1
DA:574,1
DA:575,1
DA:576,1
DA:577,7848
DA:578,6
DA:579,6
DA:580,6
DA:581,6
DA:582,7842
DA:583,6
DA:584,6
DA:585,6
DA:586,7836
DA:587,7836
DA:588,7848
DA:589,1
DA:590,1
DA:591,1
DA:592,1
DA:593,1
DA:594,1
DA:595,1
DA:596,7848
DA:597,7848
DA:598,7818
DA:599,7818
DA:600,7848
DA:601,23
DA:602,23
DA:603,7795
DA:604,7848
DA:605,39
DA:606,39
DA:607,7756
DA:608,39
DA:609,39
DA:610,7795
DA:611,7795
DA:612,7848
DA:613,3
DA:614,3
DA:615,7792
DA:616,7792
DA:617,7848
DA:618,7848
DA:619,1
DA:620,1
DA:621,1
DA:622,1
DA:623,1
DA:624,1
DA:625,107
DA:626,107
DA:627,107
DA:628,107
DA:629,107
DA:630,107
DA:631,107
DA:632,392
DA:633,392
DA:634,392
DA:635,107
DA:636,107
DA:637,107
DA:638,107
DA:639,107
DA:640,107
DA:641,0
DA:642,0
DA:643,0
DA:644,0
DA:645,0
DA:646,0
DA:647,107
DA:648,107
DA:649,107
DA:650,1
DA:651,1
DA:652,1
DA:653,1
DA:654,1
DA:655,1
DA:656,88
DA:657,88
DA:658,88
DA:659,88
DA:660,88
DA:661,1
DA:662,1
DA:663,1
DA:664,1
DA:665,1
DA:666,1
DA:667,298
DA:668,298
DA:669,298
DA:670,298
DA:671,48
DA:672,48
DA:673,48
DA:674,298
DA:675,298
DA:676,298
DA:677,1
DA:678,1
DA:679,1
DA:680,1
DA:681,1
DA:682,1
DA:683,20
DA:684,20
DA:685,20
DA:686,20
DA:687,20
DA:688,1
DA:689,1
DA:690,1
DA:691,1
DA:692,1
DA:693,1
DA:694,66
DA:695,66
DA:696,66
DA:697,66
DA:698,59
DA:699,59
DA:700,59
DA:701,66
DA:702,66
DA:703,66
DA:704,1
DA:705,1
DA:706,1
DA:707,1
DA:708,1
DA:709,1
DA:710,1
DA:711,279
DA:712,279
DA:713,279
DA:714,279
DA:715,279
DA:716,1
DA:717,1
DA:718,1
DA:719,1
DA:720,1
DA:721,1
DA:722,1
DA:723,279
DA:724,279
DA:725,1
DA:726,1
DA:727,1
DA:728,1
DA:729,1
DA:730,1
DA:731,1677
DA:732,1677
DA:733,1677
DA:734,1677
DA:735,1677
DA:736,1
DA:737,1
DA:738,1
DA:739,1
DA:740,1
DA:741,1
DA:742,316
DA:743,316
DA:744,1
DA:745,1
DA:746,1
DA:747,1
DA:748,1
DA:749,1
DA:750,316
DA:751,316
DA:752,316
DA:753,54
DA:754,54
DA:755,54
DA:756,54
DA:757,54
DA:758,54
DA:759,54
DA:760,5
DA:761,5
DA:762,49
DA:763,4
DA:764,4
DA:765,45
DA:766,45
DA:767,45
DA:768,45
DA:769,54
DA:770,316
DA:771,316
DA:772,316
DA:773,1
DA:774,1
DA:775,1
DA:776,1
DA:777,1
DA:778,1
DA:779,370
DA:780,370
DA:781,370
DA:782,42
DA:783,42
DA:784,328
DA:785,328
DA:786,328
DA:787,328
DA:788,328
DA:789,370
DA:790,13
DA:791,13
DA:792,13
DA:793,328
DA:794,328
DA:795,370
DA:796,3
DA:797,370
DA:798,325
DA:799,325
DA:800,328
DA:801,328
DA:802,370
DA:803,1
DA:804,1
DA:805,1
DA:806,1
DA:807,1
DA:808,1
DA:809,1
DA:810,1
DA:811,1
DA:812,4
DA:813,4
DA:814,4
DA:815,4
DA:816,4
DA:817,4
DA:818,4
DA:819,4
DA:820,4
DA:821,4
DA:822,1
DA:823,1
DA:824,1
DA:825,1
DA:826,1
DA:827,1
DA:828,3
DA:829,3
DA:830,3
DA:831,3
DA:832,3
DA:833,3
DA:834,3
DA:835,3
DA:836,3
DA:837,3
DA:838,3
DA:839,3
DA:840,3
DA:841,1
DA:842,1
DA:843,1
DA:844,1
DA:845,1
DA:846,1
DA:847,1
DA:848,1
DA:849,695
DA:850,695
DA:851,695
DA:852,695
DA:853,594
DA:854,594
DA:855,101
DA:856,101
DA:857,37
DA:858,37
DA:859,64
DA:860,60
DA:861,60
DA:862,60
DA:863,695
DA:864,695
DA:865,695
DA:866,1
DA:867,1
DA:868,1
DA:869,1
DA:870,1
DA:871,1
DA:872,594
DA:873,594
DA:874,594
DA:875,594
DA:876,17
DA:877,17
DA:878,17
DA:879,17
DA:880,17
DA:881,17
DA:882,17
DA:883,594
DA:884,594
DA:885,594
DA:886,1
DA:887,1
DA:888,1
DA:889,1
DA:890,1
DA:891,1
DA:892,1
DA:893,37
DA:894,37
DA:895,37
DA:896,37
DA:897,37
DA:898,37
DA:899,36
DA:900,36
DA:901,37
DA:902,37
DA:903,37
DA:904,37
DA:905,37
DA:906,1
DA:907,1
DA:908,1
DA:909,1
DA:910,1
DA:911,1
DA:912,1
DA:913,1
DA:914,39
DA:915,39
DA:916,39
DA:917,39
DA:918,39
DA:919,39
DA:920,39
DA:921,39
DA:922,235
DA:923,235
DA:924,228
DA:925,228
DA:926,7
DA:927,7
DA:928,7
DA:929,235
DA:930,235
DA:931,235
DA:932,235
DA:933,39
DA:934,39
DA:935,33
DA:936,33
DA:937,39
DA:938,39
DA:939,39
DA:940,1
DA:941,1
DA:942,1
DA:943,1
DA:944,1
DA:945,1
DA:946,1
DA:947,274
DA:948,274
DA:949,47
DA:950,4
DA:951,4
DA:952,43
DA:953,43
DA:954,43
DA:955,47
DA:956,274
DA:957,274
DA:958,274
DA:959,1
DA:960,1
DA:961,1
DA:962,1
DA:963,1
DA:964,1
DA:965,1
DA:966,1
DA:967,1
DA:968,1
DA:969,1
DA:970,1
DA:971,1
DA:972,1117
DA:973,1117
DA:974,1117
DA:975,0
DA:976,0
DA:977,1117
DA:978,1117
DA:979,1117
DA:980,1
DA:981,1
DA:982,1
DA:983,1
DA:984,1
DA:985,1
DA:986,1
DA:987,1
DA:988,440
DA:989,440
DA:990,440
DA:991,440
DA:992,440
DA:993,1
DA:994,1
DA:995,439
DA:996,439
DA:997,440
DA:998,1
DA:999,1
DA:1000,1
DA:1001,1
DA:1002,1
DA:1003,1
DA:1004,1
DA:1005,1
DA:1006,809
DA:1007,809
DA:1008,42
DA:1009,42
DA:1010,42
DA:1011,42
DA:1012,42
DA:1013,42
DA:1014,42
DA:1015,809
DA:1016,809
DA:1017,809
DA:1018,809
DA:1019,809
DA:1020,809
DA:1021,809
DA:1022,809
DA:1023,809
DA:1024,809
DA:1025,809
DA:1026,809
DA:1027,108
DA:1028,108
DA:1029,108
DA:1030,701
DA:1031,701
DA:1032,809
DA:1033,1
DA:1034,1
DA:1035,1
DA:1036,1
DA:1037,1
DA:1038,1
DA:1039,1
DA:1040,368
DA:1041,368
DA:1042,24
DA:1043,24
DA:1044,24
DA:1045,24
DA:1046,23
DA:1047,23
DA:1048,24
DA:1049,24
DA:1050,24
DA:1051,344
DA:1052,344
DA:1053,344
DA:1054,344
DA:1055,344
DA:1056,344
DA:1057,344
DA:1058,344
DA:1059,344
DA:1060,344
DA:1061,368
DA:1062,1
DA:1063,1
DA:1064,1
DA:1065,1
DA:1066,1
DA:1067,1
DA:1068,1
DA:1069,35
DA:1070,35
DA:1071,1
DA:1072,1
DA:1073,1
DA:1074,1
DA:1075,1
DA:1076,1
DA:1077,1
DA:1078,36
DA:1079,36
DA:1080,1
DA:1081,1
DA:1082,1
DA:1083,1
DA:1084,1
DA:1085,1
DA:1086,1
DA:1087,4
DA:1088,4
DA:1089,1
DA:1090,1
DA:1091,1
DA:1092,1
DA:1093,1
DA:1094,1
DA:1095,1
DA:1096,5
DA:1097,5
DA:1098,1
DA:1099,1
DA:1100,1
DA:1101,1
DA:1102,1
DA:1103,1
DA:1104,1
DA:1105,80
DA:1106,80
DA:1107,80
DA:1108,80
DA:1109,80
DA:1110,80
DA:1111,80
DA:1112,80
DA:1113,80
DA:1114,80
DA:1115,80
DA:1116,1
DA:1117,1
DA:1118,1
DA:1119,1
DA:1120,1
DA:1121,1
DA:1122,1
DA:1123,194
DA:1124,194
DA:1125,1
DA:1126,1
DA:1127,1
DA:1128,1
DA:1129,1
DA:1130,1
DA:1131,1
DA:1132,37
DA:1133,37
DA:1134,1
DA:1135,1
DA:1136,1
DA:1137,1
DA:1138,1
DA:1139,1
DA:1140,1
DA:1141,34
DA:1142,34
DA:1143,1
DA:1144,1
DA:1145,1
DA:1146,1
DA:1147,1
DA:1148,1
DA:1149,1
DA:1150,7
DA:1151,7
DA:1152,7
DA:1153,7
DA:1154,7
DA:1155,7
DA:1156,7
DA:1157,7
DA:1158,7
DA:1159,7
DA:1160,7
DA:1161,7
DA:1162,7
DA:1163,7
DA:1164,7
DA:1165,7
DA:1166,1
DA:1167,1
DA:1168,1
DA:1169,1
DA:1170,1
DA:1171,1
DA:1172,1
DA:1173,2
DA:1174,2
DA:1175,2
DA:1176,2
DA:1177,2
DA:1178,1
DA:1179,1
DA:1180,1
DA:1181,1
DA:1182,1
DA:1183,1
DA:1184,1
DA:1185,5
DA:1186,5
DA:1187,1
DA:1188,1
DA:1189,1
DA:1190,1
DA:1191,1
DA:1192,1
DA:1193,1
DA:1194,8
DA:1195,8
DA:1196,1
DA:1197,1
DA:1198,1
DA:1199,1
DA:1200,1
DA:1201,1
DA:1202,1
DA:1203,10
DA:1204,10
DA:1205,1
DA:1206,1
DA:1207,1
DA:1208,1
DA:1209,1
DA:1210,1
DA:1211,1
DA:1212,1
DA:1213,1
DA:1214,1
DA:1215,1
DA:1216,1
DA:1217,1
DA:1218,1
DA:1219,1
DA:1220,1
DA:1221,2
DA:1222,2
DA:1223,1
DA:1224,1
DA:1225,1
DA:1226,1
DA:1227,1
DA:1228,1
DA:1229,1
DA:1230,556
DA:1231,556
DA:1232,556
DA:1233,556
DA:1234,556
DA:1235,556
DA:1236,31
DA:1237,31
DA:1238,556
DA:1239,556
DA:1240,556
DA:1241,1
DA:1242,1
DA:1243,1
DA:1244,1
DA:1245,1
DA:1246,1
DA:1247,1
DA:1248,1
DA:1249,440
DA:1250,440
DA:1251,440
DA:1252,440
DA:1253,440
DA:1254,440
DA:1255,440
DA:1256,11477
DA:1257,78
DA:1258,78
DA:1259,78
DA:1260,11399
DA:1261,78
DA:1262,78
DA:1263,11321
DA:1264,233
DA:1265,233
DA:1266,11088
DA:1267,233
DA:1268,233
DA:1269,11477
DA:1270,11477
DA:1271,117
DA:1272,117
DA:1273,11360
DA:1274,11360
DA:1275,11360
DA:1276,11477
DA:1277,440
DA:1278,440
DA:1279,440
DA:1280,440
DA:1281,440
DA:1282,440
DA:1283,1
DA:1284,1
DA:1285,1
DA:1286,1
DA:1287,1
DA:1288,1
DA:1289,1
DA:1290,1429
DA:1291,1429
DA:1292,1
DA:1293,1
DA:1294,1
DA:1295,1
DA:1296,1
DA:1297,1
DA:1298,1
DA:1299,1177
DA:1300,1177
DA:1301,1177
DA:1302,1177
DA:1303,1177
DA:1304,112
DA:1305,112
DA:1306,112
DA:1307,112
DA:1308,112
DA:1309,112
DA:1310,112
DA:1311,23
DA:1312,23
DA:1313,112
DA:1314,112
DA:1315,112
DA:1316,112
DA:1317,112
DA:1318,1177
DA:1319,1177
DA:1320,1177
DA:1321,1
DA:1322,1
DA:1323,1
DA:1324,1
DA:1325,1
DA:1326,1
DA:1327,1
DA:1328,1
DA:1329,1177
DA:1330,1177
DA:1331,1065
DA:1332,1065
DA:1333,112
DA:1334,112
DA:1335,1177
DA:1336,6750
DA:1337,6750
DA:1338,6750
DA:1339,391
DA:1340,391
DA:1341,391
DA:1342,391
DA:1343,6359
DA:1344,53
DA:1345,53
DA:1346,53
DA:1347,6306
DA:1348,158
DA:1349,158
DA:1350,158
DA:1351,6750
DA:1352,112
DA:1353,112
DA:1354,1177
DA:1355,1
LF:1355
LH:1334
BRDA:1,0,0,1
BRDA:17,1,0,56
BRDA:23,2,0,53
BRDA:26,3,0,3
BRDA:40,4,0,370
BRDA:54,5,0,21
BRDA:75,6,0,368
BRDA:75,7,0,24
BRDA:75,8,0,24
BRDA:76,9,0,1
BRDA:79,10,0,23
BRDA:84,11,0,368
BRDA:66,12,0,2440
BRDA:70,13,0,1489
BRDA:93,14,0,370
BRDA:97,15,0,374
BRDA:108,16,0,56
BRDA:111,17,0,59
BRDA:113,18,0,3
BRDA:113,19,0,2
BRDA:116,20,0,57
BRDA:116,21,0,1
BRDA:116,22,0,1
BRDA:121,23,0,46
BRDA:124,24,0,13
BRDA:129,25,0,0
BRDA:142,26,0,370
BRDA:148,27,0,6290
BRDA:150,28,0,1517
BRDA:166,29,0,370
BRDA:167,30,0,1220
BRDA:168,31,0,1220
BRDA:169,32,0,2440
BRDA:180,33,0,1880
BRDA:181,34,0,1485
BRDA:181,35,0,1485
BRDA:184,36,0,395
BRDA:189,37,0,42884
BRDA:192,38,0,777
BRDA:195,39,0,599
BRDA:199,40,0,42107
BRDA:199,41,0,777
BRDA:201,42,0,599
BRDA:212,43,0,395
BRDA:221,44,0,370
BRDA:225,45,0,2440
BRDA:229,46,0,3632
BRDA:231,47,0,1192
BRDA:234,48,0,10
BRDA:234,49,0,1182
BRDA:253,50,0,1192
BRDA:261,51,0,370
BRDA:264,52,0,1182
BRDA:265,53,0,63
BRDA:268,54,0,1119
BRDA:272,55,0,17
BRDA:284,56,0,2758
BRDA:287,57,0,21071
BRDA:298,58,0,318
BRDA:301,59,0,1943
BRDA:311,60,0,370
BRDA:337,61,0,55
BRDA:338,62,0,80
BRDA:342,63,0,369
BRDA:314,64,0,1117
BRDA:319,65,0,1091
BRDA:322,66,0,25
BRDA:323,67,0,14
BRDA:352,68,0,369
BRDA:360,69,0,1476
BRDA:372,70,0,1476
BRDA:373,71,0,55
BRDA:378,72,0,41
BRDA:382,73,0,14
BRDA:383,74,0,39
BRDA:403,75,0,370
BRDA:410,76,0,21
BRDA:410,77,0,349
BRDA:413,78,0,21
BRDA:422,79,0,0
BRDA:429,80,0,21
BRDA:445,81,0,370
BRDA:447,82,0,1480
BRDA:448,83,0,1480
BRDA:449,84,0,2960
BRDA:450,85,0,5920
BRDA:459,86,0,369
BRDA:462,87,0,1476
BRDA:463,88,0,21
BRDA:466,89,0,1455
BRDA:466,90,0,0
BRDA:479,91,0,21
BRDA:493,92,0,279
BRDA:504,93,0,9797
BRDA:505,94,0,9796
BRDA:506,95,0,278
BRDA:508,96,0,1
BRDA:517,97,0,2865
BRDA:519,98,0,820
BRDA:520,99,0,2045
BRDA:521,100,0,107
BRDA:522,101,0,1938
BRDA:523,102,0,88
BRDA:524,103,0,1850
BRDA:525,104,0,298
BRDA:526,105,0,1552
BRDA:527,106,0,20
BRDA:528,107,0,1532
BRDA:529,108,0,66
BRDA:530,109,0,1466
BRDA:531,110,0,278
BRDA:534,111,0,1188
BRDA:543,112,0,820
BRDA:549,113,0,7848
BRDA:554,114,0,703
BRDA:555,115,0,7145
BRDA:560,116,0,55
BRDA:563,117,0,765
BRDA:564,118,0,67
BRDA:567,119,0,698
BRDA:576,120,0,7848
BRDA:577,121,0,7818
BRDA:577,122,0,6
BRDA:582,123,0,7842
BRDA:582,124,0,30
BRDA:582,125,0,6
BRDA:586,126,0,7836
BRDA:595,127,0,7848
BRDA:597,128,0,30
BRDA:598,129,0,7818
BRDA:600,130,0,62
BRDA:600,131,0,23
BRDA:603,132,0,7795
BRDA:604,133,0,39
BRDA:607,134,0,7756
BRDA:607,135,0,39
BRDA:610,136,0,7795
BRDA:612,137,0,3
BRDA:615,138,0,7792
BRDA:617,139,0,704
BRDA:624,140,0,107
BRDA:631,141,0,393
BRDA:631,142,0,392
BRDA:640,143,0,0
BRDA:655,144,0,88
BRDA:666,145,0,298
BRDA:670,146,0,48
BRDA:682,147,0,20
BRDA:693,148,0,66
BRDA:697,149,0,59
BRDA:710,150,0,279
BRDA:722,151,0,279
BRDA:730,152,0,1677
BRDA:733,153,0,1188
BRDA:741,154,0,316
BRDA:749,155,0,316
BRDA:752,156,0,54
BRDA:759,157,0,15
BRDA:759,158,0,5
BRDA:759,159,0,5
BRDA:762,160,0,49
BRDA:762,161,0,47
BRDA:762,162,0,4
BRDA:765,163,0,45
BRDA:778,164,0,370
BRDA:781,165,0,42
BRDA:784,166,0,328
BRDA:789,167,0,13
BRDA:793,168,0,328
BRDA:795,169,0,38
BRDA:795,170,0,36
BRDA:795,171,0,3
BRDA:797,172,0,325
BRDA:800,173,0,328
BRDA:811,174,0,4
BRDA:812,175,0,2
BRDA:812,176,0,2
BRDA:813,177,0,2
BRDA:813,178,0,2
BRDA:814,179,0,2
BRDA:814,180,0,2
BRDA:827,181,0,3
BRDA:848,182,0,695
BRDA:852,183,0,199
BRDA:852,184,0,594
BRDA:855,185,0,101
BRDA:856,186,0,37
BRDA:859,187,0,64
BRDA:859,188,0,60
BRDA:871,189,0,594
BRDA:875,190,0,17
BRDA:878,191,0,34
BRDA:892,192,0,37
BRDA:896,193,0,36
BRDA:898,194,0,16
BRDA:898,195,0,11
BRDA:898,196,0,36
BRDA:913,197,0,39
BRDA:921,198,0,235
BRDA:921,199,0,235
BRDA:923,200,0,228
BRDA:926,201,0,7
BRDA:934,202,0,33
BRDA:946,203,0,274
BRDA:948,204,0,47
BRDA:949,205,0,4
BRDA:952,206,0,43
BRDA:971,207,0,1117
BRDA:974,208,0,0
BRDA:987,209,0,440
BRDA:992,210,0,1
BRDA:995,211,0,439
BRDA:989,212,0,810
BRDA:990,213,0,809
BRDA:1005,214,0,809
BRDA:1007,215,0,42
BRDA:1011,216,0,33
BRDA:1011,217,0,9
BRDA:1024,218,0,92
BRDA:1024,219,0,717
BRDA:1026,220,0,704
BRDA:1026,221,0,612
BRDA:1026,222,0,108
BRDA:1030,223,0,701
BRDA:1039,224,0,368
BRDA:1041,225,0,24
BRDA:1045,226,0,23
BRDA:1045,227,0,23
BRDA:1051,228,0,344
BRDA:1053,229,0,344
BRDA:1055,230,0,344
BRDA:1068,231,0,35
BRDA:1077,232,0,36
BRDA:1086,233,0,4
BRDA:1095,234,0,5
BRDA:1104,235,0,80
BRDA:1110,236,0,78
BRDA:1110,237,0,2
BRDA:1111,238,0,69
BRDA:1122,239,0,194
BRDA:1131,240,0,37
BRDA:1140,241,0,34
BRDA:1149,242,0,7
BRDA:1172,243,0,2
BRDA:1184,244,0,5
BRDA:1193,245,0,8
BRDA:1202,246,0,10
BRDA:1211,247,0,1
BRDA:1220,248,0,2
BRDA:1229,249,0,556
BRDA:1235,250,0,31
BRDA:1235,251,0,31
BRDA:1248,252,0,440
BRDA:1255,253,0,11477
BRDA:1256,254,0,10957
BRDA:1256,255,0,78
BRDA:1260,256,0,11399
BRDA:1260,257,0,520
BRDA:1260,258,0,78
BRDA:1263,259,0,11321
BRDA:1263,260,0,10879
BRDA:1263,261,0,233
BRDA:1266,262,0,11088
BRDA:1266,263,0,10646
BRDA:1266,264,0,233
BRDA:1270,265,0,487
BRDA:1270,266,0,371
BRDA:1270,267,0,117
BRDA:1273,268,0,11360
BRDA:1279,269,0,810
BRDA:1289,270,0,1429
BRDA:1290,271,0,1359
BRDA:1290,272,0,70
BRDA:1298,273,0,1177
BRDA:1303,274,0,112
BRDA:1308,275,0,20
BRDA:1308,276,0,92
BRDA:1309,277,0,0
BRDA:1309,278,0,92
BRDA:1310,279,0,3
BRDA:1310,280,0,23
BRDA:1328,281,0,1177
BRDA:1330,282,0,1065
BRDA:1333,283,0,112
BRDA:1335,284,0,6750
BRDA:1338,285,0,391
BRDA:1340,286,0,353
BRDA:1340,287,0,341
BRDA:1340,288,0,0
BRDA:1340,289,0,341
BRDA:1340,290,0,38
BRDA:1341,291,0,53
BRDA:1343,292,0,6359
BRDA:1343,293,0,53
BRDA:1347,294,0,6306
BRDA:1347,295,0,158
BRDA:1352,296,0,112
BRF:297
BRH:290
end_of_record
TN:
SF:Sql.js
FN:11,log
FN:26,gsSQL
FN:42,execute
FN:61,executeSqlv1
FN:100,executeSqlv2
FN:151,parseTableSettings
FN:194,Sql
FN:236,execute
FN:263,selectFromSubQuery
FN:290,selectJoinSubQuery
FN:322,selectSet
FN:353,select
FN:406,addTableData
FN:431,copyTableData
FN:446,enableColumnTitle
FN:456,replaceColumnTableNameWith
FN:465,areColumnTitlesOutput
FN:474,addBindParameter
FN:483,getBindData
FN:492,addBindNamedRangeParameter
FN:504,setBindValues
FN:513,clearBindParameters
FN:522,loadSchema
FN:534,setTables
FN:543,getTables
FN:551,errorCheckSelectAST
FN:566,distinctField
FN:591,addColumnTitles
FN:604,cleanUp
FN:626,setTableAlias
FN:642,getTableAlias
FN:661,getTableAliasFromJoin
FN:679,locateAstTableAlias
FN:705,isIterable
FN:719,getTableAliasUnion
FN:742,getTableAliasWhereIn
FN:762,getTableAliasWhereTerms
FN:784,getReferencedTableNames
FN:798,getReferencedTableNamesFromAst
FN:821,extractAstTables
FN:839,getTableNamesFrom
FN:858,getTableNamesJoin
FN:877,getTableNamesUnion
FN:894,getTableNamesWhereIn
FN:911,getTableNamesWhereTerms
FN:924,getTableNamesWhereCondition
FN:945,getTableNamesCorrelatedSelect
FN:966,pivotField
FN:988,getUniquePivotData
FN:1017,addCalculatedPivotFieldsToAst
FN:1051,getUnionTypes
FN:1060,getSetType
FN:1077,applySet
FN:1115,isSqlSet
FN:1124,removeDuplicateRows
FN:1146,intersectRows
FN:1168,exceptRows
FN:1198,BindData
FN:1205,clear
FN:1216,add
FN:1230,addList
FN:1241,get
FN:1249,getBindDataList
FNF:63
FNH:63
FNDA:37,log
FNDA:3,gsSQL
FNDA:6,execute
FNDA:1,executeSqlv1
FNDA:5,executeSqlv2
FNDA:18,parseTableSettings
FNDA:375,Sql
FNDA:375,execute
FNDA:373,selectFromSubQuery
FNDA:373,selectJoinSubQuery
FNDA:346,selectSet
FNDA:391,select
FNDA:345,addTableData
FNDA:6,copyTableData
FNDA:246,enableColumnTitle
FNDA:16,replaceColumnTableNameWith
FNDA:220,areColumnTitlesOutput
FNDA:43,addBindParameter
FNDA:208,getBindData
FNDA:12,addBindNamedRangeParameter
FNDA:141,setBindValues
FNDA:1,clearBindParameters
FNDA:373,loadSchema
FNDA:155,setTables
FNDA:208,getTables
FNDA:391,errorCheckSelectAST
FNDA:389,distinctField
FNDA:364,addColumnTitles
FNDA:364,cleanUp
FNDA:373,setTableAlias
FNDA:769,getTableAlias
FNDA:769,getTableAliasFromJoin
FNDA:1538,locateAstTableAlias
FNDA:765,isIterable
FNDA:769,getTableAliasUnion
FNDA:769,getTableAliasWhereIn
FNDA:769,getTableAliasWhereTerms
FNDA:15,getReferencedTableNames
FNDA:36,getReferencedTableNamesFromAst
FNDA:219,extractAstTables
FNDA:98,getTableNamesFrom
FNDA:98,getTableNamesJoin
FNDA:108,getTableNamesUnion
FNDA:98,getTableNamesWhereIn
FNDA:98,getTableNamesWhereTerms
FNDA:21,getTableNamesWhereCondition
FNDA:98,getTableNamesCorrelatedSelect
FNDA:389,pivotField
FNDA:6,getUniquePivotData
FNDA:6,addCalculatedPivotFieldsToAst
FNDA:393,getUnionTypes
FNDA:18,getSetType
FNDA:18,applySet
FNDA:375,isSqlSet
FNDA:6,removeDuplicateRows
FNDA:1,intersectRows
FNDA:2,exceptRows
FNDA:489,BindData
FNDA:490,clear
FNDA:172,add
FNDA:114,addList
FNDA:169,get
FNDA:322,getBindDataList
DA:1,1
DA:2,1
DA:3,1
DA:4,1
DA:5,1
DA:6,1
DA:7,1
DA:8,1
DA:9,1
DA:10,1
DA:11,1
DA:12,37
DA:13,37
DA:14,1
DA:15,1
DA:16,1
DA:17,1
DA:18,1
DA:19,1
DA:20,1
DA:21,1
DA:22,1
DA:23,1
DA:24,1
DA:25,1
DA:26,3
DA:27,3
DA:28,3
DA:29,1
DA:30,1
DA:31,1
DA:32,1
DA:33,1
DA:34,1
DA:35,1
DA:36,1
DA:37,1
DA:38,1
DA:39,1
DA:40,1
DA:41,1
DA:42,1
DA:43,6
DA:44,1
DA:45,1
DA:46,5
DA:47,5
DA:48,5
DA:49,0
DA:50,0
DA:51,0
DA:52,6
DA:53,1
DA:54,1
DA:55,1
DA:56,1
DA:57,1
DA:58,1
DA:59,1
DA:60,1
DA:61,1
DA:62,1
DA:63,1
DA:64,1
DA:65,1
DA:66,1
DA:67,1
DA:68,1
DA:69,1
DA:70,1
DA:71,1
DA:72,1
DA:73,1
DA:74,1
DA:75,1
DA:76,1
DA:77,1
DA:78,1
DA:79,1
DA:80,1
DA:81,0
DA:82,0
DA:83,1
DA:84,1
DA:85,1
DA:86,1
DA:87,0
DA:88,0
DA:89,1
DA:90,1
DA:91,1
DA:92,1
DA:93,1
DA:94,1
DA:95,1
DA:96,1
DA:97,1
DA:98,1
DA:99,1
DA:100,1
DA:101,5
DA:102,5
DA:103,5
DA:104,5
DA:105,5
DA:106,5
DA:107,5
DA:108,9
DA:109,9
DA:110,9
DA:111,5
DA:112,4
DA:113,4
DA:114,4
DA:115,5
DA:116,5
DA:117,1
DA:118,1
DA:119,1
DA:120,1
DA:121,5
DA:122,5
DA:123,5
DA:124,5
DA:125,1
DA:126,1
DA:127,5
DA:128,5
DA:129,5
DA:130,1
DA:131,1
DA:132,1
DA:133,1
DA:134,1
DA:135,1
DA:136,1
DA:137,1
DA:138,1
DA:139,1
DA:140,1
DA:141,1
DA:142,1
DA:143,1
DA:144,1
DA:145,1
DA:146,1
DA:147,1
DA:148,1
DA:149,1
DA:150,1
DA:151,1
DA:152,18
DA:153,18
DA:154,18
DA:155,18
DA:156,18
DA:157,15
DA:158,15
DA:159,18
DA:160,18
DA:161,0
DA:162,0
DA:163,18
DA:164,18
DA:165,18
DA:166,39
DA:167,39
DA:168,39
DA:169,39
DA:170,39
DA:171,39
DA:172,39
DA:173,39
DA:174,39
DA:175,39
DA:176,38
DA:177,38
DA:178,38
DA:179,17
DA:180,17
DA:181,17
DA:182,17
DA:183,18
DA:184,17
DA:185,17
DA:186,18
DA:187,1
DA:188,1
DA:189,1
DA:190,1
DA:191,1
DA:192,1
DA:193,1
DA:194,1
DA:195,375
DA:196,375
DA:197,375
DA:198,375
DA:199,375
DA:200,375
DA:201,375
DA:202,375
DA:203,375
DA:204,1
DA:205,1
DA:206,1
DA:207,1
DA:208,1
DA:209,1
DA:210,1
DA:211,1
DA:212,1
DA:213,1
DA:214,1
DA:215,1
DA:216,1
DA:217,1
DA:218,1
DA:219,1
DA:220,1
DA:221,1
DA:222,1
DA:223,1
DA:224,1
DA:225,1
DA:226,1
DA:227,1
DA:228,1
DA:229,1
DA:230,1
DA:231,1
DA:232,1
DA:233,1
DA:234,1
DA:235,1
DA:236,1
DA:237,375
DA:238,375
DA:239,375
DA:240,375
DA:241,375
DA:242,375
DA:243,375
DA:244,375
DA:245,375
DA:246,375
DA:247,375
DA:248,375
DA:249,375
DA:250,375
DA:251,375
DA:252,375
DA:253,375
DA:254,375
DA:255,375
DA:256,375
DA:257,375
DA:258,375
DA:259,1
DA:260,1
DA:261,1
DA:262,1
DA:263,1
DA:264,373
DA:265,373
DA:266,15
DA:267,15
DA:268,15
DA:269,15
DA:270,15
DA:271,15
DA:272,15
DA:273,15
DA:274,15
DA:275,15
DA:276,15
DA:277,373
DA:278,0
DA:279,0
DA:280,15
DA:281,15
DA:282,373
DA:283,1
DA:284,1
DA:285,1
DA:286,1
DA:287,1
DA:288,1
DA:289,1
DA:290,1
DA:291,373
DA:292,373
DA:293,49
DA:294,49
DA:295,49
DA:296,49
DA:297,373
DA:298,1
DA:299,1
DA:300,1
DA:301,1
DA:302,1
DA:303,1
DA:304,1
DA:305,1
DA:306,1
DA:307,1
DA:308,1
DA:309,0
DA:310,0
DA:311,1
DA:312,1
DA:313,1
DA:314,373
DA:315,1
DA:316,1
DA:317,1
DA:318,1
DA:319,1
DA:320,1
DA:321,1
DA:322,1
DA:323,346
DA:324,334
DA:325,334
DA:326,12
DA:327,346
DA:328,346
DA:329,346
DA:330,346
DA:331,346
DA:332,18
DA:333,18
DA:334,18
DA:335,18
DA:336,18
DA:337,11
DA:338,346
DA:339,10
DA:340,10
DA:341,11
DA:342,11
DA:343,346
DA:344,1
DA:345,1
DA:346,1
DA:347,1
DA:348,1
DA:349,1
DA:350,1
DA:351,1
DA:352,1
DA:353,1
DA:354,391
DA:355,391
DA:356,391
DA:357,391
DA:358,391
DA:359,391
DA:360,391
DA:361,391
DA:362,391
DA:363,391
DA:364,391
DA:365,391
DA:366,391
DA:367,391
DA:368,391
DA:369,391
DA:370,391
DA:371,391
DA:372,391
DA:373,391
DA:374,391
DA:375,391
DA:376,391
DA:377,391
DA:378,391
DA:379,391
DA:380,391
DA:381,391
DA:382,391
DA:383,391
DA:384,391
DA:385,391
DA:386,391
DA:387,391
DA:388,391
DA:389,391
DA:390,391
DA:391,391
DA:392,391
DA:393,391
DA:394,391
DA:395,391
DA:396,391
DA:397,1
DA:398,1
DA:399,1
DA:400,1
DA:401,1
DA:402,1
DA:403,1
DA:404,1
DA:405,1
DA:406,1
DA:407,345
DA:408,345
DA:409,345
DA:410,338
DA:411,338
DA:412,338
DA:413,338
DA:414,7
DA:415,7
DA:416,7
DA:417,7
DA:418,7
DA:419,343
DA:420,343
DA:421,343
DA:422,343
DA:423,345
DA:424,1
DA:425,1
DA:426,1
DA:427,1
DA:428,1
DA:429,1
DA:430,1
DA:431,1
DA:432,6
DA:433,6
DA:434,9
DA:435,9
DA:436,9
DA:437,6
DA:438,6
DA:439,6
DA:440,1
DA:441,1
DA:442,1
DA:443,1
DA:444,1
DA:445,1
DA:446,1
DA:447,246
DA:448,246
DA:449,246
DA:450,1
DA:451,1
DA:452,1
DA:453,1
DA:454,1
DA:455,1
DA:456,1
DA:457,16
DA:458,16
DA:459,16
DA:460,1
DA:461,1
DA:462,1
DA:463,1
DA:464,1
DA:465,1
DA:466,220
DA:467,220
DA:468,1
DA:469,1
DA:470,1
DA:471,1
DA:472,1
DA:473,1
DA:474,1
DA:475,43
DA:476,43
DA:477,43
DA:478,1
DA:479,1
DA:480,1
DA:481,1
DA:482,1
DA:483,1
DA:484,208
DA:485,208
DA:486,1
DA:487,1
DA:488,1
DA:489,1
DA:490,1
DA:491,1
DA:492,1
DA:493,12
DA:494,12
DA:495,12
DA:496,12
DA:497,12
DA:498,1
DA:499,1
DA:500,1
DA:501,1
DA:502,1
DA:503,1
DA:504,1
DA:505,141
DA:506,141
DA:507,141
DA:508,1
DA:509,1
DA:510,1
DA:511,1
DA:512,1
DA:513,1
DA:514,1
DA:515,1
DA:516,1
DA:517,1
DA:518,1
DA:519,1
DA:520,1
DA:521,1
DA:522,1
DA:523,373
DA:524,373
DA:525,554
DA:526,554
DA:527,554
DA:528,373
DA:529,1
DA:530,1
DA:531,1
DA:532,1
DA:533,1
DA:534,1
DA:535,155
DA:536,155
DA:537,155
DA:538,1
DA:539,1
DA:540,1
DA:541,1
DA:542,1
DA:543,1
DA:544,208
DA:545,208
DA:546,1
DA:547,1
DA:548,1
DA:549,1
DA:550,1
DA:551,1
DA:552,391
DA:553,1
DA:554,1
DA:555,390
DA:556,391
DA:557,1
DA:558,1
DA:559,391
DA:560,1
DA:561,1
DA:562,1
DA:563,1
DA:564,1
DA:565,1
DA:566,1
DA:567,389
DA:568,389
DA:569,389
DA:570,0
DA:571,0
DA:572,389
DA:573,389
DA:574,389
DA:575,7
DA:576,7
DA:577,7
DA:578,7
DA:579,7
DA:580,7
DA:581,389
DA:582,389
DA:583,389
DA:584,1
DA:585,1
DA:586,1
DA:587,1
DA:588,1
DA:589,1
DA:590,1
DA:591,1
DA:592,364
DA:593,194
DA:594,194
DA:595,364
DA:596,364
DA:597,364
DA:598,1
DA:599,1
DA:600,1
DA:601,1
DA:602,1
DA:603,1
DA:604,1
DA:605,364
DA:606,7
DA:607,7
DA:608,364
DA:609,364
DA:610,8
DA:611,8
DA:612,364
DA:613,364
DA:614,364
DA:615,1
DA:616,1
DA:617,1
DA:618,1
DA:619,1
DA:620,1
DA:621,1
DA:622,1
DA:623,1
DA:624,1
DA:625,1
DA:626,1
DA:627,373
DA:628,373
DA:629,554
DA:630,554
DA:631,554
DA:632,554
DA:633,554
DA:634,373
DA:635,1
DA:636,1
DA:637,1
DA:638,1
DA:639,1
DA:640,1
DA:641,1
DA:642,1
DA:643,769
DA:644,769
DA:645,769
DA:646,769
DA:647,769
DA:648,769
DA:649,769
DA:650,769
DA:651,769
DA:652,769
DA:653,769
DA:654,1
DA:655,1
DA:656,1
DA:657,1
DA:658,1
DA:659,1
DA:660,1
DA:661,1
DA:662,769
DA:663,769
DA:664,769
DA:665,769
DA:666,1538
DA:667,1538
DA:668,769
DA:669,769
DA:670,769
DA:671,1
DA:672,1
DA:673,1
DA:674,1
DA:675,1
DA:676,1
DA:677,1
DA:678,1
DA:679,1
DA:680,1538
DA:681,1538
DA:682,1538
DA:683,773
DA:684,773
DA:685,765
DA:686,765
DA:687,1538
DA:688,120
DA:689,120
DA:690,765
DA:691,1538
DA:692,861
DA:693,44
DA:694,44
DA:695,861
DA:696,765
DA:697,765
DA:698,1538
DA:699,1
DA:700,1
DA:701,1
DA:702,1
DA:703,1
DA:704,1
DA:705,1
DA:706,765
DA:707,0
DA:708,0
DA:709,765
DA:710,765
DA:711,765
DA:712,1
DA:713,1
DA:714,1
DA:715,1
DA:716,1
DA:717,1
DA:718,1
DA:719,1
DA:720,769
DA:721,769
DA:722,769
DA:723,769
DA:724,769
DA:725,3076
DA:726,51
DA:727,51
DA:728,51
DA:729,51
DA:730,3076
DA:731,3076
DA:732,769
DA:733,769
DA:734,769
DA:735,1
DA:736,1
DA:737,1
DA:738,1
DA:739,1
DA:740,1
DA:741,1
DA:742,1
DA:743,769
DA:744,769
DA:745,769
DA:746,31
DA:747,31
DA:748,769
DA:749,769
DA:750,13
DA:751,13
DA:752,769
DA:753,769
DA:754,769
DA:755,1
DA:756,1
DA:757,1
DA:758,1
DA:759,1
DA:760,1
DA:761,1
DA:762,1
DA:763,769
DA:764,769
DA:765,769
DA:766,56
DA:767,120
DA:768,120
DA:769,56
DA:770,769
DA:771,769
DA:772,769
DA:773,1
DA:774,1
DA:775,1
DA:776,1
DA:777,1
DA:778,1
DA:779,1
DA:780,1
DA:781,1
DA:782,1
DA:783,1
DA:784,1
DA:785,15
DA:786,15
DA:787,15
DA:788,1
DA:789,1
DA:790,1
DA:791,1
DA:792,1
DA:793,1
DA:794,1
DA:795,1
DA:796,1
DA:797,1
DA:798,1
DA:799,36
DA:800,36
DA:801,36
DA:802,36
DA:803,36
DA:804,36
DA:805,36
DA:806,36
DA:807,36
DA:808,54
DA:809,54
DA:810,54
DA:811,54
DA:812,36
DA:813,36
DA:814,36
DA:815,1
DA:816,1
DA:817,1
DA:818,1
DA:819,1
DA:820,1
DA:821,1
DA:822,219
DA:823,121
DA:824,121
DA:825,98
DA:826,98
DA:827,98
DA:828,98
DA:829,98
DA:830,98
DA:831,98
DA:832,219
DA:833,1
DA:834,1
DA:835,1
DA:836,1
DA:837,1
DA:838,1
DA:839,1
DA:840,98
DA:841,98
DA:842,93
DA:843,83
DA:844,83
DA:845,10
DA:846,10
DA:847,10
DA:848,10
DA:849,93
DA:850,93
DA:851,98
DA:852,1
DA:853,1
DA:854,1
DA:855,1
DA:856,1
DA:857,1
DA:858,1
DA:859,98
DA:860,98
DA:861,6
DA:862,98
DA:863,9
DA:864,8
DA:865,8
DA:866,1
DA:867,1
DA:868,1
DA:869,9
DA:870,98
DA:871,1
DA:872,1
DA:873,1
DA:874,1
DA:875,1
DA:876,1
DA:877,1
DA:878,108
DA:879,108
DA:880,108
DA:881,432
DA:882,3
DA:883,3
DA:884,3
DA:885,3
DA:886,432
DA:887,108
DA:888,1
DA:889,1
DA:890,1
DA:891,1
DA:892,1
DA:893,1
DA:894,1
DA:895,98
DA:896,98
DA:897,98
DA:898,4
DA:899,4
DA:900,98
DA:901,98
DA:902,3
DA:903,3
DA:904,98
DA:905,1
DA:906,1
DA:907,1
DA:908,1
DA:909,1
DA:910,1
DA:911,1
DA:912,98
DA:913,4
DA:914,9
DA:915,9
DA:916,4
DA:917,98
DA:918,1
DA:919,1
DA:920,1
DA:921,1
DA:922,1
DA:923,1
DA:924,1
DA:925,21
DA:926,21
DA:927,10
DA:928,10
DA:929,21
DA:930,21
DA:931,5
DA:932,5
DA:933,21
DA:934,1
DA:935,2
DA:936,2
DA:937,1
DA:938,21
DA:939,1
DA:940,1
DA:941,1
DA:942,1
DA:943,1
DA:944,1
DA:945,1
DA:946,98
DA:947,98
DA:948,83
DA:949,98
DA:950,122
DA:951,122
DA:952,98
DA:953,1
DA:954,1
DA:955,1
DA:956,1
DA:957,1
DA:958,1
DA:959,1
DA:960,1
DA:961,1
DA:962,1
DA:963,1
DA:964,1
DA:965,1
DA:966,1
DA:967,389
DA:968,389
DA:969,382
DA:970,382
DA:971,7
DA:972,1
DA:973,1
DA:974,6
DA:975,6
DA:976,6
DA:977,6
DA:978,6
DA:979,6
DA:980,6
DA:981,389
DA:982,1
DA:983,1
DA:984,1
DA:985,1
DA:986,1
DA:987,1
DA:988,1
DA:989,6
DA:990,6
DA:991,6
DA:992,6
DA:993,6
DA:994,6
DA:995,6
DA:996,6
DA:997,6
DA:998,6
DA:999,6
DA:1000,6
DA:1001,6
DA:1002,6
DA:1003,6
DA:1004,6
DA:1005,6
DA:1006,1
DA:1007,1
DA:1008,1
DA:1009,1
DA:1010,1
DA:1011,1
DA:1012,1
DA:1013,1
DA:1014,1
DA:1015,1
DA:1016,1
DA:1017,1
DA:1018,6
DA:1019,6
DA:1020,6
DA:1021,17
DA:1022,17
DA:1023,17
DA:1024,17
DA:1025,11
DA:1026,11
DA:1027,11
DA:1028,44
DA:1029,44
DA:1030,44
DA:1031,44
DA:1032,11
DA:1033,6
DA:1034,6
DA:1035,6
DA:1036,17
DA:1037,6
DA:1038,6
DA:1039,6
DA:1040,1
DA:1041,1
DA:1042,1
DA:1043,1
DA:1044,1
DA:1045,1
DA:1046,1
DA:1047,1
DA:1048,1
DA:1049,1
DA:1050,1
DA:1051,1
DA:1052,393
DA:1053,393
DA:1054,1
DA:1055,1
DA:1056,1
DA:1057,1
DA:1058,1
DA:1059,1
DA:1060,1
DA:1061,18
DA:1062,34
DA:1063,18
DA:1064,18
DA:1065,34
DA:1066,0
DA:1067,0
DA:1068,18
DA:1069,1
DA:1070,1
DA:1071,1
DA:1072,1
DA:1073,1
DA:1074,1
DA:1075,1
DA:1076,1
DA:1077,1
DA:1078,18
DA:1079,1
DA:1080,1
DA:1081,17
DA:1082,17
DA:1083,18
DA:1084,6
DA:1085,6
DA:1086,6
DA:1087,18
DA:1088,18
DA:1089,8
DA:1090,8
DA:1091,8
DA:1092,18
DA:1093,18
DA:1094,1
DA:1095,1
DA:1096,1
DA:1097,18
DA:1098,18
DA:1099,2
DA:1100,2
DA:1101,2
DA:1102,18
DA:1103,18
DA:1104,0
DA:1105,18
DA:1106,17
DA:1107,17
DA:1108,18
DA:1109,1
DA:1110,1
DA:1111,1
DA:1112,1
DA:1113,1
DA:1114,1
DA:1115,1
DA:1116,375
DA:1117,375
DA:1118,1
DA:1119,1
DA:1120,1
DA:1121,1
DA:1122,1
DA:1123,1
DA:1124,1
DA:1125,6
DA:1126,6
DA:1127,6
DA:1128,6
DA:1129,73
DA:1130,73
DA:1131,73
DA:1132,69
DA:1133,69
DA:1134,69
DA:1135,73
DA:1136,6
DA:1137,6
DA:1138,6
DA:1139,1
DA:1140,1
DA:1141,1
DA:1142,1
DA:1143,1
DA:1144,1
DA:1145,1
DA:1146,1
DA:1147,1
DA:1148,1
DA:1149,1
DA:1150,1
DA:1151,10
DA:1152,10
DA:1153,1
DA:1154,1
DA:1155,5
DA:1156,1
DA:1157,1
DA:1158,5
DA:1159,1
DA:1160,1
DA:1161,1
DA:1162,1
DA:1163,1
DA:1164,1
DA:1165,1
DA:1166,1
DA:1167,1
DA:1168,1
DA:1169,2
DA:1170,2
DA:1171,2
DA:1172,23
DA:1173,23
DA:1174,23
DA:1175,2
DA:1176,2
DA:1177,2
DA:1178,5
DA:1179,5
DA:1180,5
DA:1181,5
DA:1182,5
DA:1183,2
DA:1184,2
DA:1185,2
DA:1186,5
DA:1187,5
DA:1188,2
DA:1189,2
DA:1190,2
DA:1191,1
DA:1192,1
DA:1193,1
DA:1194,1
DA:1195,1
DA:1196,1
DA:1197,1
DA:1198,1
DA:1199,489
DA:1200,489
DA:1201,1
DA:1202,1
DA:1203,1
DA:1204,1
DA:1205,1
DA:1206,490
DA:1207,490
DA:1208,490
DA:1209,490
DA:1210,1
DA:1211,1
DA:1212,1
DA:1213,1
DA:1214,1
DA:1215,1
DA:1216,1
DA:1217,172
DA:1218,172
DA:1219,172
DA:1220,172
DA:1221,172
DA:1222,172
DA:1223,172
DA:1224,172
DA:1225,1
DA:1226,1
DA:1227,1
DA:1228,1
DA:1229,1
DA:1230,1
DA:1231,114
DA:1232,3
DA:1233,3
DA:1234,114
DA:1235,1
DA:1236,1
DA:1237,1
DA:1238,1
DA:1239,1
DA:1240,1
DA:1241,1
DA:1242,169
DA:1243,169
DA:1244,1
DA:1245,1
DA:1246,1
DA:1247,1
DA:1248,1
DA:1249,1
DA:1250,322
DA:1251,322
DA:1252,1
LF:1252
LH:1232
BRDA:1,0,0,1
BRDA:11,1,0,37
BRDA:26,2,0,3
BRDA:42,3,0,6
BRDA:43,4,0,5
BRDA:43,5,0,1
BRDA:46,6,0,5
BRDA:49,7,0,0
BRDA:61,8,0,1
BRDA:70,9,0,0
BRDA:78,10,0,0
BRDA:80,11,0,0
BRDA:86,12,0,0
BRDA:100,13,0,5
BRDA:107,14,0,10
BRDA:107,15,0,9
BRDA:111,16,0,4
BRDA:111,17,0,4
BRDA:116,18,0,1
BRDA:124,19,0,1
BRDA:151,20,0,18
BRDA:156,21,0,15
BRDA:156,22,0,15
BRDA:160,23,0,0
BRDA:165,24,0,39
BRDA:167,25,0,1
BRDA:169,26,0,2
BRDA:171,27,0,5
BRDA:173,28,0,0
BRDA:175,29,0,1
BRDA:176,30,0,38
BRDA:179,31,0,17
BRDA:183,32,0,1
BRDA:184,33,0,17
BRDA:194,34,0,375
BRDA:236,35,0,375
BRDA:237,36,0,214
BRDA:237,37,0,161
BRDA:263,38,0,373
BRDA:264,39,0,372
BRDA:265,40,0,358
BRDA:266,41,0,15
BRDA:277,42,0,0
BRDA:280,43,0,15
BRDA:290,44,0,373
BRDA:292,45,0,324
BRDA:293,46,0,49
BRDA:297,47,0,1
BRDA:308,48,0,0
BRDA:314,49,0,49
BRDA:295,50,0,71
BRDA:322,51,0,346
BRDA:323,52,0,334
BRDA:326,53,0,12
BRDA:327,54,0,11
BRDA:327,55,0,11
BRDA:327,56,0,1
BRDA:331,57,0,18
BRDA:337,58,0,11
BRDA:338,59,0,10
BRDA:341,60,0,11
BRDA:353,61,0,391
BRDA:406,62,0,345
BRDA:409,63,0,338
BRDA:414,64,0,7
BRDA:419,65,0,343
BRDA:431,66,0,6
BRDA:433,67,0,9
BRDA:446,68,0,246
BRDA:456,69,0,16
BRDA:465,70,0,220
BRDA:474,71,0,43
BRDA:483,72,0,208
BRDA:492,73,0,12
BRDA:504,74,0,141
BRDA:513,75,0,1
BRDA:522,76,0,373
BRDA:524,77,0,554
BRDA:534,78,0,155
BRDA:543,79,0,208
BRDA:551,80,0,391
BRDA:552,81,0,1
BRDA:555,82,0,390
BRDA:556,83,0,1
BRDA:566,84,0,389
BRDA:569,85,0,0
BRDA:574,86,0,7
BRDA:578,87,0,7
BRDA:591,88,0,364
BRDA:592,89,0,194
BRDA:604,90,0,364
BRDA:605,91,0,7
BRDA:609,92,0,124
BRDA:609,93,0,8
BRDA:626,94,0,373
BRDA:628,95,0,554
BRDA:642,96,0,769
BRDA:661,97,0,769
BRDA:665,98,0,1538
BRDA:679,99,0,1538
BRDA:682,100,0,773
BRDA:685,101,0,765
BRDA:687,102,0,120
BRDA:690,103,0,765
BRDA:691,104,0,861
BRDA:692,105,0,474
BRDA:692,106,0,44
BRDA:696,107,0,765
BRDA:705,108,0,765
BRDA:706,109,0,0
BRDA:719,110,0,769
BRDA:724,111,0,3076
BRDA:725,112,0,51
BRDA:742,113,0,769
BRDA:745,114,0,359
BRDA:745,115,0,31
BRDA:749,116,0,13
BRDA:762,117,0,769
BRDA:765,118,0,359
BRDA:765,119,0,56
BRDA:766,120,0,120
BRDA:784,121,0,15
BRDA:798,122,0,36
BRDA:807,123,0,54
BRDA:821,124,0,219
BRDA:822,125,0,100
BRDA:822,126,0,121
BRDA:825,127,0,98
BRDA:839,128,0,98
BRDA:841,129,0,93
BRDA:842,130,0,83
BRDA:843,131,0,0
BRDA:845,132,0,10
BRDA:858,133,0,98
BRDA:860,134,0,92
BRDA:861,135,0,6
BRDA:862,136,0,9
BRDA:863,137,0,8
BRDA:864,138,0,0
BRDA:866,139,0,1
BRDA:870,140,0,6
BRDA:877,141,0,108
BRDA:880,142,0,432
BRDA:881,143,0,3
BRDA:894,144,0,98
BRDA:897,145,0,46
BRDA:897,146,0,4
BRDA:901,147,0,3
BRDA:911,148,0,98
BRDA:912,149,0,46
BRDA:912,150,0,4
BRDA:913,151,0,9
BRDA:924,152,0,21
BRDA:925,153,0,20
BRDA:925,154,0,1
BRDA:926,155,0,10
BRDA:929,156,0,17
BRDA:929,157,0,4
BRDA:930,158,0,5
BRDA:933,159,0,1
BRDA:934,160,0,2
BRDA:945,161,0,98
BRDA:947,162,0,15
BRDA:948,163,0,83
BRDA:949,164,0,122
BRDA:952,165,0,83
BRDA:966,166,0,389
BRDA:968,167,0,382
BRDA:971,168,0,7
BRDA:971,169,0,1
BRDA:974,170,0,6
BRDA:988,171,0,6
BRDA:1017,172,0,6
BRDA:1020,173,0,17
BRDA:1024,174,0,11
BRDA:1024,175,0,11
BRDA:1027,176,0,44
BRDA:1029,177,0,24
BRDA:1029,178,0,20
BRDA:1033,179,0,6
BRDA:1051,180,0,393
BRDA:1060,181,0,18
BRDA:1061,182,0,34
BRDA:1062,183,0,18
BRDA:1066,184,0,0
BRDA:1077,185,0,18
BRDA:1078,186,0,1
BRDA:1081,187,0,17
BRDA:1083,188,0,6
BRDA:1088,189,0,8
BRDA:1093,190,0,1
BRDA:1098,191,0,2
BRDA:1103,192,0,0
BRDA:1106,193,0,17
BRDA:1115,194,0,375
BRDA:1116,195,0,1437
BRDA:1124,196,0,6
BRDA:1128,197,0,73
BRDA:1131,198,0,69
BRDA:1146,199,0,1
BRDA:1150,200,0,10
BRDA:1154,201,0,5
BRDA:1155,202,0,1
BRDA:1168,203,0,2
BRDA:1171,204,0,23
BRDA:1177,205,0,5
BRDA:1185,206,0,5
BRDA:1184,207,0,3
BRDA:1198,208,0,489
BRDA:1205,209,0,490
BRDA:1216,210,0,172
BRDA:1230,211,0,114
BRDA:1231,212,0,3
BRDA:1241,213,0,169
BRDA:1242,214,0,0
BRDA:1249,215,0,322
BRF:216
BRH:200
end_of_record
TN:
SF:SqlTest.js
FN:17,getActiveSpreadsheet
FN:21,getRangeByName
FN:26,getSheetByName
FN:33,getUi
FN:39,createMenu
FN:43,addItem
FN:47,addToUi
FN:53,Sheet
FN:57,getLastColumn
FN:65,getLastRow
FN:73,getSheetValues
FN:85,getRange
FN:91,Range
FN:95,getValues
FN:99,getValue
FN:103,clearContent
FN:107,clearFormat
FN:111,clear
FN:115,setValues
FN:119,setFontWeight
FN:123,setFormula
FN:127,setBackground
FN:131,setFormulas
FN:136,getMockData
FN:162,SQLselfTest
FN:168,SqlLiveDataTest
FN:180,onOpen
FN:211,customMenuGenerateTests
FN:225,isEqual
FN:245,TestedStatements
FN:265,getTableDefinitionString
FN:295,TestSql
FN:304,execute
FN:318,generateTestCustomFunctions
FN:398,makeCustomFormulaString
FN:430,makeTestResultFormulaString
FN:456,bookTable
FN:500,bookSalesTable
FN:545,bookReturnsTable
FN:576,customerTable
FN:604,authorsTable
FN:629,editorsTable
FN:660,translatorsTable
FN:671,masterTransactionsTable
FN:701,yearlySalesTable
FN:713,selectAll1
FN:717,selectAllCase1
FN:721,selectIsNotNull1
FN:725,selectAllAuthors
FN:741,selectAllAuthorsToObject
FN:757,selectAnAuthorsToObject
FN:770,selectIsNull1
FN:784,innerJoin1a
FN:794,innerJoin1case
FN:804,innerJoin1
FN:824,innerJoin2
FN:850,innerJoin2ToObject
FN:881,innerJoinAlias1
FN:907,innerJoinAlias2
FN:953,join2a
FN:962,join2b
FN:972,join2
FN:990,join3
FN:1017,joinLimit1
FN:1041,leftJoin1
FN:1072,rightJoin1
FN:1103,rightJoin1a
FN:1133,rightJoin2
FN:1161,fullJoin1
FN:1193,fullJoin2
FN:1223,fullJoin3
FN:1258,whereIn1
FN:1283,whereIn2
FN:1303,whereIn3
FN:1321,whereIn4
FN:1347,whereIn5
FN:1373,whereIn6
FN:1389,whereIn7
FN:1408,whereNotIn1
FN:1426,whereNotIn2
FN:1444,whereNotIn3
FN:1467,whereNotIn4
FN:1488,whereAndOr1
FN:1507,whereAndOr2
FN:1529,whereAndOr3
FN:1556,whereAndNotEqual2
FN:1562,whereAndNotEqual3
FN:1567,whereAndNotEqual2base
FN:1590,selectAgainNewBinds1
FN:1628,groupBy1
FN:1648,groupBy2
FN:1665,groupBy3
FN:1687,groupBy4
FN:1710,groupBy5
FN:1743,avgSelect1
FN:1756,funcsSelect2
FN:1770,innerSelect1
FN:1790,whereLike1
FN:1817,whereLike2
FN:1844,whereNotLike1
FN:1870,union1
FN:1898,unionAlias1
FN:1926,unionBind1
FN:1946,unionAll1
FN:1975,unionAll2
FN:2009,unionAll3
FN:2042,unionAll4
FN:2071,unionJoin1
FN:2109,except1
FN:2126,intersect1
FN:2141,orderByDesc1
FN:2164,orderByDesc2
FN:2187,orderByDesc3
FN:2206,distinct1
FN:2228,selectMath1
FN:2251,selectMathFunc1
FN:2274,selectMathFunc2
FN:2296,selectFuncs2
FN:2316,selectFuncs3
FN:2336,selectFuncs4
FN:2356,selectFuncs5
FN:2386,selectFuncs6
FN:2409,selectFuncs7
FN:2429,selectFuncInFunc1
FN:2449,selectFuncInFunc2
FN:2469,selectIF1
FN:2501,selectIF2
FN:2525,selectIF3
FN:2549,selectIF4
FN:2573,selectWhereCalc1
FN:2589,selectWhereCalc2
FN:2607,selectCase1
FN:2638,selectCase2
FN:2670,selectAlias1
FN:2688,liveTest1
FN:2708,liveTest2
FN:2724,groupPivot1
FN:2741,groupPivot2
FN:2758,groupPivot3
FN:2778,groupFunc1
FN:2795,groupFunc2
FN:2808,selectInGroupByPivot1
FN:2826,selectInGroupByPivot2
FN:2844,selectInGroupByPivot3
FN:2862,selectCount1
FN:2876,selectCount2
FN:2892,selectCount3
FN:2906,selectCount4
FN:2920,selectCount5
FN:2934,selectCount6
FN:2952,selectGroupByNotInSelect
FN:2970,selectGroupByNotInSelect2
FN:2990,selectOrderByNotInSelect
FN:3013,selectCoalesce
FN:3032,selectConcat_Ws
FN:3048,selectConcat_Ws2
FN:3067,selectNoTitle1
FN:3100,selectNested
FN:3117,selectNested2
FN:3134,selectCorrelatedSubQuery1
FN:3157,selectCorrelatedSubQuery2
FN:3174,selectCorrelatedSubQuery3
FN:3190,selectCorrelatedSubQuery4
FN:3207,selectCorrelatedSubQuery5
FN:3225,selectCorrelatedSubQuery6
FN:3241,selectCorrelatedSubQuery7
FN:3257,selectCorrelatedSubQuery8
FN:3275,selectCorrelatedSubQuery9
FN:3296,selectCorrelatedSubQuery10
FN:3313,selectCorrelatedSubQuery11
FN:3330,selectFromSubQuery1
FN:3348,selectFromSubQuery2
FN:3366,selectFromSubQuery3
FN:3381,selectFromSubQuery4
FN:3401,selectFromSubQuery5
FN:3421,selectFromSubQuery6
FN:3438,selectFromSubQuery7
FN:3456,selectConvertFunction
FN:3476,selectJoinMultipleConditions
FN:3510,selectJoinOnExpression1
FN:3534,selectJoinMultipleConditions2
FN:3558,selectJoinOnExpression2
FN:3583,selectJoinOnExpression3
FN:3607,selectJoinLeftRightSwitchedInCondition
FN:3630,selectJoinMultipleConditions3
FN:3644,selectSingleQuoteDataWithCalculation
FN:3658,selectWithBadDate
FN:3697,selectWhereBadDate
FN:3723,selectGroupByCalculatedField
FN:3740,selectGroupByCalculatedFieldNotInSelectFieldList
FN:3757,selectGroupByCalculatedField2
FN:3777,selectOrderByCalculated
FN:3800,selectOrderByCalculated2
FN:3824,joinBigTables1
FN:3845,selectWhereLike3
FN:3860,selectWhereLike4
FN:3876,selectFromSubQuery8
FN:3891,selectFromSubQuery9
FN:3905,selectConcat1
FN:3928,selectBadHavingButStillWork
FN:3946,selectDateDiff
FN:3965,selectDateDiff2
FN:3985,selectNotLikeInMiddle1
FN:4005,selectGroupConcat
FN:4020,selectGroupConcat2
FN:4035,selectBetween1
FN:4052,selectNotBetween1
FN:4071,selectNotBetweenAndIN
FN:4086,selectBetweenFromFunction
FN:4104,selectCountWithNullOnJoin
FN:4124,selectCalculatedFieldWitinGroupBY
FN:4144,selectCalculatedFieldNotInSelectFieldsWitinGroupBY
FN:4164,selectJoinCaseInSensitiveCondition
FN:4182,selectCaseInSensitiveCondition
FN:4198,concatWsWithDayFunction
FN:4221,selectAddDateLastDay
FN:4239,selectLocate
FN:4260,selectSumMinusSum
FN:4273,innerSelectWithComments
FN:4295,JoinTableNotEqualCondition
FN:4370,JoinTableNotEqualCalcCondition
FN:4392,SelectTableSelfJoin
FN:4447,aliasInOrderBy
FN:4465,aliasInGroupBy
FN:4483,aliasInGroupByHaving
FN:4497,aliasInGroupByHavingLike
FN:4513,removeTrailingEmptyRecords
FN:4537,parseTableSettings1
FN:4546,parseTableSettings2
FN:4554,parseTableSettings3
FN:4573,parseTableSettings4
FN:4582,parseTableSettings5
FN:4597,parseTableSettings6
FN:4609,parseTableSettings7
FN:4620,parseTableSettings8
FN:4630,parseTableSettings9
FN:4640,parseTableSettings10
FN:4650,parseTableSettings11
FN:4660,parseTableSettings12
FN:4674,parseTableSettings13
FN:4684,parseTableSettings14
FN:4693,parseTableSettings15
FN:4703,parseTableSettings16
FN:4715,testTableData1
FN:4753,testTableData2
FN:4765,testTableData
FN:4838,selectBadTable1
FN:4857,selectBadMath1
FN:4875,selectBadField1
FN:4893,selectBadField1a
FN:4912,selectBadField2
FN:4930,selectBadField3
FN:4948,selectBadField4
FN:4966,selectBadField5
FN:4984,selectBadField6
FN:5002,selectBadOp1
FN:5020,selectBadAs1
FN:5038,selectBadConstant1
FN:5056,selectBadConstant2
FN:5074,nonSelect1
FN:5092,badJoin1
FN:5115,badJoin2
FN:5138,badJoin3
FN:5162,badJoin4
FN:5181,badJoin5
FN:5201,badOrderBy1
FN:5220,badOrderBy2
FN:5239,badOrderBy3
FN:5258,badGroupBy1
FN:5277,selectBadGroupByField
FN:5296,bindVariableMissing
FN:5316,bindVariableMissing1
FN:5336,selectNoFrom
FN:5354,selectNoTitles
FN:5375,selectFromSubQueryNoAlias
FN:5393,badParseTableSettings1
FN:5405,pivotGroupByMissing
FN:5425,badUnion1
FN:5444,badFieldNames1
FN:5466,viewsToUpperCaseExceptQuoted
FN:5472,columnLetterTest
FN:5482,isFail
FN:5495,isEqual
FN:5535,testerSql
FNF:284
FNH:257
FNDA:8,getActiveSpreadsheet
FNDA:6,getRangeByName
FNDA:2,getSheetByName
FNDA:0,getUi
FNDA:0,createMenu
FNDA:0,addItem
FNDA:0,addToUi
FNDA:2,Sheet
FNDA:1,getLastColumn
FNDA:1,getLastRow
FNDA:5,getSheetValues
FNDA:0,getRange
FNDA:6,Range
FNDA:3,getValues
FNDA:2,getValue
FNDA:0,clearContent
FNDA:0,clearFormat
FNDA:0,clear
FNDA:0,setValues
FNDA:0,setFontWeight
FNDA:0,setFormula
FNDA:0,setBackground
FNDA:0,setFormulas
FNDA:11,getMockData
FNDA:0,SQLselfTest
FNDA:0,SqlLiveDataTest
FNDA:0,onOpen
FNDA:0,customMenuGenerateTests
FNDA:0,isEqual
FNDA:178,TestedStatements
FNDA:0,getTableDefinitionString
FNDA:208,TestSql
FNDA:208,execute
FNDA:0,generateTestCustomFunctions
FNDA:0,makeCustomFormulaString
FNDA:0,makeTestResultFormulaString
FNDA:49,bookTable
FNDA:117,bookSalesTable
FNDA:10,bookReturnsTable
FNDA:38,customerTable
FNDA:50,authorsTable
FNDA:32,editorsTable
FNDA:15,translatorsTable
FNDA:15,masterTransactionsTable
FNDA:1,yearlySalesTable
FNDA:1,selectAll1
FNDA:1,selectAllCase1
FNDA:1,selectIsNotNull1
FNDA:3,selectAllAuthors
FNDA:1,selectAllAuthorsToObject
FNDA:1,selectAnAuthorsToObject
FNDA:1,selectIsNull1
FNDA:1,innerJoin1a
FNDA:1,innerJoin1case
FNDA:2,innerJoin1
FNDA:1,innerJoin2
FNDA:1,innerJoin2ToObject
FNDA:1,innerJoinAlias1
FNDA:1,innerJoinAlias2
FNDA:1,join2a
FNDA:1,join2b
FNDA:2,join2
FNDA:1,join3
FNDA:1,joinLimit1
FNDA:1,leftJoin1
FNDA:1,rightJoin1
FNDA:1,rightJoin1a
FNDA:1,rightJoin2
FNDA:1,fullJoin1
FNDA:1,fullJoin2
FNDA:1,fullJoin3
FNDA:1,whereIn1
FNDA:1,whereIn2
FNDA:1,whereIn3
FNDA:1,whereIn4
FNDA:1,whereIn5
FNDA:1,whereIn6
FNDA:1,whereIn7
FNDA:1,whereNotIn1
FNDA:1,whereNotIn2
FNDA:1,whereNotIn3
FNDA:1,whereNotIn4
FNDA:1,whereAndOr1
FNDA:1,whereAndOr2
FNDA:1,whereAndOr3
FNDA:1,whereAndNotEqual2
FNDA:1,whereAndNotEqual3
FNDA:2,whereAndNotEqual2base
FNDA:1,selectAgainNewBinds1
FNDA:1,groupBy1
FNDA:1,groupBy2
FNDA:1,groupBy3
FNDA:1,groupBy4
FNDA:1,groupBy5
FNDA:1,avgSelect1
FNDA:1,funcsSelect2
FNDA:1,innerSelect1
FNDA:1,whereLike1
FNDA:1,whereLike2
FNDA:1,whereNotLike1
FNDA:1,union1
FNDA:1,unionAlias1
FNDA:1,unionBind1
FNDA:1,unionAll1
FNDA:1,unionAll2
FNDA:1,unionAll3
FNDA:1,unionAll4
FNDA:1,unionJoin1
FNDA:1,except1
FNDA:1,intersect1
FNDA:1,orderByDesc1
FNDA:1,orderByDesc2
FNDA:1,orderByDesc3
FNDA:1,distinct1
FNDA:1,selectMath1
FNDA:1,selectMathFunc1
FNDA:1,selectMathFunc2
FNDA:1,selectFuncs2
FNDA:1,selectFuncs3
FNDA:1,selectFuncs4
FNDA:1,selectFuncs5
FNDA:1,selectFuncs6
FNDA:1,selectFuncs7
FNDA:1,selectFuncInFunc1
FNDA:1,selectFuncInFunc2
FNDA:1,selectIF1
FNDA:1,selectIF2
FNDA:1,selectIF3
FNDA:1,selectIF4
FNDA:1,selectWhereCalc1
FNDA:1,selectWhereCalc2
FNDA:1,selectCase1
FNDA:1,selectCase2
FNDA:1,selectAlias1
FNDA:0,liveTest1
FNDA:0,liveTest2
FNDA:1,groupPivot1
FNDA:1,groupPivot2
FNDA:1,groupPivot3
FNDA:1,groupFunc1
FNDA:1,groupFunc2
FNDA:1,selectInGroupByPivot1
FNDA:1,selectInGroupByPivot2
FNDA:1,selectInGroupByPivot3
FNDA:1,selectCount1
FNDA:1,selectCount2
FNDA:1,selectCount3
FNDA:1,selectCount4
FNDA:1,selectCount5
FNDA:1,selectCount6
FNDA:1,selectGroupByNotInSelect
FNDA:1,selectGroupByNotInSelect2
FNDA:1,selectOrderByNotInSelect
FNDA:1,selectCoalesce
FNDA:1,selectConcat_Ws
FNDA:1,selectConcat_Ws2
FNDA:1,selectNoTitle1
FNDA:1,selectNested
FNDA:1,selectNested2
FNDA:1,selectCorrelatedSubQuery1
FNDA:1,selectCorrelatedSubQuery2
FNDA:1,selectCorrelatedSubQuery3
FNDA:1,selectCorrelatedSubQuery4
FNDA:1,selectCorrelatedSubQuery5
FNDA:1,selectCorrelatedSubQuery6
FNDA:1,selectCorrelatedSubQuery7
FNDA:1,selectCorrelatedSubQuery8
FNDA:1,selectCorrelatedSubQuery9
FNDA:1,selectCorrelatedSubQuery10
FNDA:1,selectCorrelatedSubQuery11
FNDA:1,selectFromSubQuery1
FNDA:1,selectFromSubQuery2
FNDA:1,selectFromSubQuery3
FNDA:1,selectFromSubQuery4
FNDA:1,selectFromSubQuery5
FNDA:1,selectFromSubQuery6
FNDA:1,selectFromSubQuery7
FNDA:1,selectConvertFunction
FNDA:1,selectJoinMultipleConditions
FNDA:1,selectJoinOnExpression1
FNDA:1,selectJoinMultipleConditions2
FNDA:1,selectJoinOnExpression2
FNDA:1,selectJoinOnExpression3
FNDA:1,selectJoinLeftRightSwitchedInCondition
FNDA:1,selectJoinMultipleConditions3
FNDA:1,selectSingleQuoteDataWithCalculation
FNDA:1,selectWithBadDate
FNDA:1,selectWhereBadDate
FNDA:1,selectGroupByCalculatedField
FNDA:1,selectGroupByCalculatedFieldNotInSelectFieldList
FNDA:1,selectGroupByCalculatedField2
FNDA:1,selectOrderByCalculated
FNDA:1,selectOrderByCalculated2
FNDA:0,joinBigTables1
FNDA:1,selectWhereLike3
FNDA:1,selectWhereLike4
FNDA:1,selectFromSubQuery8
FNDA:1,selectFromSubQuery9
FNDA:1,selectConcat1
FNDA:1,selectBadHavingButStillWork
FNDA:0,selectDateDiff
FNDA:1,selectDateDiff2
FNDA:1,selectNotLikeInMiddle1
FNDA:1,selectGroupConcat
FNDA:1,selectGroupConcat2
FNDA:1,selectBetween1
FNDA:1,selectNotBetween1
FNDA:1,selectNotBetweenAndIN
FNDA:1,selectBetweenFromFunction
FNDA:1,selectCountWithNullOnJoin
FNDA:1,selectCalculatedFieldWitinGroupBY
FNDA:1,selectCalculatedFieldNotInSelectFieldsWitinGroupBY
FNDA:1,selectJoinCaseInSensitiveCondition
FNDA:1,selectCaseInSensitiveCondition
FNDA:1,concatWsWithDayFunction
FNDA:1,selectAddDateLastDay
FNDA:1,selectLocate
FNDA:0,selectSumMinusSum
FNDA:1,innerSelectWithComments
FNDA:1,JoinTableNotEqualCondition
FNDA:1,JoinTableNotEqualCalcCondition
FNDA:1,SelectTableSelfJoin
FNDA:1,aliasInOrderBy
FNDA:1,aliasInGroupBy
FNDA:1,aliasInGroupByHaving
FNDA:1,aliasInGroupByHavingLike
FNDA:1,removeTrailingEmptyRecords
FNDA:1,parseTableSettings1
FNDA:1,parseTableSettings2
FNDA:1,parseTableSettings3
FNDA:1,parseTableSettings4
FNDA:1,parseTableSettings5
FNDA:1,parseTableSettings6
FNDA:1,parseTableSettings7
FNDA:1,parseTableSettings8
FNDA:1,parseTableSettings9
FNDA:1,parseTableSettings10
FNDA:1,parseTableSettings11
FNDA:1,parseTableSettings12
FNDA:1,parseTableSettings13
FNDA:1,parseTableSettings14
FNDA:1,parseTableSettings15
FNDA:1,parseTableSettings16
FNDA:1,testTableData1
FNDA:1,testTableData2
FNDA:1,testTableData
FNDA:1,selectBadTable1
FNDA:1,selectBadMath1
FNDA:1,selectBadField1
FNDA:1,selectBadField1a
FNDA:1,selectBadField2
FNDA:1,selectBadField3
FNDA:1,selectBadField4
FNDA:1,selectBadField5
FNDA:1,selectBadField6
FNDA:1,selectBadOp1
FNDA:1,selectBadAs1
FNDA:1,selectBadConstant1
FNDA:1,selectBadConstant2
FNDA:1,nonSelect1
FNDA:1,badJoin1
FNDA:1,badJoin2
FNDA:1,badJoin3
FNDA:1,badJoin4
FNDA:1,badJoin5
FNDA:1,badOrderBy1
FNDA:1,badOrderBy2
FNDA:1,badOrderBy3
FNDA:1,badGroupBy1
FNDA:1,selectBadGroupByField
FNDA:1,bindVariableMissing
FNDA:1,bindVariableMissing1
FNDA:1,selectNoFrom
FNDA:1,selectNoTitles
FNDA:1,selectFromSubQueryNoAlias
FNDA:1,badParseTableSettings1
FNDA:1,pivotGroupByMissing
FNDA:1,badUnion1
FNDA:1,badFieldNames1
FNDA:1,viewsToUpperCaseExceptQuoted
FNDA:1,columnLetterTest
FNDA:33,isFail
FNDA:203,isEqual
FNDA:1,testerSql
DA:1,1
DA:2,1
DA:3,1
DA:4,1
DA:5,1
DA:6,1
DA:7,1
DA:8,1
DA:9,1
DA:10,1
DA:11,1
DA:12,1
DA:13,1
DA:14,1
DA:15,1
DA:16,1
DA:17,1
DA:18,8
DA:19,8
DA:20,1
DA:21,1
DA:22,6
DA:23,6
DA:24,6
DA:25,1
DA:26,1
DA:27,2
DA:28,2
DA:29,2
DA:30,2
DA:31,2
DA:32,1
DA:33,1
DA:34,0
DA:35,0
DA:36,1
DA:37,1
DA:38,1
DA:39,1
DA:40,0
DA:41,0
DA:42,1
DA:43,1
DA:44,0
DA:45,0
DA:46,1
DA:47,1
DA:48,0
DA:49,0
DA:50,1
DA:51,1
DA:52,1
DA:53,1
DA:54,2
DA:55,2
DA:56,1
DA:57,1
DA:58,1
DA:59,1
DA:60,1
DA:61,0
DA:62,0
DA:63,1
DA:64,1
DA:65,1
DA:66,1
DA:67,1
DA:68,1
DA:69,0
DA:70,0
DA:71,1
DA:72,1
DA:73,1
DA:74,5
DA:75,5
DA:76,5
DA:77,5
DA:78,5
DA:79,5
DA:80,0
DA:81,5
DA:82,5
DA:83,1
DA:84,1
DA:85,1
DA:86,0
DA:87,0
DA:88,1
DA:89,1
DA:90,1
DA:91,1
DA:92,6
DA:93,6
DA:94,1
DA:95,1
DA:96,3
DA:97,3
DA:98,1
DA:99,1
DA:100,2
DA:101,2
DA:102,1
DA:103,1
DA:104,0
DA:105,0
DA:106,1
DA:107,1
DA:108,0
DA:109,0
DA:110,1
DA:111,1
DA:112,0
DA:113,0
DA:114,1
DA:115,1
DA:116,0
DA:117,0
DA:118,1
DA:119,1
DA:120,0
DA:121,0
DA:122,1
DA:123,1
DA:124,0
DA:125,0
DA:126,1
DA:127,1
DA:128,0
DA:129,0
DA:130,1
DA:131,1
DA:132,0
DA:133,0
DA:134,1
DA:135,1
DA:136,1
DA:137,11
DA:138,11
DA:139,11
DA:140,11
DA:141,2
DA:142,11
DA:143,2
DA:144,11
DA:145,11
DA:146,11
DA:147,6
DA:148,11
DA:149,0
DA:150,11
DA:151,1
DA:152,11
DA:153,11
DA:154,1
DA:155,1
DA:156,1
DA:157,1
DA:158,1
DA:159,1
DA:160,1
DA:161,1
DA:162,0
DA:163,0
DA:164,0
DA:165,0
DA:166,0
DA:167,1
DA:168,0
DA:169,0
DA:170,0
DA:171,0
DA:172,0
DA:173,0
DA:174,1
DA:175,1
DA:176,1
DA:177,1
DA:178,1
DA:179,1
DA:180,0
DA:181,0
DA:182,0
DA:183,0
DA:184,0
DA:185,0
DA:186,0
DA:187,0
DA:188,0
DA:189,0
DA:190,0
DA:191,0
DA:192,0
DA:193,0
DA:194,0
DA:195,0
DA:196,0
DA:197,1
DA:198,1
DA:199,1
DA:200,1
DA:201,1
DA:202,1
DA:203,1
DA:204,1
DA:205,1
DA:206,1
DA:207,1
DA:208,1
DA:209,1
DA:210,1
DA:211,0
DA:212,0
DA:213,0
DA:214,0
DA:215,0
DA:216,1
DA:217,1
DA:218,1
DA:219,1
DA:220,1
DA:221,1
DA:222,1
DA:223,1
DA:224,1
DA:225,0
DA:226,0
DA:227,0
DA:228,0
DA:229,0
DA:230,0
DA:231,0
DA:232,0
DA:233,0
DA:234,0
DA:235,1
DA:236,1
DA:237,1
DA:238,1
DA:239,1
DA:240,1
DA:241,1
DA:242,1
DA:243,1
DA:244,1
DA:245,1
DA:246,178
DA:247,178
DA:248,178
DA:249,178
DA:250,178
DA:251,178
DA:252,178
DA:253,178
DA:254,178
DA:255,178
DA:256,288
DA:257,288
DA:258,288
DA:259,178
DA:260,1
DA:261,1
DA:262,1
DA:263,1
DA:264,1
DA:265,1
DA:266,0
DA:267,0
DA:268,0
DA:269,0
DA:270,0
DA:271,0
DA:272,0
DA:273,0
DA:274,0
DA:275,0
DA:276,0
DA:277,0
DA:278,0
DA:279,0
DA:280,0
DA:281,0
DA:282,0
DA:283,0
DA:284,0
DA:285,0
DA:286,0
DA:287,0
DA:288,0
DA:289,0
DA:290,0
DA:291,0
DA:292,1
DA:293,1
DA:294,1
DA:295,1
DA:296,208
DA:297,208
DA:298,1
DA:299,1
DA:300,1
DA:301,1
DA:302,1
DA:303,1
DA:304,1
DA:305,208
DA:306,208
DA:307,208
DA:308,208
DA:309,208
DA:310,208
DA:311,208
DA:312,208
DA:313,208
DA:314,208
DA:315,208
DA:316,208
DA:317,1
DA:318,1
DA:319,0
DA:320,0
DA:321,0
DA:322,0
DA:323,0
DA:324,0
DA:325,0
DA:326,0
DA:327,0
DA:328,0
DA:329,0
DA:330,0
DA:331,0
DA:332,0
DA:333,0
DA:334,0
DA:335,0
DA:336,0
DA:337,0
DA:338,0
DA:339,0
DA:340,0
DA:341,0
DA:342,0
DA:343,0
DA:344,0
DA:345,0
DA:346,0
DA:347,0
DA:348,0
DA:349,0
DA:350,0
DA:351,0
DA:352,0
DA:353,0
DA:354,0
DA:355,0
DA:356,0
DA:357,0
DA:358,0
DA:359,0
DA:360,0
DA:361,0
DA:362,0
DA:363,0
DA:364,0
DA:365,0
DA:366,0
DA:367,0
DA:368,0
DA:369,0
DA:370,0
DA:371,0
DA:372,0
DA:373,0
DA:374,0
DA:375,0
DA:376,0
DA:377,0
DA:378,0
DA:379,0
DA:380,0
DA:381,0
DA:382,0
DA:383,0
DA:384,0
DA:385,0
DA:386,0
DA:387,0
DA:388,0
DA:389,0
DA:390,0
DA:391,0
DA:392,1
DA:393,1
DA:394,1
DA:395,1
DA:396,1
DA:397,1
DA:398,1
DA:399,0
DA:400,0
DA:401,0
DA:402,0
DA:403,0
DA:404,0
DA:405,0
DA:406,0
DA:407,0
DA:408,0
DA:409,0
DA:410,0
DA:411,0
DA:412,0
DA:413,0
DA:414,0
DA:415,0
DA:416,0
DA:417,0
DA:418,0
DA:419,0
DA:420,0
DA:421,0
DA:422,0
DA:423,0
DA:424,0
DA:425,0
DA:426,0
DA:427,0
DA:428,0
DA:429,1
DA:430,1
DA:431,0
DA:432,0
DA:433,0
DA:434,0
DA:435,0
DA:436,0
DA:437,0
DA:438,0
DA:439,1
DA:440,1
DA:441,1
DA:442,1
DA:443,1
DA:444,1
DA:445,1
DA:446,1
DA:447,1
DA:448,1
DA:449,1
DA:450,1
DA:451,1
DA:452,1
DA:453,1
DA:454,1
DA:455,1
DA:456,1
DA:457,49
DA:458,49
DA:459,49
DA:460,49
DA:461,49
DA:462,49
DA:463,49
DA:464,49
DA:465,49
DA:466,49
DA:467,49
DA:468,49
DA:469,49
DA:470,49
DA:471,0
DA:472,0
DA:473,0
DA:474,0
DA:475,0
DA:476,0
DA:477,0
DA:478,0
DA:479,0
DA:480,0
DA:481,0
DA:482,49
DA:483,49
DA:484,49
DA:485,1
DA:486,1
DA:487,1
DA:488,1
DA:489,1
DA:490,1
DA:491,1
DA:492,1
DA:493,1
DA:494,1
DA:495,1
DA:496,1
DA:497,1
DA:498,1
DA:499,1
DA:500,1
DA:501,117
DA:502,117
DA:503,117
DA:504,117
DA:505,117
DA:506,117
DA:507,117
DA:508,117
DA:509,117
DA:510,117
DA:511,117
DA:512,117
DA:513,117
DA:514,117
DA:515,117
DA:516,0
DA:517,0
DA:518,0
DA:519,0
DA:520,0
DA:521,0
DA:522,0
DA:523,0
DA:524,0
DA:525,0
DA:526,0
DA:527,117
DA:528,117
DA:529,117
DA:530,1
DA:531,1
DA:532,1
DA:533,1
DA:534,1
DA:535,1
DA:536,1
DA:537,1
DA:538,1
DA:539,1
DA:540,1
DA:541,1
DA:542,1
DA:543,1
DA:544,1
DA:545,1
DA:546,10
DA:547,10
DA:548,10
DA:549,10
DA:550,10
DA:551,10
DA:552,10
DA:553,10
DA:554,10
DA:555,10
DA:556,10
DA:557,10
DA:558,10
DA:559,10
DA:560,10
DA:561,1
DA:562,1
DA:563,1
DA:564,1
DA:565,1
DA:566,1
DA:567,1
DA:568,1
DA:569,1
DA:570,1
DA:571,1
DA:572,1
DA:573,1
DA:574,1
DA:575,1
DA:576,1
DA:577,38
DA:578,38
DA:579,38
DA:580,38
DA:581,38
DA:582,38
DA:583,38
DA:584,38
DA:585,38
DA:586,38
DA:587,38
DA:588,38
DA:589,1
DA:590,1
DA:591,1
DA:592,1
DA:593,1
DA:594,1
DA:595,1
DA:596,1
DA:597,1
DA:598,1
DA:599,1
DA:600,1
DA:601,1
DA:602,1
DA:603,1
DA:604,1
DA:605,50
DA:606,50
DA:607,50
DA:608,50
DA:609,50
DA:610,50
DA:611,50
DA:612,50
DA:613,50
DA:614,1
DA:615,1
DA:616,1
DA:617,1
DA:618,1
DA:619,1
DA:620,1
DA:621,1
DA:622,1
DA:623,1
DA:624,1
DA:625,1
DA:626,1
DA:627,1
DA:628,1
DA:629,1
DA:630,32
DA:631,32
DA:632,32
DA:633,32
DA:634,32
DA:635,32
DA:636,32
DA:637,32
DA:638,32
DA:639,32
DA:640,32
DA:641,32
DA:642,32
[...]
DA:2522,12
DA:2523,12
DA:2524,12
DA:2525,1
DA:2526,1
DA:2527,1
DA:2528,1
DA:2529,1
DA:2530,1
DA:2531,1
DA:2532,1
DA:2533,400
DA:2534,400
DA:2535,400
DA:2536,400
DA:2537,400
DA:2538,400
DA:2539,400
DA:2540,1
DA:2541,1
DA:2542,1
DA:2543,1
DA:2544,1
DA:2545,1
DA:2546,1
DA:2547,396
DA:2548,396
DA:2549,396
DA:2550,396
DA:2551,396
DA:2552,608
DA:2553,608
DA:2554,608
DA:2555,6463
DA:2556,6463
DA:2557,6463
DA:2558,6463
DA:2559,6463
DA:2560,3125
DA:2561,3125
DA:2562,3125
DA:2563,3125
DA:2564,3125
DA:2565,3125
DA:2566,3125
DA:2567,3125
DA:2568,3125
DA:2569,3338
DA:2570,3338
DA:2571,3338
DA:2572,6463
DA:2573,6463
DA:2574,6463
DA:2575,608
DA:2576,396
DA:2577,396
DA:2578,396
DA:2579,1
DA:2580,1
DA:2581,1
DA:2582,1
DA:2583,1
DA:2584,1
DA:2585,1
DA:2586,7727
DA:2587,12365
DA:2588,12365
DA:2589,12365
DA:2590,8856
DA:2591,8856
DA:2592,12365
DA:2593,7727
DA:2594,7727
DA:2595,7727
DA:2596,10
DA:2597,10
DA:2598,7727
DA:2599,7727
DA:2600,7531
DA:2601,7531
DA:2602,7727
DA:2603,1
DA:2604,1
DA:2605,1
DA:2606,1
DA:2607,1
DA:2608,1
DA:2609,1
DA:2610,1
DA:2611,4163
DA:2612,4163
DA:2613,4163
DA:2614,4163
DA:2615,4163
DA:2616,4163
DA:2617,4163
DA:2618,4163
DA:2619,3003
DA:2620,3003
DA:2621,247
DA:2622,4163
DA:2623,1
DA:2624,1
DA:2625,1
DA:2626,1
DA:2627,1
DA:2628,1
DA:2629,1
DA:2630,1
DA:2631,6463
DA:2632,6463
DA:2633,6463
DA:2634,1
DA:2635,1
DA:2636,1
DA:2637,1
DA:2638,1
DA:2639,1
DA:2640,7531
DA:2641,7531
DA:2642,3125
DA:2643,3125
DA:2644,7531
DA:2645,7531
DA:2646,7531
DA:2647,1
DA:2648,1
DA:2649,1
DA:2650,1
DA:2651,1
DA:2652,1
DA:2653,1
DA:2654,3586
DA:2655,3586
DA:2656,1
DA:2657,1
DA:2658,1
DA:2659,1
DA:2660,1
DA:2661,1
DA:2662,1
DA:2663,3195
DA:2664,3195
DA:2665,1
DA:2666,1
DA:2667,1
DA:2668,1
DA:2669,1
DA:2670,1
DA:2671,1
DA:2672,264
DA:2673,264
DA:2674,264
DA:2675,1
DA:2676,1
DA:2677,1
DA:2678,1
DA:2679,1
DA:2680,1
DA:2681,1
DA:2682,264
DA:2683,264
DA:2684,264
DA:2685,1
DA:2686,1
DA:2687,1
DA:2688,1
DA:2689,1
DA:2690,1
DA:2691,1
DA:2692,525
DA:2693,525
DA:2694,525
DA:2695,525
DA:2696,0
DA:2697,0
DA:2698,525
DA:2699,1
DA:2700,1
DA:2701,1
DA:2702,1
DA:2703,1
DA:2704,1
DA:2705,1
DA:2706,1
DA:2707,1
DA:2708,1
DA:2709,1
DA:2710,1
DA:2711,1
DA:2712,1
DA:2713,1
DA:2714,1
DA:2715,1
DA:2716,490
DA:2717,1331
DA:2718,1331
DA:2719,1331
DA:2720,1331
DA:2721,1331
DA:2722,1331
DA:2723,1331
DA:2724,1331
DA:2725,1331
DA:2726,1135
DA:2727,1135
DA:2728,1135
DA:2729,196
DA:2730,93
DA:2731,93
DA:2732,93
DA:2733,103
DA:2734,103
DA:2735,103
DA:2736,103
DA:2737,1331
DA:2738,490
DA:2739,1
DA:2740,1
DA:2741,1
DA:2742,1
DA:2743,1
DA:2744,1
DA:2745,1135
DA:2746,1135
DA:2747,1135
DA:2748,1135
DA:2749,67
DA:2750,67
DA:2751,1068
DA:2752,1135
DA:2753,131
DA:2754,131
DA:2755,131
DA:2756,131
DA:2757,131
DA:2758,131
DA:2759,1068
DA:2760,1068
DA:2761,1068
DA:2762,1068
DA:2763,1068
DA:2764,1068
DA:2765,1068
DA:2766,1068
DA:2767,1068
DA:2768,1068
DA:2769,1068
DA:2770,1068
DA:2771,1135
DA:2772,1
DA:2773,1
DA:2774,1
DA:2775,1
DA:2776,1
DA:2777,103
DA:2778,103
DA:2779,103
DA:2780,103
DA:2781,103
DA:2782,103
DA:2783,103
DA:2784,103
DA:2785,103
DA:2786,103
DA:2787,103
DA:2788,103
DA:2789,103
DA:2790,103
DA:2791,103
DA:2792,103
DA:2793,1
DA:2794,1
DA:2795,1
DA:2796,1
DA:2797,1
DA:2798,93
DA:2799,93
DA:2800,93
DA:2801,93
DA:2802,93
DA:2803,93
DA:2804,93
DA:2805,93
DA:2806,93
DA:2807,93
DA:2808,93
DA:2809,93
DA:2810,93
DA:2811,1
DA:2812,1
DA:2813,1
DA:2814,1
DA:2815,1
DA:2816,1
DA:2817,4
DA:2818,48
DA:2819,4
DA:2820,4
DA:2821,4
DA:2822,48
DA:2823,4
DA:2824,1
DA:2825,1
DA:2826,1
DA:2827,1
DA:2828,1
DA:2829,1
DA:2830,4
DA:2831,4
DA:2832,4
DA:2833,4
DA:2834,1
DA:2835,1
DA:2836,1
DA:2837,1
DA:2838,1
DA:2839,1
DA:2840,110
DA:2841,110
DA:2842,382
DA:2843,382
DA:2844,110
DA:2845,110
DA:2846,110
DA:2847,1
DA:2848,1
DA:2849,1
DA:2850,1
DA:2851,1
DA:2852,1
DA:2853,364
DA:2854,364
DA:2855,364
DA:2856,364
DA:2857,364
DA:2858,364
DA:2859,1
DA:2860,1
DA:2861,1
DA:2862,1
DA:2863,1
DA:2864,1
DA:2865,1527
DA:2866,1527
DA:2867,1527
DA:2868,1527
DA:2869,1527
DA:2870,1
DA:2871,1
DA:2872,1
DA:2873,1
DA:2874,1
DA:2875,1
DA:2876,4
DA:2877,4
DA:2878,6
DA:2879,6
DA:2880,4
DA:2881,4
DA:2882,4
DA:2883,1
DA:2884,1
DA:2885,1
DA:2886,1
DA:2887,1
DA:2888,1
DA:2889,1
DA:2890,194
DA:2891,194
DA:2892,871
DA:2893,871
DA:2894,871
DA:2895,871
DA:2896,871
DA:2897,51
DA:2898,51
DA:2899,51
DA:2900,871
DA:2901,871
DA:2902,194
DA:2903,194
DA:2904,194
DA:2905,1
DA:2906,1
DA:2907,1
DA:2908,1
DA:2909,1
DA:2910,1
DA:2911,66
DA:2912,66
DA:2913,66
DA:2914,66
DA:2915,849
DA:2916,849
DA:2917,849
DA:2918,849
DA:2919,849
DA:2920,849
DA:2921,849
DA:2922,849
DA:2923,66
DA:2924,1
DA:2925,1
DA:2926,1
DA:2927,1
DA:2928,1
DA:2929,1
DA:2930,1
DA:2931,1
DA:2932,1
DA:2933,1
DA:2934,1
DA:2935,1
DA:2936,1
DA:2937,1
DA:2938,1
DA:2939,1331
DA:2940,1331
DA:2941,1331
DA:2942,1331
DA:2943,1331
DA:2944,1331
DA:2945,218
DA:2946,218
DA:2947,218
DA:2948,208
DA:2949,208
DA:2950,218
DA:2951,218
DA:2952,218
DA:2953,208
DA:2954,208
DA:2955,208
DA:2956,208
DA:2957,208
DA:2958,218
DA:2959,1331
DA:2960,1331
DA:2961,1331
DA:2962,1
DA:2963,1
DA:2964,1
DA:2965,1
DA:2966,1
DA:2967,1
DA:2968,1
DA:2969,208
DA:2970,208
DA:2971,208
DA:2972,208
DA:2973,208
DA:2974,208
DA:2975,60
DA:2976,60
DA:2977,6
DA:2978,6
DA:2979,6
DA:2980,60
DA:2981,208
DA:2982,208
DA:2983,208
DA:2984,202
DA:2985,202
DA:2986,202
DA:2987,1
DA:2988,1
DA:2989,1
DA:2990,202
DA:2991,208
DA:2992,208
DA:2993,208
DA:2994,208
DA:2995,1
DA:2996,1
DA:2997,1
DA:2998,1
DA:2999,1
DA:3000,1
DA:3001,327
DA:3002,327
DA:3003,1
DA:3004,1
DA:3005,1
DA:3006,1
DA:3007,1
DA:3008,1
DA:3009,1
DA:3010,1
DA:3011,3452
DA:3012,3452
DA:3013,3452
DA:3014,3452
DA:3015,3452
DA:3016,3452
DA:3017,3452
DA:3018,3452
DA:3019,3452
DA:3020,3452
DA:3021,3452
DA:3022,3452
DA:3023,3452
DA:3024,3452
DA:3025,3452
DA:3026,3452
DA:3027,3452
DA:3028,3452
DA:3029,3452
DA:3030,3452
DA:3031,3452
DA:3032,3452
DA:3033,3452
DA:3034,3452
DA:3035,3452
DA:3036,3452
DA:3037,3452
DA:3038,3452
DA:3039,3452
DA:3040,3452
DA:3041,3452
DA:3042,3452
DA:3043,1
DA:3044,1
DA:3045,1
DA:3046,1
DA:3047,1
DA:3048,1
DA:3049,891
DA:3050,891
DA:3051,1
DA:3052,1
DA:3053,1
DA:3054,1
DA:3055,1
DA:3056,1
DA:3057,1
DA:3058,1
DA:3059,849
DA:3060,849
DA:3061,849
DA:3062,1
DA:3063,1
DA:3064,1
DA:3065,1
DA:3066,1
DA:3067,1
DA:3068,1
DA:3069,23021
DA:3070,8500
DA:3071,8500
DA:3072,8500
DA:3073,8500
DA:3074,8500
DA:3075,14521
DA:3076,23021
DA:3077,168
DA:3078,168
DA:3079,14353
DA:3080,14353
DA:3081,23021
DA:3082,1
DA:3083,1
DA:3084,1
DA:3085,1
DA:3086,1
DA:3087,1
DA:3088,1
DA:3089,3125
DA:3090,3125
DA:3091,3125
DA:3092,1
DA:3093,1
DA:3094,1
DA:3095,1
DA:3096,1
DA:3097,1
DA:3098,1
DA:3099,3125
DA:3100,3125
DA:3101,3125
DA:3102,1
DA:3103,1
DA:3104,1
DA:3105,1
DA:3106,1
DA:3107,1
DA:3108,1
DA:3109,6566
DA:3110,6566
DA:3111,6566
DA:3112,6566
DA:3113,6566
DA:3114,6566
DA:3115,6566
DA:3116,6566
DA:3117,6566
DA:3118,6566
DA:3119,6566
DA:3120,1
DA:3121,1
DA:3122,1
DA:3123,1
DA:3124,1
DA:3125,1
DA:3126,1
DA:3127,1264
DA:3128,1264
DA:3129,1264
DA:3130,1264
DA:3131,1
DA:3132,1
DA:3133,1
DA:3134,1
DA:3135,1
DA:3136,1
DA:3137,1
DA:3138,1264
DA:3139,1264
DA:3140,1264
DA:3141,1
DA:3142,1
DA:3143,1
DA:3144,1
DA:3145,1
DA:3146,1
DA:3147,1
DA:3148,1161
DA:3149,1161
DA:3150,1161
DA:3151,1
DA:3152,1
DA:3153,1
DA:3154,1
DA:3155,1
DA:3156,1
DA:3157,4
DA:3158,4
DA:3159,4
DA:3160,1
DA:3161,1
DA:3162,1
DA:3163,1
DA:3164,1
DA:3165,1
DA:3166,1
DA:3167,196
DA:3168,196
DA:3169,196
DA:3170,1
DA:3171,1
DA:3172,1
DA:3173,1
DA:3174,1
DA:3175,1
DA:3176,1
DA:3177,103
DA:3178,103
DA:3179,103
DA:3180,1
DA:3181,1
DA:3182,1
DA:3183,1
DA:3184,1
DA:3185,1
DA:3186,1
DA:3187,1264
DA:3188,1264
DA:3189,1264
DA:3190,1
DA:3191,1
DA:3192,1
DA:3193,1
DA:3194,1
DA:3195,1
DA:3196,1
DA:3197,1264
DA:3198,1264
DA:3199,1264
DA:3200,1
DA:3201,1
DA:3202,1
DA:3203,1
DA:3204,1
DA:3205,1
DA:3206,1
DA:3207,1068
DA:3208,1068
DA:3209,1068
DA:3210,1
DA:3211,1
DA:3212,1
DA:3213,1
DA:3214,1
DA:3215,1
DA:3216,1
DA:3217,3125
DA:3218,3125
DA:3219,3125
DA:3220,1
DA:3221,1
DA:3222,1
DA:3223,1
DA:3224,1
DA:3225,1
DA:3226,8326
DA:3227,8326
DA:3228,1
DA:3229,1
DA:3230,1
DA:3231,1
DA:3232,1
DA:3233,1
DA:3234,1
DA:3235,3125
DA:3236,3125
DA:3237,3125
DA:3238,1
DA:3239,1
DA:3240,1
DA:3241,1
DA:3242,1
DA:3243,1
DA:3244,1
DA:3245,17796
DA:3246,17796
DA:3247,17796
DA:3248,17796
DA:3249,1
DA:3250,1
DA:3251,1
DA:3252,1
DA:3253,1
DA:3254,1
DA:3255,1
DA:3256,4
DA:3257,4
DA:3258,4
DA:3259,36
DA:3260,36
DA:3261,36
DA:3262,4
DA:3263,4
DA:3264,4
DA:3265,1
LF:3265
LH:3231
BRDA:1,0,0,1
BRDA:23,1,0,388
BRDA:50,2,0,4
BRDA:51,3,0,384
BRDA:61,4,0,380
BRDA:64,5,0,44
BRDA:64,6,0,336
BRDA:75,7,0,39
BRDA:82,8,0,32
BRDA:92,9,0,39
BRDA:98,10,0,8
BRDA:102,11,0,4
BRDA:105,12,0,1
BRDA:97,13,0,119
BRDA:100,14,0,56
BRDA:100,15,0,56
BRDA:119,16,0,384
BRDA:120,17,0,48
BRDA:130,18,0,380
BRDA:133,19,0,227
BRDA:136,20,0,153
BRDA:136,21,0,126
BRDA:136,22,0,1
BRDA:142,23,0,341
BRDA:145,24,0,39
BRDA:148,25,0,374
BRDA:158,26,0,387
BRDA:159,27,0,436
BRDA:160,28,0,429
BRDA:161,29,0,7
BRDA:173,30,0,381
BRDA:176,31,0,35
BRDA:179,32,0,346
BRDA:177,33,0,72
BRDA:177,34,0,682
BRDA:180,35,0,357
BRDA:191,36,0,429
BRDA:200,37,0,45
BRDA:200,38,0,381
BRDA:203,39,0,4206
BRDA:207,40,0,3819
BRDA:207,41,0,416
BRDA:211,42,0,4203
BRDA:213,43,0,2640
BRDA:215,44,0,423
BRDA:230,45,0,8411
BRDA:232,46,0,2753
BRDA:235,47,0,5658
BRDA:235,48,0,142
BRDA:237,49,0,132
BRDA:241,50,0,5516
BRDA:241,51,0,93
BRDA:247,52,0,8408
BRDA:256,53,0,374
BRDA:262,54,0,2102
BRDA:265,55,0,9069
BRDA:267,56,0,7672
BRDA:268,57,0,1397
BRDA:268,58,0,21
BRDA:272,59,0,1376
BRDA:274,60,0,1358
BRDA:277,61,0,1366
BRDA:280,62,0,2092
BRDA:283,63,0,364
BRDA:293,64,0,283
BRDA:297,65,0,8714
BRDA:300,66,0,8024
BRDA:301,67,0,145
BRDA:305,68,0,2061
BRDA:305,69,0,125
BRDA:305,70,0,7899
BRDA:307,71,0,690
BRDA:307,72,0,144
BRDA:326,73,0,8733
BRDA:332,74,0,352
BRDA:337,75,0,7204
BRDA:339,76,0,50
BRDA:340,77,0,402
BRDA:342,78,0,352
BRDA:351,79,0,8381
BRDA:362,80,0,176
BRDA:368,81,0,3523
BRDA:371,82,0,159
BRDA:371,83,0,150
BRDA:371,84,0,145
BRDA:375,85,0,3378
BRDA:384,86,0,175
BRDA:396,87,0,3378
BRDA:398,88,0,45
BRDA:399,89,0,3333
BRDA:400,90,0,45
BRDA:401,91,0,3288
BRDA:413,92,0,3523
BRDA:414,93,0,3221
BRDA:416,94,0,76
BRDA:418,95,0,302
BRDA:418,96,0,76
BRDA:421,97,0,3371
BRDA:432,98,0,364
BRDA:435,99,0,37
BRDA:438,100,0,4
BRDA:442,101,0,327
BRDA:444,102,0,114
BRDA:460,103,0,37
BRDA:462,104,0,1
BRDA:463,105,0,36
BRDA:473,106,0,341
BRDA:475,107,0,157
BRDA:483,108,0,36
BRDA:496,109,0,377
BRDA:499,110,0,450
BRDA:514,111,0,4
BRDA:543,112,0,364
BRDA:545,113,0,334
BRDA:546,114,0,30
BRDA:556,115,0,66
BRDA:557,116,0,75
BRDA:560,117,0,0
BRDA:564,118,0,68
BRDA:564,119,0,5
BRDA:567,120,0,70
BRDA:582,121,0,364
BRDA:586,122,0,354
BRDA:587,123,0,10
BRDA:588,124,0,67
BRDA:589,125,0,84
BRDA:593,126,0,10
BRDA:603,127,0,364
BRDA:604,128,0,2
BRDA:619,129,0,70
BRDA:628,130,0,1056
BRDA:629,131,0,228
BRDA:632,132,0,828
BRDA:632,133,0,426
BRDA:632,134,0,402
BRDA:644,135,0,5
BRDA:653,136,0,104
BRDA:654,137,0,26
BRDA:657,138,0,78
BRDA:657,139,0,61
BRDA:657,140,0,17
BRDA:677,141,0,858
BRDA:684,142,0,31
BRDA:688,143,0,827
BRDA:690,144,0,356
BRDA:691,145,0,471
BRDA:691,146,0,169
BRDA:695,147,0,302
BRDA:695,148,0,21
BRDA:699,149,0,281
BRDA:699,150,0,264
BRDA:704,151,0,17
BRDA:708,152,0,856
BRDA:717,153,0,31
BRDA:723,154,0,10
BRDA:726,155,0,21
BRDA:744,156,0,169
BRDA:748,157,0,167
BRDA:751,158,0,2
BRDA:752,159,0,1
BRDA:765,160,0,31
BRDA:770,161,0,19
BRDA:775,162,0,13
BRDA:779,163,0,10
BRDA:779,164,0,3
BRDA:785,165,0,10
BRDA:789,166,0,21
BRDA:799,167,0,21
BRDA:803,168,0,22
BRDA:807,169,0,0
BRDA:820,170,0,827
BRDA:821,171,0,306
BRDA:821,172,0,521
BRDA:821,173,0,51
BRDA:829,174,0,356
BRDA:830,175,0,306
BRDA:831,176,0,306
BRDA:832,177,0,50
BRDA:834,178,0,50
BRDA:835,179,0,0
BRDA:844,180,0,832
BRDA:849,181,0,464
BRDA:854,182,0,368
BRDA:854,183,0,367
BRDA:856,184,0,366
BRDA:862,185,0,366
BRDA:862,186,0,0
BRDA:862,187,0,0
BRDA:862,188,0,1
BRDA:866,189,0,831
BRDA:876,190,0,194
BRDA:894,191,0,501
BRDA:896,192,0,366
BRDA:899,193,0,22
BRDA:902,194,0,13
BRDA:905,195,0,15
BRDA:908,196,0,20
BRDA:911,197,0,17
BRDA:914,198,0,3
BRDA:917,199,0,13
BRDA:920,200,0,2
BRDA:923,201,0,21
BRDA:926,202,0,4
BRDA:929,203,0,1
BRDA:932,204,0,1
BRDA:935,205,0,1
BRDA:938,206,0,1
BRDA:941,207,0,1
BRDA:897,208,0,2748
BRDA:900,209,0,199
BRDA:903,210,0,144
BRDA:903,211,0,143
BRDA:903,212,0,143
BRDA:906,213,0,248
BRDA:909,214,0,298
BRDA:912,215,0,314
BRDA:915,216,0,30
BRDA:918,217,0,103
BRDA:921,218,0,19
BRDA:924,219,0,196
BRDA:927,220,0,39
BRDA:930,221,0,5
BRDA:933,222,0,5
BRDA:936,223,0,7
BRDA:939,224,0,7
BRDA:952,225,0,4362
BRDA:953,226,0,3646
BRDA:953,227,0,716
BRDA:954,228,0,3877
BRDA:954,229,0,485
BRDA:964,230,0,103
BRDA:965,231,0,101
BRDA:965,232,0,2
BRDA:965,233,0,2
BRDA:968,234,0,101
BRDA:978,235,0,19
BRDA:979,236,0,18
BRDA:979,237,0,1
BRDA:979,238,0,1
BRDA:982,239,0,18
BRDA:992,240,0,119
BRDA:1007,241,0,235
BRDA:1009,242,0,216
BRDA:1012,243,0,19
BRDA:1019,244,0,132
BRDA:1019,245,0,30
BRDA:1032,246,0,10
BRDA:1033,247,0,0
BRDA:1041,248,0,14
BRDA:1058,249,0,891
BRDA:1070,250,0,5991
BRDA:1066,251,0,8302
BRDA:1081,252,0,114
BRDA:1084,253,0,0
BRDA:1095,254,0,1608
BRDA:1099,255,0,94
BRDA:1102,256,0,1514
BRDA:1107,257,0,13
BRDA:1111,258,0,0
BRDA:1114,259,0,1501
BRDA:1127,260,0,1514
BRDA:1133,261,0,10010
BRDA:1138,262,0,7409
BRDA:1144,263,0,2601
BRDA:1144,264,0,66
BRDA:1172,265,0,10010
BRDA:1175,266,0,20260
BRDA:1176,267,0,2574
BRDA:1176,268,0,1287
BRDA:1179,269,0,18973
BRDA:1180,270,0,10250
BRDA:1182,271,0,1731
BRDA:1188,272,0,8723
BRDA:1188,273,0,8643
BRDA:1204,274,0,1514
BRDA:1208,275,0,1331
BRDA:1209,276,0,183
BRDA:1231,277,0,384
BRDA:1249,278,0,114
BRDA:1252,279,0,0
BRDA:1276,280,0,114
BRDA:1280,281,0,0
BRDA:1283,282,0,104
BRDA:1284,283,0,10
BRDA:1295,284,0,114
BRDA:1296,285,0,124
BRDA:1299,286,0,90
BRDA:1303,287,0,24
BRDA:1307,288,0,0
BRDA:1298,289,0,420
BRDA:1302,290,0,644
BRDA:1319,291,0,1418
BRDA:1331,292,0,5690
BRDA:1332,293,0,1
BRDA:1335,294,0,5689
BRDA:1343,295,0,66
BRDA:1353,296,0,380
BRDA:1354,297,0,705
BRDA:1355,298,0,110
BRDA:1358,299,0,647
BRDA:1377,300,0,5690
BRDA:1382,301,0,13927
BRDA:1392,302,0,119
BRDA:1410,303,0,71
BRDA:1420,304,0,71
BRDA:1430,305,0,71
BRDA:1440,306,0,71
BRDA:1451,307,0,71
BRDA:1461,308,0,71
BRDA:1466,309,0,647
BRDA:1467,310,0,70
BRDA:1470,311,0,577
BRDA:1471,312,0,98
BRDA:1474,313,0,479
BRDA:1475,314,0,670
BRDA:1490,315,0,162
BRDA:1498,316,0,67
BRDA:1510,317,0,71
BRDA:1511,318,0,1
BRDA:1511,319,0,70
BRDA:1512,320,0,1
BRDA:1512,321,0,70
BRDA:1531,322,0,198
BRDA:1549,323,0,8118
BRDA:1554,324,0,218
BRDA:1554,325,0,218
BRDA:1557,326,0,42
BRDA:1557,327,0,176
BRDA:1562,328,0,0
BRDA:1577,329,0,15
BRDA:1584,330,0,1
BRDA:1593,331,0,7
BRDA:1602,332,0,90
BRDA:1610,333,0,1
BRDA:1619,334,0,6
BRDA:1627,335,0,1
BRDA:1637,336,0,6
BRDA:1647,337,0,5
BRDA:1655,338,0,15
BRDA:1670,339,0,1
BRDA:1678,340,0,8
BRDA:1687,341,0,1
BRDA:1696,342,0,8
BRDA:1705,343,0,1
BRDA:1713,344,0,2
BRDA:1721,345,0,1
BRDA:1730,346,0,1
BRDA:1739,347,0,1
BRDA:1749,348,0,3
BRDA:1757,349,0,1
BRDA:1766,350,0,1
BRDA:1775,351,0,3
BRDA:1784,352,0,1
BRDA:1793,353,0,2
BRDA:1801,354,0,1
BRDA:1809,355,0,1
BRDA:1825,356,0,1
BRDA:1834,357,0,1
BRDA:1843,358,0,1
BRDA:1852,359,0,2
BRDA:1861,360,0,1
BRDA:1870,361,0,1
BRDA:1878,362,0,2
BRDA:1886,363,0,21
BRDA:1895,364,0,5
BRDA:1904,365,0,1
BRDA:1913,366,0,3
BRDA:1922,367,0,4
BRDA:1931,368,0,6
BRDA:1943,369,0,218
BRDA:1947,370,0,90
BRDA:1948,371,0,128
BRDA:1962,372,0,6
BRDA:1966,373,0,3
BRDA:1978,374,0,1
BRDA:1980,375,0,12
BRDA:1995,376,0,6
BRDA:2008,377,0,11
BRDA:2009,378,0,0
BRDA:2016,379,0,24
BRDA:2017,380,0,4
BRDA:2021,381,0,20
BRDA:2036,382,0,15
BRDA:2041,383,0,3
BRDA:2044,384,0,1
BRDA:2047,385,0,11
BRDA:2050,386,0,0
BRDA:2064,387,0,7
BRDA:2065,388,0,0
BRDA:2081,389,0,1
BRDA:2082,390,0,0
BRDA:2100,391,0,2
BRDA:2101,392,0,0
BRDA:2117,393,0,9
BRDA:2137,394,0,4
BRDA:2138,395,0,0
BRDA:2141,396,0,2
BRDA:2141,397,0,2
BRDA:2153,398,0,8118
BRDA:2157,399,0,198
BRDA:2160,400,0,42
BRDA:2160,401,0,42
BRDA:2181,402,0,90
BRDA:2182,403,0,0
BRDA:2187,404,0,42
BRDA:2187,405,0,42
BRDA:2190,406,0,48
BRDA:2191,407,0,42
BRDA:2195,408,0,6
BRDA:2210,409,0,8118
BRDA:2213,410,0,198
BRDA:2213,411,0,42
BRDA:2230,412,0,150
BRDA:2242,413,0,307
BRDA:2245,414,0,8
BRDA:2246,415,0,299
BRDA:2248,416,0,757
BRDA:2249,417,0,280
BRDA:2252,418,0,477
BRDA:2258,419,0,299
BRDA:2271,420,0,299
BRDA:2273,421,0,287
BRDA:2274,422,0,12
BRDA:2280,423,0,54
BRDA:2281,424,0,12
BRDA:2288,425,0,12
BRDA:2272,426,0,757
BRDA:2294,427,0,12
BRDA:2296,428,0,54
BRDA:2311,429,0,12
BRDA:2315,430,0,54
BRDA:2328,431,0,12
BRDA:2342,432,0,12
BRDA:2343,433,0,54
BRDA:2357,434,0,477
BRDA:2361,435,0,1272
BRDA:2363,436,0,303
BRDA:2364,437,0,969
BRDA:2368,438,0,245
BRDA:2371,439,0,227
BRDA:2374,440,0,127
BRDA:2377,441,0,216
BRDA:2380,442,0,128
BRDA:2383,443,0,26
BRDA:2386,444,0,0
BRDA:2391,445,0,41
BRDA:2395,446,0,12
BRDA:2398,447,0,465
BRDA:2406,448,0,969
BRDA:2409,449,0,48
BRDA:2412,450,0,921
BRDA:2414,451,0,193
BRDA:2414,452,0,728
BRDA:2425,453,0,477
BRDA:2438,454,0,127
BRDA:2439,455,0,44
BRDA:2439,456,0,83
BRDA:2441,457,0,40
BRDA:2441,458,0,87
BRDA:2449,459,0,216
BRDA:2450,460,0,84
BRDA:2450,461,0,132
BRDA:2452,462,0,26
BRDA:2452,463,0,190
BRDA:2460,464,0,373
BRDA:2470,465,0,41
BRDA:2478,466,0,227
BRDA:2479,467,0,12
BRDA:2482,468,0,215
BRDA:2484,469,0,38
BRDA:2488,470,0,215
BRDA:2496,471,0,26
BRDA:2497,472,0,10
BRDA:2500,473,0,16
BRDA:2509,474,0,12
BRDA:2510,475,0,5
BRDA:2513,476,0,21
BRDA:2514,477,0,10
BRDA:2517,478,0,11
BRDA:2517,479,0,10
BRDA:2520,480,0,1
BRDA:2532,481,0,400
BRDA:2546,482,0,396
BRDA:2551,483,0,608
BRDA:2554,484,0,6463
BRDA:2559,485,0,3125
BRDA:2569,486,0,3338
BRDA:2585,487,0,7727
BRDA:2586,488,0,12365
BRDA:2589,489,0,6131
BRDA:2589,490,0,8856
BRDA:2595,491,0,15
BRDA:2595,492,0,10
BRDA:2599,493,0,7531
BRDA:2610,494,0,4163
BRDA:2611,495,0,2724
BRDA:2611,496,0,1439
BRDA:2612,497,0,1969
BRDA:2612,498,0,2194
BRDA:2618,499,0,1160
BRDA:2619,500,0,3003
BRDA:2620,501,0,2756
BRDA:2621,502,0,247
BRDA:2630,503,0,6463
BRDA:2632,504,0,3338
BRDA:2632,505,0,3125
BRDA:2639,506,0,7531
BRDA:2641,507,0,3125
BRDA:2653,508,0,3586
BRDA:2662,509,0,3195
BRDA:2671,510,0,264
BRDA:2673,511,0,0
BRDA:2681,512,0,264
BRDA:2683,513,0,0
BRDA:2691,514,0,525
BRDA:2696,515,0,0
BRDA:2715,516,0,490
BRDA:2716,517,0,1331
BRDA:2718,518,0,684
BRDA:2718,519,0,99
BRDA:2718,520,0,1232
BRDA:2725,521,0,1228
BRDA:2725,522,0,1135
BRDA:2729,523,0,196
BRDA:2729,524,0,93
BRDA:2733,525,0,103
BRDA:2744,526,0,1135
BRDA:2748,527,0,73
BRDA:2748,528,0,67
BRDA:2751,529,0,1068
BRDA:2752,530,0,943
BRDA:2752,531,0,131
BRDA:2759,532,0,1068
BRDA:2776,533,0,103
BRDA:2780,534,0,83
BRDA:2780,535,0,20
BRDA:2797,536,0,93
BRDA:2816,537,0,4
BRDA:2817,538,0,48
BRDA:2818,539,0,4
BRDA:2829,540,0,4
BRDA:2832,541,0,10
BRDA:2839,542,0,110
BRDA:2841,543,0,382
BRDA:2845,544,0,0
BRDA:2852,545,0,364
BRDA:2854,546,0,1215
BRDA:2854,547,0,12
BRDA:2855,548,0,2
BRDA:2864,549,0,1527
BRDA:2865,550,0,13687
BRDA:2866,551,0,4296
BRDA:2875,552,0,4
BRDA:2877,553,0,6
BRDA:2889,554,0,194
BRDA:2891,555,0,871
BRDA:2896,556,0,51
BRDA:2898,557,0,24
BRDA:2898,558,0,27
BRDA:2891,559,0,883
BRDA:2910,560,0,66
BRDA:2914,561,0,849
BRDA:2938,562,0,1331
BRDA:2942,563,0,1228
BRDA:2942,564,0,103
BRDA:2944,565,0,1228
BRDA:2944,566,0,218
BRDA:2947,567,0,208
BRDA:2947,568,0,208
BRDA:2952,569,0,208
BRDA:2952,570,0,208
BRDA:2968,571,0,208
BRDA:2974,572,0,60
BRDA:2976,573,0,6
BRDA:2983,574,0,202
BRDA:2986,575,0,1
BRDA:2986,576,0,1
BRDA:3000,577,0,327
BRDA:3001,578,0,1092
BRDA:3010,579,0,3452
BRDA:3048,580,0,891
BRDA:3049,581,0,696
BRDA:3049,582,0,195
BRDA:3058,583,0,849
BRDA:3068,584,0,23021
BRDA:3069,585,0,8500
BRDA:3075,586,0,14521
BRDA:3076,587,0,168
BRDA:3079,588,0,14353
BRDA:3088,589,0,3125
BRDA:3098,590,0,3125
BRDA:3108,591,0,6566
BRDA:3110,592,0,3338
BRDA:3126,593,0,1264
BRDA:3137,594,0,1264
BRDA:3147,595,0,1161
BRDA:3156,596,0,4
BRDA:3166,597,0,196
BRDA:3176,598,0,103
BRDA:3186,599,0,1264
BRDA:3196,600,0,1264
BRDA:3206,601,0,1068
BRDA:3216,602,0,3125
BRDA:3225,603,0,8326
BRDA:3234,604,0,3125
BRDA:3244,605,0,17796
BRDA:3245,606,0,13657
BRDA:3245,607,0,4139
BRDA:3255,608,0,4
BRDA:3258,609,0,36
BRDA:3259,610,0,72
BRF:611
BRH:587
end_of_record
